18-Jun-2018 16:38:28.577 SEVERE [http-apr-8080-exec-2] com.sun.jersey.server.impl.application.WebApplicationImpl._handleRequest The response of the WebApplicationException cannot be utilized as the response is already committed. Re-throwing to the HTTP container
 javax.ws.rs.WebApplicationException: pt.webdetails.cda.exporter.ExporterException: IO Exception converting to utf-8
	at pt.webdetails.cda.CdaUtils$2.write(Unknown Source)
	at com.sun.jersey.core.impl.provider.entity.StreamingOutputProvider.writeTo(StreamingOutputProvider.java:71)
	at com.sun.jersey.core.impl.provider.entity.StreamingOutputProvider.writeTo(StreamingOutputProvider.java:57)
	at com.sun.jersey.spi.container.ContainerResponse.write(ContainerResponse.java:302)
	at com.sun.jersey.server.impl.application.WebApplicationImpl._handleRequest(WebApplicationImpl.java:1510)
	at com.sun.jersey.server.impl.application.WebApplicationImpl.handleRequest(WebApplicationImpl.java:1419)
	at com.sun.jersey.server.impl.application.WebApplicationImpl.handleRequest(WebApplicationImpl.java:1409)
	at com.sun.jersey.spi.container.servlet.WebComponent.service(WebComponent.java:409)
	at com.sun.jersey.spi.container.servlet.ServletContainer.service(ServletContainer.java:558)
	at com.sun.jersey.spi.container.servlet.ServletContainer.service(ServletContainer.java:733)
	at org.pentaho.platform.web.servlet.JAXRSPluginServlet.service(JAXRSPluginServlet.java:112)
	at javax.servlet.http.HttpServlet.service(HttpServlet.java:729)
	at org.pentaho.platform.web.servlet.JAXRSPluginServlet.service(JAXRSPluginServlet.java:117)
	at pt.webdetails.cpf.JAXRSCLPluginServlet.service(JAXRSCLPluginServlet.java:37)
	at org.pentaho.platform.web.servlet.PluginDispatchServlet.service(PluginDispatchServlet.java:89)
	at org.apache.catalina.core.ApplicationFilterChain.internalDoFilter(ApplicationFilterChain.java:292)
	at org.apache.catalina.core.ApplicationFilterChain.doFilter(ApplicationFilterChain.java:207)
	at org.apache.tomcat.websocket.server.WsFilter.doFilter(WsFilter.java:52)
	at org.apache.catalina.core.ApplicationFilterChain.internalDoFilter(ApplicationFilterChain.java:240)
	at org.apache.catalina.core.ApplicationFilterChain.doFilter(ApplicationFilterChain.java:207)
	at org.pentaho.platform.web.http.filters.PentahoWebContextFilter.doFilter(Unknown Source)
	at org.apache.catalina.core.ApplicationFilterChain.internalDoFilter(ApplicationFilterChain.java:240)
	at org.apache.catalina.core.ApplicationFilterChain.doFilter(ApplicationFilterChain.java:207)
	at org.pentaho.platform.web.http.filters.PentahoRequestContextFilter.doFilter(PentahoRequestContextFilter.java:87)
	at org.apache.catalina.core.ApplicationFilterChain.internalDoFilter(ApplicationFilterChain.java:240)
	at org.apache.catalina.core.ApplicationFilterChain.doFilter(ApplicationFilterChain.java:207)
	at org.springframework.security.web.FilterChainProxy$VirtualFilterChain.doFilter(FilterChainProxy.java:317)
	at org.springframework.security.web.access.intercept.FilterSecurityInterceptor.invoke(FilterSecurityInterceptor.java:127)
	at org.springframework.security.web.access.intercept.FilterSecurityInterceptor.doFilter(FilterSecurityInterceptor.java:91)
	at org.springframework.security.web.FilterChainProxy$VirtualFilterChain.doFilter(FilterChainProxy.java:331)
	at org.springframework.security.web.access.ExceptionTranslationFilter.doFilter(ExceptionTranslationFilter.java:115)
	at org.springframework.security.web.FilterChainProxy$VirtualFilterChain.doFilter(FilterChainProxy.java:331)
	at org.springframework.security.web.session.SessionManagementFilter.doFilter(SessionManagementFilter.java:137)
	at org.springframework.security.web.FilterChainProxy$VirtualFilterChain.doFilter(FilterChainProxy.java:331)
	at org.springframework.security.web.authentication.AnonymousAuthenticationFilter.doFilter(AnonymousAuthenticationFilter.java:111)
	at org.springframework.security.web.FilterChainProxy$VirtualFilterChain.doFilter(FilterChainProxy.java:331)
	at org.pentaho.platform.web.http.security.RequestParameterAuthenticationFilter.doFilter(RequestParameterAuthenticationFilter.java:191)
	at org.springframework.security.web.FilterChainProxy$VirtualFilterChain.doFilter(FilterChainProxy.java:331)
	at org.springframework.security.web.authentication.www.BasicAuthenticationFilter.doFilterInternal(BasicAuthenticationFilter.java:158)
	at org.pentaho.platform.web.http.security.PentahoBasicProcessingFilter.doFilterInternal(PentahoBasicProcessingFilter.java:125)
	at org.springframework.web.filter.OncePerRequestFilter.doFilter(OncePerRequestFilter.java:107)
	at org.springframework.security.web.FilterChainProxy$VirtualFilterChain.doFilter(FilterChainProxy.java:331)
	at org.springframework.security.web.context.SecurityContextPersistenceFilter.doFilter(SecurityContextPersistenceFilter.java:105)
	at org.springframework.security.web.FilterChainProxy$VirtualFilterChain.doFilter(FilterChainProxy.java:331)
	at org.pentaho.platform.web.http.filters.HttpSessionPentahoSessionIntegrationFilter.doFilter(HttpSessionPentahoSessionIntegrationFilter.java:271)
	at org.springframework.security.web.FilterChainProxy$VirtualFilterChain.doFilter(FilterChainProxy.java:331)
	at org.springframework.security.web.servletapi.SecurityContextHolderAwareRequestFilter.doFilter(SecurityContextHolderAwareRequestFilter.java:169)
	at org.springframework.security.web.FilterChainProxy$VirtualFilterChain.doFilter(FilterChainProxy.java:331)
	at org.springframework.security.web.FilterChainProxy.doFilterInternal(FilterChainProxy.java:214)
	at org.springframework.security.web.FilterChainProxy.doFilter(FilterChainProxy.java:177)
	at org.springframework.web.filter.DelegatingFilterProxy.invokeDelegate(DelegatingFilterProxy.java:346)
	at org.springframework.web.filter.DelegatingFilterProxy.doFilter(DelegatingFilterProxy.java:262)
	at org.apache.catalina.core.ApplicationFilterChain.internalDoFilter(ApplicationFilterChain.java:240)
	at org.apache.catalina.core.ApplicationFilterChain.doFilter(ApplicationFilterChain.java:207)
	at org.pentaho.platform.web.http.filters.SystemStatusFilter.doFilter(SystemStatusFilter.java:55)
	at org.apache.catalina.core.ApplicationFilterChain.internalDoFilter(ApplicationFilterChain.java:240)
	at org.apache.catalina.core.ApplicationFilterChain.doFilter(ApplicationFilterChain.java:207)
	at org.pentaho.platform.web.http.filters.SetCharacterEncodingFilter.doFilter(SetCharacterEncodingFilter.java:114)
	at org.apache.catalina.core.ApplicationFilterChain.internalDoFilter(ApplicationFilterChain.java:240)
	at org.apache.catalina.core.ApplicationFilterChain.doFilter(ApplicationFilterChain.java:207)
	at org.pentaho.platform.web.http.filters.WebappRootForwardingFilter.doFilter(WebappRootForwardingFilter.java:70)
	at org.apache.catalina.core.ApplicationFilterChain.internalDoFilter(ApplicationFilterChain.java:240)
	at org.apache.catalina.core.ApplicationFilterChain.doFilter(ApplicationFilterChain.java:207)
	at org.pentaho.platform.web.http.filters.PentahoPathDecodingFilter.doFilter(PentahoPathDecodingFilter.java:34)
	at org.apache.catalina.core.ApplicationFilterChain.internalDoFilter(ApplicationFilterChain.java:240)
	at org.apache.catalina.core.ApplicationFilterChain.doFilter(ApplicationFilterChain.java:207)
	at org.apache.catalina.core.StandardWrapperValve.invoke(StandardWrapperValve.java:212)
	at org.apache.catalina.core.StandardContextValve.invoke(StandardContextValve.java:94)
	at org.apache.catalina.authenticator.AuthenticatorBase.invoke(AuthenticatorBase.java:504)
	at org.apache.catalina.core.StandardHostValve.invoke(StandardHostValve.java:141)
	at org.apache.catalina.valves.ErrorReportValve.invoke(ErrorReportValve.java:79)
	at org.apache.catalina.valves.AbstractAccessLogValve.invoke(AbstractAccessLogValve.java:620)
	at org.apache.catalina.core.StandardEngineValve.invoke(StandardEngineValve.java:88)
	at org.apache.catalina.connector.CoyoteAdapter.service(CoyoteAdapter.java:502)
	at org.apache.coyote.http11.AbstractHttp11Processor.process(AbstractHttp11Processor.java:1132)
	at org.apache.coyote.AbstractProtocol$AbstractConnectionHandler.process(AbstractProtocol.java:684)
	at org.apache.tomcat.util.net.AprEndpoint$SocketProcessor.doRun(AprEndpoint.java:2521)
	at org.apache.tomcat.util.net.AprEndpoint$SocketProcessor.run(AprEndpoint.java:2510)
	at java.util.concurrent.ThreadPoolExecutor.runWorker(ThreadPoolExecutor.java:1149)
	at java.util.concurrent.ThreadPoolExecutor$Worker.run(ThreadPoolExecutor.java:624)
	at org.apache.tomcat.util.threads.TaskThread$WrappingRunnable.run(TaskThread.java:61)
	at java.lang.Thread.run(Thread.java:748)
Caused by: pt.webdetails.cda.exporter.ExporterException: IO Exception converting to utf-8
	at pt.webdetails.cda.exporter.JsonExporter.export(JsonExporter.java:70)
	at pt.webdetails.cda.exporter.ExportedTableQueryResult.writeOut(ExportedTableQueryResult.java:30)
	... 82 more
Caused by: org.apache.catalina.connector.ClientAbortException: java.io.IOException: APR error: -730053
	at org.apache.catalina.connector.OutputBuffer.realWriteBytes(OutputBuffer.java:396)
	at org.apache.tomcat.util.buf.ByteChunk.flushBuffer(ByteChunk.java:426)
	at org.apache.catalina.connector.OutputBuffer.doFlush(OutputBuffer.java:345)
	at org.apache.catalina.connector.OutputBuffer.flush(OutputBuffer.java:320)
	at org.apache.catalina.connector.CoyoteOutputStream.flush(CoyoteOutputStream.java:110)
	at org.springframework.security.web.util.OnCommittedResponseWrapper$SaveContextServletOutputStream.flush(OnCommittedResponseWrapper.java:513)
	at com.sun.jersey.spi.container.servlet.WebComponent$Writer.flush(WebComponent.java:308)
	at com.sun.jersey.spi.container.ContainerResponse$CommittingOutputStream.flush(ContainerResponse.java:146)
	at pt.webdetails.cda.exporter.JsonExporter.export(JsonExporter.java:68)
	... 83 more
Caused by: java.io.IOException: APR error: -730053
	at org.apache.coyote.http11.InternalAprOutputBuffer.writeToSocket(InternalAprOutputBuffer.java:292)
	at org.apache.coyote.http11.InternalAprOutputBuffer.writeToSocket(InternalAprOutputBuffer.java:245)
	at org.apache.coyote.http11.InternalAprOutputBuffer.flushBuffer(InternalAprOutputBuffer.java:214)
	at org.apache.coyote.http11.InternalAprOutputBuffer.addToBB(InternalAprOutputBuffer.java:175)
	at org.apache.coyote.http11.InternalAprOutputBuffer.access$000(InternalAprOutputBuffer.java:41)
	at org.apache.coyote.http11.InternalAprOutputBuffer$SocketOutputBuffer.doWrite(InternalAprOutputBuffer.java:350)
	at org.apache.coyote.http11.filters.ChunkedOutputFilter.doWrite(ChunkedOutputFilter.java:118)
	at org.apache.coyote.http11.AbstractOutputBuffer.doWrite(AbstractOutputBuffer.java:256)
	at org.apache.coyote.Response.doWrite(Response.java:491)
	at org.apache.catalina.connector.OutputBuffer.realWriteBytes(OutputBuffer.java:391)
	... 91 more

18-Jun-2018 16:54:20.530 SEVERE [http-apr-8080-exec-6] com.sun.jersey.server.impl.application.WebApplicationImpl._handleRequest The response of the WebApplicationException cannot be utilized as the response is already committed. Re-throwing to the HTTP container
 javax.ws.rs.WebApplicationException: pt.webdetails.cda.exporter.ExporterException: IO Exception converting to utf-8
	at pt.webdetails.cda.CdaUtils$2.write(Unknown Source)
	at com.sun.jersey.core.impl.provider.entity.StreamingOutputProvider.writeTo(StreamingOutputProvider.java:71)
	at com.sun.jersey.core.impl.provider.entity.StreamingOutputProvider.writeTo(StreamingOutputProvider.java:57)
	at com.sun.jersey.spi.container.ContainerResponse.write(ContainerResponse.java:302)
	at com.sun.jersey.server.impl.application.WebApplicationImpl._handleRequest(WebApplicationImpl.java:1510)
	at com.sun.jersey.server.impl.application.WebApplicationImpl.handleRequest(WebApplicationImpl.java:1419)
	at com.sun.jersey.server.impl.application.WebApplicationImpl.handleRequest(WebApplicationImpl.java:1409)
	at com.sun.jersey.spi.container.servlet.WebComponent.service(WebComponent.java:409)
	at com.sun.jersey.spi.container.servlet.ServletContainer.service(ServletContainer.java:558)
	at com.sun.jersey.spi.container.servlet.ServletContainer.service(ServletContainer.java:733)
	at org.pentaho.platform.web.servlet.JAXRSPluginServlet.service(JAXRSPluginServlet.java:112)
	at javax.servlet.http.HttpServlet.service(HttpServlet.java:729)
	at org.pentaho.platform.web.servlet.JAXRSPluginServlet.service(JAXRSPluginServlet.java:117)
	at pt.webdetails.cpf.JAXRSCLPluginServlet.service(JAXRSCLPluginServlet.java:37)
	at org.pentaho.platform.web.servlet.PluginDispatchServlet.service(PluginDispatchServlet.java:89)
	at org.apache.catalina.core.ApplicationFilterChain.internalDoFilter(ApplicationFilterChain.java:292)
	at org.apache.catalina.core.ApplicationFilterChain.doFilter(ApplicationFilterChain.java:207)
	at org.apache.tomcat.websocket.server.WsFilter.doFilter(WsFilter.java:52)
	at org.apache.catalina.core.ApplicationFilterChain.internalDoFilter(ApplicationFilterChain.java:240)
	at org.apache.catalina.core.ApplicationFilterChain.doFilter(ApplicationFilterChain.java:207)
	at org.pentaho.platform.web.http.filters.PentahoWebContextFilter.doFilter(Unknown Source)
	at org.apache.catalina.core.ApplicationFilterChain.internalDoFilter(ApplicationFilterChain.java:240)
	at org.apache.catalina.core.ApplicationFilterChain.doFilter(ApplicationFilterChain.java:207)
	at org.pentaho.platform.web.http.filters.PentahoRequestContextFilter.doFilter(PentahoRequestContextFilter.java:87)
	at org.apache.catalina.core.ApplicationFilterChain.internalDoFilter(ApplicationFilterChain.java:240)
	at org.apache.catalina.core.ApplicationFilterChain.doFilter(ApplicationFilterChain.java:207)
	at org.springframework.security.web.FilterChainProxy$VirtualFilterChain.doFilter(FilterChainProxy.java:317)
	at org.springframework.security.web.access.intercept.FilterSecurityInterceptor.invoke(FilterSecurityInterceptor.java:127)
	at org.springframework.security.web.access.intercept.FilterSecurityInterceptor.doFilter(FilterSecurityInterceptor.java:91)
	at org.springframework.security.web.FilterChainProxy$VirtualFilterChain.doFilter(FilterChainProxy.java:331)
	at org.springframework.security.web.access.ExceptionTranslationFilter.doFilter(ExceptionTranslationFilter.java:115)
	at org.springframework.security.web.FilterChainProxy$VirtualFilterChain.doFilter(FilterChainProxy.java:331)
	at org.springframework.security.web.session.SessionManagementFilter.doFilter(SessionManagementFilter.java:137)
	at org.springframework.security.web.FilterChainProxy$VirtualFilterChain.doFilter(FilterChainProxy.java:331)
	at org.springframework.security.web.authentication.AnonymousAuthenticationFilter.doFilter(AnonymousAuthenticationFilter.java:111)
	at org.springframework.security.web.FilterChainProxy$VirtualFilterChain.doFilter(FilterChainProxy.java:331)
	at org.pentaho.platform.web.http.security.RequestParameterAuthenticationFilter.doFilter(RequestParameterAuthenticationFilter.java:191)
	at org.springframework.security.web.FilterChainProxy$VirtualFilterChain.doFilter(FilterChainProxy.java:331)
	at org.springframework.security.web.authentication.www.BasicAuthenticationFilter.doFilterInternal(BasicAuthenticationFilter.java:158)
	at org.pentaho.platform.web.http.security.PentahoBasicProcessingFilter.doFilterInternal(PentahoBasicProcessingFilter.java:125)
	at org.springframework.web.filter.OncePerRequestFilter.doFilter(OncePerRequestFilter.java:107)
	at org.springframework.security.web.FilterChainProxy$VirtualFilterChain.doFilter(FilterChainProxy.java:331)
	at org.springframework.security.web.context.SecurityContextPersistenceFilter.doFilter(SecurityContextPersistenceFilter.java:105)
	at org.springframework.security.web.FilterChainProxy$VirtualFilterChain.doFilter(FilterChainProxy.java:331)
	at org.pentaho.platform.web.http.filters.HttpSessionPentahoSessionIntegrationFilter.doFilter(HttpSessionPentahoSessionIntegrationFilter.java:271)
	at org.springframework.security.web.FilterChainProxy$VirtualFilterChain.doFilter(FilterChainProxy.java:331)
	at org.springframework.security.web.servletapi.SecurityContextHolderAwareRequestFilter.doFilter(SecurityContextHolderAwareRequestFilter.java:169)
	at org.springframework.security.web.FilterChainProxy$VirtualFilterChain.doFilter(FilterChainProxy.java:331)
	at org.springframework.security.web.FilterChainProxy.doFilterInternal(FilterChainProxy.java:214)
	at org.springframework.security.web.FilterChainProxy.doFilter(FilterChainProxy.java:177)
	at org.springframework.web.filter.DelegatingFilterProxy.invokeDelegate(DelegatingFilterProxy.java:346)
	at org.springframework.web.filter.DelegatingFilterProxy.doFilter(DelegatingFilterProxy.java:262)
	at org.apache.catalina.core.ApplicationFilterChain.internalDoFilter(ApplicationFilterChain.java:240)
	at org.apache.catalina.core.ApplicationFilterChain.doFilter(ApplicationFilterChain.java:207)
	at org.pentaho.platform.web.http.filters.SystemStatusFilter.doFilter(SystemStatusFilter.java:55)
	at org.apache.catalina.core.ApplicationFilterChain.internalDoFilter(ApplicationFilterChain.java:240)
	at org.apache.catalina.core.ApplicationFilterChain.doFilter(ApplicationFilterChain.java:207)
	at org.pentaho.platform.web.http.filters.SetCharacterEncodingFilter.doFilter(SetCharacterEncodingFilter.java:114)
	at org.apache.catalina.core.ApplicationFilterChain.internalDoFilter(ApplicationFilterChain.java:240)
	at org.apache.catalina.core.ApplicationFilterChain.doFilter(ApplicationFilterChain.java:207)
	at org.pentaho.platform.web.http.filters.WebappRootForwardingFilter.doFilter(WebappRootForwardingFilter.java:70)
	at org.apache.catalina.core.ApplicationFilterChain.internalDoFilter(ApplicationFilterChain.java:240)
	at org.apache.catalina.core.ApplicationFilterChain.doFilter(ApplicationFilterChain.java:207)
	at org.pentaho.platform.web.http.filters.PentahoPathDecodingFilter.doFilter(PentahoPathDecodingFilter.java:34)
	at org.apache.catalina.core.ApplicationFilterChain.internalDoFilter(ApplicationFilterChain.java:240)
	at org.apache.catalina.core.ApplicationFilterChain.doFilter(ApplicationFilterChain.java:207)
	at org.apache.catalina.core.StandardWrapperValve.invoke(StandardWrapperValve.java:212)
	at org.apache.catalina.core.StandardContextValve.invoke(StandardContextValve.java:94)
	at org.apache.catalina.authenticator.AuthenticatorBase.invoke(AuthenticatorBase.java:504)
	at org.apache.catalina.core.StandardHostValve.invoke(StandardHostValve.java:141)
	at org.apache.catalina.valves.ErrorReportValve.invoke(ErrorReportValve.java:79)
	at org.apache.catalina.valves.AbstractAccessLogValve.invoke(AbstractAccessLogValve.java:620)
	at org.apache.catalina.core.StandardEngineValve.invoke(StandardEngineValve.java:88)
	at org.apache.catalina.connector.CoyoteAdapter.service(CoyoteAdapter.java:502)
	at org.apache.coyote.http11.AbstractHttp11Processor.process(AbstractHttp11Processor.java:1132)
	at org.apache.coyote.AbstractProtocol$AbstractConnectionHandler.process(AbstractProtocol.java:684)
	at org.apache.tomcat.util.net.AprEndpoint$SocketProcessor.doRun(AprEndpoint.java:2521)
	at org.apache.tomcat.util.net.AprEndpoint$SocketProcessor.run(AprEndpoint.java:2510)
	at java.util.concurrent.ThreadPoolExecutor.runWorker(ThreadPoolExecutor.java:1149)
	at java.util.concurrent.ThreadPoolExecutor$Worker.run(ThreadPoolExecutor.java:624)
	at org.apache.tomcat.util.threads.TaskThread$WrappingRunnable.run(TaskThread.java:61)
	at java.lang.Thread.run(Thread.java:748)
Caused by: pt.webdetails.cda.exporter.ExporterException: IO Exception converting to utf-8
	at pt.webdetails.cda.exporter.JsonExporter.export(JsonExporter.java:70)
	at pt.webdetails.cda.exporter.ExportedTableQueryResult.writeOut(ExportedTableQueryResult.java:30)
	... 82 more
Caused by: org.apache.catalina.connector.ClientAbortException: java.io.IOException: APR error: -730053
	at org.apache.catalina.connector.OutputBuffer.realWriteBytes(OutputBuffer.java:396)
	at org.apache.tomcat.util.buf.ByteChunk.flushBuffer(ByteChunk.java:426)
	at org.apache.catalina.connector.OutputBuffer.doFlush(OutputBuffer.java:345)
	at org.apache.catalina.connector.OutputBuffer.flush(OutputBuffer.java:320)
	at org.apache.catalina.connector.CoyoteOutputStream.flush(CoyoteOutputStream.java:110)
	at org.springframework.security.web.util.OnCommittedResponseWrapper$SaveContextServletOutputStream.flush(OnCommittedResponseWrapper.java:513)
	at com.sun.jersey.spi.container.servlet.WebComponent$Writer.flush(WebComponent.java:308)
	at com.sun.jersey.spi.container.ContainerResponse$CommittingOutputStream.flush(ContainerResponse.java:146)
	at pt.webdetails.cda.exporter.JsonExporter.export(JsonExporter.java:68)
	... 83 more
Caused by: java.io.IOException: APR error: -730053
	at org.apache.coyote.http11.InternalAprOutputBuffer.writeToSocket(InternalAprOutputBuffer.java:292)
	at org.apache.coyote.http11.InternalAprOutputBuffer.writeToSocket(InternalAprOutputBuffer.java:245)
	at org.apache.coyote.http11.InternalAprOutputBuffer.flushBuffer(InternalAprOutputBuffer.java:214)
	at org.apache.coyote.http11.InternalAprOutputBuffer.addToBB(InternalAprOutputBuffer.java:175)
	at org.apache.coyote.http11.InternalAprOutputBuffer.access$000(InternalAprOutputBuffer.java:41)
	at org.apache.coyote.http11.InternalAprOutputBuffer$SocketOutputBuffer.doWrite(InternalAprOutputBuffer.java:350)
	at org.apache.coyote.http11.filters.ChunkedOutputFilter.doWrite(ChunkedOutputFilter.java:118)
	at org.apache.coyote.http11.AbstractOutputBuffer.doWrite(AbstractOutputBuffer.java:256)
	at org.apache.coyote.Response.doWrite(Response.java:491)
	at org.apache.catalina.connector.OutputBuffer.realWriteBytes(OutputBuffer.java:391)
	... 91 more

