10-Jul-2019 13:44:52.159 INFO [main] org.apache.catalina.startup.VersionLoggerListener.log Server version:        Apache Tomcat/8.0.43
10-Jul-2019 13:44:52.178 INFO [main] org.apache.catalina.startup.VersionLoggerListener.log Server built:          Mar 28 2017 14:42:59 UTC
10-Jul-2019 13:44:52.178 INFO [main] org.apache.catalina.startup.VersionLoggerListener.log Server number:         8.0.43.0
10-Jul-2019 13:44:52.178 INFO [main] org.apache.catalina.startup.VersionLoggerListener.log OS Name:               Windows 10
10-Jul-2019 13:44:52.178 INFO [main] org.apache.catalina.startup.VersionLoggerListener.log OS Version:            10.0
10-Jul-2019 13:44:52.178 INFO [main] org.apache.catalina.startup.VersionLoggerListener.log Architecture:          amd64
10-Jul-2019 13:44:52.178 INFO [main] org.apache.catalina.startup.VersionLoggerListener.log Java Home:             C:\Program Files\Java\jdk1.8.0_201\jre
10-Jul-2019 13:44:52.178 INFO [main] org.apache.catalina.startup.VersionLoggerListener.log JVM Version:           1.8.0_201-b09
10-Jul-2019 13:44:52.178 INFO [main] org.apache.catalina.startup.VersionLoggerListener.log JVM Vendor:            Oracle Corporation
10-Jul-2019 13:44:52.178 INFO [main] org.apache.catalina.startup.VersionLoggerListener.log CATALINA_BASE:         C:\Pentaho_src\pentaho-server71CleanWithDataSource\pentaho-server\tomcat
10-Jul-2019 13:44:52.178 INFO [main] org.apache.catalina.startup.VersionLoggerListener.log CATALINA_HOME:         C:\Pentaho_src\pentaho-server71CleanWithDataSource\pentaho-server\tomcat
10-Jul-2019 13:44:52.178 INFO [main] org.apache.catalina.startup.VersionLoggerListener.log Command line argument: -Djava.util.logging.config.file=C:\Pentaho_src\pentaho-server71CleanWithDataSource\pentaho-server\tomcat\conf\logging.properties
10-Jul-2019 13:44:52.178 INFO [main] org.apache.catalina.startup.VersionLoggerListener.log Command line argument: -Djava.util.logging.manager=org.apache.juli.ClassLoaderLogManager
10-Jul-2019 13:44:52.178 INFO [main] org.apache.catalina.startup.VersionLoggerListener.log Command line argument: -Djdk.tls.ephemeralDHKeySize=2048
10-Jul-2019 13:44:52.178 INFO [main] org.apache.catalina.startup.VersionLoggerListener.log Command line argument: -Djava.protocol.handler.pkgs=org.apache.catalina.webresources
10-Jul-2019 13:44:52.178 INFO [main] org.apache.catalina.startup.VersionLoggerListener.log Command line argument: -Xms512m
10-Jul-2019 13:44:52.178 INFO [main] org.apache.catalina.startup.VersionLoggerListener.log Command line argument: -Xmx3000m
10-Jul-2019 13:44:52.178 INFO [main] org.apache.catalina.startup.VersionLoggerListener.log Command line argument: -XX:+UseG1GC
10-Jul-2019 13:44:52.178 INFO [main] org.apache.catalina.startup.VersionLoggerListener.log Command line argument: -XX:MaxGCPauseMillis=500
10-Jul-2019 13:44:52.178 INFO [main] org.apache.catalina.startup.VersionLoggerListener.log Command line argument: -Dfile.encoding=utf8
10-Jul-2019 13:44:52.178 INFO [main] org.apache.catalina.startup.VersionLoggerListener.log Command line argument: -DDI_HOME=C:\Pentaho_src\pentaho-server71CleanWithDataSource\pentaho-server\pentaho-solutions\system\kettle
10-Jul-2019 13:44:52.194 INFO [main] org.apache.catalina.startup.VersionLoggerListener.log Command line argument: -Djava.endorsed.dirs=C:\Pentaho_src\pentaho-server71CleanWithDataSource\pentaho-server\tomcat\endorsed
10-Jul-2019 13:44:52.194 INFO [main] org.apache.catalina.startup.VersionLoggerListener.log Command line argument: -Dcatalina.base=C:\Pentaho_src\pentaho-server71CleanWithDataSource\pentaho-server\tomcat
10-Jul-2019 13:44:52.194 INFO [main] org.apache.catalina.startup.VersionLoggerListener.log Command line argument: -Dcatalina.home=C:\Pentaho_src\pentaho-server71CleanWithDataSource\pentaho-server\tomcat
10-Jul-2019 13:44:52.194 INFO [main] org.apache.catalina.startup.VersionLoggerListener.log Command line argument: -Djava.io.tmpdir=C:\Pentaho_src\pentaho-server71CleanWithDataSource\pentaho-server\tomcat\temp
10-Jul-2019 13:44:52.194 INFO [main] org.apache.catalina.core.AprLifecycleListener.lifecycleEvent Loaded APR based Apache Tomcat Native library 1.2.12 using APR version 1.5.2.
10-Jul-2019 13:44:52.194 INFO [main] org.apache.catalina.core.AprLifecycleListener.lifecycleEvent APR capabilities: IPv6 [true], sendfile [true], accept filters [false], random [true].
10-Jul-2019 13:44:52.945 INFO [main] org.apache.catalina.core.AprLifecycleListener.initializeSSL OpenSSL successfully initialized (OpenSSL 1.0.2k  26 Jan 2017)
10-Jul-2019 13:44:54.565 INFO [main] org.apache.coyote.AbstractProtocol.init Initializing ProtocolHandler ["http-apr-8080"]
10-Jul-2019 13:44:54.573 INFO [main] org.apache.coyote.AbstractProtocol.init Initializing ProtocolHandler ["ajp-apr-8009"]
10-Jul-2019 13:44:54.575 INFO [main] org.apache.catalina.startup.Catalina.load Initialization processed in 2773 ms
10-Jul-2019 13:44:54.614 INFO [main] org.apache.catalina.core.StandardService.startInternal Starting service Catalina
10-Jul-2019 13:44:54.614 INFO [main] org.apache.catalina.core.StandardEngine.startInternal Starting Servlet Engine: Apache Tomcat/8.0.43
10-Jul-2019 13:44:54.629 INFO [localhost-startStop-1] org.apache.catalina.startup.HostConfig.deployDirectory Deploying web application directory C:\Pentaho_src\pentaho-server71CleanWithDataSource\pentaho-server\tomcat\webapps\pentaho
10-Jul-2019 13:44:54.678 WARNING [localhost-startStop-1] org.apache.catalina.startup.SetContextPropertiesRule.begin [SetContextPropertiesRule]{Context} Setting property 'docbase' to 'webapps/pentaho/' did not find a matching property.
10-Jul-2019 13:46:05.429 INFO [localhost-startStop-1] org.apache.jasper.servlet.TldScanner.scanJars At least one JAR was scanned for TLDs yet contained no TLDs. Enable debug logging for this logger for a complete list of JARs that were scanned but no TLDs were found in them. Skipping unneeded JARs during scanning can improve startup time and JSP compilation time.
10-Jul-2019 13:46:06.198 INFO [HSQLDB Server @20d77f67] org.hsqldb.persist.Logger.logInfoEvent checkpointClose start
10-Jul-2019 13:46:06.230 INFO [HSQLDB Server @20d77f67] org.hsqldb.persist.Logger.logInfoEvent checkpointClose end
10-Jul-2019 13:46:06.352 INFO [HSQLDB Server @20d77f67] org.hsqldb.persist.Logger.logInfoEvent dataFileCache open start
10-Jul-2019 13:46:06.364 INFO [HSQLDB Server @20d77f67] org.hsqldb.persist.Logger.logInfoEvent dataFileCache open end
10-Jul-2019 13:46:45.320 INFO [Thread-9] org.apache.karaf.main.Main$KarafLockCallback.lockAquired Lock acquired. Setting startlevel to 100
10-Jul-2019 13:46:53.030 INFO [FelixStartLevel] org.apache.cxf.bus.blueprint.NamespaceHandlerRegisterer.register Registered blueprint namespace handler for http://cxf.apache.org/blueprint/core
10-Jul-2019 13:46:53.033 INFO [FelixStartLevel] org.apache.cxf.bus.blueprint.NamespaceHandlerRegisterer.register Registered blueprint namespace handler for http://cxf.apache.org/configuration/beans
10-Jul-2019 13:46:53.053 INFO [FelixStartLevel] org.apache.cxf.bus.blueprint.NamespaceHandlerRegisterer.register Registered blueprint namespace handler for http://cxf.apache.org/configuration/parameterized-types
10-Jul-2019 13:46:53.056 INFO [FelixStartLevel] org.apache.cxf.bus.blueprint.NamespaceHandlerRegisterer.register Registered blueprint namespace handler for http://cxf.apache.org/configuration/security
10-Jul-2019 13:46:53.059 INFO [FelixStartLevel] org.apache.cxf.bus.blueprint.NamespaceHandlerRegisterer.register Registered blueprint namespace handler for http://schemas.xmlsoap.org/wsdl/
10-Jul-2019 13:46:53.061 INFO [FelixStartLevel] org.apache.cxf.bus.blueprint.NamespaceHandlerRegisterer.register Registered blueprint namespace handler for http://www.w3.org/2005/08/addressing
10-Jul-2019 13:46:53.062 INFO [FelixStartLevel] org.apache.cxf.bus.blueprint.NamespaceHandlerRegisterer.register Registered blueprint namespace handler for http://schemas.xmlsoap.org/ws/2004/08/addressing
10-Jul-2019 13:46:53.070 INFO [FelixStartLevel] org.apache.cxf.bus.osgi.CXFExtensionBundleListener.addExtensions Adding the extensions from bundle org.apache.cxf.cxf-rt-management (76) [org.apache.cxf.management.InstrumentationManager]
10-Jul-2019 13:46:53.158 INFO [FelixStartLevel] org.apache.cxf.bus.osgi.CXFExtensionBundleListener.addExtensions Adding the extensions from bundle org.apache.cxf.cxf-rt-wsdl (79) [org.apache.cxf.wsdl.WSDLManager]
10-Jul-2019 13:46:53.182 INFO [FelixStartLevel] org.apache.cxf.bus.osgi.CXFExtensionBundleListener.addExtensions Adding the extensions from bundle org.apache.cxf.cxf-rt-bindings-xml (81) [org.apache.cxf.binding.xml.XMLBindingFactory, org.apache.cxf.binding.xml.wsdl11.XMLWSDLExtensionLoader]
10-Jul-2019 13:46:53.202 INFO [FelixStartLevel] org.apache.cxf.bus.osgi.CXFExtensionBundleListener.addExtensions Adding the extensions from bundle org.apache.cxf.cxf-rt-bindings-soap (82) [org.apache.cxf.binding.soap.SoapBindingFactory, org.apache.cxf.binding.soap.SoapTransportFactory]
10-Jul-2019 13:46:53.210 INFO [FelixStartLevel] org.apache.cxf.bus.blueprint.NamespaceHandlerRegisterer.register Registered blueprint namespace handler for http://cxf.apache.org/blueprint/bindings/soap
10-Jul-2019 13:46:53.265 INFO [FelixStartLevel] org.apache.cxf.bus.osgi.CXFExtensionBundleListener.addExtensions Adding the extensions from bundle org.apache.cxf.cxf-rt-transports-http (86) [org.apache.cxf.transport.http.HTTPTransportFactory, org.apache.cxf.transport.http.HTTPWSDLExtensionLoader, org.apache.cxf.transport.http.policy.HTTPClientAssertionBuilder, org.apache.cxf.transport.http.policy.HTTPServerAssertionBuilder, org.apache.cxf.transport.http.policy.NoOpPolicyInterceptorProvider]
10-Jul-2019 13:46:53.271 INFO [FelixStartLevel] org.apache.cxf.bus.osgi.CXFExtensionBundleListener.addExtensions Adding the extensions from bundle org.apache.cxf.cxf-rt-ws-policy (103) [org.apache.cxf.ws.policy.PolicyEngine, org.apache.cxf.policy.PolicyDataEngine, org.apache.cxf.ws.policy.AssertionBuilderRegistry, org.apache.cxf.ws.policy.PolicyInterceptorProviderRegistry, org.apache.cxf.ws.policy.PolicyBuilder, org.apache.cxf.ws.policy.PolicyAnnotationListener, org.apache.cxf.ws.policy.attachment.ServiceModelPolicyProvider, org.apache.cxf.ws.policy.attachment.external.DomainExpressionBuilderRegistry, org.apache.cxf.ws.policy.attachment.external.EndpointReferenceDomainExpressionBuilder, org.apache.cxf.ws.policy.attachment.external.URIDomainExpressionBuilder, org.apache.cxf.ws.policy.attachment.wsdl11.Wsdl11AttachmentPolicyProvider, org.apache.cxf.ws.policy.mtom.MTOMAssertionBuilder, org.apache.cxf.ws.policy.mtom.MTOMPolicyInterceptorProvider]
10-Jul-2019 13:46:53.320 INFO [FelixStartLevel] org.apache.cxf.bus.blueprint.NamespaceHandlerRegisterer.register Registered blueprint namespace handler for http://cxf.apache.org/transports/http/configuration
10-Jul-2019 13:46:53.362 INFO [FelixStartLevel] org.apache.cxf.bus.blueprint.NamespaceHandlerRegisterer.register Registered blueprint namespace handler for http://cxf.apache.org/blueprint/simple
10-Jul-2019 13:46:53.387 INFO [FelixStartLevel] org.apache.cxf.bus.osgi.CXFExtensionBundleListener.addExtensions Adding the extensions from bundle org.apache.cxf.cxf-rt-frontend-jaxws (88) [org.apache.cxf.jaxws.context.WebServiceContextResourceResolver]
10-Jul-2019 13:46:53.387 INFO [FelixStartLevel] org.apache.cxf.bus.blueprint.NamespaceHandlerRegisterer.register Registered blueprint namespace handler for http://cxf.apache.org/blueprint/jaxws
10-Jul-2019 13:46:53.403 INFO [FelixStartLevel] org.apache.cxf.bus.blueprint.NamespaceHandlerRegisterer.register Registered blueprint namespace handler for http://cxf.apache.org/blueprint/jaxrs
10-Jul-2019 13:46:53.403 INFO [FelixStartLevel] org.apache.cxf.bus.blueprint.NamespaceHandlerRegisterer.register Registered blueprint namespace handler for http://cxf.apache.org/blueprint/jaxrs-client
10-Jul-2019 13:46:53.419 INFO [FelixStartLevel] org.apache.cxf.bus.blueprint.NamespaceHandlerRegisterer.register Registered blueprint namespace handler for http://cxf.apache.org/binding/coloc
10-Jul-2019 13:46:53.419 INFO [FelixStartLevel] org.apache.cxf.bus.osgi.CXFExtensionBundleListener.addExtensions Adding the extensions from bundle org.apache.cxf.cxf-rt-transports-local (99) [org.apache.cxf.transport.local.LocalTransportFactory]
10-Jul-2019 13:46:53.419 INFO [FelixStartLevel] org.apache.cxf.bus.osgi.CXFExtensionBundleListener.addExtensions Adding the extensions from bundle org.apache.cxf.cxf-rt-bindings-object (100) [org.apache.cxf.binding.object.ObjectBindingFactory]
10-Jul-2019 13:46:53.419 INFO [FelixStartLevel] org.apache.cxf.bus.blueprint.NamespaceHandlerRegisterer.register Registered blueprint namespace handler for http://cxf.apache.org/blueprint/binding/object
10-Jul-2019 13:46:53.419 INFO [FelixStartLevel] org.apache.cxf.bus.blueprint.NamespaceHandlerRegisterer.register Registered blueprint namespace handler for http://cxf.apache.org/policy
10-Jul-2019 13:46:53.434 INFO [FelixStartLevel] org.apache.cxf.bus.blueprint.NamespaceHandlerRegisterer.register Registered blueprint namespace handler for http://www.w3.org/ns/ws-policy
10-Jul-2019 13:46:53.434 INFO [FelixStartLevel] org.apache.cxf.bus.blueprint.NamespaceHandlerRegisterer.register Registered blueprint namespace handler for http://www.w3.org/2006/07/ws-policy
10-Jul-2019 13:46:53.434 INFO [FelixStartLevel] org.apache.cxf.bus.blueprint.NamespaceHandlerRegisterer.register Registered blueprint namespace handler for http://schemas.xmlsoap.org/ws/2004/09/policy
10-Jul-2019 13:46:53.434 INFO [FelixStartLevel] org.apache.cxf.bus.blueprint.NamespaceHandlerRegisterer.register Registered blueprint namespace handler for http://docs.oasis-open.org/wss/2004/01/oasis-200401-wss-wssecurity-secext-1.0.xsd
10-Jul-2019 13:46:53.434 INFO [FelixStartLevel] org.apache.cxf.bus.blueprint.NamespaceHandlerRegisterer.register Registered blueprint namespace handler for http://docs.oasis-open.org/wss/2004/01/oasis-200401-wss-wssecurity-utility-1.0.xsd
10-Jul-2019 13:46:53.434 INFO [FelixStartLevel] org.apache.cxf.bus.blueprint.NamespaceHandlerRegisterer.register Registered blueprint namespace handler for http://www.w3.org/2000/09/xmldsig#
10-Jul-2019 13:46:53.434 INFO [FelixStartLevel] org.apache.cxf.bus.blueprint.NamespaceHandlerRegisterer.register Registered blueprint namespace handler for http://docs.oasis-open.org/ws-sx/ws-securitypolicy/200702
10-Jul-2019 13:46:53.434 INFO [FelixStartLevel] org.apache.cxf.bus.osgi.CXFExtensionBundleListener.addExtensions Adding the extensions from bundle org.apache.cxf.cxf-rt-ws-addr (120) [org.apache.cxf.ws.addressing.policy.AddressingAssertionBuilder, org.apache.cxf.ws.addressing.policy.UsingAddressingAssertionBuilder, org.apache.cxf.ws.addressing.policy.AddressingPolicyInterceptorProvider, org.apache.cxf.ws.addressing.impl.AddressingWSDLExtensionLoader, org.apache.cxf.ws.addressing.WSAddressingFeature$WSAddressingFeatureApplier, org.apache.cxf.ws.addressing.MAPAggregator$MAPAggregatorLoader]
10-Jul-2019 13:46:53.434 INFO [FelixStartLevel] org.apache.cxf.bus.blueprint.NamespaceHandlerRegisterer.register Registered blueprint namespace handler for http://cxf.apache.org/ws/addressing
10-Jul-2019 13:46:53.465 INFO [FelixStartLevel] org.apache.cxf.bus.osgi.CXFExtensionBundleListener.addExtensions Adding the extensions from bundle org.apache.cxf.cxf-rt-ws-security (122) [org.apache.cxf.ws.security.policy.WSSecurityPolicyLoader, org.apache.cxf.ws.security.cache.CacheCleanupListener]
10-Jul-2019 13:46:53.484 INFO [FelixStartLevel] org.apache.cxf.bus.osgi.CXFExtensionBundleListener.addExtensions Adding the extensions from bundle org.apache.cxf.cxf-rt-ws-rm (124) [org.apache.cxf.ws.rm.RMManager, org.apache.cxf.ws.rm.policy.RMPolicyInterceptorProvider, org.apache.cxf.ws.rm.policy.RM10AssertionBuilder, org.apache.cxf.ws.rm.policy.RM12AssertionBuilder, org.apache.cxf.ws.rm.policy.WSRMP12PolicyLoader, org.apache.cxf.ws.rm.policy.MC11PolicyLoader, org.apache.cxf.ws.rm.policy.RSPPolicyLoader]
10-Jul-2019 13:46:53.487 INFO [FelixStartLevel] org.apache.cxf.bus.blueprint.NamespaceHandlerRegisterer.register Registered blueprint namespace handler for http://cxf.apache.org/ws/rm/manager
10-Jul-2019 13:46:53.488 INFO [FelixStartLevel] org.apache.cxf.bus.blueprint.NamespaceHandlerRegisterer.register Registered blueprint namespace handler for http://schemas.xmlsoap.org/ws/2005/02/rm/policy
10-Jul-2019 13:46:53.488 INFO [FelixStartLevel] org.apache.cxf.bus.osgi.CXFExtensionBundleListener.addExtensions Adding the extensions from bundle org.apache.cxf.cxf-rt-javascript (125) [org.apache.cxf.javascript.JavascriptServerListener]
10-Jul-2019 13:46:53.788 INFO [FelixStartLevel] org.pentaho.caching.impl.PentahoCacheManagerFactory$RegistrationHandler$1.onSuccess New Caching Service registered
10-Jul-2019 13:46:53.788 INFO [FelixStartLevel] org.pentaho.caching.impl.PentahoCacheManagerFactory$RegistrationHandler$1.onSuccess New Caching Service registered
10-Jul-2019 13:46:53.804 INFO [FelixStartLevel] org.pentaho.caching.impl.PentahoCacheManagerFactory$RegistrationHandler$1.onSuccess New Caching Service registered
10-Jul-2019 13:46:53.804 INFO [FelixStartLevel] org.pentaho.caching.impl.PentahoCacheManagerFactory$RegistrationHandler$1.onSuccess New Caching Service registered
10-Jul-2019 13:46:53.804 INFO [FelixStartLevel] org.pentaho.caching.impl.PentahoCacheManagerFactory$RegistrationHandler$1.onSuccess New Caching Service registered
10-Jul-2019 13:47:07.164 INFO [FelixStartLevel] org.apache.cxf.management.jmx.InstrumentationManagerImpl.registerMBeanWithServer registering MBean org.apache.cxf:bus.id=marketplaceImplBus,type=Bus,instance.id=1125288838: org.apache.cxf.bus.ManagedBus@5ef3173c
10-Jul-2019 13:47:07.175 INFO [FelixStartLevel] org.apache.cxf.management.jmx.InstrumentationManagerImpl.registerMBeanWithServer registering MBean org.apache.cxf:bus.id=marketplaceImplBus,type=Bus,instance.id=1125288838: javax.management.modelmbean.RequiredModelMBean@6b38ac7
10-Jul-2019 13:47:07.175 INFO [FelixStartLevel] org.apache.cxf.management.jmx.InstrumentationManagerImpl.init registered org.apache.cxf:bus.id=marketplaceImplBus,type=Bus,instance.id=1125288838
10-Jul-2019 13:47:07.176 INFO [FelixStartLevel] org.apache.cxf.management.jmx.InstrumentationManagerImpl.registerMBeanWithServer registering MBean org.apache.cxf:bus.id=marketplaceImplBus,WorkQueueManager=Bus.WorkQueueManager,type=WorkQueueManager,instance.id=1012193923: org.apache.cxf.bus.managers.WorkQueueManagerImplMBeanWrapper@53c793c4
10-Jul-2019 13:47:07.176 INFO [FelixStartLevel] org.apache.cxf.management.jmx.InstrumentationManagerImpl.registerMBeanWithServer registering MBean org.apache.cxf:bus.id=marketplaceImplBus,WorkQueueManager=Bus.WorkQueueManager,type=WorkQueueManager,instance.id=1012193923: javax.management.modelmbean.RequiredModelMBean@6c484fd0
10-Jul-2019 13:47:07.726 INFO [FelixStartLevel] org.apache.cxf.endpoint.ServerImpl.initDestination Setting the server's publish address to be /marketplace
10-Jul-2019 13:47:07.726 INFO [FelixStartLevel] org.apache.cxf.management.jmx.InstrumentationManagerImpl.registerMBeanWithServer registering MBean org.apache.cxf:bus.id=marketplaceImplBus,type=Bus.Service.Endpoint,service="{http://endpoints.marketplace.pentaho.org/}MarketplaceService",port="MarketplaceService",instance.id=1087461207: org.apache.cxf.endpoint.ManagedEndpoint@402b5897
10-Jul-2019 13:47:07.726 INFO [FelixStartLevel] org.apache.cxf.management.jmx.InstrumentationManagerImpl.registerMBeanWithServer registering MBean org.apache.cxf:bus.id=marketplaceImplBus,type=Bus.Service.Endpoint,service="{http://endpoints.marketplace.pentaho.org/}MarketplaceService",port="MarketplaceService",instance.id=1087461207: javax.management.modelmbean.RequiredModelMBean@41f1e360
10-Jul-2019 13:47:07.891 INFO [FelixStartLevel] org.apache.cxf.management.jmx.InstrumentationManagerImpl.registerMBeanWithServer registering MBean org.apache.cxf:bus.id=pentaho-metaverse-web-cxf882362618,type=Bus,instance.id=882362618: org.apache.cxf.bus.ManagedBus@58efe88
10-Jul-2019 13:47:07.903 INFO [FelixStartLevel] org.apache.cxf.management.jmx.InstrumentationManagerImpl.registerMBeanWithServer registering MBean org.apache.cxf:bus.id=pentaho-metaverse-web-cxf882362618,type=Bus,instance.id=882362618: javax.management.modelmbean.RequiredModelMBean@41c9d4af
10-Jul-2019 13:47:07.918 INFO [FelixStartLevel] org.apache.cxf.management.jmx.InstrumentationManagerImpl.init registered org.apache.cxf:bus.id=pentaho-metaverse-web-cxf882362618,type=Bus,instance.id=882362618
10-Jul-2019 13:47:07.918 INFO [FelixStartLevel] org.apache.cxf.management.jmx.InstrumentationManagerImpl.registerMBeanWithServer registering MBean org.apache.cxf:bus.id=pentaho-metaverse-web-cxf882362618,WorkQueueManager=Bus.WorkQueueManager,type=WorkQueueManager,instance.id=1949824932: org.apache.cxf.bus.managers.WorkQueueManagerImplMBeanWrapper@7eed21c0
10-Jul-2019 13:47:07.919 INFO [FelixStartLevel] org.apache.cxf.management.jmx.InstrumentationManagerImpl.registerMBeanWithServer registering MBean org.apache.cxf:bus.id=pentaho-metaverse-web-cxf882362618,WorkQueueManager=Bus.WorkQueueManager,type=WorkQueueManager,instance.id=1949824932: javax.management.modelmbean.RequiredModelMBean@ce5fa2b
10-Jul-2019 13:47:07.969 INFO [FelixStartLevel] org.apache.cxf.endpoint.ServerImpl.initDestination Setting the server's publish address to be /lineage
10-Jul-2019 13:47:07.976 INFO [FelixStartLevel] org.apache.cxf.management.jmx.InstrumentationManagerImpl.registerMBeanWithServer registering MBean org.apache.cxf:bus.id=pentaho-metaverse-web-cxf882362618,type=Bus.Service.Endpoint,service="{http://service.metaverse.pentaho.org/}MetaverseService",port="MetaverseService",instance.id=436857993: org.apache.cxf.endpoint.ManagedEndpoint@6ebff601
10-Jul-2019 13:47:07.978 INFO [FelixStartLevel] org.apache.cxf.management.jmx.InstrumentationManagerImpl.registerMBeanWithServer registering MBean org.apache.cxf:bus.id=pentaho-metaverse-web-cxf882362618,type=Bus.Service.Endpoint,service="{http://service.metaverse.pentaho.org/}MetaverseService",port="MetaverseService",instance.id=436857993: javax.management.modelmbean.RequiredModelMBean@20fcb37
10-Jul-2019 13:47:48.724 INFO [localhost-startStop-1] org.apache.catalina.startup.HostConfig.deployDirectory Deployment of web application directory C:\Pentaho_src\pentaho-server71CleanWithDataSource\pentaho-server\tomcat\webapps\pentaho has finished in 174,093 ms
10-Jul-2019 13:47:48.725 INFO [localhost-startStop-1] org.apache.catalina.startup.HostConfig.deployDirectory Deploying web application directory C:\Pentaho_src\pentaho-server71CleanWithDataSource\pentaho-server\tomcat\webapps\pentaho-style
10-Jul-2019 13:47:50.758 INFO [localhost-startStop-1] org.apache.jasper.servlet.TldScanner.scanJars At least one JAR was scanned for TLDs yet contained no TLDs. Enable debug logging for this logger for a complete list of JARs that were scanned but no TLDs were found in them. Skipping unneeded JARs during scanning can improve startup time and JSP compilation time.
10-Jul-2019 13:47:50.764 INFO [localhost-startStop-1] org.apache.catalina.startup.HostConfig.deployDirectory Deployment of web application directory C:\Pentaho_src\pentaho-server71CleanWithDataSource\pentaho-server\tomcat\webapps\pentaho-style has finished in 2,039 ms
10-Jul-2019 13:47:50.765 INFO [localhost-startStop-1] org.apache.catalina.startup.HostConfig.deployDirectory Deploying web application directory C:\Pentaho_src\pentaho-server71CleanWithDataSource\pentaho-server\tomcat\webapps\ROOT
10-Jul-2019 13:47:52.703 INFO [localhost-startStop-1] org.apache.jasper.servlet.TldScanner.scanJars At least one JAR was scanned for TLDs yet contained no TLDs. Enable debug logging for this logger for a complete list of JARs that were scanned but no TLDs were found in them. Skipping unneeded JARs during scanning can improve startup time and JSP compilation time.
10-Jul-2019 13:47:52.709 INFO [localhost-startStop-1] org.apache.catalina.startup.HostConfig.deployDirectory Deployment of web application directory C:\Pentaho_src\pentaho-server71CleanWithDataSource\pentaho-server\tomcat\webapps\ROOT has finished in 1,944 ms
10-Jul-2019 13:47:52.710 INFO [localhost-startStop-1] org.apache.catalina.startup.HostConfig.deployDirectory Deploying web application directory C:\Pentaho_src\pentaho-server71CleanWithDataSource\pentaho-server\tomcat\webapps\sw-style
10-Jul-2019 13:47:54.364 INFO [localhost-startStop-1] org.apache.jasper.servlet.TldScanner.scanJars At least one JAR was scanned for TLDs yet contained no TLDs. Enable debug logging for this logger for a complete list of JARs that were scanned but no TLDs were found in them. Skipping unneeded JARs during scanning can improve startup time and JSP compilation time.
10-Jul-2019 13:47:54.367 INFO [localhost-startStop-1] org.apache.catalina.startup.HostConfig.deployDirectory Deployment of web application directory C:\Pentaho_src\pentaho-server71CleanWithDataSource\pentaho-server\tomcat\webapps\sw-style has finished in 1,657 ms
10-Jul-2019 13:47:54.372 INFO [main] org.apache.coyote.AbstractProtocol.start Starting ProtocolHandler ["http-apr-8080"]
10-Jul-2019 13:47:54.412 INFO [main] org.apache.coyote.AbstractProtocol.start Starting ProtocolHandler ["ajp-apr-8009"]
10-Jul-2019 13:47:54.444 INFO [main] org.apache.catalina.startup.Catalina.start Server startup in 179890 ms
10-Jul-2019 14:24:20.629 WARNING [main] org.apache.catalina.core.StandardServer.await StandardServer.await: Invalid command '' received
10-Jul-2019 15:38:19.826 WARNING [main] org.apache.catalina.core.StandardServer.await StandardServer.await: Invalid command '' received
10-Jul-2019 17:27:58.072 WARNING [main] org.apache.catalina.core.StandardServer.await StandardServer.await: Invalid command '' received
10-Jul-2019 17:34:04.425 WARNING [main] org.apache.catalina.core.StandardServer.await StandardServer.await: Invalid command '' received
10-Jul-2019 18:04:17.670 WARNING [main] org.apache.catalina.core.StandardServer.await StandardServer.await: Invalid command '' received
