19-Jun-2018 13:17:13.514 INFO [main] org.apache.catalina.startup.VersionLoggerListener.log Server version:        Apache Tomcat/8.0.43
19-Jun-2018 13:17:13.608 INFO [main] org.apache.catalina.startup.VersionLoggerListener.log Server built:          Mar 28 2017 14:42:59 UTC
19-Jun-2018 13:17:13.608 INFO [main] org.apache.catalina.startup.VersionLoggerListener.log Server number:         8.0.43.0
19-Jun-2018 13:17:13.608 INFO [main] org.apache.catalina.startup.VersionLoggerListener.log OS Name:               Windows 7
19-Jun-2018 13:17:13.609 INFO [main] org.apache.catalina.startup.VersionLoggerListener.log OS Version:            6.1
19-Jun-2018 13:17:13.609 INFO [main] org.apache.catalina.startup.VersionLoggerListener.log Architecture:          amd64
19-Jun-2018 13:17:13.609 INFO [main] org.apache.catalina.startup.VersionLoggerListener.log Java Home:             C:\Program Files\Java\jdk1.8.0_161\jre
19-Jun-2018 13:17:13.609 INFO [main] org.apache.catalina.startup.VersionLoggerListener.log JVM Version:           1.8.0_161-b12
19-Jun-2018 13:17:13.609 INFO [main] org.apache.catalina.startup.VersionLoggerListener.log JVM Vendor:            Oracle Corporation
19-Jun-2018 13:17:13.609 INFO [main] org.apache.catalina.startup.VersionLoggerListener.log CATALINA_BASE:         C:\Alex\Pentaho_src\pentaho-server71CleanWithDataSource\pentaho-server\tomcat
19-Jun-2018 13:17:13.609 INFO [main] org.apache.catalina.startup.VersionLoggerListener.log CATALINA_HOME:         C:\Alex\Pentaho_src\pentaho-server71CleanWithDataSource\pentaho-server\tomcat
19-Jun-2018 13:17:13.610 INFO [main] org.apache.catalina.startup.VersionLoggerListener.log Command line argument: -Djava.util.logging.config.file=C:\Alex\Pentaho_src\pentaho-server71CleanWithDataSource\pentaho-server\tomcat\conf\logging.properties
19-Jun-2018 13:17:13.610 INFO [main] org.apache.catalina.startup.VersionLoggerListener.log Command line argument: -Djava.util.logging.manager=org.apache.juli.ClassLoaderLogManager
19-Jun-2018 13:17:13.611 INFO [main] org.apache.catalina.startup.VersionLoggerListener.log Command line argument: -Djdk.tls.ephemeralDHKeySize=2048
19-Jun-2018 13:17:13.611 INFO [main] org.apache.catalina.startup.VersionLoggerListener.log Command line argument: -Djava.protocol.handler.pkgs=org.apache.catalina.webresources
19-Jun-2018 13:17:13.612 INFO [main] org.apache.catalina.startup.VersionLoggerListener.log Command line argument: -Xms512m
19-Jun-2018 13:17:13.612 INFO [main] org.apache.catalina.startup.VersionLoggerListener.log Command line argument: -Xmx3000m
19-Jun-2018 13:17:13.613 INFO [main] org.apache.catalina.startup.VersionLoggerListener.log Command line argument: -XX:+UseG1GC
19-Jun-2018 13:17:13.613 INFO [main] org.apache.catalina.startup.VersionLoggerListener.log Command line argument: -XX:MaxGCPauseMillis=500
19-Jun-2018 13:17:13.614 INFO [main] org.apache.catalina.startup.VersionLoggerListener.log Command line argument: -Dfile.encoding=utf8
19-Jun-2018 13:17:13.614 INFO [main] org.apache.catalina.startup.VersionLoggerListener.log Command line argument: -DDI_HOME=C:\Alex\Pentaho_src\pentaho-server71CleanWithDataSource\pentaho-server\pentaho-solutions\system\kettle
19-Jun-2018 13:17:13.615 INFO [main] org.apache.catalina.startup.VersionLoggerListener.log Command line argument: -Djava.endorsed.dirs=C:\Alex\Pentaho_src\pentaho-server71CleanWithDataSource\pentaho-server\tomcat\endorsed
19-Jun-2018 13:17:13.616 INFO [main] org.apache.catalina.startup.VersionLoggerListener.log Command line argument: -Dcatalina.base=C:\Alex\Pentaho_src\pentaho-server71CleanWithDataSource\pentaho-server\tomcat
19-Jun-2018 13:17:13.616 INFO [main] org.apache.catalina.startup.VersionLoggerListener.log Command line argument: -Dcatalina.home=C:\Alex\Pentaho_src\pentaho-server71CleanWithDataSource\pentaho-server\tomcat
19-Jun-2018 13:17:13.617 INFO [main] org.apache.catalina.startup.VersionLoggerListener.log Command line argument: -Djava.io.tmpdir=C:\Alex\Pentaho_src\pentaho-server71CleanWithDataSource\pentaho-server\tomcat\temp
19-Jun-2018 13:17:13.618 INFO [main] org.apache.catalina.core.AprLifecycleListener.lifecycleEvent Loaded APR based Apache Tomcat Native library 1.2.12 using APR version 1.5.2.
19-Jun-2018 13:17:13.618 INFO [main] org.apache.catalina.core.AprLifecycleListener.lifecycleEvent APR capabilities: IPv6 [true], sendfile [true], accept filters [false], random [true].
19-Jun-2018 13:17:14.686 INFO [main] org.apache.catalina.core.AprLifecycleListener.initializeSSL OpenSSL successfully initialized (OpenSSL 1.0.2k  26 Jan 2017)
19-Jun-2018 13:17:16.903 INFO [main] org.apache.coyote.AbstractProtocol.init Initializing ProtocolHandler ["http-apr-8080"]
19-Jun-2018 13:17:17.003 INFO [main] org.apache.coyote.AbstractProtocol.init Initializing ProtocolHandler ["ajp-apr-8009"]
19-Jun-2018 13:17:17.003 INFO [main] org.apache.catalina.startup.Catalina.load Initialization processed in 7521 ms
19-Jun-2018 13:17:17.367 INFO [main] org.apache.catalina.core.StandardService.startInternal Starting service Catalina
19-Jun-2018 13:17:17.367 INFO [main] org.apache.catalina.core.StandardEngine.startInternal Starting Servlet Engine: Apache Tomcat/8.0.43
19-Jun-2018 13:17:17.487 INFO [localhost-startStop-1] org.apache.catalina.startup.HostConfig.deployDirectory Deploying web application directory C:\Alex\Pentaho_src\pentaho-server71CleanWithDataSource\pentaho-server\tomcat\webapps\pentaho
19-Jun-2018 13:17:17.970 WARNING [localhost-startStop-1] org.apache.catalina.startup.SetContextPropertiesRule.begin [SetContextPropertiesRule]{Context} Setting property 'docbase' to 'webapps/pentaho/' did not find a matching property.
19-Jun-2018 13:19:25.640 INFO [localhost-startStop-1] org.apache.jasper.servlet.TldScanner.scanJars At least one JAR was scanned for TLDs yet contained no TLDs. Enable debug logging for this logger for a complete list of JARs that were scanned but no TLDs were found in them. Skipping unneeded JARs during scanning can improve startup time and JSP compilation time.
19-Jun-2018 13:19:27.305 INFO [HSQLDB Server @545457e9] org.hsqldb.persist.Logger.logInfoEvent checkpointClose start
19-Jun-2018 13:19:27.445 INFO [HSQLDB Server @545457e9] org.hsqldb.persist.Logger.logInfoEvent checkpointClose end
19-Jun-2018 13:19:27.795 INFO [HSQLDB Server @545457e9] org.hsqldb.persist.Logger.logInfoEvent dataFileCache open start
19-Jun-2018 13:19:27.837 INFO [HSQLDB Server @545457e9] org.hsqldb.persist.Logger.logInfoEvent dataFileCache open end
19-Jun-2018 13:20:08.192 INFO [Thread-9] org.apache.karaf.main.Main$KarafLockCallback.lockAquired Lock acquired. Setting startlevel to 100
19-Jun-2018 13:20:23.493 INFO [FelixStartLevel] org.apache.cxf.bus.blueprint.NamespaceHandlerRegisterer.register Registered blueprint namespace handler for http://cxf.apache.org/blueprint/core
19-Jun-2018 13:20:23.493 INFO [FelixStartLevel] org.apache.cxf.bus.blueprint.NamespaceHandlerRegisterer.register Registered blueprint namespace handler for http://cxf.apache.org/configuration/beans
19-Jun-2018 13:20:23.493 INFO [FelixStartLevel] org.apache.cxf.bus.blueprint.NamespaceHandlerRegisterer.register Registered blueprint namespace handler for http://cxf.apache.org/configuration/parameterized-types
19-Jun-2018 13:20:23.493 INFO [FelixStartLevel] org.apache.cxf.bus.blueprint.NamespaceHandlerRegisterer.register Registered blueprint namespace handler for http://cxf.apache.org/configuration/security
19-Jun-2018 13:20:23.503 INFO [FelixStartLevel] org.apache.cxf.bus.blueprint.NamespaceHandlerRegisterer.register Registered blueprint namespace handler for http://schemas.xmlsoap.org/wsdl/
19-Jun-2018 13:20:23.503 INFO [FelixStartLevel] org.apache.cxf.bus.blueprint.NamespaceHandlerRegisterer.register Registered blueprint namespace handler for http://www.w3.org/2005/08/addressing
19-Jun-2018 13:20:23.503 INFO [FelixStartLevel] org.apache.cxf.bus.blueprint.NamespaceHandlerRegisterer.register Registered blueprint namespace handler for http://schemas.xmlsoap.org/ws/2004/08/addressing
19-Jun-2018 13:20:23.513 INFO [FelixStartLevel] org.apache.cxf.bus.osgi.CXFExtensionBundleListener.addExtensions Adding the extensions from bundle org.apache.cxf.cxf-rt-management (76) [org.apache.cxf.management.InstrumentationManager]
19-Jun-2018 13:20:23.583 INFO [FelixStartLevel] org.apache.cxf.bus.osgi.CXFExtensionBundleListener.addExtensions Adding the extensions from bundle org.apache.cxf.cxf-rt-wsdl (79) [org.apache.cxf.wsdl.WSDLManager]
19-Jun-2018 13:20:23.593 INFO [FelixStartLevel] org.apache.cxf.bus.osgi.CXFExtensionBundleListener.addExtensions Adding the extensions from bundle org.apache.cxf.cxf-rt-bindings-xml (81) [org.apache.cxf.binding.xml.XMLBindingFactory, org.apache.cxf.binding.xml.wsdl11.XMLWSDLExtensionLoader]
19-Jun-2018 13:20:23.594 INFO [FelixStartLevel] org.apache.cxf.bus.osgi.CXFExtensionBundleListener.addExtensions Adding the extensions from bundle org.apache.cxf.cxf-rt-bindings-soap (82) [org.apache.cxf.binding.soap.SoapBindingFactory, org.apache.cxf.binding.soap.SoapTransportFactory]
19-Jun-2018 13:20:23.605 INFO [FelixStartLevel] org.apache.cxf.bus.blueprint.NamespaceHandlerRegisterer.register Registered blueprint namespace handler for http://cxf.apache.org/blueprint/bindings/soap
19-Jun-2018 13:20:23.646 INFO [FelixStartLevel] org.apache.cxf.bus.osgi.CXFExtensionBundleListener.addExtensions Adding the extensions from bundle org.apache.cxf.cxf-rt-ws-policy (103) [org.apache.cxf.ws.policy.PolicyEngine, org.apache.cxf.policy.PolicyDataEngine, org.apache.cxf.ws.policy.AssertionBuilderRegistry, org.apache.cxf.ws.policy.PolicyInterceptorProviderRegistry, org.apache.cxf.ws.policy.PolicyBuilder, org.apache.cxf.ws.policy.PolicyAnnotationListener, org.apache.cxf.ws.policy.attachment.ServiceModelPolicyProvider, org.apache.cxf.ws.policy.attachment.external.DomainExpressionBuilderRegistry, org.apache.cxf.ws.policy.attachment.external.EndpointReferenceDomainExpressionBuilder, org.apache.cxf.ws.policy.attachment.external.URIDomainExpressionBuilder, org.apache.cxf.ws.policy.attachment.wsdl11.Wsdl11AttachmentPolicyProvider, org.apache.cxf.ws.policy.mtom.MTOMAssertionBuilder, org.apache.cxf.ws.policy.mtom.MTOMPolicyInterceptorProvider]
19-Jun-2018 13:20:23.649 INFO [FelixStartLevel] org.apache.cxf.bus.osgi.CXFExtensionBundleListener.addExtensions Adding the extensions from bundle org.apache.cxf.cxf-rt-transports-http (86) [org.apache.cxf.transport.http.HTTPTransportFactory, org.apache.cxf.transport.http.HTTPWSDLExtensionLoader, org.apache.cxf.transport.http.policy.HTTPClientAssertionBuilder, org.apache.cxf.transport.http.policy.HTTPServerAssertionBuilder, org.apache.cxf.transport.http.policy.NoOpPolicyInterceptorProvider]
19-Jun-2018 13:20:23.733 INFO [FelixStartLevel] org.apache.cxf.bus.blueprint.NamespaceHandlerRegisterer.register Registered blueprint namespace handler for http://cxf.apache.org/transports/http/configuration
19-Jun-2018 13:20:23.743 INFO [FelixStartLevel] org.apache.cxf.bus.blueprint.NamespaceHandlerRegisterer.register Registered blueprint namespace handler for http://cxf.apache.org/blueprint/simple
19-Jun-2018 13:20:23.780 INFO [FelixStartLevel] org.apache.cxf.bus.osgi.CXFExtensionBundleListener.addExtensions Adding the extensions from bundle org.apache.cxf.cxf-rt-frontend-jaxws (88) [org.apache.cxf.jaxws.context.WebServiceContextResourceResolver]
19-Jun-2018 13:20:23.794 INFO [FelixStartLevel] org.apache.cxf.bus.blueprint.NamespaceHandlerRegisterer.register Registered blueprint namespace handler for http://cxf.apache.org/blueprint/jaxws
19-Jun-2018 13:20:23.843 INFO [FelixStartLevel] org.apache.cxf.bus.blueprint.NamespaceHandlerRegisterer.register Registered blueprint namespace handler for http://cxf.apache.org/blueprint/jaxrs
19-Jun-2018 13:20:23.864 INFO [FelixStartLevel] org.apache.cxf.bus.blueprint.NamespaceHandlerRegisterer.register Registered blueprint namespace handler for http://cxf.apache.org/blueprint/jaxrs-client
19-Jun-2018 13:20:23.878 INFO [FelixStartLevel] org.apache.cxf.bus.blueprint.NamespaceHandlerRegisterer.register Registered blueprint namespace handler for http://cxf.apache.org/binding/coloc
19-Jun-2018 13:20:23.882 INFO [FelixStartLevel] org.apache.cxf.bus.osgi.CXFExtensionBundleListener.addExtensions Adding the extensions from bundle org.apache.cxf.cxf-rt-transports-local (99) [org.apache.cxf.transport.local.LocalTransportFactory]
19-Jun-2018 13:20:23.888 INFO [FelixStartLevel] org.apache.cxf.bus.osgi.CXFExtensionBundleListener.addExtensions Adding the extensions from bundle org.apache.cxf.cxf-rt-bindings-object (100) [org.apache.cxf.binding.object.ObjectBindingFactory]
19-Jun-2018 13:20:23.890 INFO [FelixStartLevel] org.apache.cxf.bus.blueprint.NamespaceHandlerRegisterer.register Registered blueprint namespace handler for http://cxf.apache.org/blueprint/binding/object
19-Jun-2018 13:20:23.923 INFO [FelixStartLevel] org.apache.cxf.bus.blueprint.NamespaceHandlerRegisterer.register Registered blueprint namespace handler for http://cxf.apache.org/policy
19-Jun-2018 13:20:23.924 INFO [FelixStartLevel] org.apache.cxf.bus.blueprint.NamespaceHandlerRegisterer.register Registered blueprint namespace handler for http://www.w3.org/ns/ws-policy
19-Jun-2018 13:20:23.925 INFO [FelixStartLevel] org.apache.cxf.bus.blueprint.NamespaceHandlerRegisterer.register Registered blueprint namespace handler for http://www.w3.org/2006/07/ws-policy
19-Jun-2018 13:20:23.926 INFO [FelixStartLevel] org.apache.cxf.bus.blueprint.NamespaceHandlerRegisterer.register Registered blueprint namespace handler for http://schemas.xmlsoap.org/ws/2004/09/policy
19-Jun-2018 13:20:23.927 INFO [FelixStartLevel] org.apache.cxf.bus.blueprint.NamespaceHandlerRegisterer.register Registered blueprint namespace handler for http://docs.oasis-open.org/wss/2004/01/oasis-200401-wss-wssecurity-secext-1.0.xsd
19-Jun-2018 13:20:23.928 INFO [FelixStartLevel] org.apache.cxf.bus.blueprint.NamespaceHandlerRegisterer.register Registered blueprint namespace handler for http://docs.oasis-open.org/wss/2004/01/oasis-200401-wss-wssecurity-utility-1.0.xsd
19-Jun-2018 13:20:23.928 INFO [FelixStartLevel] org.apache.cxf.bus.blueprint.NamespaceHandlerRegisterer.register Registered blueprint namespace handler for http://www.w3.org/2000/09/xmldsig#
19-Jun-2018 13:20:23.930 INFO [FelixStartLevel] org.apache.cxf.bus.blueprint.NamespaceHandlerRegisterer.register Registered blueprint namespace handler for http://docs.oasis-open.org/ws-sx/ws-securitypolicy/200702
19-Jun-2018 13:20:23.935 INFO [FelixStartLevel] org.apache.cxf.bus.osgi.CXFExtensionBundleListener.addExtensions Adding the extensions from bundle org.apache.cxf.cxf-rt-ws-addr (120) [org.apache.cxf.ws.addressing.policy.AddressingAssertionBuilder, org.apache.cxf.ws.addressing.policy.UsingAddressingAssertionBuilder, org.apache.cxf.ws.addressing.policy.AddressingPolicyInterceptorProvider, org.apache.cxf.ws.addressing.impl.AddressingWSDLExtensionLoader, org.apache.cxf.ws.addressing.WSAddressingFeature$WSAddressingFeatureApplier, org.apache.cxf.ws.addressing.MAPAggregator$MAPAggregatorLoader]
19-Jun-2018 13:20:23.937 INFO [FelixStartLevel] org.apache.cxf.bus.blueprint.NamespaceHandlerRegisterer.register Registered blueprint namespace handler for http://cxf.apache.org/ws/addressing
19-Jun-2018 13:20:23.966 INFO [FelixStartLevel] org.apache.cxf.bus.osgi.CXFExtensionBundleListener.addExtensions Adding the extensions from bundle org.apache.cxf.cxf-rt-ws-security (122) [org.apache.cxf.ws.security.policy.WSSecurityPolicyLoader, org.apache.cxf.ws.security.cache.CacheCleanupListener]
19-Jun-2018 13:20:23.978 INFO [FelixStartLevel] org.apache.cxf.bus.osgi.CXFExtensionBundleListener.addExtensions Adding the extensions from bundle org.apache.cxf.cxf-rt-ws-rm (124) [org.apache.cxf.ws.rm.RMManager, org.apache.cxf.ws.rm.policy.RMPolicyInterceptorProvider, org.apache.cxf.ws.rm.policy.RM10AssertionBuilder, org.apache.cxf.ws.rm.policy.RM12AssertionBuilder, org.apache.cxf.ws.rm.policy.WSRMP12PolicyLoader, org.apache.cxf.ws.rm.policy.MC11PolicyLoader, org.apache.cxf.ws.rm.policy.RSPPolicyLoader]
19-Jun-2018 13:20:23.991 INFO [FelixStartLevel] org.apache.cxf.bus.blueprint.NamespaceHandlerRegisterer.register Registered blueprint namespace handler for http://cxf.apache.org/ws/rm/manager
19-Jun-2018 13:20:23.992 INFO [FelixStartLevel] org.apache.cxf.bus.blueprint.NamespaceHandlerRegisterer.register Registered blueprint namespace handler for http://schemas.xmlsoap.org/ws/2005/02/rm/policy
19-Jun-2018 13:20:23.997 INFO [FelixStartLevel] org.apache.cxf.bus.osgi.CXFExtensionBundleListener.addExtensions Adding the extensions from bundle org.apache.cxf.cxf-rt-javascript (125) [org.apache.cxf.javascript.JavascriptServerListener]
19-Jun-2018 13:20:24.641 INFO [FelixStartLevel] org.pentaho.caching.impl.PentahoCacheManagerFactory$RegistrationHandler$1.onSuccess New Caching Service registered
19-Jun-2018 13:20:24.642 INFO [FelixStartLevel] org.pentaho.caching.impl.PentahoCacheManagerFactory$RegistrationHandler$1.onSuccess New Caching Service registered
19-Jun-2018 13:20:24.643 INFO [FelixStartLevel] org.pentaho.caching.impl.PentahoCacheManagerFactory$RegistrationHandler$1.onSuccess New Caching Service registered
19-Jun-2018 13:20:31.503 INFO [FelixStartLevel] org.apache.cxf.management.jmx.InstrumentationManagerImpl.registerMBeanWithServer registering MBean org.apache.cxf:bus.id=marketplaceImplBus,type=Bus,instance.id=141301055: org.apache.cxf.bus.ManagedBus@692ece36
19-Jun-2018 13:20:31.536 INFO [FelixStartLevel] org.apache.cxf.management.jmx.InstrumentationManagerImpl.registerMBeanWithServer registering MBean org.apache.cxf:bus.id=marketplaceImplBus,type=Bus,instance.id=141301055: javax.management.modelmbean.RequiredModelMBean@190067ea
19-Jun-2018 13:20:31.537 INFO [FelixStartLevel] org.apache.cxf.management.jmx.InstrumentationManagerImpl.init registered org.apache.cxf:bus.id=marketplaceImplBus,type=Bus,instance.id=141301055
19-Jun-2018 13:20:31.539 INFO [FelixStartLevel] org.apache.cxf.management.jmx.InstrumentationManagerImpl.registerMBeanWithServer registering MBean org.apache.cxf:bus.id=marketplaceImplBus,WorkQueueManager=Bus.WorkQueueManager,type=WorkQueueManager,instance.id=369898049: org.apache.cxf.bus.managers.WorkQueueManagerImplMBeanWrapper@144aedc0
19-Jun-2018 13:20:31.540 INFO [FelixStartLevel] org.apache.cxf.management.jmx.InstrumentationManagerImpl.registerMBeanWithServer registering MBean org.apache.cxf:bus.id=marketplaceImplBus,WorkQueueManager=Bus.WorkQueueManager,type=WorkQueueManager,instance.id=369898049: javax.management.modelmbean.RequiredModelMBean@511a0ed3
19-Jun-2018 13:20:32.595 INFO [FelixStartLevel] org.apache.cxf.endpoint.ServerImpl.initDestination Setting the server's publish address to be /marketplace
19-Jun-2018 13:20:32.595 INFO [FelixStartLevel] org.apache.cxf.management.jmx.InstrumentationManagerImpl.registerMBeanWithServer registering MBean org.apache.cxf:bus.id=marketplaceImplBus,type=Bus.Service.Endpoint,service="{http://endpoints.marketplace.pentaho.org/}MarketplaceService",port="MarketplaceService",instance.id=1629907401: org.apache.cxf.endpoint.ManagedEndpoint@655e32d6
19-Jun-2018 13:20:32.596 INFO [FelixStartLevel] org.apache.cxf.management.jmx.InstrumentationManagerImpl.registerMBeanWithServer registering MBean org.apache.cxf:bus.id=marketplaceImplBus,type=Bus.Service.Endpoint,service="{http://endpoints.marketplace.pentaho.org/}MarketplaceService",port="MarketplaceService",instance.id=1629907401: javax.management.modelmbean.RequiredModelMBean@1b4f9607
19-Jun-2018 13:20:32.827 INFO [FelixStartLevel] org.apache.cxf.management.jmx.InstrumentationManagerImpl.registerMBeanWithServer registering MBean org.apache.cxf:bus.id=pentaho-metaverse-web-cxf295894107,type=Bus,instance.id=295894107: org.apache.cxf.bus.ManagedBus@41434390
19-Jun-2018 13:20:32.827 INFO [FelixStartLevel] org.apache.cxf.management.jmx.InstrumentationManagerImpl.registerMBeanWithServer registering MBean org.apache.cxf:bus.id=pentaho-metaverse-web-cxf295894107,type=Bus,instance.id=295894107: javax.management.modelmbean.RequiredModelMBean@1fd3cd1e
19-Jun-2018 13:20:32.827 INFO [FelixStartLevel] org.apache.cxf.management.jmx.InstrumentationManagerImpl.init registered org.apache.cxf:bus.id=pentaho-metaverse-web-cxf295894107,type=Bus,instance.id=295894107
19-Jun-2018 13:20:32.827 INFO [FelixStartLevel] org.apache.cxf.management.jmx.InstrumentationManagerImpl.registerMBeanWithServer registering MBean org.apache.cxf:bus.id=pentaho-metaverse-web-cxf295894107,WorkQueueManager=Bus.WorkQueueManager,type=WorkQueueManager,instance.id=5858258: org.apache.cxf.bus.managers.WorkQueueManagerImplMBeanWrapper@61f17a6
19-Jun-2018 13:20:32.827 INFO [FelixStartLevel] org.apache.cxf.management.jmx.InstrumentationManagerImpl.registerMBeanWithServer registering MBean org.apache.cxf:bus.id=pentaho-metaverse-web-cxf295894107,WorkQueueManager=Bus.WorkQueueManager,type=WorkQueueManager,instance.id=5858258: javax.management.modelmbean.RequiredModelMBean@5d9b9b36
19-Jun-2018 13:20:32.887 INFO [FelixStartLevel] org.apache.cxf.endpoint.ServerImpl.initDestination Setting the server's publish address to be /lineage
19-Jun-2018 13:20:32.887 INFO [FelixStartLevel] org.apache.cxf.management.jmx.InstrumentationManagerImpl.registerMBeanWithServer registering MBean org.apache.cxf:bus.id=pentaho-metaverse-web-cxf295894107,type=Bus.Service.Endpoint,service="{http://service.metaverse.pentaho.org/}MetaverseService",port="MetaverseService",instance.id=2053403297: org.apache.cxf.endpoint.ManagedEndpoint@53669251
19-Jun-2018 13:20:32.897 INFO [FelixStartLevel] org.apache.cxf.management.jmx.InstrumentationManagerImpl.registerMBeanWithServer registering MBean org.apache.cxf:bus.id=pentaho-metaverse-web-cxf295894107,type=Bus.Service.Endpoint,service="{http://service.metaverse.pentaho.org/}MetaverseService",port="MetaverseService",instance.id=2053403297: javax.management.modelmbean.RequiredModelMBean@4bc9e59f
19-Jun-2018 13:21:17.349 INFO [localhost-startStop-1] org.apache.catalina.startup.HostConfig.deployDirectory Deployment of web application directory C:\Alex\Pentaho_src\pentaho-server71CleanWithDataSource\pentaho-server\tomcat\webapps\pentaho has finished in 239,862 ms
19-Jun-2018 13:21:17.349 INFO [localhost-startStop-1] org.apache.catalina.startup.HostConfig.deployDirectory Deploying web application directory C:\Alex\Pentaho_src\pentaho-server71CleanWithDataSource\pentaho-server\tomcat\webapps\pentaho-style
19-Jun-2018 13:21:19.856 INFO [localhost-startStop-1] org.apache.jasper.servlet.TldScanner.scanJars At least one JAR was scanned for TLDs yet contained no TLDs. Enable debug logging for this logger for a complete list of JARs that were scanned but no TLDs were found in them. Skipping unneeded JARs during scanning can improve startup time and JSP compilation time.
19-Jun-2018 13:21:19.866 INFO [localhost-startStop-1] org.apache.catalina.startup.HostConfig.deployDirectory Deployment of web application directory C:\Alex\Pentaho_src\pentaho-server71CleanWithDataSource\pentaho-server\tomcat\webapps\pentaho-style has finished in 2,517 ms
19-Jun-2018 13:21:19.867 INFO [localhost-startStop-1] org.apache.catalina.startup.HostConfig.deployDirectory Deploying web application directory C:\Alex\Pentaho_src\pentaho-server71CleanWithDataSource\pentaho-server\tomcat\webapps\ROOT
19-Jun-2018 13:21:22.178 INFO [localhost-startStop-1] org.apache.jasper.servlet.TldScanner.scanJars At least one JAR was scanned for TLDs yet contained no TLDs. Enable debug logging for this logger for a complete list of JARs that were scanned but no TLDs were found in them. Skipping unneeded JARs during scanning can improve startup time and JSP compilation time.
19-Jun-2018 13:21:22.188 INFO [localhost-startStop-1] org.apache.catalina.startup.HostConfig.deployDirectory Deployment of web application directory C:\Alex\Pentaho_src\pentaho-server71CleanWithDataSource\pentaho-server\tomcat\webapps\ROOT has finished in 2,322 ms
19-Jun-2018 13:21:22.188 INFO [localhost-startStop-1] org.apache.catalina.startup.HostConfig.deployDirectory Deploying web application directory C:\Alex\Pentaho_src\pentaho-server71CleanWithDataSource\pentaho-server\tomcat\webapps\sw-style
19-Jun-2018 13:21:24.454 INFO [localhost-startStop-1] org.apache.jasper.servlet.TldScanner.scanJars At least one JAR was scanned for TLDs yet contained no TLDs. Enable debug logging for this logger for a complete list of JARs that were scanned but no TLDs were found in them. Skipping unneeded JARs during scanning can improve startup time and JSP compilation time.
19-Jun-2018 13:21:24.454 INFO [localhost-startStop-1] org.apache.catalina.startup.HostConfig.deployDirectory Deployment of web application directory C:\Alex\Pentaho_src\pentaho-server71CleanWithDataSource\pentaho-server\tomcat\webapps\sw-style has finished in 2,266 ms
19-Jun-2018 13:21:24.464 INFO [main] org.apache.coyote.AbstractProtocol.start Starting ProtocolHandler ["http-apr-8080"]
19-Jun-2018 13:21:24.494 INFO [main] org.apache.coyote.AbstractProtocol.start Starting ProtocolHandler ["ajp-apr-8009"]
19-Jun-2018 13:21:24.504 INFO [main] org.apache.catalina.startup.Catalina.start Server startup in 247480 ms
19-Jun-2018 14:05:03.830 INFO [http-apr-8080-exec-7] com.sun.xml.ws.server.MonitorBase.createRoot Metro monitoring rootname successfully set to: com.sun.metro:pp=/,type=WSEndpoint,name=/pentaho-unifiedRepository-unifiedRepositoryPort
19-Jun-2018 14:05:04.595 INFO [http-apr-8080-exec-7] com.sun.xml.ws.server.MonitorBase.createRoot Metro monitoring rootname successfully set to: com.sun.metro:pp=/,type=WSEndpoint,name=/pentaho-repositorySync-repositorySyncPort
19-Jun-2018 14:05:04.947 INFO [http-apr-8080-exec-7] com.sun.xml.ws.server.MonitorBase.createRoot Metro monitoring rootname successfully set to: com.sun.metro:pp=/,type=WSEndpoint,name=/pentaho-datasourceMgmtService-datasourceMgmtServicePort
19-Jun-2018 14:05:05.226 INFO [http-apr-8080-exec-7] com.sun.xml.ws.server.MonitorBase.createRoot Metro monitoring rootname successfully set to: com.sun.metro:pp=/,type=WSEndpoint,name=/pentaho-userRoleService-userRoleServicePort
19-Jun-2018 14:05:05.350 INFO [http-apr-8080-exec-7] com.sun.xml.ws.server.MonitorBase.createRoot Metro monitoring rootname successfully set to: com.sun.metro:pp=/,type=WSEndpoint,name=/pentaho-userRoleListService-userRoleListServicePort
19-Jun-2018 14:05:05.436 INFO [http-apr-8080-exec-7] com.sun.xml.ws.server.MonitorBase.createRoot Metro monitoring rootname successfully set to: com.sun.metro:pp=/,type=WSEndpoint,name=/pentaho-authorizationPolicy-authorizationPolicyPort
19-Jun-2018 14:05:05.627 INFO [http-apr-8080-exec-7] com.sun.xml.ws.server.MonitorBase.createRoot Metro monitoring rootname successfully set to: com.sun.metro:pp=/,type=WSEndpoint,name=/pentaho-roleBindingDao-roleBindingDaoPort
19-Jun-2018 14:05:06.056 INFO [http-apr-8080-exec-7] com.sun.xml.ws.server.MonitorBase.createRoot Metro monitoring rootname successfully set to: com.sun.metro:pp=/,type=WSEndpoint,name=/pentaho-Scheduler-SchedulerPort
19-Jun-2018 14:05:06.349 INFO [http-apr-8080-exec-7] com.sun.jersey.spi.spring.container.SpringComponentProviderFactory.registerSpringBeans Registering Spring bean, org.pentaho.platform.web.http.api.resources.JAXBContextResolver#0, of type org.pentaho.platform.web.http.api.resources.JAXBContextResolver as a provider class
19-Jun-2018 14:05:06.349 INFO [http-apr-8080-exec-7] com.sun.jersey.spi.spring.container.SpringComponentProviderFactory.registerSpringBeans Registering Spring bean, org.pentaho.platform.web.http.api.resources.RootResource#0, of type org.pentaho.platform.web.http.api.resources.RootResource as a root resource class
19-Jun-2018 14:05:06.349 INFO [http-apr-8080-exec-7] com.sun.jersey.spi.spring.container.SpringComponentProviderFactory.registerSpringBeans Registering Spring bean, org.pentaho.platform.web.http.api.resources.DirectoryResource#0, of type org.pentaho.platform.web.http.api.resources.DirectoryResource as a root resource class
19-Jun-2018 14:05:06.349 INFO [http-apr-8080-exec-7] com.sun.jersey.spi.spring.container.SpringComponentProviderFactory.registerSpringBeans Registering Spring bean, org.pentaho.platform.web.http.api.resources.UserRoleDaoResource#0, of type org.pentaho.platform.web.http.api.resources.UserRoleDaoResource as a root resource class
19-Jun-2018 14:05:06.349 INFO [http-apr-8080-exec-7] com.sun.jersey.spi.spring.container.SpringComponentProviderFactory.registerSpringBeans Registering Spring bean, org.pentaho.platform.web.http.api.resources.UserRoleListResource#0, of type org.pentaho.platform.web.http.api.resources.UserRoleListResource as a root resource class
19-Jun-2018 14:05:06.350 INFO [http-apr-8080-exec-7] com.sun.jersey.spi.spring.container.SpringComponentProviderFactory.registerSpringBeans Registering Spring bean, org.pentaho.platform.web.http.api.resources.FileResource#0, of type org.pentaho.platform.web.http.api.resources.FileResource as a root resource class
19-Jun-2018 14:05:06.352 INFO [http-apr-8080-exec-7] com.sun.jersey.spi.spring.container.SpringComponentProviderFactory.registerSpringBeans Registering Spring bean, org.pentaho.platform.web.http.api.resources.EmailResource#0, of type org.pentaho.platform.web.http.api.resources.EmailResource as a root resource class
19-Jun-2018 14:05:06.358 INFO [http-apr-8080-exec-7] com.sun.jersey.spi.spring.container.SpringComponentProviderFactory.registerSpringBeans Registering Spring bean, org.pentaho.platform.web.http.api.resources.SessionResource#0, of type org.pentaho.platform.web.http.api.resources.SessionResource as a root resource class
19-Jun-2018 14:05:06.358 INFO [http-apr-8080-exec-7] com.sun.jersey.spi.spring.container.SpringComponentProviderFactory.registerSpringBeans Registering Spring bean, org.pentaho.platform.web.http.api.resources.SchedulerResource#0, of type org.pentaho.platform.web.http.api.resources.SchedulerResource as a root resource class
19-Jun-2018 14:05:06.359 INFO [http-apr-8080-exec-7] com.sun.jersey.spi.spring.container.SpringComponentProviderFactory.registerSpringBeans Registering Spring bean, org.pentaho.platform.web.http.api.resources.RepositoryResource#0, of type org.pentaho.platform.web.http.api.resources.RepositoryResource as a root resource class
19-Jun-2018 14:05:06.359 INFO [http-apr-8080-exec-7] com.sun.jersey.spi.spring.container.SpringComponentProviderFactory.registerSpringBeans Registering Spring bean, org.pentaho.platform.web.http.api.resources.RepositoryImportResource#0, of type org.pentaho.platform.web.http.api.resources.RepositoryImportResource as a root resource class
19-Jun-2018 14:05:06.359 INFO [http-apr-8080-exec-7] com.sun.jersey.spi.spring.container.SpringComponentProviderFactory.registerSpringBeans Registering Spring bean, org.pentaho.platform.web.http.api.resources.PluginResource#0, of type org.pentaho.platform.web.http.api.resources.PluginResource as a root resource class
19-Jun-2018 14:05:06.359 INFO [http-apr-8080-exec-7] com.sun.jersey.spi.spring.container.SpringComponentProviderFactory.registerSpringBeans Registering Spring bean, org.pentaho.platform.web.http.api.resources.PluginManagerResource#0, of type org.pentaho.platform.web.http.api.resources.PluginManagerResource as a root resource class
19-Jun-2018 14:05:06.359 INFO [http-apr-8080-exec-7] com.sun.jersey.spi.spring.container.SpringComponentProviderFactory.registerSpringBeans Registering Spring bean, org.pentaho.platform.web.http.api.resources.SystemPermissionsResource#0, of type org.pentaho.platform.web.http.api.resources.SystemPermissionsResource as a root resource class
19-Jun-2018 14:05:06.359 INFO [http-apr-8080-exec-7] com.sun.jersey.spi.spring.container.SpringComponentProviderFactory.registerSpringBeans Registering Spring bean, org.pentaho.platform.web.http.api.resources.SystemUsersResource#0, of type org.pentaho.platform.web.http.api.resources.SystemUsersResource as a root resource class
19-Jun-2018 14:05:06.360 INFO [http-apr-8080-exec-7] com.sun.jersey.spi.spring.container.SpringComponentProviderFactory.registerSpringBeans Registering Spring bean, org.pentaho.platform.web.http.api.resources.SystemRolesResource#0, of type org.pentaho.platform.web.http.api.resources.SystemRolesResource as a root resource class
19-Jun-2018 14:05:06.360 INFO [http-apr-8080-exec-7] com.sun.jersey.spi.spring.container.SpringComponentProviderFactory.registerSpringBeans Registering Spring bean, org.pentaho.platform.web.http.api.resources.SystemResource#0, of type org.pentaho.platform.web.http.api.resources.SystemResource as a root resource class
19-Jun-2018 14:05:06.360 INFO [http-apr-8080-exec-7] com.sun.jersey.spi.spring.container.SpringComponentProviderFactory.registerSpringBeans Registering Spring bean, org.pentaho.platform.web.http.api.resources.GeneratorStreamingOutputProvider#0, of type org.pentaho.platform.web.http.api.resources.GeneratorStreamingOutputProvider as a provider class
19-Jun-2018 14:05:06.360 INFO [http-apr-8080-exec-7] com.sun.jersey.spi.spring.container.SpringComponentProviderFactory.registerSpringBeans Registering Spring bean, org.pentaho.platform.web.http.api.resources.ThemeResource#0, of type org.pentaho.platform.web.http.api.resources.ThemeResource as a root resource class
19-Jun-2018 14:05:06.360 INFO [http-apr-8080-exec-7] com.sun.jersey.spi.spring.container.SpringComponentProviderFactory.registerSpringBeans Registering Spring bean, org.pentaho.platform.web.http.api.resources.SystemRefreshResource#0, of type org.pentaho.platform.web.http.api.resources.SystemRefreshResource as a root resource class
19-Jun-2018 14:05:06.361 INFO [http-apr-8080-exec-7] com.sun.jersey.spi.spring.container.SpringComponentProviderFactory.registerSpringBeans Registering Spring bean, org.pentaho.platform.web.http.api.resources.VersionResource#0, of type org.pentaho.platform.web.http.api.resources.VersionResource as a root resource class
19-Jun-2018 14:05:06.362 INFO [http-apr-8080-exec-7] com.sun.jersey.spi.spring.container.SpringComponentProviderFactory.registerSpringBeans Registering Spring bean, org.pentaho.platform.web.http.api.resources.UserConsoleResource#0, of type org.pentaho.platform.web.http.api.resources.UserConsoleResource as a root resource class
19-Jun-2018 14:05:06.363 INFO [http-apr-8080-exec-7] com.sun.jersey.spi.spring.container.SpringComponentProviderFactory.registerSpringBeans Registering Spring bean, org.pentaho.platform.web.http.api.resources.UserSettingsResource#0, of type org.pentaho.platform.web.http.api.resources.UserSettingsResource as a root resource class
19-Jun-2018 14:05:06.363 INFO [http-apr-8080-exec-7] com.sun.jersey.spi.spring.container.SpringComponentProviderFactory.registerSpringBeans Registering Spring bean, org.pentaho.platform.web.http.api.resources.RepositoryPublishResource#0, of type org.pentaho.platform.web.http.api.resources.RepositoryPublishResource as a root resource class
19-Jun-2018 14:05:06.363 INFO [http-apr-8080-exec-7] com.sun.jersey.spi.spring.container.SpringComponentProviderFactory.registerSpringBeans Registering Spring bean, org.pentaho.platform.web.http.api.resources.AuthorizationActionResource#0, of type org.pentaho.platform.web.http.api.resources.AuthorizationActionResource as a root resource class
19-Jun-2018 14:05:06.363 INFO [http-apr-8080-exec-7] com.sun.jersey.spi.spring.container.SpringComponentProviderFactory.registerSpringBeans Registering Spring bean, org.pentaho.platform.web.http.api.resources.PasswordResource#0, of type org.pentaho.platform.web.http.api.resources.PasswordResource as a root resource class
19-Jun-2018 14:05:06.364 INFO [http-apr-8080-exec-7] com.sun.jersey.spi.spring.container.SpringComponentProviderFactory.registerSpringBeans Registering Spring bean, org.pentaho.platform.web.http.api.resources.ServiceResource#0, of type org.pentaho.platform.web.http.api.resources.ServiceResource as a root resource class
19-Jun-2018 14:05:06.371 INFO [http-apr-8080-exec-7] com.sun.jersey.server.impl.application.WebApplicationImpl._initiate Initiating Jersey application, version 'Jersey: 1.19.1 03/11/2016 02:42 PM'
19-Jun-2018 14:05:08.580 WARNING [http-apr-8080-exec-7] com.sun.jersey.spi.inject.Errors.processErrorMessages The following warnings have been detected with resource and/or provider classes:
  WARNING: A HTTP GET method, public javax.ws.rs.core.Response org.pentaho.platform.web.http.api.resources.EmailResource.deleteEmailConfig(org.pentaho.platform.plugin.services.email.EmailConfiguration), should not consume any entity.
19-Jun-2018 14:05:10.423 INFO [http-apr-8080-exec-2] com.sun.jersey.spi.spring.container.SpringComponentProviderFactory.registerSpringBeans Registering Spring bean, cda.api, of type pt.webdetails.cda.CdaUtils as a root resource class
19-Jun-2018 14:05:10.431 INFO [http-apr-8080-exec-2] com.sun.jersey.spi.spring.container.SpringComponentProviderFactory.registerSpringBeans Registering Spring bean, CdaCacheMonitor, of type pt.webdetails.cda.cache.endpoints.CacheMonitorEndpoint as a root resource class
19-Jun-2018 14:05:10.431 INFO [http-apr-8080-exec-2] com.sun.jersey.spi.spring.container.SpringComponentProviderFactory.registerSpringBeans Registering Spring bean, CdaCacheScheduler, of type pt.webdetails.cda.cache.endpoints.CacheControllerEndpoint as a root resource class
19-Jun-2018 14:05:10.432 INFO [http-apr-8080-exec-2] com.sun.jersey.server.impl.application.WebApplicationImpl._initiate Initiating Jersey application, version 'Jersey: 1.19.1 03/11/2016 02:42 PM'
19-Jun-2018 14:05:10.773 WARNING [http-apr-8080-exec-2] com.sun.jersey.spi.inject.Errors.processErrorMessages The following warnings have been detected with resource and/or provider classes:
  WARNING: A HTTP GET method, public void pt.webdetails.cda.CdaUtils.unwrapQuery(java.lang.String,java.lang.String,javax.servlet.http.HttpServletResponse,javax.servlet.http.HttpServletRequest) throws javax.ws.rs.WebApplicationException, MUST return a non-void type.
  WARNING: A HTTP GET method, public void pt.webdetails.cda.CdaUtils.getCdaList(java.lang.String,javax.servlet.http.HttpServletResponse,javax.servlet.http.HttpServletRequest) throws java.lang.Exception, MUST return a non-void type.
19-Jun-2018 14:05:10.784 INFO [http-apr-8080-exec-2] com.sun.jersey.spi.spring.container.SpringComponentProviderFactory.registerSpringBeans Registering Spring bean, pt.webdetails.cgg.CggService#0, of type pt.webdetails.cgg.CggService as a root resource class
19-Jun-2018 14:05:10.784 INFO [http-apr-8080-exec-2] com.sun.jersey.server.impl.application.WebApplicationImpl._initiate Initiating Jersey application, version 'Jersey: 1.19.1 03/11/2016 02:42 PM'
19-Jun-2018 14:05:11.186 WARNING [http-apr-8080-exec-2] com.sun.jersey.spi.inject.Errors.processErrorMessages The following warnings have been detected with resource and/or provider classes:
  WARNING: A HTTP GET method, public void pt.webdetails.cgg.CggService.draw(java.lang.String,java.lang.String,java.lang.String,java.lang.String,java.lang.Long,java.lang.Long,javax.servlet.http.HttpServletResponse,javax.servlet.http.HttpServletRequest), MUST return a non-void type.
19-Jun-2018 14:05:11.191 INFO [http-apr-8080-exec-2] com.sun.jersey.spi.spring.container.SpringComponentProviderFactory.registerSpringBeans Registering Spring bean, datasources, of type pt.webdetails.cdf.dd.api.DatasourcesApi as a root resource class
19-Jun-2018 14:05:11.191 INFO [http-apr-8080-exec-2] com.sun.jersey.spi.spring.container.SpringComponentProviderFactory.registerSpringBeans Registering Spring bean, wcdf.editor, of type pt.webdetails.cdf.dd.api.EditorApi as a root resource class
19-Jun-2018 14:05:11.191 INFO [http-apr-8080-exec-2] com.sun.jersey.spi.spring.container.SpringComponentProviderFactory.registerSpringBeans Registering Spring bean, olap, of type pt.webdetails.cpf.olap.OlapApi as a root resource class
19-Jun-2018 14:05:11.191 INFO [http-apr-8080-exec-2] com.sun.jersey.spi.spring.container.SpringComponentProviderFactory.registerSpringBeans Registering Spring bean, plugins, of type pt.webdetails.cdf.dd.api.PluginsApi as a root resource class
19-Jun-2018 14:05:11.192 INFO [http-apr-8080-exec-2] com.sun.jersey.spi.spring.container.SpringComponentProviderFactory.registerSpringBeans Registering Spring bean, renderer, of type pt.webdetails.cdf.dd.api.RenderApi as a root resource class
19-Jun-2018 14:05:11.192 INFO [http-apr-8080-exec-2] com.sun.jersey.spi.spring.container.SpringComponentProviderFactory.registerSpringBeans Registering Spring bean, resourcesapi, of type pt.webdetails.cdf.dd.api.ResourcesApi as a root resource class
19-Jun-2018 14:05:11.192 INFO [http-apr-8080-exec-2] com.sun.jersey.spi.spring.container.SpringComponentProviderFactory.registerSpringBeans Registering Spring bean, syncronizer, of type pt.webdetails.cdf.dd.api.SyncronizerApi as a root resource class
19-Jun-2018 14:05:11.192 INFO [http-apr-8080-exec-2] com.sun.jersey.spi.spring.container.SpringComponentProviderFactory.registerSpringBeans Registering Spring bean, version, of type pt.webdetails.cdf.dd.api.VersionApi as a root resource class
19-Jun-2018 14:05:11.193 INFO [http-apr-8080-exec-2] com.sun.jersey.server.impl.application.WebApplicationImpl._initiate Initiating Jersey application, version 'Jersey: 1.19.1 03/11/2016 02:42 PM'
19-Jun-2018 14:05:11.436 WARNING [http-apr-8080-exec-2] com.sun.jersey.spi.inject.Errors.processErrorMessages The following warnings have been detected with resource and/or provider classes:
  WARNING: A HTTP GET method, public void pt.webdetails.cpf.olap.OlapApi.getCubes(javax.servlet.http.HttpServletResponse) throws java.io.IOException,org.json.JSONException, MUST return a non-void type.
  WARNING: A HTTP GET method, public void pt.webdetails.cpf.olap.OlapApi.getCubeStructure(java.lang.String,java.lang.String,java.lang.String,javax.servlet.http.HttpServletResponse) throws java.io.IOException,org.json.JSONException, MUST return a non-void type.
  WARNING: A HTTP GET method, public void pt.webdetails.cpf.olap.OlapApi.getLevelMembersStructure(java.lang.String,java.lang.String,java.lang.String,java.lang.String,javax.servlet.http.HttpServletResponse) throws java.io.IOException,org.json.JSONException, MUST return a non-void type.
  WARNING: A HTTP GET method, public void pt.webdetails.cpf.olap.OlapApi.getPaginatedLevelMembers(java.lang.String,java.lang.String,java.lang.String,java.lang.String,java.lang.String,java.lang.String,long,long,javax.servlet.http.HttpServletResponse) throws java.io.IOException,org.json.JSONException, MUST return a non-void type.
  WARNING: A HTTP GET method, public void pt.webdetails.cdf.dd.api.ResourcesApi.getResource(java.lang.String,javax.servlet.http.HttpServletResponse) throws java.io.IOException, MUST return a non-void type.
  WARNING: A HTTP GET method, public void pt.webdetails.cdf.dd.api.ResourcesApi.res(java.lang.String,java.lang.String,javax.servlet.http.HttpServletResponse) throws java.lang.Exception, MUST return a non-void type.
  WARNING: A HTTP GET method, public void pt.webdetails.cdf.dd.api.ResourcesApi.resource(java.lang.String,javax.servlet.http.HttpServletResponse) throws java.lang.Exception, MUST return a non-void type.
  WARNING: A HTTP GET method, public void pt.webdetails.cdf.dd.api.ResourcesApi.getCssResource(java.lang.String,java.lang.String,javax.servlet.http.HttpServletResponse) throws java.io.IOException, MUST return a non-void type.
  WARNING: A HTTP GET method, public void pt.webdetails.cdf.dd.api.ResourcesApi.getJsResource(java.lang.String,java.lang.String,javax.servlet.http.HttpServletResponse) throws java.io.IOException, MUST return a non-void type.
  WARNING: A HTTP GET method, public void pt.webdetails.cdf.dd.api.ResourcesApi.getUntypedResource(java.lang.String,java.lang.String,javax.servlet.http.HttpServletResponse) throws java.io.IOException, MUST return a non-void type.
  WARNING: A HTTP GET method, public void pt.webdetails.cdf.dd.api.ResourcesApi.getImage(java.lang.String,java.lang.String,javax.servlet.http.HttpServletResponse) throws java.io.IOException, MUST return a non-void type.
  WARNING: A HTTP GET method, public void pt.webdetails.cdf.dd.api.SyncronizerApi.syncStyles(javax.servlet.http.HttpServletResponse) throws java.io.IOException,pt.webdetails.cdf.dd.DashboardDesignerException,org.json.JSONException, MUST return a non-void type.
  WARNING: A HTTP GET method, public void pt.webdetails.cdf.dd.api.VersionApi.checkVersion(javax.servlet.http.HttpServletResponse) throws java.io.IOException,org.json.JSONException, MUST return a non-void type.
19-Jun-2018 14:05:11.457 INFO [http-apr-8080-exec-2] com.sun.jersey.spi.spring.container.SpringComponentProviderFactory.registerSpringBeans Registering Spring bean, com.pentaho.di.revision.RevisionResource#0, of type com.pentaho.di.revision.RevisionResource as a root resource class
19-Jun-2018 14:05:11.457 INFO [http-apr-8080-exec-2] com.sun.jersey.spi.spring.container.SpringComponentProviderFactory.registerSpringBeans Registering Spring bean, com.pentaho.di.purge.PurgeResource#0, of type com.pentaho.di.purge.PurgeResource as a root resource class
19-Jun-2018 14:05:11.458 INFO [http-apr-8080-exec-2] com.sun.jersey.server.impl.application.WebApplicationImpl._initiate Initiating Jersey application, version 'Jersey: 1.19.1 03/11/2016 02:42 PM'
19-Jun-2018 14:05:11.716 INFO [http-apr-8080-exec-2] com.sun.jersey.spi.spring.container.SpringComponentProviderFactory.registerSpringBeans Registering Spring bean, org.pentaho.platform.dataaccess.datasource.wizard.service.impl.PlatformStagingDatabaseResource#0, of type org.pentaho.platform.dataaccess.datasource.wizard.service.impl.PlatformStagingDatabaseResource as a root resource class
19-Jun-2018 14:05:11.717 INFO [http-apr-8080-exec-2] com.sun.jersey.spi.spring.container.SpringComponentProviderFactory.registerSpringBeans Registering Spring bean, org.pentaho.platform.dataaccess.datasource.wizard.service.impl.DatasourceResource#0, of type org.pentaho.platform.dataaccess.datasource.wizard.service.impl.DatasourceResource as a root resource class
19-Jun-2018 14:05:11.717 INFO [http-apr-8080-exec-2] com.sun.jersey.spi.spring.container.SpringComponentProviderFactory.registerSpringBeans Registering Spring bean, org.pentaho.platform.dataaccess.datasource.wizard.service.impl.AnalysisDatasourceService#0, of type org.pentaho.platform.dataaccess.datasource.wizard.service.impl.AnalysisDatasourceService as a root resource class
19-Jun-2018 14:05:11.717 INFO [http-apr-8080-exec-2] com.sun.jersey.spi.spring.container.SpringComponentProviderFactory.registerSpringBeans Registering Spring bean, org.pentaho.platform.dataaccess.datasource.wizard.service.impl.MetadataDatasourceService#0, of type org.pentaho.platform.dataaccess.datasource.wizard.service.impl.MetadataDatasourceService as a root resource class
19-Jun-2018 14:05:11.717 INFO [http-apr-8080-exec-2] com.sun.jersey.spi.spring.container.SpringComponentProviderFactory.registerSpringBeans Registering Spring bean, org.pentaho.platform.dataaccess.datasource.wizard.service.impl.ConnectionService#0, of type org.pentaho.platform.dataaccess.datasource.wizard.service.impl.ConnectionService as a root resource class
19-Jun-2018 14:05:11.717 INFO [http-apr-8080-exec-2] com.sun.jersey.spi.spring.container.SpringComponentProviderFactory.registerSpringBeans Registering Spring bean, org.pentaho.platform.dataaccess.datasource.api.resources.DataSourceWizardResource#0, of type org.pentaho.platform.dataaccess.datasource.api.resources.DataSourceWizardResource as a root resource class
19-Jun-2018 14:05:11.718 INFO [http-apr-8080-exec-2] com.sun.jersey.spi.spring.container.SpringComponentProviderFactory.registerSpringBeans Registering Spring bean, org.pentaho.platform.dataaccess.datasource.api.resources.AnalysisResource#0, of type org.pentaho.platform.dataaccess.datasource.api.resources.AnalysisResource as a root resource class
19-Jun-2018 14:05:11.718 INFO [http-apr-8080-exec-2] com.sun.jersey.spi.spring.container.SpringComponentProviderFactory.registerSpringBeans Registering Spring bean, org.pentaho.platform.dataaccess.datasource.api.resources.MetadataResource#0, of type org.pentaho.platform.dataaccess.datasource.api.resources.MetadataResource as a root resource class
19-Jun-2018 14:05:11.719 INFO [http-apr-8080-exec-2] com.sun.jersey.spi.spring.container.SpringComponentProviderFactory.registerSpringBeans Registering Spring bean, org.pentaho.platform.dataaccess.datasource.api.resources.JDBCDatasourceResource#0, of type org.pentaho.platform.dataaccess.datasource.api.resources.JDBCDatasourceResource as a root resource class
19-Jun-2018 14:05:11.719 INFO [http-apr-8080-exec-2] com.sun.jersey.spi.spring.container.SpringComponentProviderFactory.registerSpringBeans Registering Spring bean, org.pentaho.platform.dataaccess.datasource.wizard.service.impl.DatabaseDialectService#0, of type org.pentaho.platform.dataaccess.datasource.wizard.service.impl.DatabaseDialectService as a root resource class
19-Jun-2018 14:05:11.719 INFO [http-apr-8080-exec-2] com.sun.jersey.spi.spring.container.SpringComponentProviderFactory.registerSpringBeans Registering Spring bean, org.pentaho.platform.dataaccess.datasource.wizard.service.impl.PentahoJAXBContextResolver#0, of type org.pentaho.platform.dataaccess.datasource.wizard.service.impl.PentahoJAXBContextResolver as a provider class
19-Jun-2018 14:05:11.719 INFO [http-apr-8080-exec-2] com.sun.jersey.spi.spring.container.SpringComponentProviderFactory.registerSpringBeans Registering Spring bean, org.pentaho.platform.dataaccess.datasource.wizard.service.impl.DataAccessPermissionResource#0, of type org.pentaho.platform.dataaccess.datasource.wizard.service.impl.DataAccessPermissionResource as a root resource class
19-Jun-2018 14:05:11.719 INFO [http-apr-8080-exec-2] com.sun.jersey.spi.spring.container.SpringComponentProviderFactory.registerSpringBeans Registering Spring bean, org.pentaho.platform.dataaccess.datasource.wizard.service.impl.DatabaseConnectionReaderWriter#0, of type org.pentaho.platform.dataaccess.datasource.wizard.service.impl.DatabaseConnectionReaderWriter as a provider class
19-Jun-2018 14:05:11.720 INFO [http-apr-8080-exec-2] com.sun.jersey.spi.spring.container.SpringComponentProviderFactory.registerSpringBeans Registering Spring bean, org.pentaho.platform.dataaccess.datasource.wizard.service.impl.DatabaseConnectionListReaderWriter#0, of type org.pentaho.platform.dataaccess.datasource.wizard.service.impl.DatabaseConnectionListReaderWriter as a provider class
19-Jun-2018 14:05:11.720 INFO [http-apr-8080-exec-2] com.sun.jersey.spi.spring.container.SpringComponentProviderFactory.registerSpringBeans Registering Spring bean, org.pentaho.platform.dataaccess.datasource.wizard.service.impl.DatabaseTypeReaderWriter#0, of type org.pentaho.platform.dataaccess.datasource.wizard.service.impl.DatabaseTypeReaderWriter as a provider class
19-Jun-2018 14:05:11.720 INFO [http-apr-8080-exec-2] com.sun.jersey.spi.spring.container.SpringComponentProviderFactory.registerSpringBeans Registering Spring bean, org.pentaho.platform.dataaccess.datasource.wizard.service.impl.DatabaseTypesListReaderWriter#0, of type org.pentaho.platform.dataaccess.datasource.wizard.service.impl.DatabaseTypesListReaderWriter as a provider class
19-Jun-2018 14:05:11.720 INFO [http-apr-8080-exec-2] com.sun.jersey.spi.spring.container.SpringComponentProviderFactory.registerSpringBeans Registering Spring bean, xml-metadataServiceDA/org.pentaho.platform.dataaccess.metadata.service.MetadataService, of type org.pentaho.platform.dataaccess.metadata.service.MetadataService as a root resource class
19-Jun-2018 14:05:11.720 INFO [http-apr-8080-exec-2] com.sun.jersey.spi.spring.container.SpringComponentProviderFactory.registerSpringBeans Registering Spring bean, gwt-metadataServiceDA/org.pentaho.platform.dataaccess.metadata.service.MetadataService, of type org.pentaho.platform.dataaccess.metadata.service.MetadataService as a root resource class
19-Jun-2018 14:05:11.721 INFO [http-apr-8080-exec-2] com.sun.jersey.server.impl.application.WebApplicationImpl._initiate Initiating Jersey application, version 'Jersey: 1.19.1 03/11/2016 02:42 PM'
19-Jun-2018 14:05:12.412 WARNING [http-apr-8080-exec-2] com.sun.jersey.spi.inject.Errors.processErrorMessages The following warnings have been detected with resource and/or provider classes:
  WARNING: A sub-resource method, public org.pentaho.platform.web.http.api.resources.JaxbList org.pentaho.platform.dataaccess.datasource.api.resources.JDBCDatasourceResource.getConnectionIDs(), with URI template, "/", is treated as a resource method
19-Jun-2018 14:05:12.415 INFO [http-apr-8080-exec-2] com.sun.jersey.spi.spring.container.SpringComponentProviderFactory.registerSpringBeans Registering Spring bean, sparkl.api, of type pt.webdetails.cpk.CpkApi as a root resource class
19-Jun-2018 14:05:12.415 INFO [http-apr-8080-exec-2] com.sun.jersey.server.impl.application.WebApplicationImpl._initiate Initiating Jersey application, version 'Jersey: 1.19.1 03/11/2016 02:42 PM'
19-Jun-2018 14:05:12.625 WARNING [http-apr-8080-exec-2] com.sun.jersey.spi.inject.Errors.processErrorMessages The following warnings have been detected with resource and/or provider classes:
  WARNING: A HTTP GET method, public void pt.webdetails.cpk.CpkApi.status(javax.servlet.http.HttpServletRequest,javax.servlet.http.HttpServletResponse,javax.ws.rs.core.HttpHeaders) throws org.dom4j.DocumentException,java.io.IOException, MUST return a non-void type.
  WARNING: A HTTP GET method, public void pt.webdetails.cpk.CpkApi.version(java.lang.String,javax.servlet.http.HttpServletResponse) throws java.io.IOException, MUST return a non-void type.
  WARNING: A HTTP GET method, public void pt.webdetails.cpk.CpkApi.reload(javax.servlet.http.HttpServletRequest,javax.servlet.http.HttpServletResponse,javax.ws.rs.core.HttpHeaders) throws org.dom4j.DocumentException,java.io.IOException, MUST return a non-void type.
  WARNING: A HTTP GET method, public void pt.webdetails.cpk.CpkApi.refreshGet(javax.servlet.http.HttpServletRequest,javax.servlet.http.HttpServletResponse,javax.ws.rs.core.HttpHeaders) throws org.dom4j.DocumentException,java.io.IOException, MUST return a non-void type.
  WARNING: A HTTP GET method, public void pt.webdetails.cpk.CpkApi.getSitemapJson(javax.servlet.http.HttpServletResponse) throws java.io.IOException, MUST return a non-void type.
  WARNING: A HTTP GET method, public void pt.webdetails.cpk.CpkApi.elementsList(javax.servlet.http.HttpServletRequest,javax.servlet.http.HttpServletResponse,javax.ws.rs.core.HttpHeaders) throws java.io.IOException, MUST return a non-void type.
  WARNING: A HTTP GET method, public void pt.webdetails.cpk.CpkApi.reloadPluginsGet() throws java.lang.Exception, MUST return a non-void type.
  WARNING: A HTTP GET method, public void pt.webdetails.cpk.CpkApi.defaultElement(javax.servlet.http.HttpServletResponse) throws java.io.IOException, MUST return a non-void type.
  WARNING: A HTTP GET method, public void pt.webdetails.cpk.CpkApi.genericEndpointGet(java.lang.String,javax.servlet.http.HttpServletRequest,javax.servlet.http.HttpServletResponse,javax.ws.rs.core.HttpHeaders) throws java.lang.Exception, MUST return a non-void type.
  WARNING: A HTTP GET method, public void pt.webdetails.cpk.CpkApi.clearKettleResultsCache(), MUST return a non-void type.
  WARNING: A HTTP GET method, public void pt.webdetails.cpk.CpkApi.listDataAccessTypes(javax.servlet.http.HttpServletResponse) throws java.lang.Exception, MUST return a non-void type.
19-Jun-2018 14:05:12.629 INFO [http-apr-8080-exec-2] com.sun.jersey.spi.spring.container.SpringComponentProviderFactory.registerSpringBeans Registering Spring bean, storage, of type org.pentaho.cdf.storage.StorageApi as a root resource class
19-Jun-2018 14:05:12.631 INFO [http-apr-8080-exec-2] com.sun.jersey.spi.spring.container.SpringComponentProviderFactory.registerSpringBeans Registering Spring bean, context, of type org.pentaho.cdf.context.ContextApi as a root resource class
19-Jun-2018 14:05:12.632 INFO [http-apr-8080-exec-2] com.sun.jersey.spi.spring.container.SpringComponentProviderFactory.registerSpringBeans Registering Spring bean, comments, of type org.pentaho.cdf.comments.CommentsApi as a root resource class
19-Jun-2018 14:05:12.632 INFO [http-apr-8080-exec-2] com.sun.jersey.spi.spring.container.SpringComponentProviderFactory.registerSpringBeans Registering Spring bean, settings, of type org.pentaho.cdf.settings.SettingsApi as a root resource class
19-Jun-2018 14:05:12.632 INFO [http-apr-8080-exec-2] com.sun.jersey.spi.spring.container.SpringComponentProviderFactory.registerSpringBeans Registering Spring bean, cdfResources, of type org.pentaho.cdf.ResourcesApi as a root resource class
19-Jun-2018 14:05:12.632 INFO [http-apr-8080-exec-2] com.sun.jersey.spi.spring.container.SpringComponentProviderFactory.registerSpringBeans Registering Spring bean, cdfApi, of type org.pentaho.cdf.CdfApi as a root resource class
19-Jun-2018 14:05:12.633 INFO [http-apr-8080-exec-2] com.sun.jersey.server.impl.application.WebApplicationImpl._initiate Initiating Jersey application, version 'Jersey: 1.19.1 03/11/2016 02:42 PM'
19-Jun-2018 14:05:12.874 WARNING [http-apr-8080-exec-2] com.sun.jersey.spi.inject.Errors.processErrorMessages The following warnings have been detected with resource and/or provider classes:
  WARNING: A HTTP GET method, public void org.pentaho.cdf.context.ContextApi.getConfig(java.lang.String,java.lang.String,javax.servlet.http.HttpServletRequest,javax.servlet.http.HttpServletResponse) throws java.io.IOException, MUST return a non-void type.
  WARNING: A HTTP GET method, public void org.pentaho.cdf.comments.CommentsApi.add(java.lang.String,java.lang.String,javax.servlet.http.HttpServletResponse,javax.servlet.http.HttpServletRequest), MUST return a non-void type.
  WARNING: A HTTP GET method, public void org.pentaho.cdf.comments.CommentsApi.delete(int,boolean,javax.servlet.http.HttpServletResponse,javax.servlet.http.HttpServletRequest) throws java.lang.Exception, MUST return a non-void type.
  WARNING: A HTTP GET method, public void org.pentaho.cdf.comments.CommentsApi.list(java.lang.String,int,int,boolean,boolean,javax.servlet.http.HttpServletResponse,javax.servlet.http.HttpServletRequest), MUST return a non-void type.
  WARNING: A HTTP GET method, public void org.pentaho.cdf.comments.CommentsApi.archive(int,boolean,javax.servlet.http.HttpServletResponse,javax.servlet.http.HttpServletRequest), MUST return a non-void type.
  WARNING: A HTTP GET method, public void org.pentaho.cdf.settings.SettingsApi.get(java.lang.String,javax.servlet.http.HttpServletRequest,javax.servlet.http.HttpServletResponse), MUST return a non-void type.
  WARNING: A HTTP GET method, public void org.pentaho.cdf.CdfApi.getResource(java.lang.String,java.lang.String,javax.servlet.http.HttpServletResponse) throws java.lang.Exception, MUST return a non-void type.
  WARNING: A HTTP GET method, public void org.pentaho.cdf.CdfApi.clearCache(javax.servlet.http.HttpServletResponse), MUST return a non-void type.
  WARNING: A HTTP GET method, public void org.pentaho.cdf.CdfApi.export(java.lang.String,java.lang.String,java.lang.String,java.lang.String,java.lang.String,javax.servlet.http.HttpServletRequest,javax.servlet.http.HttpServletResponse) throws java.lang.Exception, MUST return a non-void type.
  WARNING: A HTTP GET method, public void org.pentaho.cdf.CdfApi.getCdfEmbeddedContext(javax.servlet.http.HttpServletRequest,javax.servlet.http.HttpServletResponse) throws java.lang.Exception, MUST return a non-void type.
  WARNING: A HTTP GET method, public void org.pentaho.cdf.CdfApi.callAction(java.lang.String,java.lang.String,java.lang.String,java.lang.String,javax.servlet.http.HttpServletRequest,javax.servlet.http.HttpServletResponse) throws java.lang.Exception, MUST return a non-void type.
  WARNING: A HTTP GET method, public void org.pentaho.cdf.CdfApi.getJSONSolution(java.lang.String,java.lang.String,java.lang.String,int,boolean,java.lang.String,javax.servlet.http.HttpServletResponse) throws org.pentaho.cdf.InvalidCdfOperationException, MUST return a non-void type.
  WARNING: A HTTP GET method, public void org.pentaho.cdf.CdfApi.doGetViewAction(java.lang.String,java.lang.String,java.lang.String,java.lang.String,javax.servlet.http.HttpServletRequest,javax.servlet.http.HttpServletResponse) throws java.lang.Exception, MUST return a non-void type.
19-Jun-2018 14:05:12.878 INFO [http-apr-8080-exec-2] com.sun.jersey.spi.spring.container.SpringComponentProviderFactory.registerSpringBeans Registering Spring bean, org.pentaho.reporting.platform.plugin.JobManager#0, of type org.pentaho.reporting.platform.plugin.JobManager as a root resource class
19-Jun-2018 14:05:12.878 INFO [http-apr-8080-exec-2] com.sun.jersey.spi.spring.container.SpringComponentProviderFactory.registerSpringBeans Registering Spring bean, org.pentaho.reporting.platform.plugin.CacheManagerEndpoint#0, of type org.pentaho.reporting.platform.plugin.CacheManagerEndpoint as a root resource class
19-Jun-2018 14:05:12.880 INFO [http-apr-8080-exec-2] com.sun.jersey.server.impl.application.WebApplicationImpl._initiate Initiating Jersey application, version 'Jersey: 1.19.1 03/11/2016 02:42 PM'
19-Jun-2018 15:34:18.290 WARNING [main] org.apache.catalina.core.StandardServer.await StandardServer.await: Invalid command '' received
