07-Mar-2019 14:52:22.995 INFO [main] org.apache.catalina.startup.VersionLoggerListener.log Server version:        Apache Tomcat/8.0.43
07-Mar-2019 14:52:23.085 INFO [main] org.apache.catalina.startup.VersionLoggerListener.log Server built:          Mar 28 2017 14:42:59 UTC
07-Mar-2019 14:52:23.085 INFO [main] org.apache.catalina.startup.VersionLoggerListener.log Server number:         8.0.43.0
07-Mar-2019 14:52:23.085 INFO [main] org.apache.catalina.startup.VersionLoggerListener.log OS Name:               Windows 7
07-Mar-2019 14:52:23.085 INFO [main] org.apache.catalina.startup.VersionLoggerListener.log OS Version:            6.1
07-Mar-2019 14:52:23.085 INFO [main] org.apache.catalina.startup.VersionLoggerListener.log Architecture:          amd64
07-Mar-2019 14:52:23.085 INFO [main] org.apache.catalina.startup.VersionLoggerListener.log Java Home:             C:\Program Files\Java\jdk1.8.0_161\jre
07-Mar-2019 14:52:23.085 INFO [main] org.apache.catalina.startup.VersionLoggerListener.log JVM Version:           1.8.0_161-b12
07-Mar-2019 14:52:23.085 INFO [main] org.apache.catalina.startup.VersionLoggerListener.log JVM Vendor:            Oracle Corporation
07-Mar-2019 14:52:23.085 INFO [main] org.apache.catalina.startup.VersionLoggerListener.log CATALINA_BASE:         C:\Alex\Pentaho_src\pentaho-server71CleanWithDataSource\pentaho-server\tomcat
07-Mar-2019 14:52:23.085 INFO [main] org.apache.catalina.startup.VersionLoggerListener.log CATALINA_HOME:         C:\Alex\Pentaho_src\pentaho-server71CleanWithDataSource\pentaho-server\tomcat
07-Mar-2019 14:52:23.085 INFO [main] org.apache.catalina.startup.VersionLoggerListener.log Command line argument: -Djava.util.logging.config.file=C:\Alex\Pentaho_src\pentaho-server71CleanWithDataSource\pentaho-server\tomcat\conf\logging.properties
07-Mar-2019 14:52:23.085 INFO [main] org.apache.catalina.startup.VersionLoggerListener.log Command line argument: -Djava.util.logging.manager=org.apache.juli.ClassLoaderLogManager
07-Mar-2019 14:52:23.085 INFO [main] org.apache.catalina.startup.VersionLoggerListener.log Command line argument: -Djdk.tls.ephemeralDHKeySize=2048
07-Mar-2019 14:52:23.085 INFO [main] org.apache.catalina.startup.VersionLoggerListener.log Command line argument: -Djava.protocol.handler.pkgs=org.apache.catalina.webresources
07-Mar-2019 14:52:23.085 INFO [main] org.apache.catalina.startup.VersionLoggerListener.log Command line argument: -Xms512m
07-Mar-2019 14:52:23.085 INFO [main] org.apache.catalina.startup.VersionLoggerListener.log Command line argument: -Xmx3000m
07-Mar-2019 14:52:23.085 INFO [main] org.apache.catalina.startup.VersionLoggerListener.log Command line argument: -XX:+UseG1GC
07-Mar-2019 14:52:23.085 INFO [main] org.apache.catalina.startup.VersionLoggerListener.log Command line argument: -XX:MaxGCPauseMillis=500
07-Mar-2019 14:52:23.085 INFO [main] org.apache.catalina.startup.VersionLoggerListener.log Command line argument: -Dfile.encoding=utf8
07-Mar-2019 14:52:23.085 INFO [main] org.apache.catalina.startup.VersionLoggerListener.log Command line argument: -DDI_HOME=C:\Alex\Pentaho_src\pentaho-server71CleanWithDataSource\pentaho-server\pentaho-solutions\system\kettle
07-Mar-2019 14:52:23.085 INFO [main] org.apache.catalina.startup.VersionLoggerListener.log Command line argument: -Djava.endorsed.dirs=C:\Alex\Pentaho_src\pentaho-server71CleanWithDataSource\pentaho-server\tomcat\endorsed
07-Mar-2019 14:52:23.085 INFO [main] org.apache.catalina.startup.VersionLoggerListener.log Command line argument: -Dcatalina.base=C:\Alex\Pentaho_src\pentaho-server71CleanWithDataSource\pentaho-server\tomcat
07-Mar-2019 14:52:23.085 INFO [main] org.apache.catalina.startup.VersionLoggerListener.log Command line argument: -Dcatalina.home=C:\Alex\Pentaho_src\pentaho-server71CleanWithDataSource\pentaho-server\tomcat
07-Mar-2019 14:52:23.085 INFO [main] org.apache.catalina.startup.VersionLoggerListener.log Command line argument: -Djava.io.tmpdir=C:\Alex\Pentaho_src\pentaho-server71CleanWithDataSource\pentaho-server\tomcat\temp
07-Mar-2019 14:52:23.085 INFO [main] org.apache.catalina.core.AprLifecycleListener.lifecycleEvent Loaded APR based Apache Tomcat Native library 1.2.12 using APR version 1.5.2.
07-Mar-2019 14:52:23.085 INFO [main] org.apache.catalina.core.AprLifecycleListener.lifecycleEvent APR capabilities: IPv6 [true], sendfile [true], accept filters [false], random [true].
07-Mar-2019 14:52:24.005 INFO [main] org.apache.catalina.core.AprLifecycleListener.initializeSSL OpenSSL successfully initialized (OpenSSL 1.0.2k  26 Jan 2017)
07-Mar-2019 14:52:26.610 INFO [main] org.apache.coyote.AbstractProtocol.init Initializing ProtocolHandler ["http-apr-8080"]
07-Mar-2019 14:52:26.637 INFO [main] org.apache.coyote.AbstractProtocol.init Initializing ProtocolHandler ["ajp-apr-8009"]
07-Mar-2019 14:52:26.643 INFO [main] org.apache.catalina.startup.Catalina.load Initialization processed in 4864 ms
07-Mar-2019 14:52:26.795 INFO [main] org.apache.catalina.core.StandardService.startInternal Starting service Catalina
07-Mar-2019 14:52:26.795 INFO [main] org.apache.catalina.core.StandardEngine.startInternal Starting Servlet Engine: Apache Tomcat/8.0.43
07-Mar-2019 14:52:26.914 INFO [localhost-startStop-1] org.apache.catalina.startup.HostConfig.deployDirectory Deploying web application directory C:\Alex\Pentaho_src\pentaho-server71CleanWithDataSource\pentaho-server\tomcat\webapps\pentaho
07-Mar-2019 14:52:27.072 WARNING [localhost-startStop-1] org.apache.catalina.startup.SetContextPropertiesRule.begin [SetContextPropertiesRule]{Context} Setting property 'docbase' to 'webapps/pentaho/' did not find a matching property.
07-Mar-2019 14:54:19.828 INFO [localhost-startStop-1] org.apache.jasper.servlet.TldScanner.scanJars At least one JAR was scanned for TLDs yet contained no TLDs. Enable debug logging for this logger for a complete list of JARs that were scanned but no TLDs were found in them. Skipping unneeded JARs during scanning can improve startup time and JSP compilation time.
07-Mar-2019 14:54:21.552 INFO [HSQLDB Server @46cbeea9] org.hsqldb.persist.Logger.logInfoEvent checkpointClose start
07-Mar-2019 14:54:21.681 INFO [HSQLDB Server @46cbeea9] org.hsqldb.persist.Logger.logInfoEvent checkpointClose end
07-Mar-2019 14:54:21.885 INFO [HSQLDB Server @46cbeea9] org.hsqldb.persist.Logger.logInfoEvent dataFileCache open start
07-Mar-2019 14:54:21.919 INFO [HSQLDB Server @46cbeea9] org.hsqldb.persist.Logger.logInfoEvent dataFileCache open end
07-Mar-2019 14:55:45.583 INFO [Thread-9] org.apache.karaf.main.Main$KarafLockCallback.lockAquired Lock acquired. Setting startlevel to 100
07-Mar-2019 14:56:08.263 INFO [FelixStartLevel] org.apache.cxf.bus.blueprint.NamespaceHandlerRegisterer.register Registered blueprint namespace handler for http://cxf.apache.org/blueprint/core
07-Mar-2019 14:56:08.265 INFO [FelixStartLevel] org.apache.cxf.bus.blueprint.NamespaceHandlerRegisterer.register Registered blueprint namespace handler for http://cxf.apache.org/configuration/beans
07-Mar-2019 14:56:08.267 INFO [FelixStartLevel] org.apache.cxf.bus.blueprint.NamespaceHandlerRegisterer.register Registered blueprint namespace handler for http://cxf.apache.org/configuration/parameterized-types
07-Mar-2019 14:56:08.269 INFO [FelixStartLevel] org.apache.cxf.bus.blueprint.NamespaceHandlerRegisterer.register Registered blueprint namespace handler for http://cxf.apache.org/configuration/security
07-Mar-2019 14:56:08.272 INFO [FelixStartLevel] org.apache.cxf.bus.blueprint.NamespaceHandlerRegisterer.register Registered blueprint namespace handler for http://schemas.xmlsoap.org/wsdl/
07-Mar-2019 14:56:08.273 INFO [FelixStartLevel] org.apache.cxf.bus.blueprint.NamespaceHandlerRegisterer.register Registered blueprint namespace handler for http://www.w3.org/2005/08/addressing
07-Mar-2019 14:56:08.275 INFO [FelixStartLevel] org.apache.cxf.bus.blueprint.NamespaceHandlerRegisterer.register Registered blueprint namespace handler for http://schemas.xmlsoap.org/ws/2004/08/addressing
07-Mar-2019 14:56:08.287 INFO [FelixStartLevel] org.apache.cxf.bus.osgi.CXFExtensionBundleListener.addExtensions Adding the extensions from bundle org.apache.cxf.cxf-rt-management (76) [org.apache.cxf.management.InstrumentationManager]
07-Mar-2019 14:56:08.432 INFO [FelixStartLevel] org.apache.cxf.bus.osgi.CXFExtensionBundleListener.addExtensions Adding the extensions from bundle org.apache.cxf.cxf-rt-wsdl (79) [org.apache.cxf.wsdl.WSDLManager]
07-Mar-2019 14:56:08.449 INFO [FelixStartLevel] org.apache.cxf.bus.osgi.CXFExtensionBundleListener.addExtensions Adding the extensions from bundle org.apache.cxf.cxf-rt-bindings-xml (81) [org.apache.cxf.binding.xml.XMLBindingFactory, org.apache.cxf.binding.xml.wsdl11.XMLWSDLExtensionLoader]
07-Mar-2019 14:56:08.463 INFO [FelixStartLevel] org.apache.cxf.bus.osgi.CXFExtensionBundleListener.addExtensions Adding the extensions from bundle org.apache.cxf.cxf-rt-bindings-soap (82) [org.apache.cxf.binding.soap.SoapBindingFactory, org.apache.cxf.binding.soap.SoapTransportFactory]
07-Mar-2019 14:56:08.468 INFO [FelixStartLevel] org.apache.cxf.bus.blueprint.NamespaceHandlerRegisterer.register Registered blueprint namespace handler for http://cxf.apache.org/blueprint/bindings/soap
07-Mar-2019 14:56:08.547 INFO [FelixStartLevel] org.apache.cxf.bus.osgi.CXFExtensionBundleListener.addExtensions Adding the extensions from bundle org.apache.cxf.cxf-rt-transports-http (86) [org.apache.cxf.transport.http.HTTPTransportFactory, org.apache.cxf.transport.http.HTTPWSDLExtensionLoader, org.apache.cxf.transport.http.policy.HTTPClientAssertionBuilder, org.apache.cxf.transport.http.policy.HTTPServerAssertionBuilder, org.apache.cxf.transport.http.policy.NoOpPolicyInterceptorProvider]
07-Mar-2019 14:56:08.585 INFO [FelixStartLevel] org.apache.cxf.bus.osgi.CXFExtensionBundleListener.addExtensions Adding the extensions from bundle org.apache.cxf.cxf-rt-ws-policy (103) [org.apache.cxf.ws.policy.PolicyEngine, org.apache.cxf.policy.PolicyDataEngine, org.apache.cxf.ws.policy.AssertionBuilderRegistry, org.apache.cxf.ws.policy.PolicyInterceptorProviderRegistry, org.apache.cxf.ws.policy.PolicyBuilder, org.apache.cxf.ws.policy.PolicyAnnotationListener, org.apache.cxf.ws.policy.attachment.ServiceModelPolicyProvider, org.apache.cxf.ws.policy.attachment.external.DomainExpressionBuilderRegistry, org.apache.cxf.ws.policy.attachment.external.EndpointReferenceDomainExpressionBuilder, org.apache.cxf.ws.policy.attachment.external.URIDomainExpressionBuilder, org.apache.cxf.ws.policy.attachment.wsdl11.Wsdl11AttachmentPolicyProvider, org.apache.cxf.ws.policy.mtom.MTOMAssertionBuilder, org.apache.cxf.ws.policy.mtom.MTOMPolicyInterceptorProvider]
07-Mar-2019 14:56:08.903 INFO [FelixStartLevel] org.apache.cxf.bus.blueprint.NamespaceHandlerRegisterer.register Registered blueprint namespace handler for http://cxf.apache.org/transports/http/configuration
07-Mar-2019 14:56:08.931 INFO [FelixStartLevel] org.apache.cxf.bus.blueprint.NamespaceHandlerRegisterer.register Registered blueprint namespace handler for http://cxf.apache.org/blueprint/simple
07-Mar-2019 14:56:09.009 INFO [FelixStartLevel] org.apache.cxf.bus.osgi.CXFExtensionBundleListener.addExtensions Adding the extensions from bundle org.apache.cxf.cxf-rt-frontend-jaxws (88) [org.apache.cxf.jaxws.context.WebServiceContextResourceResolver]
07-Mar-2019 14:56:09.015 INFO [FelixStartLevel] org.apache.cxf.bus.blueprint.NamespaceHandlerRegisterer.register Registered blueprint namespace handler for http://cxf.apache.org/blueprint/jaxws
07-Mar-2019 14:56:09.074 INFO [FelixStartLevel] org.apache.cxf.bus.blueprint.NamespaceHandlerRegisterer.register Registered blueprint namespace handler for http://cxf.apache.org/blueprint/jaxrs
07-Mar-2019 14:56:09.104 INFO [FelixStartLevel] org.apache.cxf.bus.blueprint.NamespaceHandlerRegisterer.register Registered blueprint namespace handler for http://cxf.apache.org/blueprint/jaxrs-client
07-Mar-2019 14:56:09.166 INFO [FelixStartLevel] org.apache.cxf.bus.blueprint.NamespaceHandlerRegisterer.register Registered blueprint namespace handler for http://cxf.apache.org/binding/coloc
07-Mar-2019 14:56:09.190 INFO [FelixStartLevel] org.apache.cxf.bus.osgi.CXFExtensionBundleListener.addExtensions Adding the extensions from bundle org.apache.cxf.cxf-rt-transports-local (99) [org.apache.cxf.transport.local.LocalTransportFactory]
07-Mar-2019 14:56:09.200 INFO [FelixStartLevel] org.apache.cxf.bus.osgi.CXFExtensionBundleListener.addExtensions Adding the extensions from bundle org.apache.cxf.cxf-rt-bindings-object (100) [org.apache.cxf.binding.object.ObjectBindingFactory]
07-Mar-2019 14:56:09.211 INFO [FelixStartLevel] org.apache.cxf.bus.blueprint.NamespaceHandlerRegisterer.register Registered blueprint namespace handler for http://cxf.apache.org/blueprint/binding/object
07-Mar-2019 14:56:09.228 INFO [FelixStartLevel] org.apache.cxf.bus.blueprint.NamespaceHandlerRegisterer.register Registered blueprint namespace handler for http://cxf.apache.org/policy
07-Mar-2019 14:56:09.242 INFO [FelixStartLevel] org.apache.cxf.bus.blueprint.NamespaceHandlerRegisterer.register Registered blueprint namespace handler for http://www.w3.org/ns/ws-policy
07-Mar-2019 14:56:09.252 INFO [FelixStartLevel] org.apache.cxf.bus.blueprint.NamespaceHandlerRegisterer.register Registered blueprint namespace handler for http://www.w3.org/2006/07/ws-policy
07-Mar-2019 14:56:09.253 INFO [FelixStartLevel] org.apache.cxf.bus.blueprint.NamespaceHandlerRegisterer.register Registered blueprint namespace handler for http://schemas.xmlsoap.org/ws/2004/09/policy
07-Mar-2019 14:56:09.353 INFO [FelixStartLevel] org.apache.cxf.bus.blueprint.NamespaceHandlerRegisterer.register Registered blueprint namespace handler for http://docs.oasis-open.org/wss/2004/01/oasis-200401-wss-wssecurity-secext-1.0.xsd
07-Mar-2019 14:56:09.360 INFO [FelixStartLevel] org.apache.cxf.bus.blueprint.NamespaceHandlerRegisterer.register Registered blueprint namespace handler for http://docs.oasis-open.org/wss/2004/01/oasis-200401-wss-wssecurity-utility-1.0.xsd
07-Mar-2019 14:56:09.380 INFO [FelixStartLevel] org.apache.cxf.bus.blueprint.NamespaceHandlerRegisterer.register Registered blueprint namespace handler for http://www.w3.org/2000/09/xmldsig#
07-Mar-2019 14:56:09.424 INFO [FelixStartLevel] org.apache.cxf.bus.blueprint.NamespaceHandlerRegisterer.register Registered blueprint namespace handler for http://docs.oasis-open.org/ws-sx/ws-securitypolicy/200702
07-Mar-2019 14:56:09.433 INFO [FelixStartLevel] org.apache.cxf.bus.osgi.CXFExtensionBundleListener.addExtensions Adding the extensions from bundle org.apache.cxf.cxf-rt-ws-addr (120) [org.apache.cxf.ws.addressing.policy.AddressingAssertionBuilder, org.apache.cxf.ws.addressing.policy.UsingAddressingAssertionBuilder, org.apache.cxf.ws.addressing.policy.AddressingPolicyInterceptorProvider, org.apache.cxf.ws.addressing.impl.AddressingWSDLExtensionLoader, org.apache.cxf.ws.addressing.WSAddressingFeature$WSAddressingFeatureApplier, org.apache.cxf.ws.addressing.MAPAggregator$MAPAggregatorLoader]
07-Mar-2019 14:56:09.438 INFO [FelixStartLevel] org.apache.cxf.bus.blueprint.NamespaceHandlerRegisterer.register Registered blueprint namespace handler for http://cxf.apache.org/ws/addressing
07-Mar-2019 14:56:09.514 INFO [FelixStartLevel] org.apache.cxf.bus.osgi.CXFExtensionBundleListener.addExtensions Adding the extensions from bundle org.apache.cxf.cxf-rt-ws-security (122) [org.apache.cxf.ws.security.policy.WSSecurityPolicyLoader, org.apache.cxf.ws.security.cache.CacheCleanupListener]
07-Mar-2019 14:56:09.538 INFO [FelixStartLevel] org.apache.cxf.bus.osgi.CXFExtensionBundleListener.addExtensions Adding the extensions from bundle org.apache.cxf.cxf-rt-ws-rm (124) [org.apache.cxf.ws.rm.RMManager, org.apache.cxf.ws.rm.policy.RMPolicyInterceptorProvider, org.apache.cxf.ws.rm.policy.RM10AssertionBuilder, org.apache.cxf.ws.rm.policy.RM12AssertionBuilder, org.apache.cxf.ws.rm.policy.WSRMP12PolicyLoader, org.apache.cxf.ws.rm.policy.MC11PolicyLoader, org.apache.cxf.ws.rm.policy.RSPPolicyLoader]
07-Mar-2019 14:56:09.544 INFO [FelixStartLevel] org.apache.cxf.bus.blueprint.NamespaceHandlerRegisterer.register Registered blueprint namespace handler for http://cxf.apache.org/ws/rm/manager
07-Mar-2019 14:56:09.549 INFO [FelixStartLevel] org.apache.cxf.bus.blueprint.NamespaceHandlerRegisterer.register Registered blueprint namespace handler for http://schemas.xmlsoap.org/ws/2005/02/rm/policy
07-Mar-2019 14:56:09.596 INFO [FelixStartLevel] org.apache.cxf.bus.osgi.CXFExtensionBundleListener.addExtensions Adding the extensions from bundle org.apache.cxf.cxf-rt-javascript (125) [org.apache.cxf.javascript.JavascriptServerListener]
07-Mar-2019 14:56:11.313 INFO [FelixStartLevel] org.pentaho.caching.impl.PentahoCacheManagerFactory$RegistrationHandler$1.onSuccess New Caching Service registered
07-Mar-2019 14:56:11.325 INFO [FelixStartLevel] org.pentaho.caching.impl.PentahoCacheManagerFactory$RegistrationHandler$1.onSuccess New Caching Service registered
07-Mar-2019 14:56:11.328 INFO [FelixStartLevel] org.pentaho.caching.impl.PentahoCacheManagerFactory$RegistrationHandler$1.onSuccess New Caching Service registered
07-Mar-2019 14:56:52.186 INFO [FelixStartLevel] org.apache.cxf.management.jmx.InstrumentationManagerImpl.registerMBeanWithServer registering MBean org.apache.cxf:bus.id=marketplaceImplBus,type=Bus,instance.id=1916293078: org.apache.cxf.bus.ManagedBus@64134a5e
07-Mar-2019 14:56:52.427 INFO [FelixStartLevel] org.apache.cxf.management.jmx.InstrumentationManagerImpl.registerMBeanWithServer registering MBean org.apache.cxf:bus.id=marketplaceImplBus,type=Bus,instance.id=1916293078: javax.management.modelmbean.RequiredModelMBean@7e37a346
07-Mar-2019 14:56:52.429 INFO [FelixStartLevel] org.apache.cxf.management.jmx.InstrumentationManagerImpl.init registered org.apache.cxf:bus.id=marketplaceImplBus,type=Bus,instance.id=1916293078
07-Mar-2019 14:56:52.437 INFO [FelixStartLevel] org.apache.cxf.management.jmx.InstrumentationManagerImpl.registerMBeanWithServer registering MBean org.apache.cxf:bus.id=marketplaceImplBus,WorkQueueManager=Bus.WorkQueueManager,type=WorkQueueManager,instance.id=1658773291: org.apache.cxf.bus.managers.WorkQueueManagerImplMBeanWrapper@7616c254
07-Mar-2019 14:56:52.451 INFO [FelixStartLevel] org.apache.cxf.management.jmx.InstrumentationManagerImpl.registerMBeanWithServer registering MBean org.apache.cxf:bus.id=marketplaceImplBus,WorkQueueManager=Bus.WorkQueueManager,type=WorkQueueManager,instance.id=1658773291: javax.management.modelmbean.RequiredModelMBean@1bee6326
07-Mar-2019 14:56:53.906 INFO [FelixStartLevel] org.apache.cxf.endpoint.ServerImpl.initDestination Setting the server's publish address to be /marketplace
07-Mar-2019 14:56:53.914 INFO [FelixStartLevel] org.apache.cxf.management.jmx.InstrumentationManagerImpl.registerMBeanWithServer registering MBean org.apache.cxf:bus.id=marketplaceImplBus,type=Bus.Service.Endpoint,service="{http://endpoints.marketplace.pentaho.org/}MarketplaceService",port="MarketplaceService",instance.id=9470701: org.apache.cxf.endpoint.ManagedEndpoint@4bd83c48
07-Mar-2019 14:56:53.922 INFO [FelixStartLevel] org.apache.cxf.management.jmx.InstrumentationManagerImpl.registerMBeanWithServer registering MBean org.apache.cxf:bus.id=marketplaceImplBus,type=Bus.Service.Endpoint,service="{http://endpoints.marketplace.pentaho.org/}MarketplaceService",port="MarketplaceService",instance.id=9470701: javax.management.modelmbean.RequiredModelMBean@3d0d7dc8
07-Mar-2019 14:56:54.382 INFO [FelixStartLevel] org.apache.cxf.management.jmx.InstrumentationManagerImpl.registerMBeanWithServer registering MBean org.apache.cxf:bus.id=pentaho-metaverse-web-cxf748381648,type=Bus,instance.id=748381648: org.apache.cxf.bus.ManagedBus@58bc8218
07-Mar-2019 14:56:54.391 INFO [FelixStartLevel] org.apache.cxf.management.jmx.InstrumentationManagerImpl.registerMBeanWithServer registering MBean org.apache.cxf:bus.id=pentaho-metaverse-web-cxf748381648,type=Bus,instance.id=748381648: javax.management.modelmbean.RequiredModelMBean@6b246dc4
07-Mar-2019 14:56:54.398 INFO [FelixStartLevel] org.apache.cxf.management.jmx.InstrumentationManagerImpl.init registered org.apache.cxf:bus.id=pentaho-metaverse-web-cxf748381648,type=Bus,instance.id=748381648
07-Mar-2019 14:56:54.411 INFO [FelixStartLevel] org.apache.cxf.management.jmx.InstrumentationManagerImpl.registerMBeanWithServer registering MBean org.apache.cxf:bus.id=pentaho-metaverse-web-cxf748381648,WorkQueueManager=Bus.WorkQueueManager,type=WorkQueueManager,instance.id=2006516994: org.apache.cxf.bus.managers.WorkQueueManagerImplMBeanWrapper@db4bc4
07-Mar-2019 14:56:54.431 INFO [FelixStartLevel] org.apache.cxf.management.jmx.InstrumentationManagerImpl.registerMBeanWithServer registering MBean org.apache.cxf:bus.id=pentaho-metaverse-web-cxf748381648,WorkQueueManager=Bus.WorkQueueManager,type=WorkQueueManager,instance.id=2006516994: javax.management.modelmbean.RequiredModelMBean@3ccba585
07-Mar-2019 14:56:54.606 INFO [FelixStartLevel] org.apache.cxf.endpoint.ServerImpl.initDestination Setting the server's publish address to be /lineage
07-Mar-2019 14:56:54.607 INFO [FelixStartLevel] org.apache.cxf.management.jmx.InstrumentationManagerImpl.registerMBeanWithServer registering MBean org.apache.cxf:bus.id=pentaho-metaverse-web-cxf748381648,type=Bus.Service.Endpoint,service="{http://service.metaverse.pentaho.org/}MetaverseService",port="MetaverseService",instance.id=1654290328: org.apache.cxf.endpoint.ManagedEndpoint@399d9cf4
07-Mar-2019 14:56:54.610 INFO [FelixStartLevel] org.apache.cxf.management.jmx.InstrumentationManagerImpl.registerMBeanWithServer registering MBean org.apache.cxf:bus.id=pentaho-metaverse-web-cxf748381648,type=Bus.Service.Endpoint,service="{http://service.metaverse.pentaho.org/}MetaverseService",port="MetaverseService",instance.id=1654290328: javax.management.modelmbean.RequiredModelMBean@264933d
07-Mar-2019 14:58:32.032 INFO [localhost-startStop-1] org.apache.catalina.startup.HostConfig.deployDirectory Deployment of web application directory C:\Alex\Pentaho_src\pentaho-server71CleanWithDataSource\pentaho-server\tomcat\webapps\pentaho has finished in 365,116 ms
07-Mar-2019 14:58:32.036 INFO [localhost-startStop-1] org.apache.catalina.startup.HostConfig.deployDirectory Deploying web application directory C:\Alex\Pentaho_src\pentaho-server71CleanWithDataSource\pentaho-server\tomcat\webapps\pentaho-style
07-Mar-2019 14:58:36.722 INFO [localhost-startStop-1] org.apache.jasper.servlet.TldScanner.scanJars At least one JAR was scanned for TLDs yet contained no TLDs. Enable debug logging for this logger for a complete list of JARs that were scanned but no TLDs were found in them. Skipping unneeded JARs during scanning can improve startup time and JSP compilation time.
07-Mar-2019 14:58:36.737 INFO [localhost-startStop-1] org.apache.catalina.startup.HostConfig.deployDirectory Deployment of web application directory C:\Alex\Pentaho_src\pentaho-server71CleanWithDataSource\pentaho-server\tomcat\webapps\pentaho-style has finished in 4,698 ms
07-Mar-2019 14:58:36.747 INFO [localhost-startStop-1] org.apache.catalina.startup.HostConfig.deployDirectory Deploying web application directory C:\Alex\Pentaho_src\pentaho-server71CleanWithDataSource\pentaho-server\tomcat\webapps\ROOT
07-Mar-2019 14:58:40.931 INFO [localhost-startStop-1] org.apache.jasper.servlet.TldScanner.scanJars At least one JAR was scanned for TLDs yet contained no TLDs. Enable debug logging for this logger for a complete list of JARs that were scanned but no TLDs were found in them. Skipping unneeded JARs during scanning can improve startup time and JSP compilation time.
07-Mar-2019 14:58:40.944 INFO [localhost-startStop-1] org.apache.catalina.startup.HostConfig.deployDirectory Deployment of web application directory C:\Alex\Pentaho_src\pentaho-server71CleanWithDataSource\pentaho-server\tomcat\webapps\ROOT has finished in 4,193 ms
07-Mar-2019 14:58:40.950 INFO [localhost-startStop-1] org.apache.catalina.startup.HostConfig.deployDirectory Deploying web application directory C:\Alex\Pentaho_src\pentaho-server71CleanWithDataSource\pentaho-server\tomcat\webapps\sw-style
07-Mar-2019 14:58:44.689 INFO [localhost-startStop-1] org.apache.jasper.servlet.TldScanner.scanJars At least one JAR was scanned for TLDs yet contained no TLDs. Enable debug logging for this logger for a complete list of JARs that were scanned but no TLDs were found in them. Skipping unneeded JARs during scanning can improve startup time and JSP compilation time.
07-Mar-2019 14:58:44.733 INFO [localhost-startStop-1] org.apache.catalina.startup.HostConfig.deployDirectory Deployment of web application directory C:\Alex\Pentaho_src\pentaho-server71CleanWithDataSource\pentaho-server\tomcat\webapps\sw-style has finished in 3,784 ms
07-Mar-2019 14:58:44.747 INFO [main] org.apache.coyote.AbstractProtocol.start Starting ProtocolHandler ["http-apr-8080"]
07-Mar-2019 14:58:44.849 INFO [main] org.apache.coyote.AbstractProtocol.start Starting ProtocolHandler ["ajp-apr-8009"]
07-Mar-2019 14:58:44.859 INFO [main] org.apache.catalina.startup.Catalina.start Server startup in 378223 ms
07-Mar-2019 15:18:58.110 INFO [http-apr-8080-exec-8] com.sun.jersey.spi.spring.container.SpringComponentProviderFactory.registerSpringBeans Registering Spring bean, cda.api, of type pt.webdetails.cda.CdaUtils as a root resource class
07-Mar-2019 15:18:58.112 INFO [http-apr-8080-exec-8] com.sun.jersey.spi.spring.container.SpringComponentProviderFactory.registerSpringBeans Registering Spring bean, CdaCacheMonitor, of type pt.webdetails.cda.cache.endpoints.CacheMonitorEndpoint as a root resource class
07-Mar-2019 15:18:58.113 INFO [http-apr-8080-exec-8] com.sun.jersey.spi.spring.container.SpringComponentProviderFactory.registerSpringBeans Registering Spring bean, CdaCacheScheduler, of type pt.webdetails.cda.cache.endpoints.CacheControllerEndpoint as a root resource class
07-Mar-2019 15:18:58.126 INFO [http-apr-8080-exec-8] com.sun.jersey.server.impl.application.WebApplicationImpl._initiate Initiating Jersey application, version 'Jersey: 1.19.1 03/11/2016 02:42 PM'
07-Mar-2019 15:18:59.664 WARNING [http-apr-8080-exec-8] com.sun.jersey.spi.inject.Errors.processErrorMessages The following warnings have been detected with resource and/or provider classes:
  WARNING: A HTTP GET method, public void pt.webdetails.cda.CdaUtils.unwrapQuery(java.lang.String,java.lang.String,javax.servlet.http.HttpServletResponse,javax.servlet.http.HttpServletRequest) throws javax.ws.rs.WebApplicationException, MUST return a non-void type.
  WARNING: A HTTP GET method, public void pt.webdetails.cda.CdaUtils.getCdaList(java.lang.String,javax.servlet.http.HttpServletResponse,javax.servlet.http.HttpServletRequest) throws java.lang.Exception, MUST return a non-void type.
07-Mar-2019 15:18:59.668 INFO [http-apr-8080-exec-8] com.sun.jersey.spi.spring.container.SpringComponentProviderFactory.registerSpringBeans Registering Spring bean, pt.webdetails.cgg.CggService#0, of type pt.webdetails.cgg.CggService as a root resource class
07-Mar-2019 15:18:59.668 INFO [http-apr-8080-exec-8] com.sun.jersey.server.impl.application.WebApplicationImpl._initiate Initiating Jersey application, version 'Jersey: 1.19.1 03/11/2016 02:42 PM'
07-Mar-2019 15:19:00.014 WARNING [http-apr-8080-exec-8] com.sun.jersey.spi.inject.Errors.processErrorMessages The following warnings have been detected with resource and/or provider classes:
  WARNING: A HTTP GET method, public void pt.webdetails.cgg.CggService.draw(java.lang.String,java.lang.String,java.lang.String,java.lang.String,java.lang.Long,java.lang.Long,javax.servlet.http.HttpServletResponse,javax.servlet.http.HttpServletRequest), MUST return a non-void type.
07-Mar-2019 15:19:00.017 INFO [http-apr-8080-exec-8] com.sun.jersey.spi.spring.container.SpringComponentProviderFactory.registerSpringBeans Registering Spring bean, datasources, of type pt.webdetails.cdf.dd.api.DatasourcesApi as a root resource class
07-Mar-2019 15:19:00.019 INFO [http-apr-8080-exec-8] com.sun.jersey.spi.spring.container.SpringComponentProviderFactory.registerSpringBeans Registering Spring bean, wcdf.editor, of type pt.webdetails.cdf.dd.api.EditorApi as a root resource class
07-Mar-2019 15:19:00.020 INFO [http-apr-8080-exec-8] com.sun.jersey.spi.spring.container.SpringComponentProviderFactory.registerSpringBeans Registering Spring bean, olap, of type pt.webdetails.cpf.olap.OlapApi as a root resource class
07-Mar-2019 15:19:00.021 INFO [http-apr-8080-exec-8] com.sun.jersey.spi.spring.container.SpringComponentProviderFactory.registerSpringBeans Registering Spring bean, plugins, of type pt.webdetails.cdf.dd.api.PluginsApi as a root resource class
07-Mar-2019 15:19:00.022 INFO [http-apr-8080-exec-8] com.sun.jersey.spi.spring.container.SpringComponentProviderFactory.registerSpringBeans Registering Spring bean, renderer, of type pt.webdetails.cdf.dd.api.RenderApi as a root resource class
07-Mar-2019 15:19:00.024 INFO [http-apr-8080-exec-8] com.sun.jersey.spi.spring.container.SpringComponentProviderFactory.registerSpringBeans Registering Spring bean, resourcesapi, of type pt.webdetails.cdf.dd.api.ResourcesApi as a root resource class
07-Mar-2019 15:19:00.025 INFO [http-apr-8080-exec-8] com.sun.jersey.spi.spring.container.SpringComponentProviderFactory.registerSpringBeans Registering Spring bean, syncronizer, of type pt.webdetails.cdf.dd.api.SyncronizerApi as a root resource class
07-Mar-2019 15:19:00.025 INFO [http-apr-8080-exec-8] com.sun.jersey.spi.spring.container.SpringComponentProviderFactory.registerSpringBeans Registering Spring bean, version, of type pt.webdetails.cdf.dd.api.VersionApi as a root resource class
07-Mar-2019 15:19:00.025 INFO [http-apr-8080-exec-8] com.sun.jersey.server.impl.application.WebApplicationImpl._initiate Initiating Jersey application, version 'Jersey: 1.19.1 03/11/2016 02:42 PM'
07-Mar-2019 15:19:00.406 WARNING [http-apr-8080-exec-8] com.sun.jersey.spi.inject.Errors.processErrorMessages The following warnings have been detected with resource and/or provider classes:
  WARNING: A HTTP GET method, public void pt.webdetails.cpf.olap.OlapApi.getCubes(javax.servlet.http.HttpServletResponse) throws java.io.IOException,org.json.JSONException, MUST return a non-void type.
  WARNING: A HTTP GET method, public void pt.webdetails.cpf.olap.OlapApi.getLevelMembersStructure(java.lang.String,java.lang.String,java.lang.String,java.lang.String,javax.servlet.http.HttpServletResponse) throws java.io.IOException,org.json.JSONException, MUST return a non-void type.
  WARNING: A HTTP GET method, public void pt.webdetails.cpf.olap.OlapApi.getPaginatedLevelMembers(java.lang.String,java.lang.String,java.lang.String,java.lang.String,java.lang.String,java.lang.String,long,long,javax.servlet.http.HttpServletResponse) throws java.io.IOException,org.json.JSONException, MUST return a non-void type.
  WARNING: A HTTP GET method, public void pt.webdetails.cpf.olap.OlapApi.getCubeStructure(java.lang.String,java.lang.String,java.lang.String,javax.servlet.http.HttpServletResponse) throws java.io.IOException,org.json.JSONException, MUST return a non-void type.
  WARNING: A HTTP GET method, public void pt.webdetails.cdf.dd.api.ResourcesApi.getResource(java.lang.String,javax.servlet.http.HttpServletResponse) throws java.io.IOException, MUST return a non-void type.
  WARNING: A HTTP GET method, public void pt.webdetails.cdf.dd.api.ResourcesApi.res(java.lang.String,java.lang.String,javax.servlet.http.HttpServletResponse) throws java.lang.Exception, MUST return a non-void type.
  WARNING: A HTTP GET method, public void pt.webdetails.cdf.dd.api.ResourcesApi.resource(java.lang.String,javax.servlet.http.HttpServletResponse) throws java.lang.Exception, MUST return a non-void type.
  WARNING: A HTTP GET method, public void pt.webdetails.cdf.dd.api.ResourcesApi.getUntypedResource(java.lang.String,java.lang.String,javax.servlet.http.HttpServletResponse) throws java.io.IOException, MUST return a non-void type.
  WARNING: A HTTP GET method, public void pt.webdetails.cdf.dd.api.ResourcesApi.getImage(java.lang.String,java.lang.String,javax.servlet.http.HttpServletResponse) throws java.io.IOException, MUST return a non-void type.
  WARNING: A HTTP GET method, public void pt.webdetails.cdf.dd.api.ResourcesApi.getCssResource(java.lang.String,java.lang.String,javax.servlet.http.HttpServletResponse) throws java.io.IOException, MUST return a non-void type.
  WARNING: A HTTP GET method, public void pt.webdetails.cdf.dd.api.ResourcesApi.getJsResource(java.lang.String,java.lang.String,javax.servlet.http.HttpServletResponse) throws java.io.IOException, MUST return a non-void type.
  WARNING: A HTTP GET method, public void pt.webdetails.cdf.dd.api.SyncronizerApi.syncStyles(javax.servlet.http.HttpServletResponse) throws java.io.IOException,pt.webdetails.cdf.dd.DashboardDesignerException,org.json.JSONException, MUST return a non-void type.
  WARNING: A HTTP GET method, public void pt.webdetails.cdf.dd.api.VersionApi.checkVersion(javax.servlet.http.HttpServletResponse) throws java.io.IOException,org.json.JSONException, MUST return a non-void type.
07-Mar-2019 15:19:00.424 INFO [http-apr-8080-exec-8] com.sun.jersey.spi.spring.container.SpringComponentProviderFactory.registerSpringBeans Registering Spring bean, com.pentaho.di.revision.RevisionResource#0, of type com.pentaho.di.revision.RevisionResource as a root resource class
07-Mar-2019 15:19:00.425 INFO [http-apr-8080-exec-8] com.sun.jersey.spi.spring.container.SpringComponentProviderFactory.registerSpringBeans Registering Spring bean, com.pentaho.di.purge.PurgeResource#0, of type com.pentaho.di.purge.PurgeResource as a root resource class
07-Mar-2019 15:19:00.425 INFO [http-apr-8080-exec-8] com.sun.jersey.server.impl.application.WebApplicationImpl._initiate Initiating Jersey application, version 'Jersey: 1.19.1 03/11/2016 02:42 PM'
07-Mar-2019 15:19:00.988 INFO [http-apr-8080-exec-8] com.sun.jersey.spi.spring.container.SpringComponentProviderFactory.registerSpringBeans Registering Spring bean, org.pentaho.platform.dataaccess.datasource.wizard.service.impl.PlatformStagingDatabaseResource#0, of type org.pentaho.platform.dataaccess.datasource.wizard.service.impl.PlatformStagingDatabaseResource as a root resource class
07-Mar-2019 15:19:00.988 INFO [http-apr-8080-exec-8] com.sun.jersey.spi.spring.container.SpringComponentProviderFactory.registerSpringBeans Registering Spring bean, org.pentaho.platform.dataaccess.datasource.wizard.service.impl.DatasourceResource#0, of type org.pentaho.platform.dataaccess.datasource.wizard.service.impl.DatasourceResource as a root resource class
07-Mar-2019 15:19:00.989 INFO [http-apr-8080-exec-8] com.sun.jersey.spi.spring.container.SpringComponentProviderFactory.registerSpringBeans Registering Spring bean, org.pentaho.platform.dataaccess.datasource.wizard.service.impl.AnalysisDatasourceService#0, of type org.pentaho.platform.dataaccess.datasource.wizard.service.impl.AnalysisDatasourceService as a root resource class
07-Mar-2019 15:19:00.989 INFO [http-apr-8080-exec-8] com.sun.jersey.spi.spring.container.SpringComponentProviderFactory.registerSpringBeans Registering Spring bean, org.pentaho.platform.dataaccess.datasource.wizard.service.impl.MetadataDatasourceService#0, of type org.pentaho.platform.dataaccess.datasource.wizard.service.impl.MetadataDatasourceService as a root resource class
07-Mar-2019 15:19:00.989 INFO [http-apr-8080-exec-8] com.sun.jersey.spi.spring.container.SpringComponentProviderFactory.registerSpringBeans Registering Spring bean, org.pentaho.platform.dataaccess.datasource.wizard.service.impl.ConnectionService#0, of type org.pentaho.platform.dataaccess.datasource.wizard.service.impl.ConnectionService as a root resource class
07-Mar-2019 15:19:00.989 INFO [http-apr-8080-exec-8] com.sun.jersey.spi.spring.container.SpringComponentProviderFactory.registerSpringBeans Registering Spring bean, org.pentaho.platform.dataaccess.datasource.api.resources.DataSourceWizardResource#0, of type org.pentaho.platform.dataaccess.datasource.api.resources.DataSourceWizardResource as a root resource class
07-Mar-2019 15:19:00.989 INFO [http-apr-8080-exec-8] com.sun.jersey.spi.spring.container.SpringComponentProviderFactory.registerSpringBeans Registering Spring bean, org.pentaho.platform.dataaccess.datasource.api.resources.AnalysisResource#0, of type org.pentaho.platform.dataaccess.datasource.api.resources.AnalysisResource as a root resource class
07-Mar-2019 15:19:00.989 INFO [http-apr-8080-exec-8] com.sun.jersey.spi.spring.container.SpringComponentProviderFactory.registerSpringBeans Registering Spring bean, org.pentaho.platform.dataaccess.datasource.api.resources.MetadataResource#0, of type org.pentaho.platform.dataaccess.datasource.api.resources.MetadataResource as a root resource class
07-Mar-2019 15:19:00.989 INFO [http-apr-8080-exec-8] com.sun.jersey.spi.spring.container.SpringComponentProviderFactory.registerSpringBeans Registering Spring bean, org.pentaho.platform.dataaccess.datasource.api.resources.JDBCDatasourceResource#0, of type org.pentaho.platform.dataaccess.datasource.api.resources.JDBCDatasourceResource as a root resource class
07-Mar-2019 15:19:00.990 INFO [http-apr-8080-exec-8] com.sun.jersey.spi.spring.container.SpringComponentProviderFactory.registerSpringBeans Registering Spring bean, org.pentaho.platform.dataaccess.datasource.wizard.service.impl.DatabaseDialectService#0, of type org.pentaho.platform.dataaccess.datasource.wizard.service.impl.DatabaseDialectService as a root resource class
07-Mar-2019 15:19:00.990 INFO [http-apr-8080-exec-8] com.sun.jersey.spi.spring.container.SpringComponentProviderFactory.registerSpringBeans Registering Spring bean, org.pentaho.platform.dataaccess.datasource.wizard.service.impl.PentahoJAXBContextResolver#0, of type org.pentaho.platform.dataaccess.datasource.wizard.service.impl.PentahoJAXBContextResolver as a provider class
07-Mar-2019 15:19:00.990 INFO [http-apr-8080-exec-8] com.sun.jersey.spi.spring.container.SpringComponentProviderFactory.registerSpringBeans Registering Spring bean, org.pentaho.platform.dataaccess.datasource.wizard.service.impl.DataAccessPermissionResource#0, of type org.pentaho.platform.dataaccess.datasource.wizard.service.impl.DataAccessPermissionResource as a root resource class
07-Mar-2019 15:19:00.990 INFO [http-apr-8080-exec-8] com.sun.jersey.spi.spring.container.SpringComponentProviderFactory.registerSpringBeans Registering Spring bean, org.pentaho.platform.dataaccess.datasource.wizard.service.impl.DatabaseConnectionReaderWriter#0, of type org.pentaho.platform.dataaccess.datasource.wizard.service.impl.DatabaseConnectionReaderWriter as a provider class
07-Mar-2019 15:19:00.990 INFO [http-apr-8080-exec-8] com.sun.jersey.spi.spring.container.SpringComponentProviderFactory.registerSpringBeans Registering Spring bean, org.pentaho.platform.dataaccess.datasource.wizard.service.impl.DatabaseConnectionListReaderWriter#0, of type org.pentaho.platform.dataaccess.datasource.wizard.service.impl.DatabaseConnectionListReaderWriter as a provider class
07-Mar-2019 15:19:00.990 INFO [http-apr-8080-exec-8] com.sun.jersey.spi.spring.container.SpringComponentProviderFactory.registerSpringBeans Registering Spring bean, org.pentaho.platform.dataaccess.datasource.wizard.service.impl.DatabaseTypeReaderWriter#0, of type org.pentaho.platform.dataaccess.datasource.wizard.service.impl.DatabaseTypeReaderWriter as a provider class
07-Mar-2019 15:19:00.991 INFO [http-apr-8080-exec-8] com.sun.jersey.spi.spring.container.SpringComponentProviderFactory.registerSpringBeans Registering Spring bean, org.pentaho.platform.dataaccess.datasource.wizard.service.impl.DatabaseTypesListReaderWriter#0, of type org.pentaho.platform.dataaccess.datasource.wizard.service.impl.DatabaseTypesListReaderWriter as a provider class
07-Mar-2019 15:19:00.991 INFO [http-apr-8080-exec-8] com.sun.jersey.spi.spring.container.SpringComponentProviderFactory.registerSpringBeans Registering Spring bean, xml-metadataServiceDA/org.pentaho.platform.dataaccess.metadata.service.MetadataService, of type org.pentaho.platform.dataaccess.metadata.service.MetadataService as a root resource class
07-Mar-2019 15:19:00.991 INFO [http-apr-8080-exec-8] com.sun.jersey.spi.spring.container.SpringComponentProviderFactory.registerSpringBeans Registering Spring bean, gwt-metadataServiceDA/org.pentaho.platform.dataaccess.metadata.service.MetadataService, of type org.pentaho.platform.dataaccess.metadata.service.MetadataService as a root resource class
07-Mar-2019 15:19:00.991 INFO [http-apr-8080-exec-8] com.sun.jersey.server.impl.application.WebApplicationImpl._initiate Initiating Jersey application, version 'Jersey: 1.19.1 03/11/2016 02:42 PM'
07-Mar-2019 15:19:02.356 WARNING [http-apr-8080-exec-8] com.sun.jersey.spi.inject.Errors.processErrorMessages The following warnings have been detected with resource and/or provider classes:
  WARNING: A sub-resource method, public org.pentaho.platform.web.http.api.resources.JaxbList org.pentaho.platform.dataaccess.datasource.api.resources.JDBCDatasourceResource.getConnectionIDs(), with URI template, "/", is treated as a resource method
07-Mar-2019 15:19:02.358 INFO [http-apr-8080-exec-8] com.sun.jersey.spi.spring.container.SpringComponentProviderFactory.registerSpringBeans Registering Spring bean, sparkl.api, of type pt.webdetails.cpk.CpkApi as a root resource class
07-Mar-2019 15:19:02.358 INFO [http-apr-8080-exec-8] com.sun.jersey.server.impl.application.WebApplicationImpl._initiate Initiating Jersey application, version 'Jersey: 1.19.1 03/11/2016 02:42 PM'
07-Mar-2019 15:19:02.561 WARNING [http-apr-8080-exec-8] com.sun.jersey.spi.inject.Errors.processErrorMessages The following warnings have been detected with resource and/or provider classes:
  WARNING: A HTTP GET method, public void pt.webdetails.cpk.CpkApi.status(javax.servlet.http.HttpServletRequest,javax.servlet.http.HttpServletResponse,javax.ws.rs.core.HttpHeaders) throws org.dom4j.DocumentException,java.io.IOException, MUST return a non-void type.
  WARNING: A HTTP GET method, public void pt.webdetails.cpk.CpkApi.version(java.lang.String,javax.servlet.http.HttpServletResponse) throws java.io.IOException, MUST return a non-void type.
  WARNING: A HTTP GET method, public void pt.webdetails.cpk.CpkApi.reload(javax.servlet.http.HttpServletRequest,javax.servlet.http.HttpServletResponse,javax.ws.rs.core.HttpHeaders) throws org.dom4j.DocumentException,java.io.IOException, MUST return a non-void type.
  WARNING: A HTTP GET method, public void pt.webdetails.cpk.CpkApi.refreshGet(javax.servlet.http.HttpServletRequest,javax.servlet.http.HttpServletResponse,javax.ws.rs.core.HttpHeaders) throws org.dom4j.DocumentException,java.io.IOException, MUST return a non-void type.
  WARNING: A HTTP GET method, public void pt.webdetails.cpk.CpkApi.getSitemapJson(javax.servlet.http.HttpServletResponse) throws java.io.IOException, MUST return a non-void type.
  WARNING: A HTTP GET method, public void pt.webdetails.cpk.CpkApi.elementsList(javax.servlet.http.HttpServletRequest,javax.servlet.http.HttpServletResponse,javax.ws.rs.core.HttpHeaders) throws java.io.IOException, MUST return a non-void type.
  WARNING: A HTTP GET method, public void pt.webdetails.cpk.CpkApi.reloadPluginsGet() throws java.lang.Exception, MUST return a non-void type.
  WARNING: A HTTP GET method, public void pt.webdetails.cpk.CpkApi.listDataAccessTypes(javax.servlet.http.HttpServletResponse) throws java.lang.Exception, MUST return a non-void type.
  WARNING: A HTTP GET method, public void pt.webdetails.cpk.CpkApi.defaultElement(javax.servlet.http.HttpServletResponse) throws java.io.IOException, MUST return a non-void type.
  WARNING: A HTTP GET method, public void pt.webdetails.cpk.CpkApi.genericEndpointGet(java.lang.String,javax.servlet.http.HttpServletRequest,javax.servlet.http.HttpServletResponse,javax.ws.rs.core.HttpHeaders) throws java.lang.Exception, MUST return a non-void type.
  WARNING: A HTTP GET method, public void pt.webdetails.cpk.CpkApi.clearKettleResultsCache(), MUST return a non-void type.
07-Mar-2019 15:19:02.564 INFO [http-apr-8080-exec-8] com.sun.jersey.spi.spring.container.SpringComponentProviderFactory.registerSpringBeans Registering Spring bean, storage, of type org.pentaho.cdf.storage.StorageApi as a root resource class
07-Mar-2019 15:19:02.564 INFO [http-apr-8080-exec-8] com.sun.jersey.spi.spring.container.SpringComponentProviderFactory.registerSpringBeans Registering Spring bean, context, of type org.pentaho.cdf.context.ContextApi as a root resource class
07-Mar-2019 15:19:02.564 INFO [http-apr-8080-exec-8] com.sun.jersey.spi.spring.container.SpringComponentProviderFactory.registerSpringBeans Registering Spring bean, comments, of type org.pentaho.cdf.comments.CommentsApi as a root resource class
07-Mar-2019 15:19:02.564 INFO [http-apr-8080-exec-8] com.sun.jersey.spi.spring.container.SpringComponentProviderFactory.registerSpringBeans Registering Spring bean, settings, of type org.pentaho.cdf.settings.SettingsApi as a root resource class
07-Mar-2019 15:19:02.565 INFO [http-apr-8080-exec-8] com.sun.jersey.spi.spring.container.SpringComponentProviderFactory.registerSpringBeans Registering Spring bean, cdfResources, of type org.pentaho.cdf.ResourcesApi as a root resource class
07-Mar-2019 15:19:02.565 INFO [http-apr-8080-exec-8] com.sun.jersey.spi.spring.container.SpringComponentProviderFactory.registerSpringBeans Registering Spring bean, cdfApi, of type org.pentaho.cdf.CdfApi as a root resource class
07-Mar-2019 15:19:02.565 INFO [http-apr-8080-exec-8] com.sun.jersey.server.impl.application.WebApplicationImpl._initiate Initiating Jersey application, version 'Jersey: 1.19.1 03/11/2016 02:42 PM'
07-Mar-2019 15:19:02.770 WARNING [http-apr-8080-exec-8] com.sun.jersey.spi.inject.Errors.processErrorMessages The following warnings have been detected with resource and/or provider classes:
  WARNING: A HTTP GET method, public void org.pentaho.cdf.context.ContextApi.getConfig(java.lang.String,java.lang.String,javax.servlet.http.HttpServletRequest,javax.servlet.http.HttpServletResponse) throws java.io.IOException, MUST return a non-void type.
  WARNING: A HTTP GET method, public void org.pentaho.cdf.comments.CommentsApi.add(java.lang.String,java.lang.String,javax.servlet.http.HttpServletResponse,javax.servlet.http.HttpServletRequest), MUST return a non-void type.
  WARNING: A HTTP GET method, public void org.pentaho.cdf.comments.CommentsApi.delete(int,boolean,javax.servlet.http.HttpServletResponse,javax.servlet.http.HttpServletRequest) throws java.lang.Exception, MUST return a non-void type.
  WARNING: A HTTP GET method, public void org.pentaho.cdf.comments.CommentsApi.list(java.lang.String,int,int,boolean,boolean,javax.servlet.http.HttpServletResponse,javax.servlet.http.HttpServletRequest), MUST return a non-void type.
  WARNING: A HTTP GET method, public void org.pentaho.cdf.comments.CommentsApi.archive(int,boolean,javax.servlet.http.HttpServletResponse,javax.servlet.http.HttpServletRequest), MUST return a non-void type.
  WARNING: A HTTP GET method, public void org.pentaho.cdf.settings.SettingsApi.get(java.lang.String,javax.servlet.http.HttpServletRequest,javax.servlet.http.HttpServletResponse), MUST return a non-void type.
  WARNING: A HTTP GET method, public void org.pentaho.cdf.CdfApi.getResource(java.lang.String,java.lang.String,javax.servlet.http.HttpServletResponse) throws java.lang.Exception, MUST return a non-void type.
  WARNING: A HTTP GET method, public void org.pentaho.cdf.CdfApi.clearCache(javax.servlet.http.HttpServletResponse), MUST return a non-void type.
  WARNING: A HTTP GET method, public void org.pentaho.cdf.CdfApi.export(java.lang.String,java.lang.String,java.lang.String,java.lang.String,java.lang.String,javax.servlet.http.HttpServletRequest,javax.servlet.http.HttpServletResponse) throws java.lang.Exception, MUST return a non-void type.
  WARNING: A HTTP GET method, public void org.pentaho.cdf.CdfApi.callAction(java.lang.String,java.lang.String,java.lang.String,java.lang.String,javax.servlet.http.HttpServletRequest,javax.servlet.http.HttpServletResponse) throws java.lang.Exception, MUST return a non-void type.
  WARNING: A HTTP GET method, public void org.pentaho.cdf.CdfApi.getJSONSolution(java.lang.String,java.lang.String,java.lang.String,int,boolean,java.lang.String,javax.servlet.http.HttpServletResponse) throws org.pentaho.cdf.InvalidCdfOperationException, MUST return a non-void type.
  WARNING: A HTTP GET method, public void org.pentaho.cdf.CdfApi.doGetViewAction(java.lang.String,java.lang.String,java.lang.String,java.lang.String,javax.servlet.http.HttpServletRequest,javax.servlet.http.HttpServletResponse) throws java.lang.Exception, MUST return a non-void type.
  WARNING: A HTTP GET method, public void org.pentaho.cdf.CdfApi.getCdfEmbeddedContext(javax.servlet.http.HttpServletRequest,javax.servlet.http.HttpServletResponse) throws java.lang.Exception, MUST return a non-void type.
07-Mar-2019 15:19:02.776 INFO [http-apr-8080-exec-8] com.sun.jersey.spi.spring.container.SpringComponentProviderFactory.registerSpringBeans Registering Spring bean, org.pentaho.reporting.platform.plugin.JobManager#0, of type org.pentaho.reporting.platform.plugin.JobManager as a root resource class
07-Mar-2019 15:19:02.777 INFO [http-apr-8080-exec-8] com.sun.jersey.spi.spring.container.SpringComponentProviderFactory.registerSpringBeans Registering Spring bean, org.pentaho.reporting.platform.plugin.CacheManagerEndpoint#0, of type org.pentaho.reporting.platform.plugin.CacheManagerEndpoint as a root resource class
07-Mar-2019 15:19:02.778 INFO [http-apr-8080-exec-8] com.sun.jersey.server.impl.application.WebApplicationImpl._initiate Initiating Jersey application, version 'Jersey: 1.19.1 03/11/2016 02:42 PM'
07-Mar-2019 15:19:06.420 INFO [http-apr-8080-exec-7] com.sun.xml.ws.server.MonitorBase.createRoot Metro monitoring rootname successfully set to: com.sun.metro:pp=/,type=WSEndpoint,name=/pentaho-unifiedRepository-unifiedRepositoryPort
07-Mar-2019 15:19:07.289 INFO [http-apr-8080-exec-7] com.sun.xml.ws.server.MonitorBase.createRoot Metro monitoring rootname successfully set to: com.sun.metro:pp=/,type=WSEndpoint,name=/pentaho-repositorySync-repositorySyncPort
07-Mar-2019 15:19:07.488 INFO [http-apr-8080-exec-7] com.sun.xml.ws.server.MonitorBase.createRoot Metro monitoring rootname successfully set to: com.sun.metro:pp=/,type=WSEndpoint,name=/pentaho-datasourceMgmtService-datasourceMgmtServicePort
07-Mar-2019 15:19:07.865 INFO [http-apr-8080-exec-7] com.sun.xml.ws.server.MonitorBase.createRoot Metro monitoring rootname successfully set to: com.sun.metro:pp=/,type=WSEndpoint,name=/pentaho-userRoleService-userRoleServicePort
07-Mar-2019 15:19:07.970 INFO [http-apr-8080-exec-7] com.sun.xml.ws.server.MonitorBase.createRoot Metro monitoring rootname successfully set to: com.sun.metro:pp=/,type=WSEndpoint,name=/pentaho-userRoleListService-userRoleListServicePort
07-Mar-2019 15:19:08.046 INFO [http-apr-8080-exec-7] com.sun.xml.ws.server.MonitorBase.createRoot Metro monitoring rootname successfully set to: com.sun.metro:pp=/,type=WSEndpoint,name=/pentaho-authorizationPolicy-authorizationPolicyPort
07-Mar-2019 15:19:08.156 INFO [http-apr-8080-exec-7] com.sun.xml.ws.server.MonitorBase.createRoot Metro monitoring rootname successfully set to: com.sun.metro:pp=/,type=WSEndpoint,name=/pentaho-roleBindingDao-roleBindingDaoPort
07-Mar-2019 15:19:08.423 INFO [http-apr-8080-exec-7] com.sun.xml.ws.server.MonitorBase.createRoot Metro monitoring rootname successfully set to: com.sun.metro:pp=/,type=WSEndpoint,name=/pentaho-Scheduler-SchedulerPort
07-Mar-2019 15:19:08.580 INFO [http-apr-8080-exec-7] com.sun.jersey.spi.spring.container.SpringComponentProviderFactory.registerSpringBeans Registering Spring bean, org.pentaho.platform.web.http.api.resources.JAXBContextResolver#0, of type org.pentaho.platform.web.http.api.resources.JAXBContextResolver as a provider class
07-Mar-2019 15:19:08.581 INFO [http-apr-8080-exec-7] com.sun.jersey.spi.spring.container.SpringComponentProviderFactory.registerSpringBeans Registering Spring bean, org.pentaho.platform.web.http.api.resources.RootResource#0, of type org.pentaho.platform.web.http.api.resources.RootResource as a root resource class
07-Mar-2019 15:19:08.581 INFO [http-apr-8080-exec-7] com.sun.jersey.spi.spring.container.SpringComponentProviderFactory.registerSpringBeans Registering Spring bean, org.pentaho.platform.web.http.api.resources.DirectoryResource#0, of type org.pentaho.platform.web.http.api.resources.DirectoryResource as a root resource class
07-Mar-2019 15:19:08.582 INFO [http-apr-8080-exec-7] com.sun.jersey.spi.spring.container.SpringComponentProviderFactory.registerSpringBeans Registering Spring bean, org.pentaho.platform.web.http.api.resources.UserRoleDaoResource#0, of type org.pentaho.platform.web.http.api.resources.UserRoleDaoResource as a root resource class
07-Mar-2019 15:19:08.582 INFO [http-apr-8080-exec-7] com.sun.jersey.spi.spring.container.SpringComponentProviderFactory.registerSpringBeans Registering Spring bean, org.pentaho.platform.web.http.api.resources.UserRoleListResource#0, of type org.pentaho.platform.web.http.api.resources.UserRoleListResource as a root resource class
07-Mar-2019 15:19:08.584 INFO [http-apr-8080-exec-7] com.sun.jersey.spi.spring.container.SpringComponentProviderFactory.registerSpringBeans Registering Spring bean, org.pentaho.platform.web.http.api.resources.FileResource#0, of type org.pentaho.platform.web.http.api.resources.FileResource as a root resource class
07-Mar-2019 15:19:08.585 INFO [http-apr-8080-exec-7] com.sun.jersey.spi.spring.container.SpringComponentProviderFactory.registerSpringBeans Registering Spring bean, org.pentaho.platform.web.http.api.resources.EmailResource#0, of type org.pentaho.platform.web.http.api.resources.EmailResource as a root resource class
07-Mar-2019 15:19:08.586 INFO [http-apr-8080-exec-7] com.sun.jersey.spi.spring.container.SpringComponentProviderFactory.registerSpringBeans Registering Spring bean, org.pentaho.platform.web.http.api.resources.SessionResource#0, of type org.pentaho.platform.web.http.api.resources.SessionResource as a root resource class
07-Mar-2019 15:19:08.586 INFO [http-apr-8080-exec-7] com.sun.jersey.spi.spring.container.SpringComponentProviderFactory.registerSpringBeans Registering Spring bean, org.pentaho.platform.web.http.api.resources.SchedulerResource#0, of type org.pentaho.platform.web.http.api.resources.SchedulerResource as a root resource class
07-Mar-2019 15:19:08.586 INFO [http-apr-8080-exec-7] com.sun.jersey.spi.spring.container.SpringComponentProviderFactory.registerSpringBeans Registering Spring bean, org.pentaho.platform.web.http.api.resources.RepositoryResource#0, of type org.pentaho.platform.web.http.api.resources.RepositoryResource as a root resource class
07-Mar-2019 15:19:08.587 INFO [http-apr-8080-exec-7] com.sun.jersey.spi.spring.container.SpringComponentProviderFactory.registerSpringBeans Registering Spring bean, org.pentaho.platform.web.http.api.resources.RepositoryImportResource#0, of type org.pentaho.platform.web.http.api.resources.RepositoryImportResource as a root resource class
07-Mar-2019 15:19:08.587 INFO [http-apr-8080-exec-7] com.sun.jersey.spi.spring.container.SpringComponentProviderFactory.registerSpringBeans Registering Spring bean, org.pentaho.platform.web.http.api.resources.PluginResource#0, of type org.pentaho.platform.web.http.api.resources.PluginResource as a root resource class
07-Mar-2019 15:19:08.587 INFO [http-apr-8080-exec-7] com.sun.jersey.spi.spring.container.SpringComponentProviderFactory.registerSpringBeans Registering Spring bean, org.pentaho.platform.web.http.api.resources.PluginManagerResource#0, of type org.pentaho.platform.web.http.api.resources.PluginManagerResource as a root resource class
07-Mar-2019 15:19:08.588 INFO [http-apr-8080-exec-7] com.sun.jersey.spi.spring.container.SpringComponentProviderFactory.registerSpringBeans Registering Spring bean, org.pentaho.platform.web.http.api.resources.SystemPermissionsResource#0, of type org.pentaho.platform.web.http.api.resources.SystemPermissionsResource as a root resource class
07-Mar-2019 15:19:08.588 INFO [http-apr-8080-exec-7] com.sun.jersey.spi.spring.container.SpringComponentProviderFactory.registerSpringBeans Registering Spring bean, org.pentaho.platform.web.http.api.resources.SystemUsersResource#0, of type org.pentaho.platform.web.http.api.resources.SystemUsersResource as a root resource class
07-Mar-2019 15:19:08.588 INFO [http-apr-8080-exec-7] com.sun.jersey.spi.spring.container.SpringComponentProviderFactory.registerSpringBeans Registering Spring bean, org.pentaho.platform.web.http.api.resources.SystemRolesResource#0, of type org.pentaho.platform.web.http.api.resources.SystemRolesResource as a root resource class
07-Mar-2019 15:19:08.589 INFO [http-apr-8080-exec-7] com.sun.jersey.spi.spring.container.SpringComponentProviderFactory.registerSpringBeans Registering Spring bean, org.pentaho.platform.web.http.api.resources.SystemResource#0, of type org.pentaho.platform.web.http.api.resources.SystemResource as a root resource class
07-Mar-2019 15:19:08.589 INFO [http-apr-8080-exec-7] com.sun.jersey.spi.spring.container.SpringComponentProviderFactory.registerSpringBeans Registering Spring bean, org.pentaho.platform.web.http.api.resources.GeneratorStreamingOutputProvider#0, of type org.pentaho.platform.web.http.api.resources.GeneratorStreamingOutputProvider as a provider class
07-Mar-2019 15:19:08.589 INFO [http-apr-8080-exec-7] com.sun.jersey.spi.spring.container.SpringComponentProviderFactory.registerSpringBeans Registering Spring bean, org.pentaho.platform.web.http.api.resources.ThemeResource#0, of type org.pentaho.platform.web.http.api.resources.ThemeResource as a root resource class
07-Mar-2019 15:19:08.590 INFO [http-apr-8080-exec-7] com.sun.jersey.spi.spring.container.SpringComponentProviderFactory.registerSpringBeans Registering Spring bean, org.pentaho.platform.web.http.api.resources.SystemRefreshResource#0, of type org.pentaho.platform.web.http.api.resources.SystemRefreshResource as a root resource class
07-Mar-2019 15:19:08.590 INFO [http-apr-8080-exec-7] com.sun.jersey.spi.spring.container.SpringComponentProviderFactory.registerSpringBeans Registering Spring bean, org.pentaho.platform.web.http.api.resources.VersionResource#0, of type org.pentaho.platform.web.http.api.resources.VersionResource as a root resource class
07-Mar-2019 15:19:08.591 INFO [http-apr-8080-exec-7] com.sun.jersey.spi.spring.container.SpringComponentProviderFactory.registerSpringBeans Registering Spring bean, org.pentaho.platform.web.http.api.resources.UserConsoleResource#0, of type org.pentaho.platform.web.http.api.resources.UserConsoleResource as a root resource class
07-Mar-2019 15:19:08.592 INFO [http-apr-8080-exec-7] com.sun.jersey.spi.spring.container.SpringComponentProviderFactory.registerSpringBeans Registering Spring bean, org.pentaho.platform.web.http.api.resources.UserSettingsResource#0, of type org.pentaho.platform.web.http.api.resources.UserSettingsResource as a root resource class
07-Mar-2019 15:19:08.592 INFO [http-apr-8080-exec-7] com.sun.jersey.spi.spring.container.SpringComponentProviderFactory.registerSpringBeans Registering Spring bean, org.pentaho.platform.web.http.api.resources.RepositoryPublishResource#0, of type org.pentaho.platform.web.http.api.resources.RepositoryPublishResource as a root resource class
07-Mar-2019 15:19:08.593 INFO [http-apr-8080-exec-7] com.sun.jersey.spi.spring.container.SpringComponentProviderFactory.registerSpringBeans Registering Spring bean, org.pentaho.platform.web.http.api.resources.AuthorizationActionResource#0, of type org.pentaho.platform.web.http.api.resources.AuthorizationActionResource as a root resource class
07-Mar-2019 15:19:08.594 INFO [http-apr-8080-exec-7] com.sun.jersey.spi.spring.container.SpringComponentProviderFactory.registerSpringBeans Registering Spring bean, org.pentaho.platform.web.http.api.resources.PasswordResource#0, of type org.pentaho.platform.web.http.api.resources.PasswordResource as a root resource class
07-Mar-2019 15:19:08.595 INFO [http-apr-8080-exec-7] com.sun.jersey.spi.spring.container.SpringComponentProviderFactory.registerSpringBeans Registering Spring bean, org.pentaho.platform.web.http.api.resources.ServiceResource#0, of type org.pentaho.platform.web.http.api.resources.ServiceResource as a root resource class
07-Mar-2019 15:19:08.595 INFO [http-apr-8080-exec-7] com.sun.jersey.server.impl.application.WebApplicationImpl._initiate Initiating Jersey application, version 'Jersey: 1.19.1 03/11/2016 02:42 PM'
07-Mar-2019 15:19:09.022 WARNING [http-apr-8080-exec-7] com.sun.jersey.spi.inject.Errors.processErrorMessages The following warnings have been detected with resource and/or provider classes:
  WARNING: A HTTP GET method, public javax.ws.rs.core.Response org.pentaho.platform.web.http.api.resources.EmailResource.deleteEmailConfig(org.pentaho.platform.plugin.services.email.EmailConfiguration), should not consume any entity.
07-Mar-2019 16:29:45.466 WARNING [main] org.apache.catalina.core.StandardServer.await StandardServer.await: Invalid command '' received
