30-Apr-2019 12:46:01.768 WARNING [main] org.apache.catalina.core.StandardServer.await StandardServer.await: Invalid command '' received
30-Apr-2019 13:36:22.516 WARNING [main] org.apache.catalina.core.StandardServer.await StandardServer.await: Invalid command '' received
30-Apr-2019 14:56:40.970 WARNING [main] org.apache.catalina.core.StandardServer.await StandardServer.await: Invalid command '' received
30-Apr-2019 16:07:16.835 WARNING [main] org.apache.catalina.core.StandardServer.await StandardServer.await: Invalid command '' received
30-Apr-2019 16:11:57.611 WARNING [main] org.apache.catalina.core.StandardServer.await StandardServer.await: Invalid command '' received
30-Apr-2019 16:15:50.208 WARNING [main] org.apache.catalina.core.StandardServer.await StandardServer.await: Invalid command '' received
30-Apr-2019 16:23:13.015 WARNING [main] org.apache.catalina.core.StandardServer.await StandardServer.await: Invalid command '' received
30-Apr-2019 16:27:20.022 WARNING [main] org.apache.catalina.core.StandardServer.await StandardServer.await: Invalid command '' received
30-Apr-2019 16:39:19.702 WARNING [main] org.apache.catalina.core.StandardServer.await StandardServer.await: Invalid command '' received
30-Apr-2019 16:45:18.129 WARNING [main] org.apache.catalina.core.StandardServer.await StandardServer.await: Invalid command '' received
30-Apr-2019 16:53:42.905 WARNING [main] org.apache.catalina.core.StandardServer.await StandardServer.await: Invalid command '' received
30-Apr-2019 16:58:34.083 WARNING [main] org.apache.catalina.core.StandardServer.await StandardServer.await: Invalid command '' received
30-Apr-2019 17:05:36.414 WARNING [main] org.apache.catalina.core.StandardServer.await StandardServer.await: Invalid command '' received
30-Apr-2019 17:17:28.814 INFO [main] org.apache.catalina.core.StandardServer.await A valid shutdown command was received via the shutdown port. Stopping the Server instance.
30-Apr-2019 17:17:28.815 INFO [main] org.apache.coyote.AbstractProtocol.pause Pausing ProtocolHandler ["http-apr-8080"]
30-Apr-2019 17:17:28.870 INFO [main] org.apache.coyote.AbstractProtocol.pause Pausing ProtocolHandler ["ajp-apr-8009"]
30-Apr-2019 17:17:28.931 INFO [main] org.apache.catalina.core.StandardService.stopInternal Stopping service Catalina
30-Apr-2019 17:17:30.146 INFO [FelixShutdown] org.pentaho.caching.impl.PentahoCacheManagerFactory$RegistrationHandler$2.onSuccess Caching Service was shutdown
30-Apr-2019 17:17:30.149 INFO [FelixShutdown] org.pentaho.caching.impl.PentahoCacheManagerFactory$RegistrationHandler$2.onSuccess Caching Service was shutdown
30-Apr-2019 17:17:30.158 INFO [FelixShutdown] org.pentaho.caching.impl.PentahoCacheManagerFactory$RegistrationHandler$2.onSuccess Caching Service was shutdown
30-Apr-2019 17:17:30.163 INFO [FelixShutdown] org.pentaho.caching.impl.PentahoCacheManagerFactory$RegistrationHandler$2.onSuccess Caching Service was shutdown
30-Apr-2019 17:17:30.271 INFO [FelixStartLevel] org.apache.cxf.bus.osgi.CXFExtensionBundleListener.unregister Removing the extensions for bundle 99
30-Apr-2019 17:17:30.279 INFO [FelixStartLevel] org.apache.cxf.bus.osgi.CXFExtensionBundleListener.unregister Removing the extensions for bundle 100
30-Apr-2019 17:17:30.284 INFO [FelixStartLevel] org.apache.cxf.bus.osgi.CXFExtensionBundleListener.unregister Removing the extensions for bundle 103
30-Apr-2019 17:17:30.284 INFO [FelixStartLevel] org.apache.cxf.bus.osgi.CXFExtensionBundleListener.unregister Removing the extensions for bundle 76
30-Apr-2019 17:17:30.286 INFO [FelixStartLevel] org.apache.cxf.bus.osgi.CXFExtensionBundleListener.unregister Removing the extensions for bundle 79
30-Apr-2019 17:17:30.286 INFO [FelixStartLevel] org.apache.cxf.bus.osgi.CXFExtensionBundleListener.unregister Removing the extensions for bundle 81
30-Apr-2019 17:17:30.286 INFO [FelixStartLevel] org.apache.cxf.bus.osgi.CXFExtensionBundleListener.unregister Removing the extensions for bundle 82
30-Apr-2019 17:17:30.286 INFO [FelixStartLevel] org.apache.cxf.bus.osgi.CXFExtensionBundleListener.unregister Removing the extensions for bundle 86
30-Apr-2019 17:17:30.287 INFO [FelixStartLevel] org.apache.cxf.bus.osgi.CXFExtensionBundleListener.unregister Removing the extensions for bundle 88
30-Apr-2019 17:17:30.287 INFO [FelixStartLevel] org.apache.cxf.bus.osgi.CXFExtensionBundleListener.unregister Removing the extensions for bundle 120
30-Apr-2019 17:17:30.287 INFO [FelixStartLevel] org.apache.cxf.bus.osgi.CXFExtensionBundleListener.unregister Removing the extensions for bundle 122
30-Apr-2019 17:17:30.287 INFO [FelixStartLevel] org.apache.cxf.bus.osgi.CXFExtensionBundleListener.unregister Removing the extensions for bundle 124
30-Apr-2019 17:17:30.287 INFO [FelixStartLevel] org.apache.cxf.bus.osgi.CXFExtensionBundleListener.unregister Removing the extensions for bundle 125
30-Apr-2019 17:17:30.334 WARNING [localhost-startStop-2] org.apache.karaf.main.KarafActivatorManager.stopKarafActivators Error stopping karaf activator org.apache.servicemix.specs.activator.Activator
 java.lang.NullPointerException
	at org.apache.servicemix.specs.activator.Activator.stop(Activator.java:88)
	at org.apache.karaf.main.KarafActivatorManager.stopKarafActivators(KarafActivatorManager.java:89)
	at org.apache.karaf.main.Main.destroy(Main.java:525)
	at org.pentaho.platform.osgi.KarafBoot.shutdown(KarafBoot.java:450)
	at org.pentaho.platform.engine.core.system.PentahoSystem.shutdown(Unknown Source)
	at org.pentaho.platform.web.http.context.SolutionContextListener.contextDestroyed(SolutionContextListener.java:282)
	at org.apache.catalina.core.StandardContext.listenerStop(StandardContext.java:4900)
	at org.apache.catalina.core.StandardContext.stopInternal(StandardContext.java:5537)
	at org.apache.catalina.util.LifecycleBase.stop(LifecycleBase.java:221)
	at org.apache.catalina.core.ContainerBase$StopChild.call(ContainerBase.java:1424)
	at org.apache.catalina.core.ContainerBase$StopChild.call(ContainerBase.java:1413)
	at java.util.concurrent.FutureTask.run(FutureTask.java:266)
	at java.util.concurrent.ThreadPoolExecutor.runWorker(ThreadPoolExecutor.java:1149)
	at java.util.concurrent.ThreadPoolExecutor$Worker.run(ThreadPoolExecutor.java:624)
	at java.lang.Thread.run(Thread.java:748)

30-Apr-2019 17:17:30.582 WARNING [localhost-startStop-2] org.apache.catalina.loader.WebappClassLoaderBase.clearReferencesJdbc The web application [pentaho] registered the JDBC driver [org.pentaho.di.core.database.DelegatingDriver] but failed to unregister it when the web application was stopped. To prevent a memory leak, the JDBC Driver has been forcibly unregistered.
30-Apr-2019 17:17:30.582 WARNING [localhost-startStop-2] org.apache.catalina.loader.WebappClassLoaderBase.clearReferencesJdbc The web application [pentaho] registered the JDBC driver [org.pentaho.di.core.database.DelegatingDriver] but failed to unregister it when the web application was stopped. To prevent a memory leak, the JDBC Driver has been forcibly unregistered.
30-Apr-2019 17:17:30.583 WARNING [localhost-startStop-2] org.apache.catalina.loader.WebappClassLoaderBase.clearReferencesJdbc The web application [pentaho] registered the JDBC driver [org.pentaho.di.core.database.DelegatingDriver] but failed to unregister it when the web application was stopped. To prevent a memory leak, the JDBC Driver has been forcibly unregistered.
30-Apr-2019 17:17:30.583 WARNING [localhost-startStop-2] org.apache.catalina.loader.WebappClassLoaderBase.clearReferencesJdbc The web application [pentaho] registered the JDBC driver [org.pentaho.di.core.database.DelegatingDriver] but failed to unregister it when the web application was stopped. To prevent a memory leak, the JDBC Driver has been forcibly unregistered.
30-Apr-2019 17:17:30.583 WARNING [localhost-startStop-2] org.apache.catalina.loader.WebappClassLoaderBase.clearReferencesJdbc The web application [pentaho] registered the JDBC driver [org.pentaho.di.core.database.DelegatingDriver] but failed to unregister it when the web application was stopped. To prevent a memory leak, the JDBC Driver has been forcibly unregistered.
30-Apr-2019 17:17:30.584 WARNING [localhost-startStop-2] org.apache.catalina.loader.WebappClassLoaderBase.clearReferencesJdbc The web application [pentaho] registered the JDBC driver [org.pentaho.di.core.database.DelegatingDriver] but failed to unregister it when the web application was stopped. To prevent a memory leak, the JDBC Driver has been forcibly unregistered.
30-Apr-2019 17:17:30.584 WARNING [localhost-startStop-2] org.apache.catalina.loader.WebappClassLoaderBase.clearReferencesJdbc The web application [pentaho] registered the JDBC driver [nl.cwi.monetdb.jdbc.MonetDriver] but failed to unregister it when the web application was stopped. To prevent a memory leak, the JDBC Driver has been forcibly unregistered.
30-Apr-2019 17:17:30.584 WARNING [localhost-startStop-2] org.apache.catalina.loader.WebappClassLoaderBase.clearReferencesJdbc The web application [pentaho] registered the JDBC driver [org.pentaho.di.trans.dataservice.jdbc.ThinDriver] but failed to unregister it when the web application was stopped. To prevent a memory leak, the JDBC Driver has been forcibly unregistered.
30-Apr-2019 17:17:30.584 WARNING [localhost-startStop-2] org.apache.catalina.loader.WebappClassLoaderBase.clearReferencesJdbc The web application [pentaho] registered the JDBC driver [org.apache.derby.jdbc.AutoloadedDriver] but failed to unregister it when the web application was stopped. To prevent a memory leak, the JDBC Driver has been forcibly unregistered.
30-Apr-2019 17:17:30.584 WARNING [localhost-startStop-2] org.apache.catalina.loader.WebappClassLoaderBase.clearReferencesJdbc The web application [pentaho] registered the JDBC driver [mondrian.olap4j.MondrianOlap4jDriver] but failed to unregister it when the web application was stopped. To prevent a memory leak, the JDBC Driver has been forcibly unregistered.
30-Apr-2019 17:17:30.585 WARNING [localhost-startStop-2] org.apache.catalina.loader.WebappClassLoaderBase.clearReferencesJdbc The web application [pentaho] registered the JDBC driver [org.olap4j.driver.xmla.XmlaOlap4jDriver] but failed to unregister it when the web application was stopped. To prevent a memory leak, the JDBC Driver has been forcibly unregistered.
30-Apr-2019 17:17:30.585 WARNING [localhost-startStop-2] org.apache.catalina.loader.WebappClassLoaderBase.clearReferencesJdbc The web application [pentaho] registered the JDBC driver [org.pentaho.platform.plugin.services.connections.PentahoSystemDriver] but failed to unregister it when the web application was stopped. To prevent a memory leak, the JDBC Driver has been forcibly unregistered.
30-Apr-2019 17:17:30.586 WARNING [localhost-startStop-2] org.apache.catalina.loader.WebappClassLoaderBase.clearReferencesThreads The web application [pentaho] appears to have started a thread named [HSQLDB Timer @541befac] but has failed to stop it. This is very likely to create a memory leak. Stack trace of thread:
 java.lang.Object.wait(Native Method)
 org.hsqldb.lib.HsqlTimer$TaskQueue.park(Unknown Source)
 org.hsqldb.lib.HsqlTimer.nextTask(Unknown Source)
 org.hsqldb.lib.HsqlTimer$TaskRunner.run(Unknown Source)
 java.lang.Thread.run(Thread.java:748)
30-Apr-2019 17:17:30.587 WARNING [localhost-startStop-2] org.apache.catalina.loader.WebappClassLoaderBase.clearReferencesThreads The web application [pentaho] appears to have started a thread named [Thread-9] but has failed to stop it. This is very likely to create a memory leak. Stack trace of thread:
 java.lang.Thread.sleep(Native Method)
 org.apache.karaf.main.Main.doMonitor(Main.java:291)
 org.apache.karaf.main.Main.access$100(Main.java:65)
 org.apache.karaf.main.Main$1.run(Main.java:267)
30-Apr-2019 17:17:30.587 WARNING [localhost-startStop-2] org.apache.catalina.loader.WebappClassLoaderBase.clearReferencesThreads The web application [pentaho] appears to have started a thread named [Timer-1] but has failed to stop it. This is very likely to create a memory leak. Stack trace of thread:
 java.lang.Object.wait(Native Method)
 java.util.TimerThread.mainLoop(Timer.java:552)
 java.util.TimerThread.run(Timer.java:505)
30-Apr-2019 17:17:30.588 WARNING [localhost-startStop-2] org.apache.catalina.loader.WebappClassLoaderBase.clearReferencesThreads The web application [pentaho] appears to have started a thread named [OSGIPluginTracker pool] but has failed to stop it. This is very likely to create a memory leak. Stack trace of thread:
 sun.misc.Unsafe.park(Native Method)
 java.util.concurrent.locks.LockSupport.park(LockSupport.java:175)
 java.util.concurrent.locks.AbstractQueuedSynchronizer$ConditionObject.await(AbstractQueuedSynchronizer.java:2039)
 java.util.concurrent.ScheduledThreadPoolExecutor$DelayedWorkQueue.take(ScheduledThreadPoolExecutor.java:1081)
 java.util.concurrent.ScheduledThreadPoolExecutor$DelayedWorkQueue.take(ScheduledThreadPoolExecutor.java:809)
 java.util.concurrent.ThreadPoolExecutor.getTask(ThreadPoolExecutor.java:1074)
 java.util.concurrent.ThreadPoolExecutor.runWorker(ThreadPoolExecutor.java:1134)
 java.util.concurrent.ThreadPoolExecutor$Worker.run(ThreadPoolExecutor.java:624)
 java.lang.Thread.run(Thread.java:748)
30-Apr-2019 17:17:30.588 WARNING [localhost-startStop-2] org.apache.catalina.loader.WebappClassLoaderBase.clearReferencesThreads The web application [pentaho] appears to have started a thread named [Timer-6] but has failed to stop it. This is very likely to create a memory leak. Stack trace of thread:
 java.lang.Object.wait(Native Method)
 java.util.TimerThread.mainLoop(Timer.java:552)
 java.util.TimerThread.run(Timer.java:505)
30-Apr-2019 17:17:30.589 WARNING [localhost-startStop-2] org.apache.catalina.loader.WebappClassLoaderBase.clearReferencesThreads The web application [pentaho] appears to have started a thread named [RequireJSConfigManager pool] but has failed to stop it. This is very likely to create a memory leak. Stack trace of thread:
 sun.misc.Unsafe.park(Native Method)
 java.util.concurrent.locks.LockSupport.park(LockSupport.java:175)
 java.util.concurrent.locks.AbstractQueuedSynchronizer$ConditionObject.await(AbstractQueuedSynchronizer.java:2039)
 java.util.concurrent.ScheduledThreadPoolExecutor$DelayedWorkQueue.take(ScheduledThreadPoolExecutor.java:1081)
 java.util.concurrent.ScheduledThreadPoolExecutor$DelayedWorkQueue.take(ScheduledThreadPoolExecutor.java:809)
 java.util.concurrent.ThreadPoolExecutor.getTask(ThreadPoolExecutor.java:1074)
 java.util.concurrent.ThreadPoolExecutor.runWorker(ThreadPoolExecutor.java:1134)
 java.util.concurrent.ThreadPoolExecutor$Worker.run(ThreadPoolExecutor.java:624)
 java.lang.Thread.run(Thread.java:748)
30-Apr-2019 17:17:30.589 WARNING [localhost-startStop-2] org.apache.catalina.loader.WebappClassLoaderBase.clearReferencesThreads The web application [pentaho] appears to have started a thread named [LogFileManager.EventManager] but has failed to stop it. This is very likely to create a memory leak. Stack trace of thread:
 java.lang.Object.wait(Native Method)
 java.lang.Object.wait(Object.java:502)
 org.objectweb.howl.log.LogFileManager$EventManager.run(LogFileManager.java:1260)
30-Apr-2019 17:17:30.589 WARNING [localhost-startStop-2] org.apache.catalina.loader.WebappClassLoaderBase.clearReferencesThreads The web application [pentaho] appears to have started a thread named [FlushManager] but has failed to stop it. This is very likely to create a memory leak. Stack trace of thread:
 java.lang.Thread.sleep(Native Method)
 org.objectweb.howl.log.LogBufferManager$FlushManager.run(LogBufferManager.java:1254)
30-Apr-2019 17:17:30.590 SEVERE [localhost-startStop-2] org.apache.catalina.loader.WebappClassLoaderBase.checkThreadLocalMapForLeaks The web application [pentaho] created a ThreadLocal with key of type [java.lang.InheritableThreadLocal] (value [java.lang.InheritableThreadLocal@52012e1e]) and a value of type [org.pentaho.platform.engine.core.system.StandaloneSession] (value [org.pentaho.platform.engine.core.system.StandaloneSession@d2f1ade]) but failed to remove it when the web application was stopped. Threads are going to be renewed over time to try and avoid a probable memory leak.
30-Apr-2019 17:17:30.592 SEVERE [localhost-startStop-2] org.apache.catalina.loader.WebappClassLoaderBase.checkThreadLocalMapForLeaks The web application [pentaho] created a ThreadLocal with key of type [java.lang.InheritableThreadLocal] (value [java.lang.InheritableThreadLocal@19600915]) and a value of type [org.springframework.security.core.context.SecurityContextImpl] (value [org.springframework.security.core.context.SecurityContextImpl@e3e32e60: Authentication: org.springframework.security.authentication.UsernamePasswordAuthenticationToken@e3e32e60: Principal: 82d36c47-04aa-46e2-955e-780db4e5356d; Credentials: [PROTECTED]; Authenticated: false; Details: null; Not granted any authorities]) but failed to remove it when the web application was stopped. Threads are going to be renewed over time to try and avoid a probable memory leak.
30-Apr-2019 17:17:30.592 SEVERE [localhost-startStop-2] org.apache.catalina.loader.WebappClassLoaderBase.checkThreadLocalMapForLeaks The web application [pentaho] created a ThreadLocal with key of type [java.lang.InheritableThreadLocal] (value [java.lang.InheritableThreadLocal@52012e1e]) and a value of type [org.pentaho.platform.engine.core.system.StandaloneSession] (value [org.pentaho.platform.engine.core.system.StandaloneSession@d2f1ade]) but failed to remove it when the web application was stopped. Threads are going to be renewed over time to try and avoid a probable memory leak.
30-Apr-2019 17:17:30.592 SEVERE [localhost-startStop-2] org.apache.catalina.loader.WebappClassLoaderBase.checkThreadLocalMapForLeaks The web application [pentaho] created a ThreadLocal with key of type [java.lang.InheritableThreadLocal] (value [java.lang.InheritableThreadLocal@19600915]) and a value of type [org.springframework.security.core.context.SecurityContextImpl] (value [org.springframework.security.core.context.SecurityContextImpl@e3e32e60: Authentication: org.springframework.security.authentication.UsernamePasswordAuthenticationToken@e3e32e60: Principal: 82d36c47-04aa-46e2-955e-780db4e5356d; Credentials: [PROTECTED]; Authenticated: false; Details: null; Not granted any authorities]) but failed to remove it when the web application was stopped. Threads are going to be renewed over time to try and avoid a probable memory leak.
30-Apr-2019 17:17:30.593 SEVERE [localhost-startStop-2] org.apache.catalina.loader.WebappClassLoaderBase.checkThreadLocalMapForLeaks The web application [pentaho] created a ThreadLocal with key of type [java.lang.InheritableThreadLocal] (value [java.lang.InheritableThreadLocal@52012e1e]) and a value of type [org.pentaho.platform.engine.core.system.StandaloneSession] (value [org.pentaho.platform.engine.core.system.StandaloneSession@d2f1ade]) but failed to remove it when the web application was stopped. Threads are going to be renewed over time to try and avoid a probable memory leak.
30-Apr-2019 17:17:30.593 SEVERE [localhost-startStop-2] org.apache.catalina.loader.WebappClassLoaderBase.checkThreadLocalMapForLeaks The web application [pentaho] created a ThreadLocal with key of type [java.lang.InheritableThreadLocal] (value [java.lang.InheritableThreadLocal@19600915]) and a value of type [org.springframework.security.core.context.SecurityContextImpl] (value [org.springframework.security.core.context.SecurityContextImpl@e3e32e60: Authentication: org.springframework.security.authentication.UsernamePasswordAuthenticationToken@e3e32e60: Principal: 82d36c47-04aa-46e2-955e-780db4e5356d; Credentials: [PROTECTED]; Authenticated: false; Details: null; Not granted any authorities]) but failed to remove it when the web application was stopped. Threads are going to be renewed over time to try and avoid a probable memory leak.
30-Apr-2019 17:17:30.593 SEVERE [localhost-startStop-2] org.apache.catalina.loader.WebappClassLoaderBase.checkThreadLocalMapForLeaks The web application [pentaho] created a ThreadLocal with key of type [java.lang.InheritableThreadLocal] (value [java.lang.InheritableThreadLocal@52012e1e]) and a value of type [org.pentaho.platform.engine.core.system.StandaloneSession] (value [org.pentaho.platform.engine.core.system.StandaloneSession@4ef45be]) but failed to remove it when the web application was stopped. Threads are going to be renewed over time to try and avoid a probable memory leak.
30-Apr-2019 17:17:30.594 SEVERE [localhost-startStop-2] org.apache.catalina.loader.WebappClassLoaderBase.checkThreadLocalMapForLeaks The web application [pentaho] created a ThreadLocal with key of type [java.lang.InheritableThreadLocal] (value [java.lang.InheritableThreadLocal@19600915]) and a value of type [org.springframework.security.core.context.SecurityContextImpl] (value [org.springframework.security.core.context.SecurityContextImpl@f9baefa4: Authentication: org.springframework.security.authentication.UsernamePasswordAuthenticationToken@f9baefa4: Principal: org.springframework.security.core.userdetails.User@586034f: Username: admin; Password: [PROTECTED]; Enabled: true; AccountNonExpired: true; credentialsNonExpired: true; AccountNonLocked: true; Granted Authorities: Admin; Credentials: [PROTECTED]; Authenticated: true; Details: null; Granted Authorities: Admin]) but failed to remove it when the web application was stopped. Threads are going to be renewed over time to try and avoid a probable memory leak.
30-Apr-2019 17:17:30.594 SEVERE [localhost-startStop-2] org.apache.catalina.loader.WebappClassLoaderBase.checkThreadLocalMapForLeaks The web application [pentaho] created a ThreadLocal with key of type [java.lang.InheritableThreadLocal] (value [java.lang.InheritableThreadLocal@52012e1e]) and a value of type [org.pentaho.platform.engine.core.system.StandaloneSession] (value [org.pentaho.platform.engine.core.system.StandaloneSession@d2f1ade]) but failed to remove it when the web application was stopped. Threads are going to be renewed over time to try and avoid a probable memory leak.
30-Apr-2019 17:17:30.594 SEVERE [localhost-startStop-2] org.apache.catalina.loader.WebappClassLoaderBase.checkThreadLocalMapForLeaks The web application [pentaho] created a ThreadLocal with key of type [java.lang.InheritableThreadLocal] (value [java.lang.InheritableThreadLocal@19600915]) and a value of type [org.springframework.security.core.context.SecurityContextImpl] (value [org.springframework.security.core.context.SecurityContextImpl@e3e32e60: Authentication: org.springframework.security.authentication.UsernamePasswordAuthenticationToken@e3e32e60: Principal: 82d36c47-04aa-46e2-955e-780db4e5356d; Credentials: [PROTECTED]; Authenticated: false; Details: null; Not granted any authorities]) but failed to remove it when the web application was stopped. Threads are going to be renewed over time to try and avoid a probable memory leak.
30-Apr-2019 17:17:30.594 SEVERE [localhost-startStop-2] org.apache.catalina.loader.WebappClassLoaderBase.checkThreadLocalMapForLeaks The web application [pentaho] created a ThreadLocal with key of type [org.apache.felix.gogo.runtime.threadio.ThreadIOImpl$1] (value [org.apache.felix.gogo.runtime.threadio.ThreadIOImpl$1@5f45eae3]) and a value of type [org.apache.felix.gogo.runtime.threadio.Marker] (value [org.apache.felix.gogo.runtime.threadio.Marker@2a49e23f]) but failed to remove it when the web application was stopped. Threads are going to be renewed over time to try and avoid a probable memory leak.
30-Apr-2019 17:17:30.595 SEVERE [localhost-startStop-2] org.apache.catalina.loader.WebappClassLoaderBase.checkThreadLocalMapForLeaks The web application [pentaho] created a ThreadLocal with key of type [java.lang.InheritableThreadLocal] (value [java.lang.InheritableThreadLocal@52012e1e]) and a value of type [org.pentaho.platform.engine.core.system.StandaloneSession] (value [org.pentaho.platform.engine.core.system.StandaloneSession@33f86ec2]) but failed to remove it when the web application was stopped. Threads are going to be renewed over time to try and avoid a probable memory leak.
30-Apr-2019 17:17:30.595 SEVERE [localhost-startStop-2] org.apache.catalina.loader.WebappClassLoaderBase.checkThreadLocalMapForLeaks The web application [pentaho] created a ThreadLocal with key of type [java.lang.InheritableThreadLocal] (value [java.lang.InheritableThreadLocal@19600915]) and a value of type [org.springframework.security.core.context.SecurityContextImpl] (value [org.springframework.security.core.context.SecurityContextImpl@f9baefa4: Authentication: org.springframework.security.authentication.UsernamePasswordAuthenticationToken@f9baefa4: Principal: org.springframework.security.core.userdetails.User@586034f: Username: admin; Password: [PROTECTED]; Enabled: true; AccountNonExpired: true; credentialsNonExpired: true; AccountNonLocked: true; Granted Authorities: Admin; Credentials: [PROTECTED]; Authenticated: true; Details: null; Granted Authorities: Admin]) but failed to remove it when the web application was stopped. Threads are going to be renewed over time to try and avoid a probable memory leak.
30-Apr-2019 17:17:30.595 SEVERE [localhost-startStop-2] org.apache.catalina.loader.WebappClassLoaderBase.checkThreadLocalMapForLeaks The web application [pentaho] created a ThreadLocal with key of type [org.apache.felix.gogo.runtime.threadio.ThreadIOImpl$1] (value [org.apache.felix.gogo.runtime.threadio.ThreadIOImpl$1@5f45eae3]) and a value of type [org.apache.felix.gogo.runtime.threadio.Marker] (value [org.apache.felix.gogo.runtime.threadio.Marker@2a49e23f]) but failed to remove it when the web application was stopped. Threads are going to be renewed over time to try and avoid a probable memory leak.
30-Apr-2019 17:17:30.595 SEVERE [localhost-startStop-2] org.apache.catalina.loader.WebappClassLoaderBase.checkThreadLocalMapForLeaks The web application [pentaho] created a ThreadLocal with key of type [com.google.common.cache.Striped64.ThreadHashCode] (value [com.google.common.cache.Striped64$ThreadHashCode@589bb39e]) and a value of type [com.google.common.cache.Striped64.HashCode] (value [com.google.common.cache.Striped64$HashCode@28654831]) but failed to remove it when the web application was stopped. Threads are going to be renewed over time to try and avoid a probable memory leak.
30-Apr-2019 17:17:30.596 SEVERE [localhost-startStop-2] org.apache.catalina.loader.WebappClassLoaderBase.checkThreadLocalMapForLeaks The web application [pentaho] created a ThreadLocal with key of type [java.lang.ThreadLocal] (value [java.lang.ThreadLocal@3aa71c1]) and a value of type [org.pentaho.platform.web.http.session.PentahoHttpSession] (value [org.pentaho.platform.web.http.session.PentahoHttpSession@3fa7acc7]) but failed to remove it when the web application was stopped. Threads are going to be renewed over time to try and avoid a probable memory leak.
30-Apr-2019 17:17:30.596 SEVERE [localhost-startStop-2] org.apache.catalina.loader.WebappClassLoaderBase.checkThreadLocalMapForLeaks The web application [pentaho] created a ThreadLocal with key of type [com.google.common.cache.Striped64.ThreadHashCode] (value [com.google.common.cache.Striped64$ThreadHashCode@589bb39e]) and a value of type [com.google.common.cache.Striped64.HashCode] (value [com.google.common.cache.Striped64$HashCode@1384d748]) but failed to remove it when the web application was stopped. Threads are going to be renewed over time to try and avoid a probable memory leak.
30-Apr-2019 17:17:30.596 SEVERE [localhost-startStop-2] org.apache.catalina.loader.WebappClassLoaderBase.checkThreadLocalMapForLeaks The web application [pentaho] created a ThreadLocal with key of type [com.google.common.cache.Striped64.ThreadHashCode] (value [com.google.common.cache.Striped64$ThreadHashCode@589bb39e]) and a value of type [com.google.common.cache.Striped64.HashCode] (value [com.google.common.cache.Striped64$HashCode@172d0b28]) but failed to remove it when the web application was stopped. Threads are going to be renewed over time to try and avoid a probable memory leak.
30-Apr-2019 17:17:30.597 SEVERE [localhost-startStop-2] org.apache.catalina.loader.WebappClassLoaderBase.checkThreadLocalMapForLeaks The web application [pentaho] created a ThreadLocal with key of type [java.lang.ThreadLocal] (value [java.lang.ThreadLocal@3aa71c1]) and a value of type [org.pentaho.platform.web.http.session.PentahoHttpSession] (value [org.pentaho.platform.web.http.session.PentahoHttpSession@3fa7acc7]) but failed to remove it when the web application was stopped. Threads are going to be renewed over time to try and avoid a probable memory leak.
30-Apr-2019 17:17:30.597 SEVERE [localhost-startStop-2] org.apache.catalina.loader.WebappClassLoaderBase.checkThreadLocalMapForLeaks The web application [pentaho] created a ThreadLocal with key of type [com.google.common.cache.Striped64.ThreadHashCode] (value [com.google.common.cache.Striped64$ThreadHashCode@589bb39e]) and a value of type [com.google.common.cache.Striped64.HashCode] (value [com.google.common.cache.Striped64$HashCode@17a73af3]) but failed to remove it when the web application was stopped. Threads are going to be renewed over time to try and avoid a probable memory leak.
30-Apr-2019 17:17:30.597 SEVERE [localhost-startStop-2] org.apache.catalina.loader.WebappClassLoaderBase.checkThreadLocalMapForLeaks The web application [pentaho] created a ThreadLocal with key of type [java.lang.ThreadLocal] (value [java.lang.ThreadLocal@3aa71c1]) and a value of type [org.pentaho.platform.web.http.session.PentahoHttpSession] (value [org.pentaho.platform.web.http.session.PentahoHttpSession@3fa7acc7]) but failed to remove it when the web application was stopped. Threads are going to be renewed over time to try and avoid a probable memory leak.
30-Apr-2019 17:17:30.597 SEVERE [localhost-startStop-2] org.apache.catalina.loader.WebappClassLoaderBase.checkThreadLocalMapForLeaks The web application [pentaho] created a ThreadLocal with key of type [com.google.common.cache.Striped64.ThreadHashCode] (value [com.google.common.cache.Striped64$ThreadHashCode@589bb39e]) and a value of type [com.google.common.cache.Striped64.HashCode] (value [com.google.common.cache.Striped64$HashCode@72095e85]) but failed to remove it when the web application was stopped. Threads are going to be renewed over time to try and avoid a probable memory leak.
30-Apr-2019 17:17:30.598 SEVERE [localhost-startStop-2] org.apache.catalina.loader.WebappClassLoaderBase.checkThreadLocalMapForLeaks The web application [pentaho] created a ThreadLocal with key of type [java.lang.InheritableThreadLocal] (value [java.lang.InheritableThreadLocal@52012e1e]) and a value of type [org.pentaho.platform.web.http.session.PentahoHttpSession] (value [org.pentaho.platform.web.http.session.PentahoHttpSession@42daf0b3]) but failed to remove it when the web application was stopped. Threads are going to be renewed over time to try and avoid a probable memory leak.
30-Apr-2019 17:17:30.598 SEVERE [localhost-startStop-2] org.apache.catalina.loader.WebappClassLoaderBase.checkThreadLocalMapForLeaks The web application [pentaho] created a ThreadLocal with key of type [java.lang.InheritableThreadLocal] (value [java.lang.InheritableThreadLocal@19600915]) and a value of type [org.springframework.security.core.context.SecurityContextImpl] (value [org.springframework.security.core.context.SecurityContextImpl@2180d046: Authentication: org.springframework.security.authentication.UsernamePasswordAuthenticationToken@2180d046: Principal: org.springframework.security.core.userdetails.User@586034f: Username: admin; Password: [PROTECTED]; Enabled: true; AccountNonExpired: true; credentialsNonExpired: true; AccountNonLocked: true; Granted Authorities: Administrator,Authenticated; Credentials: [PROTECTED]; Authenticated: true; Details: org.springframework.security.web.authentication.WebAuthenticationDetails@380f4: RemoteIpAddress: 127.0.0.1; SessionId: 79E1C186DE207CCC14C8A954FBCFC158; Granted Authorities: Administrator, Authenticated]) but failed to remove it when the web application was stopped. Threads are going to be renewed over time to try and avoid a probable memory leak.
30-Apr-2019 17:17:30.598 SEVERE [localhost-startStop-2] org.apache.catalina.loader.WebappClassLoaderBase.checkThreadLocalMapForLeaks The web application [pentaho] created a ThreadLocal with key of type [java.lang.InheritableThreadLocal] (value [java.lang.InheritableThreadLocal@293630a6]) and a value of type [org.pentaho.platform.engine.core.system.BasePentahoRequestContext] (value [org.pentaho.platform.engine.core.system.BasePentahoRequestContext@1277159f]) but failed to remove it when the web application was stopped. Threads are going to be renewed over time to try and avoid a probable memory leak.
30-Apr-2019 17:17:30.598 SEVERE [localhost-startStop-2] org.apache.catalina.loader.WebappClassLoaderBase.checkThreadLocalMapForLeaks The web application [pentaho] created a ThreadLocal with key of type [java.lang.ThreadLocal] (value [java.lang.ThreadLocal@3aa71c1]) and a value of type [org.pentaho.platform.web.http.session.PentahoHttpSession] (value [org.pentaho.platform.web.http.session.PentahoHttpSession@3fa7acc7]) but failed to remove it when the web application was stopped. Threads are going to be renewed over time to try and avoid a probable memory leak.
30-Apr-2019 17:17:30.598 SEVERE [localhost-startStop-2] org.apache.catalina.loader.WebappClassLoaderBase.checkThreadLocalMapForLeaks The web application [pentaho] created a ThreadLocal with key of type [com.google.common.cache.Striped64.ThreadHashCode] (value [com.google.common.cache.Striped64$ThreadHashCode@589bb39e]) and a value of type [com.google.common.cache.Striped64.HashCode] (value [com.google.common.cache.Striped64$HashCode@47bd079b]) but failed to remove it when the web application was stopped. Threads are going to be renewed over time to try and avoid a probable memory leak.
30-Apr-2019 17:17:30.598 SEVERE [localhost-startStop-2] org.apache.catalina.loader.WebappClassLoaderBase.checkThreadLocalMapForLeaks The web application [pentaho] created a ThreadLocal with key of type [java.lang.ThreadLocal] (value [java.lang.ThreadLocal@3aa71c1]) and a value of type [org.pentaho.platform.web.http.session.PentahoHttpSession] (value [org.pentaho.platform.web.http.session.PentahoHttpSession@3fa7acc7]) but failed to remove it when the web application was stopped. Threads are going to be renewed over time to try and avoid a probable memory leak.
30-Apr-2019 17:17:30.599 SEVERE [localhost-startStop-2] org.apache.catalina.loader.WebappClassLoaderBase.checkThreadLocalMapForLeaks The web application [pentaho] created a ThreadLocal with key of type [com.google.common.cache.Striped64.ThreadHashCode] (value [com.google.common.cache.Striped64$ThreadHashCode@589bb39e]) and a value of type [com.google.common.cache.Striped64.HashCode] (value [com.google.common.cache.Striped64$HashCode@4b8ad058]) but failed to remove it when the web application was stopped. Threads are going to be renewed over time to try and avoid a probable memory leak.
30-Apr-2019 17:17:30.599 SEVERE [localhost-startStop-2] org.apache.catalina.loader.WebappClassLoaderBase.checkThreadLocalMapForLeaks The web application [pentaho] created a ThreadLocal with key of type [java.lang.ThreadLocal] (value [java.lang.ThreadLocal@3aa71c1]) and a value of type [org.pentaho.platform.web.http.session.PentahoHttpSession] (value [org.pentaho.platform.web.http.session.PentahoHttpSession@3fa7acc7]) but failed to remove it when the web application was stopped. Threads are going to be renewed over time to try and avoid a probable memory leak.
30-Apr-2019 17:17:30.599 SEVERE [localhost-startStop-2] org.apache.catalina.loader.WebappClassLoaderBase.checkThreadLocalMapForLeaks The web application [pentaho] created a ThreadLocal with key of type [java.lang.ThreadLocal] (value [java.lang.ThreadLocal@3aa71c1]) and a value of type [org.pentaho.platform.web.http.session.PentahoHttpSession] (value [org.pentaho.platform.web.http.session.PentahoHttpSession@3fa7acc7]) but failed to remove it when the web application was stopped. Threads are going to be renewed over time to try and avoid a probable memory leak.
30-Apr-2019 17:17:30.599 SEVERE [localhost-startStop-2] org.apache.catalina.loader.WebappClassLoaderBase.checkThreadLocalMapForLeaks The web application [pentaho] created a ThreadLocal with key of type [com.google.common.cache.Striped64.ThreadHashCode] (value [com.google.common.cache.Striped64$ThreadHashCode@589bb39e]) and a value of type [com.google.common.cache.Striped64.HashCode] (value [com.google.common.cache.Striped64$HashCode@1ad051fb]) but failed to remove it when the web application was stopped. Threads are going to be renewed over time to try and avoid a probable memory leak.
30-Apr-2019 17:17:30.600 SEVERE [localhost-startStop-2] org.apache.catalina.loader.WebappClassLoaderBase.checkThreadLocalMapForLeaks The web application [pentaho] created a ThreadLocal with key of type [java.lang.InheritableThreadLocal] (value [java.lang.InheritableThreadLocal@52012e1e]) and a value of type [org.pentaho.platform.engine.core.system.StandaloneSession] (value [org.pentaho.platform.engine.core.system.StandaloneSession@d2f1ade]) but failed to remove it when the web application was stopped. Threads are going to be renewed over time to try and avoid a probable memory leak.
30-Apr-2019 17:17:30.600 SEVERE [localhost-startStop-2] org.apache.catalina.loader.WebappClassLoaderBase.checkThreadLocalMapForLeaks The web application [pentaho] created a ThreadLocal with key of type [java.lang.InheritableThreadLocal] (value [java.lang.InheritableThreadLocal@19600915]) and a value of type [org.springframework.security.core.context.SecurityContextImpl] (value [org.springframework.security.core.context.SecurityContextImpl@e3e32e60: Authentication: org.springframework.security.authentication.UsernamePasswordAuthenticationToken@e3e32e60: Principal: 82d36c47-04aa-46e2-955e-780db4e5356d; Credentials: [PROTECTED]; Authenticated: false; Details: null; Not granted any authorities]) but failed to remove it when the web application was stopped. Threads are going to be renewed over time to try and avoid a probable memory leak.
30-Apr-2019 17:17:30.600 SEVERE [localhost-startStop-2] org.apache.catalina.loader.WebappClassLoaderBase.checkThreadLocalMapForLeaks The web application [pentaho] created a ThreadLocal with key of type [java.lang.InheritableThreadLocal] (value [java.lang.InheritableThreadLocal@52012e1e]) and a value of type [org.pentaho.platform.engine.core.system.StandaloneSession] (value [org.pentaho.platform.engine.core.system.StandaloneSession@d2f1ade]) but failed to remove it when the web application was stopped. Threads are going to be renewed over time to try and avoid a probable memory leak.
30-Apr-2019 17:17:30.600 SEVERE [localhost-startStop-2] org.apache.catalina.loader.WebappClassLoaderBase.checkThreadLocalMapForLeaks The web application [pentaho] created a ThreadLocal with key of type [java.lang.InheritableThreadLocal] (value [java.lang.InheritableThreadLocal@19600915]) and a value of type [org.springframework.security.core.context.SecurityContextImpl] (value [org.springframework.security.core.context.SecurityContextImpl@e3e32e60: Authentication: org.springframework.security.authentication.UsernamePasswordAuthenticationToken@e3e32e60: Principal: 82d36c47-04aa-46e2-955e-780db4e5356d; Credentials: [PROTECTED]; Authenticated: false; Details: null; Not granted any authorities]) but failed to remove it when the web application was stopped. Threads are going to be renewed over time to try and avoid a probable memory leak.
30-Apr-2019 17:17:30.601 SEVERE [localhost-startStop-2] org.apache.catalina.loader.WebappClassLoaderBase.checkThreadLocalMapForLeaks The web application [pentaho] created a ThreadLocal with key of type [java.lang.InheritableThreadLocal] (value [java.lang.InheritableThreadLocal@52012e1e]) and a value of type [org.pentaho.platform.engine.core.system.StandaloneSession] (value [org.pentaho.platform.engine.core.system.StandaloneSession@d2f1ade]) but failed to remove it when the web application was stopped. Threads are going to be renewed over time to try and avoid a probable memory leak.
30-Apr-2019 17:17:30.601 SEVERE [localhost-startStop-2] org.apache.catalina.loader.WebappClassLoaderBase.checkThreadLocalMapForLeaks The web application [pentaho] created a ThreadLocal with key of type [java.lang.InheritableThreadLocal] (value [java.lang.InheritableThreadLocal@19600915]) and a value of type [org.springframework.security.core.context.SecurityContextImpl] (value [org.springframework.security.core.context.SecurityContextImpl@e3e32e60: Authentication: org.springframework.security.authentication.UsernamePasswordAuthenticationToken@e3e32e60: Principal: 82d36c47-04aa-46e2-955e-780db4e5356d; Credentials: [PROTECTED]; Authenticated: false; Details: null; Not granted any authorities]) but failed to remove it when the web application was stopped. Threads are going to be renewed over time to try and avoid a probable memory leak.
30-Apr-2019 17:17:30.636 INFO [main] org.apache.coyote.AbstractProtocol.stop Stopping ProtocolHandler ["http-apr-8080"]
30-Apr-2019 17:17:30.743 INFO [main] org.apache.coyote.AbstractProtocol.stop Stopping ProtocolHandler ["ajp-apr-8009"]
30-Apr-2019 17:17:30.811 INFO [main] org.apache.coyote.AbstractProtocol.destroy Destroying ProtocolHandler ["http-apr-8080"]
30-Apr-2019 17:17:30.812 INFO [main] org.apache.coyote.AbstractProtocol.destroy Destroying ProtocolHandler ["ajp-apr-8009"]
30-Apr-2019 17:17:30.829 INFO [Thread-12] org.apache.catalina.loader.WebappClassLoaderBase.checkStateForResourceLoading Illegal access: this web application instance has been stopped already. Could not load [org.apache.commons.vfs2.impl.PrivilegedFileReplicator$CloseAction]. The following stack trace is thrown for debugging purposes as well as to attempt to terminate the thread which caused the illegal access.
 java.lang.IllegalStateException: Illegal access: this web application instance has been stopped already. Could not load [org.apache.commons.vfs2.impl.PrivilegedFileReplicator$CloseAction]. The following stack trace is thrown for debugging purposes as well as to attempt to terminate the thread which caused the illegal access.
	at org.apache.catalina.loader.WebappClassLoaderBase.checkStateForResourceLoading(WebappClassLoaderBase.java:1353)
	at org.apache.catalina.loader.WebappClassLoaderBase.checkStateForClassLoading(WebappClassLoaderBase.java:1341)
	at org.apache.catalina.loader.WebappClassLoaderBase.loadClass(WebappClassLoaderBase.java:1206)
	at org.apache.catalina.loader.WebappClassLoaderBase.loadClass(WebappClassLoaderBase.java:1167)
	at org.apache.commons.vfs2.impl.PrivilegedFileReplicator.close(PrivilegedFileReplicator.java:113)
	at org.apache.commons.vfs2.impl.DefaultFileSystemManager.closeComponent(DefaultFileSystemManager.java:500)
	at org.apache.commons.vfs2.impl.DefaultFileSystemManager.close(DefaultFileSystemManager.java:600)
	at org.pentaho.di.core.vfs.KettleVFS$1.run(KettleVFS.java:85)
	at java.lang.Thread.run(Thread.java:748)

