06-Nov-2018 14:18:53.490 INFO [main] org.apache.catalina.startup.VersionLoggerListener.log Server version:        Apache Tomcat/8.0.43
06-Nov-2018 14:18:53.589 INFO [main] org.apache.catalina.startup.VersionLoggerListener.log Server built:          Mar 28 2017 14:42:59 UTC
06-Nov-2018 14:18:53.589 INFO [main] org.apache.catalina.startup.VersionLoggerListener.log Server number:         8.0.43.0
06-Nov-2018 14:18:53.589 INFO [main] org.apache.catalina.startup.VersionLoggerListener.log OS Name:               Windows 7
06-Nov-2018 14:18:53.590 INFO [main] org.apache.catalina.startup.VersionLoggerListener.log OS Version:            6.1
06-Nov-2018 14:18:53.590 INFO [main] org.apache.catalina.startup.VersionLoggerListener.log Architecture:          amd64
06-Nov-2018 14:18:53.591 INFO [main] org.apache.catalina.startup.VersionLoggerListener.log Java Home:             C:\Program Files\Java\jdk1.8.0_161\jre
06-Nov-2018 14:18:53.591 INFO [main] org.apache.catalina.startup.VersionLoggerListener.log JVM Version:           1.8.0_161-b12
06-Nov-2018 14:18:53.592 INFO [main] org.apache.catalina.startup.VersionLoggerListener.log JVM Vendor:            Oracle Corporation
06-Nov-2018 14:18:53.592 INFO [main] org.apache.catalina.startup.VersionLoggerListener.log CATALINA_BASE:         C:\Alex\Pentaho_src\pentaho-server71CleanWithDataSource\pentaho-server\tomcat
06-Nov-2018 14:18:53.593 INFO [main] org.apache.catalina.startup.VersionLoggerListener.log CATALINA_HOME:         C:\Alex\Pentaho_src\pentaho-server71CleanWithDataSource\pentaho-server\tomcat
06-Nov-2018 14:18:53.594 INFO [main] org.apache.catalina.startup.VersionLoggerListener.log Command line argument: -Djava.util.logging.config.file=C:\Alex\Pentaho_src\pentaho-server71CleanWithDataSource\pentaho-server\tomcat\conf\logging.properties
06-Nov-2018 14:18:53.595 INFO [main] org.apache.catalina.startup.VersionLoggerListener.log Command line argument: -Djava.util.logging.manager=org.apache.juli.ClassLoaderLogManager
06-Nov-2018 14:18:53.597 INFO [main] org.apache.catalina.startup.VersionLoggerListener.log Command line argument: -Djdk.tls.ephemeralDHKeySize=2048
06-Nov-2018 14:18:53.598 INFO [main] org.apache.catalina.startup.VersionLoggerListener.log Command line argument: -Djava.protocol.handler.pkgs=org.apache.catalina.webresources
06-Nov-2018 14:18:53.600 INFO [main] org.apache.catalina.startup.VersionLoggerListener.log Command line argument: -Xms512m
06-Nov-2018 14:18:53.601 INFO [main] org.apache.catalina.startup.VersionLoggerListener.log Command line argument: -Xmx3000m
06-Nov-2018 14:18:53.603 INFO [main] org.apache.catalina.startup.VersionLoggerListener.log Command line argument: -XX:+UseG1GC
06-Nov-2018 14:18:53.604 INFO [main] org.apache.catalina.startup.VersionLoggerListener.log Command line argument: -XX:MaxGCPauseMillis=500
06-Nov-2018 14:18:53.605 INFO [main] org.apache.catalina.startup.VersionLoggerListener.log Command line argument: -Dfile.encoding=utf8
06-Nov-2018 14:18:53.607 INFO [main] org.apache.catalina.startup.VersionLoggerListener.log Command line argument: -DDI_HOME=C:\Alex\Pentaho_src\pentaho-server71CleanWithDataSource\pentaho-server\pentaho-solutions\system\kettle
06-Nov-2018 14:18:53.612 INFO [main] org.apache.catalina.startup.VersionLoggerListener.log Command line argument: -Djava.endorsed.dirs=C:\Alex\Pentaho_src\pentaho-server71CleanWithDataSource\pentaho-server\tomcat\endorsed
06-Nov-2018 14:18:53.614 INFO [main] org.apache.catalina.startup.VersionLoggerListener.log Command line argument: -Dcatalina.base=C:\Alex\Pentaho_src\pentaho-server71CleanWithDataSource\pentaho-server\tomcat
06-Nov-2018 14:18:53.615 INFO [main] org.apache.catalina.startup.VersionLoggerListener.log Command line argument: -Dcatalina.home=C:\Alex\Pentaho_src\pentaho-server71CleanWithDataSource\pentaho-server\tomcat
06-Nov-2018 14:18:53.624 INFO [main] org.apache.catalina.startup.VersionLoggerListener.log Command line argument: -Djava.io.tmpdir=C:\Alex\Pentaho_src\pentaho-server71CleanWithDataSource\pentaho-server\tomcat\temp
06-Nov-2018 14:18:53.626 INFO [main] org.apache.catalina.core.AprLifecycleListener.lifecycleEvent Loaded APR based Apache Tomcat Native library 1.2.12 using APR version 1.5.2.
06-Nov-2018 14:18:53.627 INFO [main] org.apache.catalina.core.AprLifecycleListener.lifecycleEvent APR capabilities: IPv6 [true], sendfile [true], accept filters [false], random [true].
06-Nov-2018 14:18:54.517 INFO [main] org.apache.catalina.core.AprLifecycleListener.initializeSSL OpenSSL successfully initialized (OpenSSL 1.0.2k  26 Jan 2017)
06-Nov-2018 14:18:55.834 INFO [main] org.apache.coyote.AbstractProtocol.init Initializing ProtocolHandler ["http-apr-8080"]
06-Nov-2018 14:18:55.922 INFO [main] org.apache.coyote.AbstractProtocol.init Initializing ProtocolHandler ["ajp-apr-8009"]
06-Nov-2018 14:18:55.925 INFO [main] org.apache.catalina.startup.Catalina.load Initialization processed in 3562 ms
06-Nov-2018 14:18:56.032 INFO [main] org.apache.catalina.core.StandardService.startInternal Starting service Catalina
06-Nov-2018 14:18:56.033 INFO [main] org.apache.catalina.core.StandardEngine.startInternal Starting Servlet Engine: Apache Tomcat/8.0.43
06-Nov-2018 14:18:56.052 INFO [localhost-startStop-1] org.apache.catalina.startup.HostConfig.deployDirectory Deploying web application directory C:\Alex\Pentaho_src\pentaho-server71CleanWithDataSource\pentaho-server\tomcat\webapps\pentaho
06-Nov-2018 14:18:56.293 WARNING [localhost-startStop-1] org.apache.catalina.startup.SetContextPropertiesRule.begin [SetContextPropertiesRule]{Context} Setting property 'docbase' to 'webapps/pentaho/' did not find a matching property.
06-Nov-2018 14:19:58.965 INFO [localhost-startStop-1] org.apache.jasper.servlet.TldScanner.scanJars At least one JAR was scanned for TLDs yet contained no TLDs. Enable debug logging for this logger for a complete list of JARs that were scanned but no TLDs were found in them. Skipping unneeded JARs during scanning can improve startup time and JSP compilation time.
06-Nov-2018 14:20:00.502 INFO [HSQLDB Server @64f0a3dc] org.hsqldb.persist.Logger.logInfoEvent checkpointClose start
06-Nov-2018 14:20:00.604 INFO [HSQLDB Server @64f0a3dc] org.hsqldb.persist.Logger.logInfoEvent checkpointClose end
06-Nov-2018 14:20:00.791 INFO [HSQLDB Server @64f0a3dc] org.hsqldb.persist.Logger.logInfoEvent dataFileCache open start
06-Nov-2018 14:20:00.823 INFO [HSQLDB Server @64f0a3dc] org.hsqldb.persist.Logger.logInfoEvent dataFileCache open end
06-Nov-2018 14:20:31.973 INFO [Thread-9] org.apache.karaf.main.Main$KarafLockCallback.lockAquired Lock acquired. Setting startlevel to 100
06-Nov-2018 14:20:44.834 INFO [FelixStartLevel] org.apache.cxf.bus.blueprint.NamespaceHandlerRegisterer.register Registered blueprint namespace handler for http://cxf.apache.org/blueprint/core
06-Nov-2018 14:20:44.837 INFO [FelixStartLevel] org.apache.cxf.bus.blueprint.NamespaceHandlerRegisterer.register Registered blueprint namespace handler for http://cxf.apache.org/configuration/beans
06-Nov-2018 14:20:44.839 INFO [FelixStartLevel] org.apache.cxf.bus.blueprint.NamespaceHandlerRegisterer.register Registered blueprint namespace handler for http://cxf.apache.org/configuration/parameterized-types
06-Nov-2018 14:20:44.842 INFO [FelixStartLevel] org.apache.cxf.bus.blueprint.NamespaceHandlerRegisterer.register Registered blueprint namespace handler for http://cxf.apache.org/configuration/security
06-Nov-2018 14:20:44.844 INFO [FelixStartLevel] org.apache.cxf.bus.blueprint.NamespaceHandlerRegisterer.register Registered blueprint namespace handler for http://schemas.xmlsoap.org/wsdl/
06-Nov-2018 14:20:44.846 INFO [FelixStartLevel] org.apache.cxf.bus.blueprint.NamespaceHandlerRegisterer.register Registered blueprint namespace handler for http://www.w3.org/2005/08/addressing
06-Nov-2018 14:20:44.849 INFO [FelixStartLevel] org.apache.cxf.bus.blueprint.NamespaceHandlerRegisterer.register Registered blueprint namespace handler for http://schemas.xmlsoap.org/ws/2004/08/addressing
06-Nov-2018 14:20:44.859 INFO [FelixStartLevel] org.apache.cxf.bus.osgi.CXFExtensionBundleListener.addExtensions Adding the extensions from bundle org.apache.cxf.cxf-rt-management (76) [org.apache.cxf.management.InstrumentationManager]
06-Nov-2018 14:20:44.924 INFO [FelixStartLevel] org.apache.cxf.bus.osgi.CXFExtensionBundleListener.addExtensions Adding the extensions from bundle org.apache.cxf.cxf-rt-wsdl (79) [org.apache.cxf.wsdl.WSDLManager]
06-Nov-2018 14:20:44.938 INFO [FelixStartLevel] org.apache.cxf.bus.osgi.CXFExtensionBundleListener.addExtensions Adding the extensions from bundle org.apache.cxf.cxf-rt-bindings-xml (81) [org.apache.cxf.binding.xml.XMLBindingFactory, org.apache.cxf.binding.xml.wsdl11.XMLWSDLExtensionLoader]
06-Nov-2018 14:20:44.948 INFO [FelixStartLevel] org.apache.cxf.bus.osgi.CXFExtensionBundleListener.addExtensions Adding the extensions from bundle org.apache.cxf.cxf-rt-bindings-soap (82) [org.apache.cxf.binding.soap.SoapBindingFactory, org.apache.cxf.binding.soap.SoapTransportFactory]
06-Nov-2018 14:20:44.961 INFO [FelixStartLevel] org.apache.cxf.bus.blueprint.NamespaceHandlerRegisterer.register Registered blueprint namespace handler for http://cxf.apache.org/blueprint/bindings/soap
06-Nov-2018 14:20:45.047 INFO [FelixStartLevel] org.apache.cxf.bus.osgi.CXFExtensionBundleListener.addExtensions Adding the extensions from bundle org.apache.cxf.cxf-rt-transports-http (86) [org.apache.cxf.transport.http.HTTPTransportFactory, org.apache.cxf.transport.http.HTTPWSDLExtensionLoader, org.apache.cxf.transport.http.policy.HTTPClientAssertionBuilder, org.apache.cxf.transport.http.policy.HTTPServerAssertionBuilder, org.apache.cxf.transport.http.policy.NoOpPolicyInterceptorProvider]
06-Nov-2018 14:20:45.084 INFO [FelixStartLevel] org.apache.cxf.bus.osgi.CXFExtensionBundleListener.addExtensions Adding the extensions from bundle org.apache.cxf.cxf-rt-ws-policy (103) [org.apache.cxf.ws.policy.PolicyEngine, org.apache.cxf.policy.PolicyDataEngine, org.apache.cxf.ws.policy.AssertionBuilderRegistry, org.apache.cxf.ws.policy.PolicyInterceptorProviderRegistry, org.apache.cxf.ws.policy.PolicyBuilder, org.apache.cxf.ws.policy.PolicyAnnotationListener, org.apache.cxf.ws.policy.attachment.ServiceModelPolicyProvider, org.apache.cxf.ws.policy.attachment.external.DomainExpressionBuilderRegistry, org.apache.cxf.ws.policy.attachment.external.EndpointReferenceDomainExpressionBuilder, org.apache.cxf.ws.policy.attachment.external.URIDomainExpressionBuilder, org.apache.cxf.ws.policy.attachment.wsdl11.Wsdl11AttachmentPolicyProvider, org.apache.cxf.ws.policy.mtom.MTOMAssertionBuilder, org.apache.cxf.ws.policy.mtom.MTOMPolicyInterceptorProvider]
06-Nov-2018 14:20:45.226 INFO [FelixStartLevel] org.apache.cxf.bus.blueprint.NamespaceHandlerRegisterer.register Registered blueprint namespace handler for http://cxf.apache.org/transports/http/configuration
06-Nov-2018 14:20:45.241 INFO [FelixStartLevel] org.apache.cxf.bus.blueprint.NamespaceHandlerRegisterer.register Registered blueprint namespace handler for http://cxf.apache.org/blueprint/simple
06-Nov-2018 14:20:45.290 INFO [FelixStartLevel] org.apache.cxf.bus.osgi.CXFExtensionBundleListener.addExtensions Adding the extensions from bundle org.apache.cxf.cxf-rt-frontend-jaxws (88) [org.apache.cxf.jaxws.context.WebServiceContextResourceResolver]
06-Nov-2018 14:20:45.309 INFO [FelixStartLevel] org.apache.cxf.bus.blueprint.NamespaceHandlerRegisterer.register Registered blueprint namespace handler for http://cxf.apache.org/blueprint/jaxws
06-Nov-2018 14:20:45.366 INFO [FelixStartLevel] org.apache.cxf.bus.blueprint.NamespaceHandlerRegisterer.register Registered blueprint namespace handler for http://cxf.apache.org/blueprint/jaxrs
06-Nov-2018 14:20:45.387 INFO [FelixStartLevel] org.apache.cxf.bus.blueprint.NamespaceHandlerRegisterer.register Registered blueprint namespace handler for http://cxf.apache.org/blueprint/jaxrs-client
06-Nov-2018 14:20:45.403 INFO [FelixStartLevel] org.apache.cxf.bus.blueprint.NamespaceHandlerRegisterer.register Registered blueprint namespace handler for http://cxf.apache.org/binding/coloc
06-Nov-2018 14:20:45.408 INFO [FelixStartLevel] org.apache.cxf.bus.osgi.CXFExtensionBundleListener.addExtensions Adding the extensions from bundle org.apache.cxf.cxf-rt-transports-local (99) [org.apache.cxf.transport.local.LocalTransportFactory]
06-Nov-2018 14:20:45.416 INFO [FelixStartLevel] org.apache.cxf.bus.osgi.CXFExtensionBundleListener.addExtensions Adding the extensions from bundle org.apache.cxf.cxf-rt-bindings-object (100) [org.apache.cxf.binding.object.ObjectBindingFactory]
06-Nov-2018 14:20:45.419 INFO [FelixStartLevel] org.apache.cxf.bus.blueprint.NamespaceHandlerRegisterer.register Registered blueprint namespace handler for http://cxf.apache.org/blueprint/binding/object
06-Nov-2018 14:20:45.434 INFO [FelixStartLevel] org.apache.cxf.bus.blueprint.NamespaceHandlerRegisterer.register Registered blueprint namespace handler for http://cxf.apache.org/policy
06-Nov-2018 14:20:45.436 INFO [FelixStartLevel] org.apache.cxf.bus.blueprint.NamespaceHandlerRegisterer.register Registered blueprint namespace handler for http://www.w3.org/ns/ws-policy
06-Nov-2018 14:20:45.438 INFO [FelixStartLevel] org.apache.cxf.bus.blueprint.NamespaceHandlerRegisterer.register Registered blueprint namespace handler for http://www.w3.org/2006/07/ws-policy
06-Nov-2018 14:20:45.440 INFO [FelixStartLevel] org.apache.cxf.bus.blueprint.NamespaceHandlerRegisterer.register Registered blueprint namespace handler for http://schemas.xmlsoap.org/ws/2004/09/policy
06-Nov-2018 14:20:45.442 INFO [FelixStartLevel] org.apache.cxf.bus.blueprint.NamespaceHandlerRegisterer.register Registered blueprint namespace handler for http://docs.oasis-open.org/wss/2004/01/oasis-200401-wss-wssecurity-secext-1.0.xsd
06-Nov-2018 14:20:45.445 INFO [FelixStartLevel] org.apache.cxf.bus.blueprint.NamespaceHandlerRegisterer.register Registered blueprint namespace handler for http://docs.oasis-open.org/wss/2004/01/oasis-200401-wss-wssecurity-utility-1.0.xsd
06-Nov-2018 14:20:45.447 INFO [FelixStartLevel] org.apache.cxf.bus.blueprint.NamespaceHandlerRegisterer.register Registered blueprint namespace handler for http://www.w3.org/2000/09/xmldsig#
06-Nov-2018 14:20:45.450 INFO [FelixStartLevel] org.apache.cxf.bus.blueprint.NamespaceHandlerRegisterer.register Registered blueprint namespace handler for http://docs.oasis-open.org/ws-sx/ws-securitypolicy/200702
06-Nov-2018 14:20:45.458 INFO [FelixStartLevel] org.apache.cxf.bus.osgi.CXFExtensionBundleListener.addExtensions Adding the extensions from bundle org.apache.cxf.cxf-rt-ws-addr (120) [org.apache.cxf.ws.addressing.policy.AddressingAssertionBuilder, org.apache.cxf.ws.addressing.policy.UsingAddressingAssertionBuilder, org.apache.cxf.ws.addressing.policy.AddressingPolicyInterceptorProvider, org.apache.cxf.ws.addressing.impl.AddressingWSDLExtensionLoader, org.apache.cxf.ws.addressing.WSAddressingFeature$WSAddressingFeatureApplier, org.apache.cxf.ws.addressing.MAPAggregator$MAPAggregatorLoader]
06-Nov-2018 14:20:45.463 INFO [FelixStartLevel] org.apache.cxf.bus.blueprint.NamespaceHandlerRegisterer.register Registered blueprint namespace handler for http://cxf.apache.org/ws/addressing
06-Nov-2018 14:20:45.505 INFO [FelixStartLevel] org.apache.cxf.bus.osgi.CXFExtensionBundleListener.addExtensions Adding the extensions from bundle org.apache.cxf.cxf-rt-ws-security (122) [org.apache.cxf.ws.security.policy.WSSecurityPolicyLoader, org.apache.cxf.ws.security.cache.CacheCleanupListener]
06-Nov-2018 14:20:45.517 INFO [FelixStartLevel] org.apache.cxf.bus.osgi.CXFExtensionBundleListener.addExtensions Adding the extensions from bundle org.apache.cxf.cxf-rt-ws-rm (124) [org.apache.cxf.ws.rm.RMManager, org.apache.cxf.ws.rm.policy.RMPolicyInterceptorProvider, org.apache.cxf.ws.rm.policy.RM10AssertionBuilder, org.apache.cxf.ws.rm.policy.RM12AssertionBuilder, org.apache.cxf.ws.rm.policy.WSRMP12PolicyLoader, org.apache.cxf.ws.rm.policy.MC11PolicyLoader, org.apache.cxf.ws.rm.policy.RSPPolicyLoader]
06-Nov-2018 14:20:45.537 INFO [FelixStartLevel] org.apache.cxf.bus.blueprint.NamespaceHandlerRegisterer.register Registered blueprint namespace handler for http://cxf.apache.org/ws/rm/manager
06-Nov-2018 14:20:45.539 INFO [FelixStartLevel] org.apache.cxf.bus.blueprint.NamespaceHandlerRegisterer.register Registered blueprint namespace handler for http://schemas.xmlsoap.org/ws/2005/02/rm/policy
06-Nov-2018 14:20:45.545 INFO [FelixStartLevel] org.apache.cxf.bus.osgi.CXFExtensionBundleListener.addExtensions Adding the extensions from bundle org.apache.cxf.cxf-rt-javascript (125) [org.apache.cxf.javascript.JavascriptServerListener]
06-Nov-2018 14:20:46.143 INFO [FelixStartLevel] org.pentaho.caching.impl.PentahoCacheManagerFactory$RegistrationHandler$1.onSuccess New Caching Service registered
06-Nov-2018 14:20:46.145 INFO [FelixStartLevel] org.pentaho.caching.impl.PentahoCacheManagerFactory$RegistrationHandler$1.onSuccess New Caching Service registered
06-Nov-2018 14:20:46.147 INFO [FelixStartLevel] org.pentaho.caching.impl.PentahoCacheManagerFactory$RegistrationHandler$1.onSuccess New Caching Service registered
06-Nov-2018 14:20:51.734 INFO [FelixStartLevel] org.apache.cxf.management.jmx.InstrumentationManagerImpl.registerMBeanWithServer registering MBean org.apache.cxf:bus.id=marketplaceImplBus,type=Bus,instance.id=180564716: org.apache.cxf.bus.ManagedBus@35a7d8c4
06-Nov-2018 14:20:51.767 INFO [FelixStartLevel] org.apache.cxf.management.jmx.InstrumentationManagerImpl.registerMBeanWithServer registering MBean org.apache.cxf:bus.id=marketplaceImplBus,type=Bus,instance.id=180564716: javax.management.modelmbean.RequiredModelMBean@782991f
06-Nov-2018 14:20:51.768 INFO [FelixStartLevel] org.apache.cxf.management.jmx.InstrumentationManagerImpl.init registered org.apache.cxf:bus.id=marketplaceImplBus,type=Bus,instance.id=180564716
06-Nov-2018 14:20:51.771 INFO [FelixStartLevel] org.apache.cxf.management.jmx.InstrumentationManagerImpl.registerMBeanWithServer registering MBean org.apache.cxf:bus.id=marketplaceImplBus,WorkQueueManager=Bus.WorkQueueManager,type=WorkQueueManager,instance.id=1926353648: org.apache.cxf.bus.managers.WorkQueueManagerImplMBeanWrapper@2c1bdc84
06-Nov-2018 14:20:51.773 INFO [FelixStartLevel] org.apache.cxf.management.jmx.InstrumentationManagerImpl.registerMBeanWithServer registering MBean org.apache.cxf:bus.id=marketplaceImplBus,WorkQueueManager=Bus.WorkQueueManager,type=WorkQueueManager,instance.id=1926353648: javax.management.modelmbean.RequiredModelMBean@6c30a0db
06-Nov-2018 14:20:52.560 INFO [FelixStartLevel] org.apache.cxf.endpoint.ServerImpl.initDestination Setting the server's publish address to be /marketplace
06-Nov-2018 14:20:52.562 INFO [FelixStartLevel] org.apache.cxf.management.jmx.InstrumentationManagerImpl.registerMBeanWithServer registering MBean org.apache.cxf:bus.id=marketplaceImplBus,type=Bus.Service.Endpoint,service="{http://endpoints.marketplace.pentaho.org/}MarketplaceService",port="MarketplaceService",instance.id=1498240447: org.apache.cxf.endpoint.ManagedEndpoint@58ad54e8
06-Nov-2018 14:20:52.566 INFO [FelixStartLevel] org.apache.cxf.management.jmx.InstrumentationManagerImpl.registerMBeanWithServer registering MBean org.apache.cxf:bus.id=marketplaceImplBus,type=Bus.Service.Endpoint,service="{http://endpoints.marketplace.pentaho.org/}MarketplaceService",port="MarketplaceService",instance.id=1498240447: javax.management.modelmbean.RequiredModelMBean@45540d54
06-Nov-2018 14:20:52.754 INFO [FelixStartLevel] org.apache.cxf.management.jmx.InstrumentationManagerImpl.registerMBeanWithServer registering MBean org.apache.cxf:bus.id=pentaho-metaverse-web-cxf1273584171,type=Bus,instance.id=1273584171: org.apache.cxf.bus.ManagedBus@339becba
06-Nov-2018 14:20:52.756 INFO [FelixStartLevel] org.apache.cxf.management.jmx.InstrumentationManagerImpl.registerMBeanWithServer registering MBean org.apache.cxf:bus.id=pentaho-metaverse-web-cxf1273584171,type=Bus,instance.id=1273584171: javax.management.modelmbean.RequiredModelMBean@7e77eafd
06-Nov-2018 14:20:52.757 INFO [FelixStartLevel] org.apache.cxf.management.jmx.InstrumentationManagerImpl.init registered org.apache.cxf:bus.id=pentaho-metaverse-web-cxf1273584171,type=Bus,instance.id=1273584171
06-Nov-2018 14:20:52.758 INFO [FelixStartLevel] org.apache.cxf.management.jmx.InstrumentationManagerImpl.registerMBeanWithServer registering MBean org.apache.cxf:bus.id=pentaho-metaverse-web-cxf1273584171,WorkQueueManager=Bus.WorkQueueManager,type=WorkQueueManager,instance.id=1217025121: org.apache.cxf.bus.managers.WorkQueueManagerImplMBeanWrapper@49b37759
06-Nov-2018 14:20:52.759 INFO [FelixStartLevel] org.apache.cxf.management.jmx.InstrumentationManagerImpl.registerMBeanWithServer registering MBean org.apache.cxf:bus.id=pentaho-metaverse-web-cxf1273584171,WorkQueueManager=Bus.WorkQueueManager,type=WorkQueueManager,instance.id=1217025121: javax.management.modelmbean.RequiredModelMBean@25a1ace9
06-Nov-2018 14:20:52.841 INFO [FelixStartLevel] org.apache.cxf.endpoint.ServerImpl.initDestination Setting the server's publish address to be /lineage
06-Nov-2018 14:20:52.843 INFO [FelixStartLevel] org.apache.cxf.management.jmx.InstrumentationManagerImpl.registerMBeanWithServer registering MBean org.apache.cxf:bus.id=pentaho-metaverse-web-cxf1273584171,type=Bus.Service.Endpoint,service="{http://service.metaverse.pentaho.org/}MetaverseService",port="MetaverseService",instance.id=114567421: org.apache.cxf.endpoint.ManagedEndpoint@7241c987
06-Nov-2018 14:20:52.845 INFO [FelixStartLevel] org.apache.cxf.management.jmx.InstrumentationManagerImpl.registerMBeanWithServer registering MBean org.apache.cxf:bus.id=pentaho-metaverse-web-cxf1273584171,type=Bus.Service.Endpoint,service="{http://service.metaverse.pentaho.org/}MetaverseService",port="MetaverseService",instance.id=114567421: javax.management.modelmbean.RequiredModelMBean@17d15215
06-Nov-2018 14:21:33.864 INFO [localhost-startStop-1] org.apache.catalina.startup.HostConfig.deployDirectory Deployment of web application directory C:\Alex\Pentaho_src\pentaho-server71CleanWithDataSource\pentaho-server\tomcat\webapps\pentaho has finished in 157,811 ms
06-Nov-2018 14:21:33.866 INFO [localhost-startStop-1] org.apache.catalina.startup.HostConfig.deployDirectory Deploying web application directory C:\Alex\Pentaho_src\pentaho-server71CleanWithDataSource\pentaho-server\tomcat\webapps\pentaho-style
06-Nov-2018 14:21:36.553 INFO [localhost-startStop-1] org.apache.jasper.servlet.TldScanner.scanJars At least one JAR was scanned for TLDs yet contained no TLDs. Enable debug logging for this logger for a complete list of JARs that were scanned but no TLDs were found in them. Skipping unneeded JARs during scanning can improve startup time and JSP compilation time.
06-Nov-2018 14:21:36.560 INFO [localhost-startStop-1] org.apache.catalina.startup.HostConfig.deployDirectory Deployment of web application directory C:\Alex\Pentaho_src\pentaho-server71CleanWithDataSource\pentaho-server\tomcat\webapps\pentaho-style has finished in 2,695 ms
06-Nov-2018 14:21:36.561 INFO [localhost-startStop-1] org.apache.catalina.startup.HostConfig.deployDirectory Deploying web application directory C:\Alex\Pentaho_src\pentaho-server71CleanWithDataSource\pentaho-server\tomcat\webapps\ROOT
06-Nov-2018 14:21:38.877 INFO [localhost-startStop-1] org.apache.jasper.servlet.TldScanner.scanJars At least one JAR was scanned for TLDs yet contained no TLDs. Enable debug logging for this logger for a complete list of JARs that were scanned but no TLDs were found in them. Skipping unneeded JARs during scanning can improve startup time and JSP compilation time.
06-Nov-2018 14:21:38.885 INFO [localhost-startStop-1] org.apache.catalina.startup.HostConfig.deployDirectory Deployment of web application directory C:\Alex\Pentaho_src\pentaho-server71CleanWithDataSource\pentaho-server\tomcat\webapps\ROOT has finished in 2,324 ms
06-Nov-2018 14:21:38.886 INFO [localhost-startStop-1] org.apache.catalina.startup.HostConfig.deployDirectory Deploying web application directory C:\Alex\Pentaho_src\pentaho-server71CleanWithDataSource\pentaho-server\tomcat\webapps\sw-style
06-Nov-2018 14:21:41.109 INFO [localhost-startStop-1] org.apache.jasper.servlet.TldScanner.scanJars At least one JAR was scanned for TLDs yet contained no TLDs. Enable debug logging for this logger for a complete list of JARs that were scanned but no TLDs were found in them. Skipping unneeded JARs during scanning can improve startup time and JSP compilation time.
06-Nov-2018 14:21:41.114 INFO [localhost-startStop-1] org.apache.catalina.startup.HostConfig.deployDirectory Deployment of web application directory C:\Alex\Pentaho_src\pentaho-server71CleanWithDataSource\pentaho-server\tomcat\webapps\sw-style has finished in 2,228 ms
06-Nov-2018 14:21:41.118 INFO [main] org.apache.coyote.AbstractProtocol.start Starting ProtocolHandler ["http-apr-8080"]
06-Nov-2018 14:21:41.144 INFO [main] org.apache.coyote.AbstractProtocol.start Starting ProtocolHandler ["ajp-apr-8009"]
06-Nov-2018 14:21:41.149 INFO [main] org.apache.catalina.startup.Catalina.start Server startup in 165230 ms
06-Nov-2018 14:24:14.394 INFO [http-apr-8080-exec-4] com.sun.xml.ws.server.MonitorBase.createRoot Metro monitoring rootname successfully set to: com.sun.metro:pp=/,type=WSEndpoint,name=/pentaho-unifiedRepository-unifiedRepositoryPort
06-Nov-2018 14:24:15.236 INFO [http-apr-8080-exec-4] com.sun.xml.ws.server.MonitorBase.createRoot Metro monitoring rootname successfully set to: com.sun.metro:pp=/,type=WSEndpoint,name=/pentaho-repositorySync-repositorySyncPort
06-Nov-2018 14:24:15.450 INFO [http-apr-8080-exec-4] com.sun.xml.ws.server.MonitorBase.createRoot Metro monitoring rootname successfully set to: com.sun.metro:pp=/,type=WSEndpoint,name=/pentaho-datasourceMgmtService-datasourceMgmtServicePort
06-Nov-2018 14:24:15.737 INFO [http-apr-8080-exec-4] com.sun.xml.ws.server.MonitorBase.createRoot Metro monitoring rootname successfully set to: com.sun.metro:pp=/,type=WSEndpoint,name=/pentaho-userRoleService-userRoleServicePort
06-Nov-2018 14:24:15.875 INFO [http-apr-8080-exec-4] com.sun.xml.ws.server.MonitorBase.createRoot Metro monitoring rootname successfully set to: com.sun.metro:pp=/,type=WSEndpoint,name=/pentaho-userRoleListService-userRoleListServicePort
06-Nov-2018 14:24:15.952 INFO [http-apr-8080-exec-4] com.sun.xml.ws.server.MonitorBase.createRoot Metro monitoring rootname successfully set to: com.sun.metro:pp=/,type=WSEndpoint,name=/pentaho-authorizationPolicy-authorizationPolicyPort
06-Nov-2018 14:24:16.106 INFO [http-apr-8080-exec-4] com.sun.xml.ws.server.MonitorBase.createRoot Metro monitoring rootname successfully set to: com.sun.metro:pp=/,type=WSEndpoint,name=/pentaho-roleBindingDao-roleBindingDaoPort
06-Nov-2018 14:24:16.360 INFO [http-apr-8080-exec-4] com.sun.xml.ws.server.MonitorBase.createRoot Metro monitoring rootname successfully set to: com.sun.metro:pp=/,type=WSEndpoint,name=/pentaho-Scheduler-SchedulerPort
06-Nov-2018 14:24:16.559 INFO [http-apr-8080-exec-4] com.sun.jersey.spi.spring.container.SpringComponentProviderFactory.registerSpringBeans Registering Spring bean, org.pentaho.platform.web.http.api.resources.JAXBContextResolver#0, of type org.pentaho.platform.web.http.api.resources.JAXBContextResolver as a provider class
06-Nov-2018 14:24:16.559 INFO [http-apr-8080-exec-4] com.sun.jersey.spi.spring.container.SpringComponentProviderFactory.registerSpringBeans Registering Spring bean, org.pentaho.platform.web.http.api.resources.RootResource#0, of type org.pentaho.platform.web.http.api.resources.RootResource as a root resource class
06-Nov-2018 14:24:16.559 INFO [http-apr-8080-exec-4] com.sun.jersey.spi.spring.container.SpringComponentProviderFactory.registerSpringBeans Registering Spring bean, org.pentaho.platform.web.http.api.resources.DirectoryResource#0, of type org.pentaho.platform.web.http.api.resources.DirectoryResource as a root resource class
06-Nov-2018 14:24:16.560 INFO [http-apr-8080-exec-4] com.sun.jersey.spi.spring.container.SpringComponentProviderFactory.registerSpringBeans Registering Spring bean, org.pentaho.platform.web.http.api.resources.UserRoleDaoResource#0, of type org.pentaho.platform.web.http.api.resources.UserRoleDaoResource as a root resource class
06-Nov-2018 14:24:16.560 INFO [http-apr-8080-exec-4] com.sun.jersey.spi.spring.container.SpringComponentProviderFactory.registerSpringBeans Registering Spring bean, org.pentaho.platform.web.http.api.resources.UserRoleListResource#0, of type org.pentaho.platform.web.http.api.resources.UserRoleListResource as a root resource class
06-Nov-2018 14:24:16.560 INFO [http-apr-8080-exec-4] com.sun.jersey.spi.spring.container.SpringComponentProviderFactory.registerSpringBeans Registering Spring bean, org.pentaho.platform.web.http.api.resources.FileResource#0, of type org.pentaho.platform.web.http.api.resources.FileResource as a root resource class
06-Nov-2018 14:24:16.561 INFO [http-apr-8080-exec-4] com.sun.jersey.spi.spring.container.SpringComponentProviderFactory.registerSpringBeans Registering Spring bean, org.pentaho.platform.web.http.api.resources.EmailResource#0, of type org.pentaho.platform.web.http.api.resources.EmailResource as a root resource class
06-Nov-2018 14:24:16.562 INFO [http-apr-8080-exec-4] com.sun.jersey.spi.spring.container.SpringComponentProviderFactory.registerSpringBeans Registering Spring bean, org.pentaho.platform.web.http.api.resources.SessionResource#0, of type org.pentaho.platform.web.http.api.resources.SessionResource as a root resource class
06-Nov-2018 14:24:16.562 INFO [http-apr-8080-exec-4] com.sun.jersey.spi.spring.container.SpringComponentProviderFactory.registerSpringBeans Registering Spring bean, org.pentaho.platform.web.http.api.resources.SchedulerResource#0, of type org.pentaho.platform.web.http.api.resources.SchedulerResource as a root resource class
06-Nov-2018 14:24:16.563 INFO [http-apr-8080-exec-4] com.sun.jersey.spi.spring.container.SpringComponentProviderFactory.registerSpringBeans Registering Spring bean, org.pentaho.platform.web.http.api.resources.RepositoryResource#0, of type org.pentaho.platform.web.http.api.resources.RepositoryResource as a root resource class
06-Nov-2018 14:24:16.563 INFO [http-apr-8080-exec-4] com.sun.jersey.spi.spring.container.SpringComponentProviderFactory.registerSpringBeans Registering Spring bean, org.pentaho.platform.web.http.api.resources.RepositoryImportResource#0, of type org.pentaho.platform.web.http.api.resources.RepositoryImportResource as a root resource class
06-Nov-2018 14:24:16.563 INFO [http-apr-8080-exec-4] com.sun.jersey.spi.spring.container.SpringComponentProviderFactory.registerSpringBeans Registering Spring bean, org.pentaho.platform.web.http.api.resources.PluginResource#0, of type org.pentaho.platform.web.http.api.resources.PluginResource as a root resource class
06-Nov-2018 14:24:16.564 INFO [http-apr-8080-exec-4] com.sun.jersey.spi.spring.container.SpringComponentProviderFactory.registerSpringBeans Registering Spring bean, org.pentaho.platform.web.http.api.resources.PluginManagerResource#0, of type org.pentaho.platform.web.http.api.resources.PluginManagerResource as a root resource class
06-Nov-2018 14:24:16.565 INFO [http-apr-8080-exec-4] com.sun.jersey.spi.spring.container.SpringComponentProviderFactory.registerSpringBeans Registering Spring bean, org.pentaho.platform.web.http.api.resources.SystemPermissionsResource#0, of type org.pentaho.platform.web.http.api.resources.SystemPermissionsResource as a root resource class
06-Nov-2018 14:24:16.565 INFO [http-apr-8080-exec-4] com.sun.jersey.spi.spring.container.SpringComponentProviderFactory.registerSpringBeans Registering Spring bean, org.pentaho.platform.web.http.api.resources.SystemUsersResource#0, of type org.pentaho.platform.web.http.api.resources.SystemUsersResource as a root resource class
06-Nov-2018 14:24:16.565 INFO [http-apr-8080-exec-4] com.sun.jersey.spi.spring.container.SpringComponentProviderFactory.registerSpringBeans Registering Spring bean, org.pentaho.platform.web.http.api.resources.SystemRolesResource#0, of type org.pentaho.platform.web.http.api.resources.SystemRolesResource as a root resource class
06-Nov-2018 14:24:16.566 INFO [http-apr-8080-exec-4] com.sun.jersey.spi.spring.container.SpringComponentProviderFactory.registerSpringBeans Registering Spring bean, org.pentaho.platform.web.http.api.resources.SystemResource#0, of type org.pentaho.platform.web.http.api.resources.SystemResource as a root resource class
06-Nov-2018 14:24:16.566 INFO [http-apr-8080-exec-4] com.sun.jersey.spi.spring.container.SpringComponentProviderFactory.registerSpringBeans Registering Spring bean, org.pentaho.platform.web.http.api.resources.GeneratorStreamingOutputProvider#0, of type org.pentaho.platform.web.http.api.resources.GeneratorStreamingOutputProvider as a provider class
06-Nov-2018 14:24:16.568 INFO [http-apr-8080-exec-4] com.sun.jersey.spi.spring.container.SpringComponentProviderFactory.registerSpringBeans Registering Spring bean, org.pentaho.platform.web.http.api.resources.ThemeResource#0, of type org.pentaho.platform.web.http.api.resources.ThemeResource as a root resource class
06-Nov-2018 14:24:16.568 INFO [http-apr-8080-exec-4] com.sun.jersey.spi.spring.container.SpringComponentProviderFactory.registerSpringBeans Registering Spring bean, org.pentaho.platform.web.http.api.resources.SystemRefreshResource#0, of type org.pentaho.platform.web.http.api.resources.SystemRefreshResource as a root resource class
06-Nov-2018 14:24:16.569 INFO [http-apr-8080-exec-4] com.sun.jersey.spi.spring.container.SpringComponentProviderFactory.registerSpringBeans Registering Spring bean, org.pentaho.platform.web.http.api.resources.VersionResource#0, of type org.pentaho.platform.web.http.api.resources.VersionResource as a root resource class
06-Nov-2018 14:24:16.569 INFO [http-apr-8080-exec-4] com.sun.jersey.spi.spring.container.SpringComponentProviderFactory.registerSpringBeans Registering Spring bean, org.pentaho.platform.web.http.api.resources.UserConsoleResource#0, of type org.pentaho.platform.web.http.api.resources.UserConsoleResource as a root resource class
06-Nov-2018 14:24:16.569 INFO [http-apr-8080-exec-4] com.sun.jersey.spi.spring.container.SpringComponentProviderFactory.registerSpringBeans Registering Spring bean, org.pentaho.platform.web.http.api.resources.UserSettingsResource#0, of type org.pentaho.platform.web.http.api.resources.UserSettingsResource as a root resource class
06-Nov-2018 14:24:16.570 INFO [http-apr-8080-exec-4] com.sun.jersey.spi.spring.container.SpringComponentProviderFactory.registerSpringBeans Registering Spring bean, org.pentaho.platform.web.http.api.resources.RepositoryPublishResource#0, of type org.pentaho.platform.web.http.api.resources.RepositoryPublishResource as a root resource class
06-Nov-2018 14:24:16.570 INFO [http-apr-8080-exec-4] com.sun.jersey.spi.spring.container.SpringComponentProviderFactory.registerSpringBeans Registering Spring bean, org.pentaho.platform.web.http.api.resources.AuthorizationActionResource#0, of type org.pentaho.platform.web.http.api.resources.AuthorizationActionResource as a root resource class
06-Nov-2018 14:24:16.570 INFO [http-apr-8080-exec-4] com.sun.jersey.spi.spring.container.SpringComponentProviderFactory.registerSpringBeans Registering Spring bean, org.pentaho.platform.web.http.api.resources.PasswordResource#0, of type org.pentaho.platform.web.http.api.resources.PasswordResource as a root resource class
06-Nov-2018 14:24:16.571 INFO [http-apr-8080-exec-4] com.sun.jersey.spi.spring.container.SpringComponentProviderFactory.registerSpringBeans Registering Spring bean, org.pentaho.platform.web.http.api.resources.ServiceResource#0, of type org.pentaho.platform.web.http.api.resources.ServiceResource as a root resource class
06-Nov-2018 14:24:16.578 INFO [http-apr-8080-exec-4] com.sun.jersey.server.impl.application.WebApplicationImpl._initiate Initiating Jersey application, version 'Jersey: 1.19.1 03/11/2016 02:42 PM'
06-Nov-2018 14:24:17.567 WARNING [http-apr-8080-exec-4] com.sun.jersey.spi.inject.Errors.processErrorMessages The following warnings have been detected with resource and/or provider classes:
  WARNING: A HTTP GET method, public javax.ws.rs.core.Response org.pentaho.platform.web.http.api.resources.EmailResource.deleteEmailConfig(org.pentaho.platform.plugin.services.email.EmailConfiguration), should not consume any entity.
06-Nov-2018 14:24:33.957 INFO [http-apr-8080-exec-4] com.sun.jersey.spi.spring.container.SpringComponentProviderFactory.registerSpringBeans Registering Spring bean, cda.api, of type pt.webdetails.cda.CdaUtils as a root resource class
06-Nov-2018 14:24:33.958 INFO [http-apr-8080-exec-4] com.sun.jersey.spi.spring.container.SpringComponentProviderFactory.registerSpringBeans Registering Spring bean, CdaCacheMonitor, of type pt.webdetails.cda.cache.endpoints.CacheMonitorEndpoint as a root resource class
06-Nov-2018 14:24:33.958 INFO [http-apr-8080-exec-4] com.sun.jersey.spi.spring.container.SpringComponentProviderFactory.registerSpringBeans Registering Spring bean, CdaCacheScheduler, of type pt.webdetails.cda.cache.endpoints.CacheControllerEndpoint as a root resource class
06-Nov-2018 14:24:33.958 INFO [http-apr-8080-exec-4] com.sun.jersey.server.impl.application.WebApplicationImpl._initiate Initiating Jersey application, version 'Jersey: 1.19.1 03/11/2016 02:42 PM'
06-Nov-2018 14:24:34.420 WARNING [http-apr-8080-exec-4] com.sun.jersey.spi.inject.Errors.processErrorMessages The following warnings have been detected with resource and/or provider classes:
  WARNING: A HTTP GET method, public void pt.webdetails.cda.CdaUtils.unwrapQuery(java.lang.String,java.lang.String,javax.servlet.http.HttpServletResponse,javax.servlet.http.HttpServletRequest) throws javax.ws.rs.WebApplicationException, MUST return a non-void type.
  WARNING: A HTTP GET method, public void pt.webdetails.cda.CdaUtils.getCdaList(java.lang.String,javax.servlet.http.HttpServletResponse,javax.servlet.http.HttpServletRequest) throws java.lang.Exception, MUST return a non-void type.
06-Nov-2018 14:24:34.423 INFO [http-apr-8080-exec-4] com.sun.jersey.spi.spring.container.SpringComponentProviderFactory.registerSpringBeans Registering Spring bean, pt.webdetails.cgg.CggService#0, of type pt.webdetails.cgg.CggService as a root resource class
06-Nov-2018 14:24:34.423 INFO [http-apr-8080-exec-4] com.sun.jersey.server.impl.application.WebApplicationImpl._initiate Initiating Jersey application, version 'Jersey: 1.19.1 03/11/2016 02:42 PM'
06-Nov-2018 14:24:34.630 WARNING [http-apr-8080-exec-4] com.sun.jersey.spi.inject.Errors.processErrorMessages The following warnings have been detected with resource and/or provider classes:
  WARNING: A HTTP GET method, public void pt.webdetails.cgg.CggService.draw(java.lang.String,java.lang.String,java.lang.String,java.lang.String,java.lang.Long,java.lang.Long,javax.servlet.http.HttpServletResponse,javax.servlet.http.HttpServletRequest), MUST return a non-void type.
06-Nov-2018 14:24:34.632 INFO [http-apr-8080-exec-4] com.sun.jersey.spi.spring.container.SpringComponentProviderFactory.registerSpringBeans Registering Spring bean, datasources, of type pt.webdetails.cdf.dd.api.DatasourcesApi as a root resource class
06-Nov-2018 14:24:34.633 INFO [http-apr-8080-exec-4] com.sun.jersey.spi.spring.container.SpringComponentProviderFactory.registerSpringBeans Registering Spring bean, wcdf.editor, of type pt.webdetails.cdf.dd.api.EditorApi as a root resource class
06-Nov-2018 14:24:34.633 INFO [http-apr-8080-exec-4] com.sun.jersey.spi.spring.container.SpringComponentProviderFactory.registerSpringBeans Registering Spring bean, olap, of type pt.webdetails.cpf.olap.OlapApi as a root resource class
06-Nov-2018 14:24:34.633 INFO [http-apr-8080-exec-4] com.sun.jersey.spi.spring.container.SpringComponentProviderFactory.registerSpringBeans Registering Spring bean, plugins, of type pt.webdetails.cdf.dd.api.PluginsApi as a root resource class
06-Nov-2018 14:24:34.633 INFO [http-apr-8080-exec-4] com.sun.jersey.spi.spring.container.SpringComponentProviderFactory.registerSpringBeans Registering Spring bean, renderer, of type pt.webdetails.cdf.dd.api.RenderApi as a root resource class
06-Nov-2018 14:24:34.633 INFO [http-apr-8080-exec-4] com.sun.jersey.spi.spring.container.SpringComponentProviderFactory.registerSpringBeans Registering Spring bean, resourcesapi, of type pt.webdetails.cdf.dd.api.ResourcesApi as a root resource class
06-Nov-2018 14:24:34.633 INFO [http-apr-8080-exec-4] com.sun.jersey.spi.spring.container.SpringComponentProviderFactory.registerSpringBeans Registering Spring bean, syncronizer, of type pt.webdetails.cdf.dd.api.SyncronizerApi as a root resource class
06-Nov-2018 14:24:34.633 INFO [http-apr-8080-exec-4] com.sun.jersey.spi.spring.container.SpringComponentProviderFactory.registerSpringBeans Registering Spring bean, version, of type pt.webdetails.cdf.dd.api.VersionApi as a root resource class
06-Nov-2018 14:24:34.634 INFO [http-apr-8080-exec-4] com.sun.jersey.server.impl.application.WebApplicationImpl._initiate Initiating Jersey application, version 'Jersey: 1.19.1 03/11/2016 02:42 PM'
06-Nov-2018 14:24:34.863 WARNING [http-apr-8080-exec-4] com.sun.jersey.spi.inject.Errors.processErrorMessages The following warnings have been detected with resource and/or provider classes:
  WARNING: A HTTP GET method, public void pt.webdetails.cpf.olap.OlapApi.getCubes(javax.servlet.http.HttpServletResponse) throws java.io.IOException,org.json.JSONException, MUST return a non-void type.
  WARNING: A HTTP GET method, public void pt.webdetails.cpf.olap.OlapApi.getCubeStructure(java.lang.String,java.lang.String,java.lang.String,javax.servlet.http.HttpServletResponse) throws java.io.IOException,org.json.JSONException, MUST return a non-void type.
  WARNING: A HTTP GET method, public void pt.webdetails.cpf.olap.OlapApi.getLevelMembersStructure(java.lang.String,java.lang.String,java.lang.String,java.lang.String,javax.servlet.http.HttpServletResponse) throws java.io.IOException,org.json.JSONException, MUST return a non-void type.
  WARNING: A HTTP GET method, public void pt.webdetails.cpf.olap.OlapApi.getPaginatedLevelMembers(java.lang.String,java.lang.String,java.lang.String,java.lang.String,java.lang.String,java.lang.String,long,long,javax.servlet.http.HttpServletResponse) throws java.io.IOException,org.json.JSONException, MUST return a non-void type.
  WARNING: A HTTP GET method, public void pt.webdetails.cdf.dd.api.ResourcesApi.getResource(java.lang.String,javax.servlet.http.HttpServletResponse) throws java.io.IOException, MUST return a non-void type.
  WARNING: A HTTP GET method, public void pt.webdetails.cdf.dd.api.ResourcesApi.res(java.lang.String,java.lang.String,javax.servlet.http.HttpServletResponse) throws java.lang.Exception, MUST return a non-void type.
  WARNING: A HTTP GET method, public void pt.webdetails.cdf.dd.api.ResourcesApi.resource(java.lang.String,javax.servlet.http.HttpServletResponse) throws java.lang.Exception, MUST return a non-void type.
  WARNING: A HTTP GET method, public void pt.webdetails.cdf.dd.api.ResourcesApi.getCssResource(java.lang.String,java.lang.String,javax.servlet.http.HttpServletResponse) throws java.io.IOException, MUST return a non-void type.
  WARNING: A HTTP GET method, public void pt.webdetails.cdf.dd.api.ResourcesApi.getJsResource(java.lang.String,java.lang.String,javax.servlet.http.HttpServletResponse) throws java.io.IOException, MUST return a non-void type.
  WARNING: A HTTP GET method, public void pt.webdetails.cdf.dd.api.ResourcesApi.getUntypedResource(java.lang.String,java.lang.String,javax.servlet.http.HttpServletResponse) throws java.io.IOException, MUST return a non-void type.
  WARNING: A HTTP GET method, public void pt.webdetails.cdf.dd.api.ResourcesApi.getImage(java.lang.String,java.lang.String,javax.servlet.http.HttpServletResponse) throws java.io.IOException, MUST return a non-void type.
  WARNING: A HTTP GET method, public void pt.webdetails.cdf.dd.api.SyncronizerApi.syncStyles(javax.servlet.http.HttpServletResponse) throws java.io.IOException,pt.webdetails.cdf.dd.DashboardDesignerException,org.json.JSONException, MUST return a non-void type.
  WARNING: A HTTP GET method, public void pt.webdetails.cdf.dd.api.VersionApi.checkVersion(javax.servlet.http.HttpServletResponse) throws java.io.IOException,org.json.JSONException, MUST return a non-void type.
06-Nov-2018 14:24:34.881 INFO [http-apr-8080-exec-4] com.sun.jersey.spi.spring.container.SpringComponentProviderFactory.registerSpringBeans Registering Spring bean, com.pentaho.di.revision.RevisionResource#0, of type com.pentaho.di.revision.RevisionResource as a root resource class
06-Nov-2018 14:24:34.881 INFO [http-apr-8080-exec-4] com.sun.jersey.spi.spring.container.SpringComponentProviderFactory.registerSpringBeans Registering Spring bean, com.pentaho.di.purge.PurgeResource#0, of type com.pentaho.di.purge.PurgeResource as a root resource class
06-Nov-2018 14:24:34.881 INFO [http-apr-8080-exec-4] com.sun.jersey.server.impl.application.WebApplicationImpl._initiate Initiating Jersey application, version 'Jersey: 1.19.1 03/11/2016 02:42 PM'
06-Nov-2018 14:24:35.079 INFO [http-apr-8080-exec-4] com.sun.jersey.spi.spring.container.SpringComponentProviderFactory.registerSpringBeans Registering Spring bean, org.pentaho.platform.dataaccess.datasource.wizard.service.impl.PlatformStagingDatabaseResource#0, of type org.pentaho.platform.dataaccess.datasource.wizard.service.impl.PlatformStagingDatabaseResource as a root resource class
06-Nov-2018 14:24:35.079 INFO [http-apr-8080-exec-4] com.sun.jersey.spi.spring.container.SpringComponentProviderFactory.registerSpringBeans Registering Spring bean, org.pentaho.platform.dataaccess.datasource.wizard.service.impl.DatasourceResource#0, of type org.pentaho.platform.dataaccess.datasource.wizard.service.impl.DatasourceResource as a root resource class
06-Nov-2018 14:24:35.079 INFO [http-apr-8080-exec-4] com.sun.jersey.spi.spring.container.SpringComponentProviderFactory.registerSpringBeans Registering Spring bean, org.pentaho.platform.dataaccess.datasource.wizard.service.impl.AnalysisDatasourceService#0, of type org.pentaho.platform.dataaccess.datasource.wizard.service.impl.AnalysisDatasourceService as a root resource class
06-Nov-2018 14:24:35.080 INFO [http-apr-8080-exec-4] com.sun.jersey.spi.spring.container.SpringComponentProviderFactory.registerSpringBeans Registering Spring bean, org.pentaho.platform.dataaccess.datasource.wizard.service.impl.MetadataDatasourceService#0, of type org.pentaho.platform.dataaccess.datasource.wizard.service.impl.MetadataDatasourceService as a root resource class
06-Nov-2018 14:24:35.080 INFO [http-apr-8080-exec-4] com.sun.jersey.spi.spring.container.SpringComponentProviderFactory.registerSpringBeans Registering Spring bean, org.pentaho.platform.dataaccess.datasource.wizard.service.impl.ConnectionService#0, of type org.pentaho.platform.dataaccess.datasource.wizard.service.impl.ConnectionService as a root resource class
06-Nov-2018 14:24:35.080 INFO [http-apr-8080-exec-4] com.sun.jersey.spi.spring.container.SpringComponentProviderFactory.registerSpringBeans Registering Spring bean, org.pentaho.platform.dataaccess.datasource.api.resources.DataSourceWizardResource#0, of type org.pentaho.platform.dataaccess.datasource.api.resources.DataSourceWizardResource as a root resource class
06-Nov-2018 14:24:35.080 INFO [http-apr-8080-exec-4] com.sun.jersey.spi.spring.container.SpringComponentProviderFactory.registerSpringBeans Registering Spring bean, org.pentaho.platform.dataaccess.datasource.api.resources.AnalysisResource#0, of type org.pentaho.platform.dataaccess.datasource.api.resources.AnalysisResource as a root resource class
06-Nov-2018 14:24:35.080 INFO [http-apr-8080-exec-4] com.sun.jersey.spi.spring.container.SpringComponentProviderFactory.registerSpringBeans Registering Spring bean, org.pentaho.platform.dataaccess.datasource.api.resources.MetadataResource#0, of type org.pentaho.platform.dataaccess.datasource.api.resources.MetadataResource as a root resource class
06-Nov-2018 14:24:35.080 INFO [http-apr-8080-exec-4] com.sun.jersey.spi.spring.container.SpringComponentProviderFactory.registerSpringBeans Registering Spring bean, org.pentaho.platform.dataaccess.datasource.api.resources.JDBCDatasourceResource#0, of type org.pentaho.platform.dataaccess.datasource.api.resources.JDBCDatasourceResource as a root resource class
06-Nov-2018 14:24:35.080 INFO [http-apr-8080-exec-4] com.sun.jersey.spi.spring.container.SpringComponentProviderFactory.registerSpringBeans Registering Spring bean, org.pentaho.platform.dataaccess.datasource.wizard.service.impl.DatabaseDialectService#0, of type org.pentaho.platform.dataaccess.datasource.wizard.service.impl.DatabaseDialectService as a root resource class
06-Nov-2018 14:24:35.081 INFO [http-apr-8080-exec-4] com.sun.jersey.spi.spring.container.SpringComponentProviderFactory.registerSpringBeans Registering Spring bean, org.pentaho.platform.dataaccess.datasource.wizard.service.impl.PentahoJAXBContextResolver#0, of type org.pentaho.platform.dataaccess.datasource.wizard.service.impl.PentahoJAXBContextResolver as a provider class
06-Nov-2018 14:24:35.081 INFO [http-apr-8080-exec-4] com.sun.jersey.spi.spring.container.SpringComponentProviderFactory.registerSpringBeans Registering Spring bean, org.pentaho.platform.dataaccess.datasource.wizard.service.impl.DataAccessPermissionResource#0, of type org.pentaho.platform.dataaccess.datasource.wizard.service.impl.DataAccessPermissionResource as a root resource class
06-Nov-2018 14:24:35.081 INFO [http-apr-8080-exec-4] com.sun.jersey.spi.spring.container.SpringComponentProviderFactory.registerSpringBeans Registering Spring bean, org.pentaho.platform.dataaccess.datasource.wizard.service.impl.DatabaseConnectionReaderWriter#0, of type org.pentaho.platform.dataaccess.datasource.wizard.service.impl.DatabaseConnectionReaderWriter as a provider class
06-Nov-2018 14:24:35.081 INFO [http-apr-8080-exec-4] com.sun.jersey.spi.spring.container.SpringComponentProviderFactory.registerSpringBeans Registering Spring bean, org.pentaho.platform.dataaccess.datasource.wizard.service.impl.DatabaseConnectionListReaderWriter#0, of type org.pentaho.platform.dataaccess.datasource.wizard.service.impl.DatabaseConnectionListReaderWriter as a provider class
06-Nov-2018 14:24:35.081 INFO [http-apr-8080-exec-4] com.sun.jersey.spi.spring.container.SpringComponentProviderFactory.registerSpringBeans Registering Spring bean, org.pentaho.platform.dataaccess.datasource.wizard.service.impl.DatabaseTypeReaderWriter#0, of type org.pentaho.platform.dataaccess.datasource.wizard.service.impl.DatabaseTypeReaderWriter as a provider class
06-Nov-2018 14:24:35.081 INFO [http-apr-8080-exec-4] com.sun.jersey.spi.spring.container.SpringComponentProviderFactory.registerSpringBeans Registering Spring bean, org.pentaho.platform.dataaccess.datasource.wizard.service.impl.DatabaseTypesListReaderWriter#0, of type org.pentaho.platform.dataaccess.datasource.wizard.service.impl.DatabaseTypesListReaderWriter as a provider class
06-Nov-2018 14:24:35.082 INFO [http-apr-8080-exec-4] com.sun.jersey.spi.spring.container.SpringComponentProviderFactory.registerSpringBeans Registering Spring bean, xml-metadataServiceDA/org.pentaho.platform.dataaccess.metadata.service.MetadataService, of type org.pentaho.platform.dataaccess.metadata.service.MetadataService as a root resource class
06-Nov-2018 14:24:35.082 INFO [http-apr-8080-exec-4] com.sun.jersey.spi.spring.container.SpringComponentProviderFactory.registerSpringBeans Registering Spring bean, gwt-metadataServiceDA/org.pentaho.platform.dataaccess.metadata.service.MetadataService, of type org.pentaho.platform.dataaccess.metadata.service.MetadataService as a root resource class
06-Nov-2018 14:24:35.082 INFO [http-apr-8080-exec-4] com.sun.jersey.server.impl.application.WebApplicationImpl._initiate Initiating Jersey application, version 'Jersey: 1.19.1 03/11/2016 02:42 PM'
06-Nov-2018 14:24:35.659 WARNING [http-apr-8080-exec-4] com.sun.jersey.spi.inject.Errors.processErrorMessages The following warnings have been detected with resource and/or provider classes:
  WARNING: A sub-resource method, public org.pentaho.platform.web.http.api.resources.JaxbList org.pentaho.platform.dataaccess.datasource.api.resources.JDBCDatasourceResource.getConnectionIDs(), with URI template, "/", is treated as a resource method
06-Nov-2018 14:24:35.661 INFO [http-apr-8080-exec-4] com.sun.jersey.spi.spring.container.SpringComponentProviderFactory.registerSpringBeans Registering Spring bean, sparkl.api, of type pt.webdetails.cpk.CpkApi as a root resource class
06-Nov-2018 14:24:35.661 INFO [http-apr-8080-exec-4] com.sun.jersey.server.impl.application.WebApplicationImpl._initiate Initiating Jersey application, version 'Jersey: 1.19.1 03/11/2016 02:42 PM'
06-Nov-2018 14:24:35.804 WARNING [http-apr-8080-exec-4] com.sun.jersey.spi.inject.Errors.processErrorMessages The following warnings have been detected with resource and/or provider classes:
  WARNING: A HTTP GET method, public void pt.webdetails.cpk.CpkApi.status(javax.servlet.http.HttpServletRequest,javax.servlet.http.HttpServletResponse,javax.ws.rs.core.HttpHeaders) throws org.dom4j.DocumentException,java.io.IOException, MUST return a non-void type.
  WARNING: A HTTP GET method, public void pt.webdetails.cpk.CpkApi.version(java.lang.String,javax.servlet.http.HttpServletResponse) throws java.io.IOException, MUST return a non-void type.
  WARNING: A HTTP GET method, public void pt.webdetails.cpk.CpkApi.reload(javax.servlet.http.HttpServletRequest,javax.servlet.http.HttpServletResponse,javax.ws.rs.core.HttpHeaders) throws org.dom4j.DocumentException,java.io.IOException, MUST return a non-void type.
  WARNING: A HTTP GET method, public void pt.webdetails.cpk.CpkApi.genericEndpointGet(java.lang.String,javax.servlet.http.HttpServletRequest,javax.servlet.http.HttpServletResponse,javax.ws.rs.core.HttpHeaders) throws java.lang.Exception, MUST return a non-void type.
  WARNING: A HTTP GET method, public void pt.webdetails.cpk.CpkApi.clearKettleResultsCache(), MUST return a non-void type.
  WARNING: A HTTP GET method, public void pt.webdetails.cpk.CpkApi.getSitemapJson(javax.servlet.http.HttpServletResponse) throws java.io.IOException, MUST return a non-void type.
  WARNING: A HTTP GET method, public void pt.webdetails.cpk.CpkApi.refreshGet(javax.servlet.http.HttpServletRequest,javax.servlet.http.HttpServletResponse,javax.ws.rs.core.HttpHeaders) throws org.dom4j.DocumentException,java.io.IOException, MUST return a non-void type.
  WARNING: A HTTP GET method, public void pt.webdetails.cpk.CpkApi.elementsList(javax.servlet.http.HttpServletRequest,javax.servlet.http.HttpServletResponse,javax.ws.rs.core.HttpHeaders) throws java.io.IOException, MUST return a non-void type.
  WARNING: A HTTP GET method, public void pt.webdetails.cpk.CpkApi.reloadPluginsGet() throws java.lang.Exception, MUST return a non-void type.
  WARNING: A HTTP GET method, public void pt.webdetails.cpk.CpkApi.defaultElement(javax.servlet.http.HttpServletResponse) throws java.io.IOException, MUST return a non-void type.
  WARNING: A HTTP GET method, public void pt.webdetails.cpk.CpkApi.listDataAccessTypes(javax.servlet.http.HttpServletResponse) throws java.lang.Exception, MUST return a non-void type.
06-Nov-2018 14:24:35.807 INFO [http-apr-8080-exec-4] com.sun.jersey.spi.spring.container.SpringComponentProviderFactory.registerSpringBeans Registering Spring bean, storage, of type org.pentaho.cdf.storage.StorageApi as a root resource class
06-Nov-2018 14:24:35.808 INFO [http-apr-8080-exec-4] com.sun.jersey.spi.spring.container.SpringComponentProviderFactory.registerSpringBeans Registering Spring bean, context, of type org.pentaho.cdf.context.ContextApi as a root resource class
06-Nov-2018 14:24:35.808 INFO [http-apr-8080-exec-4] com.sun.jersey.spi.spring.container.SpringComponentProviderFactory.registerSpringBeans Registering Spring bean, comments, of type org.pentaho.cdf.comments.CommentsApi as a root resource class
06-Nov-2018 14:24:35.808 INFO [http-apr-8080-exec-4] com.sun.jersey.spi.spring.container.SpringComponentProviderFactory.registerSpringBeans Registering Spring bean, settings, of type org.pentaho.cdf.settings.SettingsApi as a root resource class
06-Nov-2018 14:24:35.809 INFO [http-apr-8080-exec-4] com.sun.jersey.spi.spring.container.SpringComponentProviderFactory.registerSpringBeans Registering Spring bean, cdfResources, of type org.pentaho.cdf.ResourcesApi as a root resource class
06-Nov-2018 14:24:35.809 INFO [http-apr-8080-exec-4] com.sun.jersey.spi.spring.container.SpringComponentProviderFactory.registerSpringBeans Registering Spring bean, cdfApi, of type org.pentaho.cdf.CdfApi as a root resource class
06-Nov-2018 14:24:35.809 INFO [http-apr-8080-exec-4] com.sun.jersey.server.impl.application.WebApplicationImpl._initiate Initiating Jersey application, version 'Jersey: 1.19.1 03/11/2016 02:42 PM'
06-Nov-2018 14:24:35.996 WARNING [http-apr-8080-exec-4] com.sun.jersey.spi.inject.Errors.processErrorMessages The following warnings have been detected with resource and/or provider classes:
  WARNING: A HTTP GET method, public void org.pentaho.cdf.context.ContextApi.getConfig(java.lang.String,java.lang.String,javax.servlet.http.HttpServletRequest,javax.servlet.http.HttpServletResponse) throws java.io.IOException, MUST return a non-void type.
  WARNING: A HTTP GET method, public void org.pentaho.cdf.comments.CommentsApi.add(java.lang.String,java.lang.String,javax.servlet.http.HttpServletResponse,javax.servlet.http.HttpServletRequest), MUST return a non-void type.
  WARNING: A HTTP GET method, public void org.pentaho.cdf.comments.CommentsApi.delete(int,boolean,javax.servlet.http.HttpServletResponse,javax.servlet.http.HttpServletRequest) throws java.lang.Exception, MUST return a non-void type.
  WARNING: A HTTP GET method, public void org.pentaho.cdf.comments.CommentsApi.list(java.lang.String,int,int,boolean,boolean,javax.servlet.http.HttpServletResponse,javax.servlet.http.HttpServletRequest), MUST return a non-void type.
  WARNING: A HTTP GET method, public void org.pentaho.cdf.comments.CommentsApi.archive(int,boolean,javax.servlet.http.HttpServletResponse,javax.servlet.http.HttpServletRequest), MUST return a non-void type.
  WARNING: A HTTP GET method, public void org.pentaho.cdf.settings.SettingsApi.get(java.lang.String,javax.servlet.http.HttpServletRequest,javax.servlet.http.HttpServletResponse), MUST return a non-void type.
  WARNING: A HTTP GET method, public void org.pentaho.cdf.CdfApi.getResource(java.lang.String,java.lang.String,javax.servlet.http.HttpServletResponse) throws java.lang.Exception, MUST return a non-void type.
  WARNING: A HTTP GET method, public void org.pentaho.cdf.CdfApi.clearCache(javax.servlet.http.HttpServletResponse), MUST return a non-void type.
  WARNING: A HTTP GET method, public void org.pentaho.cdf.CdfApi.export(java.lang.String,java.lang.String,java.lang.String,java.lang.String,java.lang.String,javax.servlet.http.HttpServletRequest,javax.servlet.http.HttpServletResponse) throws java.lang.Exception, MUST return a non-void type.
  WARNING: A HTTP GET method, public void org.pentaho.cdf.CdfApi.getCdfEmbeddedContext(javax.servlet.http.HttpServletRequest,javax.servlet.http.HttpServletResponse) throws java.lang.Exception, MUST return a non-void type.
  WARNING: A HTTP GET method, public void org.pentaho.cdf.CdfApi.callAction(java.lang.String,java.lang.String,java.lang.String,java.lang.String,javax.servlet.http.HttpServletRequest,javax.servlet.http.HttpServletResponse) throws java.lang.Exception, MUST return a non-void type.
  WARNING: A HTTP GET method, public void org.pentaho.cdf.CdfApi.getJSONSolution(java.lang.String,java.lang.String,java.lang.String,int,boolean,java.lang.String,javax.servlet.http.HttpServletResponse) throws org.pentaho.cdf.InvalidCdfOperationException, MUST return a non-void type.
  WARNING: A HTTP GET method, public void org.pentaho.cdf.CdfApi.doGetViewAction(java.lang.String,java.lang.String,java.lang.String,java.lang.String,javax.servlet.http.HttpServletRequest,javax.servlet.http.HttpServletResponse) throws java.lang.Exception, MUST return a non-void type.
06-Nov-2018 14:24:36.000 INFO [http-apr-8080-exec-4] com.sun.jersey.spi.spring.container.SpringComponentProviderFactory.registerSpringBeans Registering Spring bean, org.pentaho.reporting.platform.plugin.JobManager#0, of type org.pentaho.reporting.platform.plugin.JobManager as a root resource class
06-Nov-2018 14:24:36.001 INFO [http-apr-8080-exec-4] com.sun.jersey.spi.spring.container.SpringComponentProviderFactory.registerSpringBeans Registering Spring bean, org.pentaho.reporting.platform.plugin.CacheManagerEndpoint#0, of type org.pentaho.reporting.platform.plugin.CacheManagerEndpoint as a root resource class
06-Nov-2018 14:24:36.002 INFO [http-apr-8080-exec-4] com.sun.jersey.server.impl.application.WebApplicationImpl._initiate Initiating Jersey application, version 'Jersey: 1.19.1 03/11/2016 02:42 PM'
