08-Nov-2018 12:33:12.917 INFO [http-apr-8080-exec-7] com.sun.jersey.spi.spring.container.SpringComponentProviderFactory.registerSpringBeans Registering Spring bean, cda.api, of type pt.webdetails.cda.CdaUtils as a root resource class
08-Nov-2018 12:33:12.919 INFO [http-apr-8080-exec-7] com.sun.jersey.spi.spring.container.SpringComponentProviderFactory.registerSpringBeans Registering Spring bean, CdaCacheMonitor, of type pt.webdetails.cda.cache.endpoints.CacheMonitorEndpoint as a root resource class
08-Nov-2018 12:33:12.919 INFO [http-apr-8080-exec-7] com.sun.jersey.spi.spring.container.SpringComponentProviderFactory.registerSpringBeans Registering Spring bean, CdaCacheScheduler, of type pt.webdetails.cda.cache.endpoints.CacheControllerEndpoint as a root resource class
08-Nov-2018 12:33:12.959 INFO [http-apr-8080-exec-7] com.sun.jersey.server.impl.application.WebApplicationImpl._initiate Initiating Jersey application, version 'Jersey: 1.19.1 03/11/2016 02:42 PM'
08-Nov-2018 12:33:14.722 WARNING [http-apr-8080-exec-7] com.sun.jersey.spi.inject.Errors.processErrorMessages The following warnings have been detected with resource and/or provider classes:
  WARNING: A HTTP GET method, public void pt.webdetails.cda.CdaUtils.getCdaList(java.lang.String,javax.servlet.http.HttpServletResponse,javax.servlet.http.HttpServletRequest) throws java.lang.Exception, MUST return a non-void type.
  WARNING: A HTTP GET method, public void pt.webdetails.cda.CdaUtils.unwrapQuery(java.lang.String,java.lang.String,javax.servlet.http.HttpServletResponse,javax.servlet.http.HttpServletRequest) throws javax.ws.rs.WebApplicationException, MUST return a non-void type.
08-Nov-2018 12:33:14.726 INFO [http-apr-8080-exec-7] com.sun.jersey.spi.spring.container.SpringComponentProviderFactory.registerSpringBeans Registering Spring bean, pt.webdetails.cgg.CggService#0, of type pt.webdetails.cgg.CggService as a root resource class
08-Nov-2018 12:33:14.726 INFO [http-apr-8080-exec-7] com.sun.jersey.server.impl.application.WebApplicationImpl._initiate Initiating Jersey application, version 'Jersey: 1.19.1 03/11/2016 02:42 PM'
08-Nov-2018 12:33:15.047 WARNING [http-apr-8080-exec-7] com.sun.jersey.spi.inject.Errors.processErrorMessages The following warnings have been detected with resource and/or provider classes:
  WARNING: A HTTP GET method, public void pt.webdetails.cgg.CggService.draw(java.lang.String,java.lang.String,java.lang.String,java.lang.String,java.lang.Long,java.lang.Long,javax.servlet.http.HttpServletResponse,javax.servlet.http.HttpServletRequest), MUST return a non-void type.
08-Nov-2018 12:33:15.050 INFO [http-apr-8080-exec-7] com.sun.jersey.spi.spring.container.SpringComponentProviderFactory.registerSpringBeans Registering Spring bean, datasources, of type pt.webdetails.cdf.dd.api.DatasourcesApi as a root resource class
08-Nov-2018 12:33:15.050 INFO [http-apr-8080-exec-7] com.sun.jersey.spi.spring.container.SpringComponentProviderFactory.registerSpringBeans Registering Spring bean, wcdf.editor, of type pt.webdetails.cdf.dd.api.EditorApi as a root resource class
08-Nov-2018 12:33:15.050 INFO [http-apr-8080-exec-7] com.sun.jersey.spi.spring.container.SpringComponentProviderFactory.registerSpringBeans Registering Spring bean, olap, of type pt.webdetails.cpf.olap.OlapApi as a root resource class
08-Nov-2018 12:33:15.050 INFO [http-apr-8080-exec-7] com.sun.jersey.spi.spring.container.SpringComponentProviderFactory.registerSpringBeans Registering Spring bean, plugins, of type pt.webdetails.cdf.dd.api.PluginsApi as a root resource class
08-Nov-2018 12:33:15.050 INFO [http-apr-8080-exec-7] com.sun.jersey.spi.spring.container.SpringComponentProviderFactory.registerSpringBeans Registering Spring bean, renderer, of type pt.webdetails.cdf.dd.api.RenderApi as a root resource class
08-Nov-2018 12:33:15.050 INFO [http-apr-8080-exec-7] com.sun.jersey.spi.spring.container.SpringComponentProviderFactory.registerSpringBeans Registering Spring bean, resourcesapi, of type pt.webdetails.cdf.dd.api.ResourcesApi as a root resource class
08-Nov-2018 12:33:15.051 INFO [http-apr-8080-exec-7] com.sun.jersey.spi.spring.container.SpringComponentProviderFactory.registerSpringBeans Registering Spring bean, syncronizer, of type pt.webdetails.cdf.dd.api.SyncronizerApi as a root resource class
08-Nov-2018 12:33:15.051 INFO [http-apr-8080-exec-7] com.sun.jersey.spi.spring.container.SpringComponentProviderFactory.registerSpringBeans Registering Spring bean, version, of type pt.webdetails.cdf.dd.api.VersionApi as a root resource class
08-Nov-2018 12:33:15.051 INFO [http-apr-8080-exec-7] com.sun.jersey.server.impl.application.WebApplicationImpl._initiate Initiating Jersey application, version 'Jersey: 1.19.1 03/11/2016 02:42 PM'
08-Nov-2018 12:33:15.594 WARNING [http-apr-8080-exec-7] com.sun.jersey.spi.inject.Errors.processErrorMessages The following warnings have been detected with resource and/or provider classes:
  WARNING: A HTTP GET method, public void pt.webdetails.cpf.olap.OlapApi.getCubes(javax.servlet.http.HttpServletResponse) throws java.io.IOException,org.json.JSONException, MUST return a non-void type.
  WARNING: A HTTP GET method, public void pt.webdetails.cpf.olap.OlapApi.getCubeStructure(java.lang.String,java.lang.String,java.lang.String,javax.servlet.http.HttpServletResponse) throws java.io.IOException,org.json.JSONException, MUST return a non-void type.
  WARNING: A HTTP GET method, public void pt.webdetails.cpf.olap.OlapApi.getLevelMembersStructure(java.lang.String,java.lang.String,java.lang.String,java.lang.String,javax.servlet.http.HttpServletResponse) throws java.io.IOException,org.json.JSONException, MUST return a non-void type.
  WARNING: A HTTP GET method, public void pt.webdetails.cpf.olap.OlapApi.getPaginatedLevelMembers(java.lang.String,java.lang.String,java.lang.String,java.lang.String,java.lang.String,java.lang.String,long,long,javax.servlet.http.HttpServletResponse) throws java.io.IOException,org.json.JSONException, MUST return a non-void type.
  WARNING: A HTTP GET method, public void pt.webdetails.cdf.dd.api.ResourcesApi.getResource(java.lang.String,javax.servlet.http.HttpServletResponse) throws java.io.IOException, MUST return a non-void type.
  WARNING: A HTTP GET method, public void pt.webdetails.cdf.dd.api.ResourcesApi.res(java.lang.String,java.lang.String,javax.servlet.http.HttpServletResponse) throws java.lang.Exception, MUST return a non-void type.
  WARNING: A HTTP GET method, public void pt.webdetails.cdf.dd.api.ResourcesApi.resource(java.lang.String,javax.servlet.http.HttpServletResponse) throws java.lang.Exception, MUST return a non-void type.
  WARNING: A HTTP GET method, public void pt.webdetails.cdf.dd.api.ResourcesApi.getCssResource(java.lang.String,java.lang.String,javax.servlet.http.HttpServletResponse) throws java.io.IOException, MUST return a non-void type.
  WARNING: A HTTP GET method, public void pt.webdetails.cdf.dd.api.ResourcesApi.getJsResource(java.lang.String,java.lang.String,javax.servlet.http.HttpServletResponse) throws java.io.IOException, MUST return a non-void type.
  WARNING: A HTTP GET method, public void pt.webdetails.cdf.dd.api.ResourcesApi.getUntypedResource(java.lang.String,java.lang.String,javax.servlet.http.HttpServletResponse) throws java.io.IOException, MUST return a non-void type.
  WARNING: A HTTP GET method, public void pt.webdetails.cdf.dd.api.ResourcesApi.getImage(java.lang.String,java.lang.String,javax.servlet.http.HttpServletResponse) throws java.io.IOException, MUST return a non-void type.
  WARNING: A HTTP GET method, public void pt.webdetails.cdf.dd.api.SyncronizerApi.syncStyles(javax.servlet.http.HttpServletResponse) throws java.io.IOException,pt.webdetails.cdf.dd.DashboardDesignerException,org.json.JSONException, MUST return a non-void type.
  WARNING: A HTTP GET method, public void pt.webdetails.cdf.dd.api.VersionApi.checkVersion(javax.servlet.http.HttpServletResponse) throws java.io.IOException,org.json.JSONException, MUST return a non-void type.
08-Nov-2018 12:33:15.608 INFO [http-apr-8080-exec-7] com.sun.jersey.spi.spring.container.SpringComponentProviderFactory.registerSpringBeans Registering Spring bean, com.pentaho.di.revision.RevisionResource#0, of type com.pentaho.di.revision.RevisionResource as a root resource class
08-Nov-2018 12:33:15.608 INFO [http-apr-8080-exec-7] com.sun.jersey.spi.spring.container.SpringComponentProviderFactory.registerSpringBeans Registering Spring bean, com.pentaho.di.purge.PurgeResource#0, of type com.pentaho.di.purge.PurgeResource as a root resource class
08-Nov-2018 12:33:15.609 INFO [http-apr-8080-exec-7] com.sun.jersey.server.impl.application.WebApplicationImpl._initiate Initiating Jersey application, version 'Jersey: 1.19.1 03/11/2016 02:42 PM'
08-Nov-2018 12:33:15.882 INFO [http-apr-8080-exec-7] com.sun.jersey.spi.spring.container.SpringComponentProviderFactory.registerSpringBeans Registering Spring bean, org.pentaho.platform.dataaccess.datasource.wizard.service.impl.PlatformStagingDatabaseResource#0, of type org.pentaho.platform.dataaccess.datasource.wizard.service.impl.PlatformStagingDatabaseResource as a root resource class
08-Nov-2018 12:33:15.885 INFO [http-apr-8080-exec-7] com.sun.jersey.spi.spring.container.SpringComponentProviderFactory.registerSpringBeans Registering Spring bean, org.pentaho.platform.dataaccess.datasource.wizard.service.impl.DatasourceResource#0, of type org.pentaho.platform.dataaccess.datasource.wizard.service.impl.DatasourceResource as a root resource class
08-Nov-2018 12:33:15.885 INFO [http-apr-8080-exec-7] com.sun.jersey.spi.spring.container.SpringComponentProviderFactory.registerSpringBeans Registering Spring bean, org.pentaho.platform.dataaccess.datasource.wizard.service.impl.AnalysisDatasourceService#0, of type org.pentaho.platform.dataaccess.datasource.wizard.service.impl.AnalysisDatasourceService as a root resource class
08-Nov-2018 12:33:15.886 INFO [http-apr-8080-exec-7] com.sun.jersey.spi.spring.container.SpringComponentProviderFactory.registerSpringBeans Registering Spring bean, org.pentaho.platform.dataaccess.datasource.wizard.service.impl.MetadataDatasourceService#0, of type org.pentaho.platform.dataaccess.datasource.wizard.service.impl.MetadataDatasourceService as a root resource class
08-Nov-2018 12:33:15.886 INFO [http-apr-8080-exec-7] com.sun.jersey.spi.spring.container.SpringComponentProviderFactory.registerSpringBeans Registering Spring bean, org.pentaho.platform.dataaccess.datasource.wizard.service.impl.ConnectionService#0, of type org.pentaho.platform.dataaccess.datasource.wizard.service.impl.ConnectionService as a root resource class
08-Nov-2018 12:33:15.886 INFO [http-apr-8080-exec-7] com.sun.jersey.spi.spring.container.SpringComponentProviderFactory.registerSpringBeans Registering Spring bean, org.pentaho.platform.dataaccess.datasource.api.resources.DataSourceWizardResource#0, of type org.pentaho.platform.dataaccess.datasource.api.resources.DataSourceWizardResource as a root resource class
08-Nov-2018 12:33:15.886 INFO [http-apr-8080-exec-7] com.sun.jersey.spi.spring.container.SpringComponentProviderFactory.registerSpringBeans Registering Spring bean, org.pentaho.platform.dataaccess.datasource.api.resources.AnalysisResource#0, of type org.pentaho.platform.dataaccess.datasource.api.resources.AnalysisResource as a root resource class
08-Nov-2018 12:33:15.886 INFO [http-apr-8080-exec-7] com.sun.jersey.spi.spring.container.SpringComponentProviderFactory.registerSpringBeans Registering Spring bean, org.pentaho.platform.dataaccess.datasource.api.resources.MetadataResource#0, of type org.pentaho.platform.dataaccess.datasource.api.resources.MetadataResource as a root resource class
08-Nov-2018 12:33:15.886 INFO [http-apr-8080-exec-7] com.sun.jersey.spi.spring.container.SpringComponentProviderFactory.registerSpringBeans Registering Spring bean, org.pentaho.platform.dataaccess.datasource.api.resources.JDBCDatasourceResource#0, of type org.pentaho.platform.dataaccess.datasource.api.resources.JDBCDatasourceResource as a root resource class
08-Nov-2018 12:33:15.886 INFO [http-apr-8080-exec-7] com.sun.jersey.spi.spring.container.SpringComponentProviderFactory.registerSpringBeans Registering Spring bean, org.pentaho.platform.dataaccess.datasource.wizard.service.impl.DatabaseDialectService#0, of type org.pentaho.platform.dataaccess.datasource.wizard.service.impl.DatabaseDialectService as a root resource class
08-Nov-2018 12:33:15.887 INFO [http-apr-8080-exec-7] com.sun.jersey.spi.spring.container.SpringComponentProviderFactory.registerSpringBeans Registering Spring bean, org.pentaho.platform.dataaccess.datasource.wizard.service.impl.PentahoJAXBContextResolver#0, of type org.pentaho.platform.dataaccess.datasource.wizard.service.impl.PentahoJAXBContextResolver as a provider class
08-Nov-2018 12:33:15.887 INFO [http-apr-8080-exec-7] com.sun.jersey.spi.spring.container.SpringComponentProviderFactory.registerSpringBeans Registering Spring bean, org.pentaho.platform.dataaccess.datasource.wizard.service.impl.DataAccessPermissionResource#0, of type org.pentaho.platform.dataaccess.datasource.wizard.service.impl.DataAccessPermissionResource as a root resource class
08-Nov-2018 12:33:15.887 INFO [http-apr-8080-exec-7] com.sun.jersey.spi.spring.container.SpringComponentProviderFactory.registerSpringBeans Registering Spring bean, org.pentaho.platform.dataaccess.datasource.wizard.service.impl.DatabaseConnectionReaderWriter#0, of type org.pentaho.platform.dataaccess.datasource.wizard.service.impl.DatabaseConnectionReaderWriter as a provider class
08-Nov-2018 12:33:15.887 INFO [http-apr-8080-exec-7] com.sun.jersey.spi.spring.container.SpringComponentProviderFactory.registerSpringBeans Registering Spring bean, org.pentaho.platform.dataaccess.datasource.wizard.service.impl.DatabaseConnectionListReaderWriter#0, of type org.pentaho.platform.dataaccess.datasource.wizard.service.impl.DatabaseConnectionListReaderWriter as a provider class
08-Nov-2018 12:33:15.887 INFO [http-apr-8080-exec-7] com.sun.jersey.spi.spring.container.SpringComponentProviderFactory.registerSpringBeans Registering Spring bean, org.pentaho.platform.dataaccess.datasource.wizard.service.impl.DatabaseTypeReaderWriter#0, of type org.pentaho.platform.dataaccess.datasource.wizard.service.impl.DatabaseTypeReaderWriter as a provider class
08-Nov-2018 12:33:15.887 INFO [http-apr-8080-exec-7] com.sun.jersey.spi.spring.container.SpringComponentProviderFactory.registerSpringBeans Registering Spring bean, org.pentaho.platform.dataaccess.datasource.wizard.service.impl.DatabaseTypesListReaderWriter#0, of type org.pentaho.platform.dataaccess.datasource.wizard.service.impl.DatabaseTypesListReaderWriter as a provider class
08-Nov-2018 12:33:15.887 INFO [http-apr-8080-exec-7] com.sun.jersey.spi.spring.container.SpringComponentProviderFactory.registerSpringBeans Registering Spring bean, xml-metadataServiceDA/org.pentaho.platform.dataaccess.metadata.service.MetadataService, of type org.pentaho.platform.dataaccess.metadata.service.MetadataService as a root resource class
08-Nov-2018 12:33:15.887 INFO [http-apr-8080-exec-7] com.sun.jersey.spi.spring.container.SpringComponentProviderFactory.registerSpringBeans Registering Spring bean, gwt-metadataServiceDA/org.pentaho.platform.dataaccess.metadata.service.MetadataService, of type org.pentaho.platform.dataaccess.metadata.service.MetadataService as a root resource class
08-Nov-2018 12:33:15.888 INFO [http-apr-8080-exec-7] com.sun.jersey.server.impl.application.WebApplicationImpl._initiate Initiating Jersey application, version 'Jersey: 1.19.1 03/11/2016 02:42 PM'
08-Nov-2018 12:33:17.130 WARNING [http-apr-8080-exec-7] com.sun.jersey.spi.inject.Errors.processErrorMessages The following warnings have been detected with resource and/or provider classes:
  WARNING: A sub-resource method, public org.pentaho.platform.web.http.api.resources.JaxbList org.pentaho.platform.dataaccess.datasource.api.resources.JDBCDatasourceResource.getConnectionIDs(), with URI template, "/", is treated as a resource method
08-Nov-2018 12:33:17.134 INFO [http-apr-8080-exec-7] com.sun.jersey.spi.spring.container.SpringComponentProviderFactory.registerSpringBeans Registering Spring bean, sparkl.api, of type pt.webdetails.cpk.CpkApi as a root resource class
08-Nov-2018 12:33:17.134 INFO [http-apr-8080-exec-7] com.sun.jersey.server.impl.application.WebApplicationImpl._initiate Initiating Jersey application, version 'Jersey: 1.19.1 03/11/2016 02:42 PM'
08-Nov-2018 12:33:17.406 WARNING [http-apr-8080-exec-7] com.sun.jersey.spi.inject.Errors.processErrorMessages The following warnings have been detected with resource and/or provider classes:
  WARNING: A HTTP GET method, public void pt.webdetails.cpk.CpkApi.status(javax.servlet.http.HttpServletRequest,javax.servlet.http.HttpServletResponse,javax.ws.rs.core.HttpHeaders) throws org.dom4j.DocumentException,java.io.IOException, MUST return a non-void type.
  WARNING: A HTTP GET method, public void pt.webdetails.cpk.CpkApi.version(java.lang.String,javax.servlet.http.HttpServletResponse) throws java.io.IOException, MUST return a non-void type.
  WARNING: A HTTP GET method, public void pt.webdetails.cpk.CpkApi.reload(javax.servlet.http.HttpServletRequest,javax.servlet.http.HttpServletResponse,javax.ws.rs.core.HttpHeaders) throws org.dom4j.DocumentException,java.io.IOException, MUST return a non-void type.
  WARNING: A HTTP GET method, public void pt.webdetails.cpk.CpkApi.listDataAccessTypes(javax.servlet.http.HttpServletResponse) throws java.lang.Exception, MUST return a non-void type.
  WARNING: A HTTP GET method, public void pt.webdetails.cpk.CpkApi.defaultElement(javax.servlet.http.HttpServletResponse) throws java.io.IOException, MUST return a non-void type.
  WARNING: A HTTP GET method, public void pt.webdetails.cpk.CpkApi.refreshGet(javax.servlet.http.HttpServletRequest,javax.servlet.http.HttpServletResponse,javax.ws.rs.core.HttpHeaders) throws org.dom4j.DocumentException,java.io.IOException, MUST return a non-void type.
  WARNING: A HTTP GET method, public void pt.webdetails.cpk.CpkApi.getSitemapJson(javax.servlet.http.HttpServletResponse) throws java.io.IOException, MUST return a non-void type.
  WARNING: A HTTP GET method, public void pt.webdetails.cpk.CpkApi.elementsList(javax.servlet.http.HttpServletRequest,javax.servlet.http.HttpServletResponse,javax.ws.rs.core.HttpHeaders) throws java.io.IOException, MUST return a non-void type.
  WARNING: A HTTP GET method, public void pt.webdetails.cpk.CpkApi.reloadPluginsGet() throws java.lang.Exception, MUST return a non-void type.
  WARNING: A HTTP GET method, public void pt.webdetails.cpk.CpkApi.genericEndpointGet(java.lang.String,javax.servlet.http.HttpServletRequest,javax.servlet.http.HttpServletResponse,javax.ws.rs.core.HttpHeaders) throws java.lang.Exception, MUST return a non-void type.
  WARNING: A HTTP GET method, public void pt.webdetails.cpk.CpkApi.clearKettleResultsCache(), MUST return a non-void type.
08-Nov-2018 12:33:17.408 INFO [http-apr-8080-exec-7] com.sun.jersey.spi.spring.container.SpringComponentProviderFactory.registerSpringBeans Registering Spring bean, storage, of type org.pentaho.cdf.storage.StorageApi as a root resource class
08-Nov-2018 12:33:17.409 INFO [http-apr-8080-exec-7] com.sun.jersey.spi.spring.container.SpringComponentProviderFactory.registerSpringBeans Registering Spring bean, context, of type org.pentaho.cdf.context.ContextApi as a root resource class
08-Nov-2018 12:33:17.409 INFO [http-apr-8080-exec-7] com.sun.jersey.spi.spring.container.SpringComponentProviderFactory.registerSpringBeans Registering Spring bean, comments, of type org.pentaho.cdf.comments.CommentsApi as a root resource class
08-Nov-2018 12:33:17.409 INFO [http-apr-8080-exec-7] com.sun.jersey.spi.spring.container.SpringComponentProviderFactory.registerSpringBeans Registering Spring bean, settings, of type org.pentaho.cdf.settings.SettingsApi as a root resource class
08-Nov-2018 12:33:17.409 INFO [http-apr-8080-exec-7] com.sun.jersey.spi.spring.container.SpringComponentProviderFactory.registerSpringBeans Registering Spring bean, cdfResources, of type org.pentaho.cdf.ResourcesApi as a root resource class
08-Nov-2018 12:33:17.409 INFO [http-apr-8080-exec-7] com.sun.jersey.spi.spring.container.SpringComponentProviderFactory.registerSpringBeans Registering Spring bean, cdfApi, of type org.pentaho.cdf.CdfApi as a root resource class
08-Nov-2018 12:33:17.409 INFO [http-apr-8080-exec-7] com.sun.jersey.server.impl.application.WebApplicationImpl._initiate Initiating Jersey application, version 'Jersey: 1.19.1 03/11/2016 02:42 PM'
08-Nov-2018 12:33:17.778 WARNING [http-apr-8080-exec-7] com.sun.jersey.spi.inject.Errors.processErrorMessages The following warnings have been detected with resource and/or provider classes:
  WARNING: A HTTP GET method, public void org.pentaho.cdf.context.ContextApi.getConfig(java.lang.String,java.lang.String,javax.servlet.http.HttpServletRequest,javax.servlet.http.HttpServletResponse) throws java.io.IOException, MUST return a non-void type.
  WARNING: A HTTP GET method, public void org.pentaho.cdf.comments.CommentsApi.add(java.lang.String,java.lang.String,javax.servlet.http.HttpServletResponse,javax.servlet.http.HttpServletRequest), MUST return a non-void type.
  WARNING: A HTTP GET method, public void org.pentaho.cdf.comments.CommentsApi.delete(int,boolean,javax.servlet.http.HttpServletResponse,javax.servlet.http.HttpServletRequest) throws java.lang.Exception, MUST return a non-void type.
  WARNING: A HTTP GET method, public void org.pentaho.cdf.comments.CommentsApi.list(java.lang.String,int,int,boolean,boolean,javax.servlet.http.HttpServletResponse,javax.servlet.http.HttpServletRequest), MUST return a non-void type.
  WARNING: A HTTP GET method, public void org.pentaho.cdf.comments.CommentsApi.archive(int,boolean,javax.servlet.http.HttpServletResponse,javax.servlet.http.HttpServletRequest), MUST return a non-void type.
  WARNING: A HTTP GET method, public void org.pentaho.cdf.settings.SettingsApi.get(java.lang.String,javax.servlet.http.HttpServletRequest,javax.servlet.http.HttpServletResponse), MUST return a non-void type.
  WARNING: A HTTP GET method, public void org.pentaho.cdf.CdfApi.getResource(java.lang.String,java.lang.String,javax.servlet.http.HttpServletResponse) throws java.lang.Exception, MUST return a non-void type.
  WARNING: A HTTP GET method, public void org.pentaho.cdf.CdfApi.export(java.lang.String,java.lang.String,java.lang.String,java.lang.String,java.lang.String,javax.servlet.http.HttpServletRequest,javax.servlet.http.HttpServletResponse) throws java.lang.Exception, MUST return a non-void type.
  WARNING: A HTTP GET method, public void org.pentaho.cdf.CdfApi.clearCache(javax.servlet.http.HttpServletResponse), MUST return a non-void type.
  WARNING: A HTTP GET method, public void org.pentaho.cdf.CdfApi.callAction(java.lang.String,java.lang.String,java.lang.String,java.lang.String,javax.servlet.http.HttpServletRequest,javax.servlet.http.HttpServletResponse) throws java.lang.Exception, MUST return a non-void type.
  WARNING: A HTTP GET method, public void org.pentaho.cdf.CdfApi.getJSONSolution(java.lang.String,java.lang.String,java.lang.String,int,boolean,java.lang.String,javax.servlet.http.HttpServletResponse) throws org.pentaho.cdf.InvalidCdfOperationException, MUST return a non-void type.
  WARNING: A HTTP GET method, public void org.pentaho.cdf.CdfApi.doGetViewAction(java.lang.String,java.lang.String,java.lang.String,java.lang.String,javax.servlet.http.HttpServletRequest,javax.servlet.http.HttpServletResponse) throws java.lang.Exception, MUST return a non-void type.
  WARNING: A HTTP GET method, public void org.pentaho.cdf.CdfApi.getCdfEmbeddedContext(javax.servlet.http.HttpServletRequest,javax.servlet.http.HttpServletResponse) throws java.lang.Exception, MUST return a non-void type.
08-Nov-2018 12:33:17.782 INFO [http-apr-8080-exec-7] com.sun.jersey.spi.spring.container.SpringComponentProviderFactory.registerSpringBeans Registering Spring bean, org.pentaho.reporting.platform.plugin.JobManager#0, of type org.pentaho.reporting.platform.plugin.JobManager as a root resource class
08-Nov-2018 12:33:17.782 INFO [http-apr-8080-exec-7] com.sun.jersey.spi.spring.container.SpringComponentProviderFactory.registerSpringBeans Registering Spring bean, org.pentaho.reporting.platform.plugin.CacheManagerEndpoint#0, of type org.pentaho.reporting.platform.plugin.CacheManagerEndpoint as a root resource class
08-Nov-2018 12:33:17.789 INFO [http-apr-8080-exec-7] com.sun.jersey.server.impl.application.WebApplicationImpl._initiate Initiating Jersey application, version 'Jersey: 1.19.1 03/11/2016 02:42 PM'
08-Nov-2018 12:33:22.656 INFO [http-apr-8080-exec-3] com.sun.xml.ws.server.MonitorBase.createRoot Metro monitoring rootname successfully set to: com.sun.metro:pp=/,type=WSEndpoint,name=/pentaho-unifiedRepository-unifiedRepositoryPort
08-Nov-2018 12:33:23.675 INFO [http-apr-8080-exec-3] com.sun.xml.ws.server.MonitorBase.createRoot Metro monitoring rootname successfully set to: com.sun.metro:pp=/,type=WSEndpoint,name=/pentaho-repositorySync-repositorySyncPort
08-Nov-2018 12:33:23.961 INFO [http-apr-8080-exec-3] com.sun.xml.ws.server.MonitorBase.createRoot Metro monitoring rootname successfully set to: com.sun.metro:pp=/,type=WSEndpoint,name=/pentaho-datasourceMgmtService-datasourceMgmtServicePort
08-Nov-2018 12:33:24.558 INFO [http-apr-8080-exec-3] com.sun.xml.ws.server.MonitorBase.createRoot Metro monitoring rootname successfully set to: com.sun.metro:pp=/,type=WSEndpoint,name=/pentaho-userRoleService-userRoleServicePort
08-Nov-2018 12:33:24.790 INFO [http-apr-8080-exec-3] com.sun.xml.ws.server.MonitorBase.createRoot Metro monitoring rootname successfully set to: com.sun.metro:pp=/,type=WSEndpoint,name=/pentaho-userRoleListService-userRoleListServicePort
08-Nov-2018 12:33:25.144 INFO [http-apr-8080-exec-3] com.sun.xml.ws.server.MonitorBase.createRoot Metro monitoring rootname successfully set to: com.sun.metro:pp=/,type=WSEndpoint,name=/pentaho-authorizationPolicy-authorizationPolicyPort
08-Nov-2018 12:33:25.791 INFO [http-apr-8080-exec-3] com.sun.xml.ws.server.MonitorBase.createRoot Metro monitoring rootname successfully set to: com.sun.metro:pp=/,type=WSEndpoint,name=/pentaho-roleBindingDao-roleBindingDaoPort
08-Nov-2018 12:33:26.790 INFO [http-apr-8080-exec-3] com.sun.xml.ws.server.MonitorBase.createRoot Metro monitoring rootname successfully set to: com.sun.metro:pp=/,type=WSEndpoint,name=/pentaho-Scheduler-SchedulerPort
08-Nov-2018 12:33:27.216 INFO [http-apr-8080-exec-3] com.sun.jersey.spi.spring.container.SpringComponentProviderFactory.registerSpringBeans Registering Spring bean, org.pentaho.platform.web.http.api.resources.JAXBContextResolver#0, of type org.pentaho.platform.web.http.api.resources.JAXBContextResolver as a provider class
08-Nov-2018 12:33:27.220 INFO [http-apr-8080-exec-3] com.sun.jersey.spi.spring.container.SpringComponentProviderFactory.registerSpringBeans Registering Spring bean, org.pentaho.platform.web.http.api.resources.RootResource#0, of type org.pentaho.platform.web.http.api.resources.RootResource as a root resource class
08-Nov-2018 12:33:27.226 INFO [http-apr-8080-exec-3] com.sun.jersey.spi.spring.container.SpringComponentProviderFactory.registerSpringBeans Registering Spring bean, org.pentaho.platform.web.http.api.resources.DirectoryResource#0, of type org.pentaho.platform.web.http.api.resources.DirectoryResource as a root resource class
08-Nov-2018 12:33:27.227 INFO [http-apr-8080-exec-3] com.sun.jersey.spi.spring.container.SpringComponentProviderFactory.registerSpringBeans Registering Spring bean, org.pentaho.platform.web.http.api.resources.UserRoleDaoResource#0, of type org.pentaho.platform.web.http.api.resources.UserRoleDaoResource as a root resource class
08-Nov-2018 12:33:27.228 INFO [http-apr-8080-exec-3] com.sun.jersey.spi.spring.container.SpringComponentProviderFactory.registerSpringBeans Registering Spring bean, org.pentaho.platform.web.http.api.resources.UserRoleListResource#0, of type org.pentaho.platform.web.http.api.resources.UserRoleListResource as a root resource class
08-Nov-2018 12:33:27.229 INFO [http-apr-8080-exec-3] com.sun.jersey.spi.spring.container.SpringComponentProviderFactory.registerSpringBeans Registering Spring bean, org.pentaho.platform.web.http.api.resources.FileResource#0, of type org.pentaho.platform.web.http.api.resources.FileResource as a root resource class
08-Nov-2018 12:33:27.230 INFO [http-apr-8080-exec-3] com.sun.jersey.spi.spring.container.SpringComponentProviderFactory.registerSpringBeans Registering Spring bean, org.pentaho.platform.web.http.api.resources.EmailResource#0, of type org.pentaho.platform.web.http.api.resources.EmailResource as a root resource class
08-Nov-2018 12:33:27.231 INFO [http-apr-8080-exec-3] com.sun.jersey.spi.spring.container.SpringComponentProviderFactory.registerSpringBeans Registering Spring bean, org.pentaho.platform.web.http.api.resources.SessionResource#0, of type org.pentaho.platform.web.http.api.resources.SessionResource as a root resource class
08-Nov-2018 12:33:27.232 INFO [http-apr-8080-exec-3] com.sun.jersey.spi.spring.container.SpringComponentProviderFactory.registerSpringBeans Registering Spring bean, org.pentaho.platform.web.http.api.resources.SchedulerResource#0, of type org.pentaho.platform.web.http.api.resources.SchedulerResource as a root resource class
08-Nov-2018 12:33:27.233 INFO [http-apr-8080-exec-3] com.sun.jersey.spi.spring.container.SpringComponentProviderFactory.registerSpringBeans Registering Spring bean, org.pentaho.platform.web.http.api.resources.RepositoryResource#0, of type org.pentaho.platform.web.http.api.resources.RepositoryResource as a root resource class
08-Nov-2018 12:33:27.235 INFO [http-apr-8080-exec-3] com.sun.jersey.spi.spring.container.SpringComponentProviderFactory.registerSpringBeans Registering Spring bean, org.pentaho.platform.web.http.api.resources.RepositoryImportResource#0, of type org.pentaho.platform.web.http.api.resources.RepositoryImportResource as a root resource class
08-Nov-2018 12:33:27.236 INFO [http-apr-8080-exec-3] com.sun.jersey.spi.spring.container.SpringComponentProviderFactory.registerSpringBeans Registering Spring bean, org.pentaho.platform.web.http.api.resources.PluginResource#0, of type org.pentaho.platform.web.http.api.resources.PluginResource as a root resource class
08-Nov-2018 12:33:27.236 INFO [http-apr-8080-exec-3] com.sun.jersey.spi.spring.container.SpringComponentProviderFactory.registerSpringBeans Registering Spring bean, org.pentaho.platform.web.http.api.resources.PluginManagerResource#0, of type org.pentaho.platform.web.http.api.resources.PluginManagerResource as a root resource class
08-Nov-2018 12:33:27.236 INFO [http-apr-8080-exec-3] com.sun.jersey.spi.spring.container.SpringComponentProviderFactory.registerSpringBeans Registering Spring bean, org.pentaho.platform.web.http.api.resources.SystemPermissionsResource#0, of type org.pentaho.platform.web.http.api.resources.SystemPermissionsResource as a root resource class
08-Nov-2018 12:33:27.236 INFO [http-apr-8080-exec-3] com.sun.jersey.spi.spring.container.SpringComponentProviderFactory.registerSpringBeans Registering Spring bean, org.pentaho.platform.web.http.api.resources.SystemUsersResource#0, of type org.pentaho.platform.web.http.api.resources.SystemUsersResource as a root resource class
08-Nov-2018 12:33:27.236 INFO [http-apr-8080-exec-3] com.sun.jersey.spi.spring.container.SpringComponentProviderFactory.registerSpringBeans Registering Spring bean, org.pentaho.platform.web.http.api.resources.SystemRolesResource#0, of type org.pentaho.platform.web.http.api.resources.SystemRolesResource as a root resource class
08-Nov-2018 12:33:27.237 INFO [http-apr-8080-exec-3] com.sun.jersey.spi.spring.container.SpringComponentProviderFactory.registerSpringBeans Registering Spring bean, org.pentaho.platform.web.http.api.resources.SystemResource#0, of type org.pentaho.platform.web.http.api.resources.SystemResource as a root resource class
08-Nov-2018 12:33:27.237 INFO [http-apr-8080-exec-3] com.sun.jersey.spi.spring.container.SpringComponentProviderFactory.registerSpringBeans Registering Spring bean, org.pentaho.platform.web.http.api.resources.GeneratorStreamingOutputProvider#0, of type org.pentaho.platform.web.http.api.resources.GeneratorStreamingOutputProvider as a provider class
08-Nov-2018 12:33:27.238 INFO [http-apr-8080-exec-3] com.sun.jersey.spi.spring.container.SpringComponentProviderFactory.registerSpringBeans Registering Spring bean, org.pentaho.platform.web.http.api.resources.ThemeResource#0, of type org.pentaho.platform.web.http.api.resources.ThemeResource as a root resource class
08-Nov-2018 12:33:27.238 INFO [http-apr-8080-exec-3] com.sun.jersey.spi.spring.container.SpringComponentProviderFactory.registerSpringBeans Registering Spring bean, org.pentaho.platform.web.http.api.resources.SystemRefreshResource#0, of type org.pentaho.platform.web.http.api.resources.SystemRefreshResource as a root resource class
08-Nov-2018 12:33:27.238 INFO [http-apr-8080-exec-3] com.sun.jersey.spi.spring.container.SpringComponentProviderFactory.registerSpringBeans Registering Spring bean, org.pentaho.platform.web.http.api.resources.VersionResource#0, of type org.pentaho.platform.web.http.api.resources.VersionResource as a root resource class
08-Nov-2018 12:33:27.238 INFO [http-apr-8080-exec-3] com.sun.jersey.spi.spring.container.SpringComponentProviderFactory.registerSpringBeans Registering Spring bean, org.pentaho.platform.web.http.api.resources.UserConsoleResource#0, of type org.pentaho.platform.web.http.api.resources.UserConsoleResource as a root resource class
08-Nov-2018 12:33:27.238 INFO [http-apr-8080-exec-3] com.sun.jersey.spi.spring.container.SpringComponentProviderFactory.registerSpringBeans Registering Spring bean, org.pentaho.platform.web.http.api.resources.UserSettingsResource#0, of type org.pentaho.platform.web.http.api.resources.UserSettingsResource as a root resource class
08-Nov-2018 12:33:27.238 INFO [http-apr-8080-exec-3] com.sun.jersey.spi.spring.container.SpringComponentProviderFactory.registerSpringBeans Registering Spring bean, org.pentaho.platform.web.http.api.resources.RepositoryPublishResource#0, of type org.pentaho.platform.web.http.api.resources.RepositoryPublishResource as a root resource class
08-Nov-2018 12:33:27.239 INFO [http-apr-8080-exec-3] com.sun.jersey.spi.spring.container.SpringComponentProviderFactory.registerSpringBeans Registering Spring bean, org.pentaho.platform.web.http.api.resources.AuthorizationActionResource#0, of type org.pentaho.platform.web.http.api.resources.AuthorizationActionResource as a root resource class
08-Nov-2018 12:33:27.239 INFO [http-apr-8080-exec-3] com.sun.jersey.spi.spring.container.SpringComponentProviderFactory.registerSpringBeans Registering Spring bean, org.pentaho.platform.web.http.api.resources.PasswordResource#0, of type org.pentaho.platform.web.http.api.resources.PasswordResource as a root resource class
08-Nov-2018 12:33:27.239 INFO [http-apr-8080-exec-3] com.sun.jersey.spi.spring.container.SpringComponentProviderFactory.registerSpringBeans Registering Spring bean, org.pentaho.platform.web.http.api.resources.ServiceResource#0, of type org.pentaho.platform.web.http.api.resources.ServiceResource as a root resource class
08-Nov-2018 12:33:27.239 INFO [http-apr-8080-exec-3] com.sun.jersey.server.impl.application.WebApplicationImpl._initiate Initiating Jersey application, version 'Jersey: 1.19.1 03/11/2016 02:42 PM'
08-Nov-2018 12:33:27.748 WARNING [http-apr-8080-exec-3] com.sun.jersey.spi.inject.Errors.processErrorMessages The following warnings have been detected with resource and/or provider classes:
  WARNING: A HTTP GET method, public javax.ws.rs.core.Response org.pentaho.platform.web.http.api.resources.EmailResource.deleteEmailConfig(org.pentaho.platform.plugin.services.email.EmailConfiguration), should not consume any entity.
