01-Mar-2019 13:54:39.393 INFO [main] org.apache.catalina.startup.VersionLoggerListener.log Server version:        Apache Tomcat/8.0.43
01-Mar-2019 13:54:39.860 INFO [main] org.apache.catalina.startup.VersionLoggerListener.log Server built:          Mar 28 2017 14:42:59 UTC
01-Mar-2019 13:54:39.861 INFO [main] org.apache.catalina.startup.VersionLoggerListener.log Server number:         8.0.43.0
01-Mar-2019 13:54:39.861 INFO [main] org.apache.catalina.startup.VersionLoggerListener.log OS Name:               Windows 7
01-Mar-2019 13:54:39.861 INFO [main] org.apache.catalina.startup.VersionLoggerListener.log OS Version:            6.1
01-Mar-2019 13:54:39.861 INFO [main] org.apache.catalina.startup.VersionLoggerListener.log Architecture:          amd64
01-Mar-2019 13:54:39.861 INFO [main] org.apache.catalina.startup.VersionLoggerListener.log Java Home:             C:\Program Files\Java\jdk1.8.0_161\jre
01-Mar-2019 13:54:39.861 INFO [main] org.apache.catalina.startup.VersionLoggerListener.log JVM Version:           1.8.0_161-b12
01-Mar-2019 13:54:39.861 INFO [main] org.apache.catalina.startup.VersionLoggerListener.log JVM Vendor:            Oracle Corporation
01-Mar-2019 13:54:39.862 INFO [main] org.apache.catalina.startup.VersionLoggerListener.log CATALINA_BASE:         C:\Alex\Pentaho_src\pentaho-server71CleanWithDataSource\pentaho-server\tomcat
01-Mar-2019 13:54:39.862 INFO [main] org.apache.catalina.startup.VersionLoggerListener.log CATALINA_HOME:         C:\Alex\Pentaho_src\pentaho-server71CleanWithDataSource\pentaho-server\tomcat
01-Mar-2019 13:54:39.862 INFO [main] org.apache.catalina.startup.VersionLoggerListener.log Command line argument: -Djava.util.logging.config.file=C:\Alex\Pentaho_src\pentaho-server71CleanWithDataSource\pentaho-server\tomcat\conf\logging.properties
01-Mar-2019 13:54:39.862 INFO [main] org.apache.catalina.startup.VersionLoggerListener.log Command line argument: -Djava.util.logging.manager=org.apache.juli.ClassLoaderLogManager
01-Mar-2019 13:54:39.862 INFO [main] org.apache.catalina.startup.VersionLoggerListener.log Command line argument: -Djdk.tls.ephemeralDHKeySize=2048
01-Mar-2019 13:54:39.863 INFO [main] org.apache.catalina.startup.VersionLoggerListener.log Command line argument: -Djava.protocol.handler.pkgs=org.apache.catalina.webresources
01-Mar-2019 13:54:39.863 INFO [main] org.apache.catalina.startup.VersionLoggerListener.log Command line argument: -Xms512m
01-Mar-2019 13:54:39.863 INFO [main] org.apache.catalina.startup.VersionLoggerListener.log Command line argument: -Xmx3000m
01-Mar-2019 13:54:39.865 INFO [main] org.apache.catalina.startup.VersionLoggerListener.log Command line argument: -XX:+UseG1GC
01-Mar-2019 13:54:39.865 INFO [main] org.apache.catalina.startup.VersionLoggerListener.log Command line argument: -XX:MaxGCPauseMillis=500
01-Mar-2019 13:54:39.865 INFO [main] org.apache.catalina.startup.VersionLoggerListener.log Command line argument: -Dfile.encoding=utf8
01-Mar-2019 13:54:39.865 INFO [main] org.apache.catalina.startup.VersionLoggerListener.log Command line argument: -DDI_HOME=C:\Alex\Pentaho_src\pentaho-server71CleanWithDataSource\pentaho-server\pentaho-solutions\system\kettle
01-Mar-2019 13:54:39.866 INFO [main] org.apache.catalina.startup.VersionLoggerListener.log Command line argument: -Djava.endorsed.dirs=C:\Alex\Pentaho_src\pentaho-server71CleanWithDataSource\pentaho-server\tomcat\endorsed
01-Mar-2019 13:54:39.866 INFO [main] org.apache.catalina.startup.VersionLoggerListener.log Command line argument: -Dcatalina.base=C:\Alex\Pentaho_src\pentaho-server71CleanWithDataSource\pentaho-server\tomcat
01-Mar-2019 13:54:39.866 INFO [main] org.apache.catalina.startup.VersionLoggerListener.log Command line argument: -Dcatalina.home=C:\Alex\Pentaho_src\pentaho-server71CleanWithDataSource\pentaho-server\tomcat
01-Mar-2019 13:54:39.866 INFO [main] org.apache.catalina.startup.VersionLoggerListener.log Command line argument: -Djava.io.tmpdir=C:\Alex\Pentaho_src\pentaho-server71CleanWithDataSource\pentaho-server\tomcat\temp
01-Mar-2019 13:54:39.866 INFO [main] org.apache.catalina.core.AprLifecycleListener.lifecycleEvent Loaded APR based Apache Tomcat Native library 1.2.12 using APR version 1.5.2.
01-Mar-2019 13:54:39.867 INFO [main] org.apache.catalina.core.AprLifecycleListener.lifecycleEvent APR capabilities: IPv6 [true], sendfile [true], accept filters [false], random [true].
01-Mar-2019 13:54:41.433 INFO [main] org.apache.catalina.core.AprLifecycleListener.initializeSSL OpenSSL successfully initialized (OpenSSL 1.0.2k  26 Jan 2017)
01-Mar-2019 13:54:51.293 INFO [main] org.apache.coyote.AbstractProtocol.init Initializing ProtocolHandler ["http-apr-8080"]
01-Mar-2019 13:54:51.616 INFO [main] org.apache.coyote.AbstractProtocol.init Initializing ProtocolHandler ["ajp-apr-8009"]
01-Mar-2019 13:54:51.618 INFO [main] org.apache.catalina.startup.Catalina.load Initialization processed in 35875 ms
01-Mar-2019 13:54:52.348 INFO [main] org.apache.catalina.core.StandardService.startInternal Starting service Catalina
01-Mar-2019 13:54:52.349 INFO [main] org.apache.catalina.core.StandardEngine.startInternal Starting Servlet Engine: Apache Tomcat/8.0.43
01-Mar-2019 13:54:52.600 INFO [localhost-startStop-1] org.apache.catalina.startup.HostConfig.deployDirectory Deploying web application directory C:\Alex\Pentaho_src\pentaho-server71CleanWithDataSource\pentaho-server\tomcat\webapps\pentaho
01-Mar-2019 13:54:53.566 WARNING [localhost-startStop-1] org.apache.catalina.startup.SetContextPropertiesRule.begin [SetContextPropertiesRule]{Context} Setting property 'docbase' to 'webapps/pentaho/' did not find a matching property.
01-Mar-2019 14:02:51.327 INFO [localhost-startStop-1] org.apache.jasper.servlet.TldScanner.scanJars At least one JAR was scanned for TLDs yet contained no TLDs. Enable debug logging for this logger for a complete list of JARs that were scanned but no TLDs were found in them. Skipping unneeded JARs during scanning can improve startup time and JSP compilation time.
01-Mar-2019 14:02:56.218 INFO [HSQLDB Server @7b1542cc] org.hsqldb.persist.Logger.logInfoEvent checkpointClose start
01-Mar-2019 14:02:56.992 INFO [HSQLDB Server @7b1542cc] org.hsqldb.persist.Logger.logInfoEvent checkpointClose end
01-Mar-2019 14:02:57.423 INFO [HSQLDB Server @7b1542cc] org.hsqldb.persist.Logger.logInfoEvent dataFileCache open start
01-Mar-2019 14:02:57.493 INFO [HSQLDB Server @7b1542cc] org.hsqldb.persist.Logger.logInfoEvent dataFileCache open end
01-Mar-2019 14:04:20.298 INFO [Thread-9] org.apache.karaf.main.Main$KarafLockCallback.lockAquired Lock acquired. Setting startlevel to 100
01-Mar-2019 14:05:11.640 INFO [FelixStartLevel] org.apache.cxf.bus.blueprint.NamespaceHandlerRegisterer.register Registered blueprint namespace handler for http://cxf.apache.org/blueprint/core
01-Mar-2019 14:05:11.643 INFO [FelixStartLevel] org.apache.cxf.bus.blueprint.NamespaceHandlerRegisterer.register Registered blueprint namespace handler for http://cxf.apache.org/configuration/beans
01-Mar-2019 14:05:11.644 INFO [FelixStartLevel] org.apache.cxf.bus.blueprint.NamespaceHandlerRegisterer.register Registered blueprint namespace handler for http://cxf.apache.org/configuration/parameterized-types
01-Mar-2019 14:05:11.653 INFO [FelixStartLevel] org.apache.cxf.bus.blueprint.NamespaceHandlerRegisterer.register Registered blueprint namespace handler for http://cxf.apache.org/configuration/security
01-Mar-2019 14:05:11.665 INFO [FelixStartLevel] org.apache.cxf.bus.blueprint.NamespaceHandlerRegisterer.register Registered blueprint namespace handler for http://schemas.xmlsoap.org/wsdl/
01-Mar-2019 14:05:11.677 INFO [FelixStartLevel] org.apache.cxf.bus.blueprint.NamespaceHandlerRegisterer.register Registered blueprint namespace handler for http://www.w3.org/2005/08/addressing
01-Mar-2019 14:05:11.682 INFO [FelixStartLevel] org.apache.cxf.bus.blueprint.NamespaceHandlerRegisterer.register Registered blueprint namespace handler for http://schemas.xmlsoap.org/ws/2004/08/addressing
01-Mar-2019 14:05:11.708 INFO [FelixStartLevel] org.apache.cxf.bus.osgi.CXFExtensionBundleListener.addExtensions Adding the extensions from bundle org.apache.cxf.cxf-rt-management (76) [org.apache.cxf.management.InstrumentationManager]
01-Mar-2019 14:05:11.818 INFO [FelixStartLevel] org.apache.cxf.bus.osgi.CXFExtensionBundleListener.addExtensions Adding the extensions from bundle org.apache.cxf.cxf-rt-wsdl (79) [org.apache.cxf.wsdl.WSDLManager]
01-Mar-2019 14:05:11.827 INFO [FelixStartLevel] org.apache.cxf.bus.osgi.CXFExtensionBundleListener.addExtensions Adding the extensions from bundle org.apache.cxf.cxf-rt-bindings-xml (81) [org.apache.cxf.binding.xml.XMLBindingFactory, org.apache.cxf.binding.xml.wsdl11.XMLWSDLExtensionLoader]
01-Mar-2019 14:05:11.835 INFO [FelixStartLevel] org.apache.cxf.bus.osgi.CXFExtensionBundleListener.addExtensions Adding the extensions from bundle org.apache.cxf.cxf-rt-bindings-soap (82) [org.apache.cxf.binding.soap.SoapBindingFactory, org.apache.cxf.binding.soap.SoapTransportFactory]
01-Mar-2019 14:05:11.924 INFO [FelixStartLevel] org.apache.cxf.bus.blueprint.NamespaceHandlerRegisterer.register Registered blueprint namespace handler for http://cxf.apache.org/blueprint/bindings/soap
01-Mar-2019 14:05:11.966 INFO [FelixStartLevel] org.apache.cxf.bus.osgi.CXFExtensionBundleListener.addExtensions Adding the extensions from bundle org.apache.cxf.cxf-rt-ws-policy (103) [org.apache.cxf.ws.policy.PolicyEngine, org.apache.cxf.policy.PolicyDataEngine, org.apache.cxf.ws.policy.AssertionBuilderRegistry, org.apache.cxf.ws.policy.PolicyInterceptorProviderRegistry, org.apache.cxf.ws.policy.PolicyBuilder, org.apache.cxf.ws.policy.PolicyAnnotationListener, org.apache.cxf.ws.policy.attachment.ServiceModelPolicyProvider, org.apache.cxf.ws.policy.attachment.external.DomainExpressionBuilderRegistry, org.apache.cxf.ws.policy.attachment.external.EndpointReferenceDomainExpressionBuilder, org.apache.cxf.ws.policy.attachment.external.URIDomainExpressionBuilder, org.apache.cxf.ws.policy.attachment.wsdl11.Wsdl11AttachmentPolicyProvider, org.apache.cxf.ws.policy.mtom.MTOMAssertionBuilder, org.apache.cxf.ws.policy.mtom.MTOMPolicyInterceptorProvider]
01-Mar-2019 14:05:11.985 INFO [FelixStartLevel] org.apache.cxf.bus.osgi.CXFExtensionBundleListener.addExtensions Adding the extensions from bundle org.apache.cxf.cxf-rt-transports-http (86) [org.apache.cxf.transport.http.HTTPTransportFactory, org.apache.cxf.transport.http.HTTPWSDLExtensionLoader, org.apache.cxf.transport.http.policy.HTTPClientAssertionBuilder, org.apache.cxf.transport.http.policy.HTTPServerAssertionBuilder, org.apache.cxf.transport.http.policy.NoOpPolicyInterceptorProvider]
01-Mar-2019 14:05:13.583 INFO [FelixStartLevel] org.apache.cxf.bus.blueprint.NamespaceHandlerRegisterer.register Registered blueprint namespace handler for http://cxf.apache.org/transports/http/configuration
01-Mar-2019 14:05:13.609 INFO [FelixStartLevel] org.apache.cxf.bus.blueprint.NamespaceHandlerRegisterer.register Registered blueprint namespace handler for http://cxf.apache.org/blueprint/simple
01-Mar-2019 14:05:13.664 INFO [FelixStartLevel] org.apache.cxf.bus.osgi.CXFExtensionBundleListener.addExtensions Adding the extensions from bundle org.apache.cxf.cxf-rt-frontend-jaxws (88) [org.apache.cxf.jaxws.context.WebServiceContextResourceResolver]
01-Mar-2019 14:05:13.800 INFO [FelixStartLevel] org.apache.cxf.bus.blueprint.NamespaceHandlerRegisterer.register Registered blueprint namespace handler for http://cxf.apache.org/blueprint/jaxws
01-Mar-2019 14:05:13.939 INFO [FelixStartLevel] org.apache.cxf.bus.blueprint.NamespaceHandlerRegisterer.register Registered blueprint namespace handler for http://cxf.apache.org/blueprint/jaxrs
01-Mar-2019 14:05:14.015 INFO [FelixStartLevel] org.apache.cxf.bus.blueprint.NamespaceHandlerRegisterer.register Registered blueprint namespace handler for http://cxf.apache.org/blueprint/jaxrs-client
01-Mar-2019 14:05:14.030 INFO [FelixStartLevel] org.apache.cxf.bus.blueprint.NamespaceHandlerRegisterer.register Registered blueprint namespace handler for http://cxf.apache.org/binding/coloc
01-Mar-2019 14:05:14.034 INFO [FelixStartLevel] org.apache.cxf.bus.osgi.CXFExtensionBundleListener.addExtensions Adding the extensions from bundle org.apache.cxf.cxf-rt-transports-local (99) [org.apache.cxf.transport.local.LocalTransportFactory]
01-Mar-2019 14:05:14.044 INFO [FelixStartLevel] org.apache.cxf.bus.osgi.CXFExtensionBundleListener.addExtensions Adding the extensions from bundle org.apache.cxf.cxf-rt-bindings-object (100) [org.apache.cxf.binding.object.ObjectBindingFactory]
01-Mar-2019 14:05:14.048 INFO [FelixStartLevel] org.apache.cxf.bus.blueprint.NamespaceHandlerRegisterer.register Registered blueprint namespace handler for http://cxf.apache.org/blueprint/binding/object
01-Mar-2019 14:05:14.097 INFO [FelixStartLevel] org.apache.cxf.bus.blueprint.NamespaceHandlerRegisterer.register Registered blueprint namespace handler for http://cxf.apache.org/policy
01-Mar-2019 14:05:14.098 INFO [FelixStartLevel] org.apache.cxf.bus.blueprint.NamespaceHandlerRegisterer.register Registered blueprint namespace handler for http://www.w3.org/ns/ws-policy
01-Mar-2019 14:05:14.100 INFO [FelixStartLevel] org.apache.cxf.bus.blueprint.NamespaceHandlerRegisterer.register Registered blueprint namespace handler for http://www.w3.org/2006/07/ws-policy
01-Mar-2019 14:05:14.101 INFO [FelixStartLevel] org.apache.cxf.bus.blueprint.NamespaceHandlerRegisterer.register Registered blueprint namespace handler for http://schemas.xmlsoap.org/ws/2004/09/policy
01-Mar-2019 14:05:14.104 INFO [FelixStartLevel] org.apache.cxf.bus.blueprint.NamespaceHandlerRegisterer.register Registered blueprint namespace handler for http://docs.oasis-open.org/wss/2004/01/oasis-200401-wss-wssecurity-secext-1.0.xsd
01-Mar-2019 14:05:14.108 INFO [FelixStartLevel] org.apache.cxf.bus.blueprint.NamespaceHandlerRegisterer.register Registered blueprint namespace handler for http://docs.oasis-open.org/wss/2004/01/oasis-200401-wss-wssecurity-utility-1.0.xsd
01-Mar-2019 14:05:14.110 INFO [FelixStartLevel] org.apache.cxf.bus.blueprint.NamespaceHandlerRegisterer.register Registered blueprint namespace handler for http://www.w3.org/2000/09/xmldsig#
01-Mar-2019 14:05:14.117 INFO [FelixStartLevel] org.apache.cxf.bus.blueprint.NamespaceHandlerRegisterer.register Registered blueprint namespace handler for http://docs.oasis-open.org/ws-sx/ws-securitypolicy/200702
01-Mar-2019 14:05:14.126 INFO [FelixStartLevel] org.apache.cxf.bus.osgi.CXFExtensionBundleListener.addExtensions Adding the extensions from bundle org.apache.cxf.cxf-rt-ws-addr (120) [org.apache.cxf.ws.addressing.policy.AddressingAssertionBuilder, org.apache.cxf.ws.addressing.policy.UsingAddressingAssertionBuilder, org.apache.cxf.ws.addressing.policy.AddressingPolicyInterceptorProvider, org.apache.cxf.ws.addressing.impl.AddressingWSDLExtensionLoader, org.apache.cxf.ws.addressing.WSAddressingFeature$WSAddressingFeatureApplier, org.apache.cxf.ws.addressing.MAPAggregator$MAPAggregatorLoader]
01-Mar-2019 14:05:14.131 INFO [FelixStartLevel] org.apache.cxf.bus.blueprint.NamespaceHandlerRegisterer.register Registered blueprint namespace handler for http://cxf.apache.org/ws/addressing
01-Mar-2019 14:05:14.182 INFO [FelixStartLevel] org.apache.cxf.bus.osgi.CXFExtensionBundleListener.addExtensions Adding the extensions from bundle org.apache.cxf.cxf-rt-ws-security (122) [org.apache.cxf.ws.security.policy.WSSecurityPolicyLoader, org.apache.cxf.ws.security.cache.CacheCleanupListener]
01-Mar-2019 14:05:14.202 INFO [FelixStartLevel] org.apache.cxf.bus.osgi.CXFExtensionBundleListener.addExtensions Adding the extensions from bundle org.apache.cxf.cxf-rt-ws-rm (124) [org.apache.cxf.ws.rm.RMManager, org.apache.cxf.ws.rm.policy.RMPolicyInterceptorProvider, org.apache.cxf.ws.rm.policy.RM10AssertionBuilder, org.apache.cxf.ws.rm.policy.RM12AssertionBuilder, org.apache.cxf.ws.rm.policy.WSRMP12PolicyLoader, org.apache.cxf.ws.rm.policy.MC11PolicyLoader, org.apache.cxf.ws.rm.policy.RSPPolicyLoader]
01-Mar-2019 14:05:14.233 INFO [FelixStartLevel] org.apache.cxf.bus.blueprint.NamespaceHandlerRegisterer.register Registered blueprint namespace handler for http://cxf.apache.org/ws/rm/manager
01-Mar-2019 14:05:14.238 INFO [FelixStartLevel] org.apache.cxf.bus.blueprint.NamespaceHandlerRegisterer.register Registered blueprint namespace handler for http://schemas.xmlsoap.org/ws/2005/02/rm/policy
01-Mar-2019 14:05:14.244 INFO [FelixStartLevel] org.apache.cxf.bus.osgi.CXFExtensionBundleListener.addExtensions Adding the extensions from bundle org.apache.cxf.cxf-rt-javascript (125) [org.apache.cxf.javascript.JavascriptServerListener]
01-Mar-2019 14:05:21.402 INFO [FelixStartLevel] org.pentaho.caching.impl.PentahoCacheManagerFactory$RegistrationHandler$1.onSuccess New Caching Service registered
01-Mar-2019 14:05:21.405 INFO [FelixStartLevel] org.pentaho.caching.impl.PentahoCacheManagerFactory$RegistrationHandler$1.onSuccess New Caching Service registered
01-Mar-2019 14:05:21.406 INFO [FelixStartLevel] org.pentaho.caching.impl.PentahoCacheManagerFactory$RegistrationHandler$1.onSuccess New Caching Service registered
01-Mar-2019 14:06:18.787 INFO [FelixStartLevel] org.apache.cxf.management.jmx.InstrumentationManagerImpl.registerMBeanWithServer registering MBean org.apache.cxf:bus.id=marketplaceImplBus,type=Bus,instance.id=1626239656: org.apache.cxf.bus.ManagedBus@605febd3
01-Mar-2019 14:06:19.412 INFO [FelixStartLevel] org.apache.cxf.management.jmx.InstrumentationManagerImpl.registerMBeanWithServer registering MBean org.apache.cxf:bus.id=marketplaceImplBus,type=Bus,instance.id=1626239656: javax.management.modelmbean.RequiredModelMBean@5669ef6e
01-Mar-2019 14:06:19.415 INFO [FelixStartLevel] org.apache.cxf.management.jmx.InstrumentationManagerImpl.init registered org.apache.cxf:bus.id=marketplaceImplBus,type=Bus,instance.id=1626239656
01-Mar-2019 14:06:19.422 INFO [FelixStartLevel] org.apache.cxf.management.jmx.InstrumentationManagerImpl.registerMBeanWithServer registering MBean org.apache.cxf:bus.id=marketplaceImplBus,WorkQueueManager=Bus.WorkQueueManager,type=WorkQueueManager,instance.id=310836566: org.apache.cxf.bus.managers.WorkQueueManagerImplMBeanWrapper@5e3cd7c3
01-Mar-2019 14:06:19.440 INFO [FelixStartLevel] org.apache.cxf.management.jmx.InstrumentationManagerImpl.registerMBeanWithServer registering MBean org.apache.cxf:bus.id=marketplaceImplBus,WorkQueueManager=Bus.WorkQueueManager,type=WorkQueueManager,instance.id=310836566: javax.management.modelmbean.RequiredModelMBean@72f1da85
01-Mar-2019 14:06:27.172 INFO [FelixStartLevel] org.apache.cxf.endpoint.ServerImpl.initDestination Setting the server's publish address to be /marketplace
01-Mar-2019 14:06:27.843 INFO [FelixStartLevel] org.apache.cxf.management.jmx.InstrumentationManagerImpl.registerMBeanWithServer registering MBean org.apache.cxf:bus.id=marketplaceImplBus,type=Bus.Service.Endpoint,service="{http://endpoints.marketplace.pentaho.org/}MarketplaceService",port="MarketplaceService",instance.id=1455725721: org.apache.cxf.endpoint.ManagedEndpoint@224c4ce7
01-Mar-2019 14:06:27.849 INFO [FelixStartLevel] org.apache.cxf.management.jmx.InstrumentationManagerImpl.registerMBeanWithServer registering MBean org.apache.cxf:bus.id=marketplaceImplBus,type=Bus.Service.Endpoint,service="{http://endpoints.marketplace.pentaho.org/}MarketplaceService",port="MarketplaceService",instance.id=1455725721: javax.management.modelmbean.RequiredModelMBean@3e26cbdc
01-Mar-2019 14:06:29.490 INFO [FelixStartLevel] org.apache.cxf.management.jmx.InstrumentationManagerImpl.registerMBeanWithServer registering MBean org.apache.cxf:bus.id=pentaho-metaverse-web-cxf692071948,type=Bus,instance.id=692071948: org.apache.cxf.bus.ManagedBus@2a101a3e
01-Mar-2019 14:06:29.492 INFO [FelixStartLevel] org.apache.cxf.management.jmx.InstrumentationManagerImpl.registerMBeanWithServer registering MBean org.apache.cxf:bus.id=pentaho-metaverse-web-cxf692071948,type=Bus,instance.id=692071948: javax.management.modelmbean.RequiredModelMBean@2c6fa45a
01-Mar-2019 14:06:29.492 INFO [FelixStartLevel] org.apache.cxf.management.jmx.InstrumentationManagerImpl.init registered org.apache.cxf:bus.id=pentaho-metaverse-web-cxf692071948,type=Bus,instance.id=692071948
01-Mar-2019 14:06:29.493 INFO [FelixStartLevel] org.apache.cxf.management.jmx.InstrumentationManagerImpl.registerMBeanWithServer registering MBean org.apache.cxf:bus.id=pentaho-metaverse-web-cxf692071948,WorkQueueManager=Bus.WorkQueueManager,type=WorkQueueManager,instance.id=646402977: org.apache.cxf.bus.managers.WorkQueueManagerImplMBeanWrapper@e1f3933
01-Mar-2019 14:06:29.494 INFO [FelixStartLevel] org.apache.cxf.management.jmx.InstrumentationManagerImpl.registerMBeanWithServer registering MBean org.apache.cxf:bus.id=pentaho-metaverse-web-cxf692071948,WorkQueueManager=Bus.WorkQueueManager,type=WorkQueueManager,instance.id=646402977: javax.management.modelmbean.RequiredModelMBean@24f41324
01-Mar-2019 14:06:30.130 INFO [FelixStartLevel] org.apache.cxf.endpoint.ServerImpl.initDestination Setting the server's publish address to be /lineage
01-Mar-2019 14:06:30.130 INFO [FelixStartLevel] org.apache.cxf.management.jmx.InstrumentationManagerImpl.registerMBeanWithServer registering MBean org.apache.cxf:bus.id=pentaho-metaverse-web-cxf692071948,type=Bus.Service.Endpoint,service="{http://service.metaverse.pentaho.org/}MetaverseService",port="MetaverseService",instance.id=361367107: org.apache.cxf.endpoint.ManagedEndpoint@66f48c6e
01-Mar-2019 14:06:30.132 INFO [FelixStartLevel] org.apache.cxf.management.jmx.InstrumentationManagerImpl.registerMBeanWithServer registering MBean org.apache.cxf:bus.id=pentaho-metaverse-web-cxf692071948,type=Bus.Service.Endpoint,service="{http://service.metaverse.pentaho.org/}MetaverseService",port="MetaverseService",instance.id=361367107: javax.management.modelmbean.RequiredModelMBean@5f84c5c8
01-Mar-2019 14:09:45.948 INFO [localhost-startStop-1] org.apache.catalina.startup.HostConfig.deployDirectory Deployment of web application directory C:\Alex\Pentaho_src\pentaho-server71CleanWithDataSource\pentaho-server\tomcat\webapps\pentaho has finished in 893,344 ms
01-Mar-2019 14:09:45.951 INFO [localhost-startStop-1] org.apache.catalina.startup.HostConfig.deployDirectory Deploying web application directory C:\Alex\Pentaho_src\pentaho-server71CleanWithDataSource\pentaho-server\tomcat\webapps\pentaho-style
01-Mar-2019 14:09:50.236 INFO [localhost-startStop-1] org.apache.jasper.servlet.TldScanner.scanJars At least one JAR was scanned for TLDs yet contained no TLDs. Enable debug logging for this logger for a complete list of JARs that were scanned but no TLDs were found in them. Skipping unneeded JARs during scanning can improve startup time and JSP compilation time.
01-Mar-2019 14:09:50.243 INFO [localhost-startStop-1] org.apache.catalina.startup.HostConfig.deployDirectory Deployment of web application directory C:\Alex\Pentaho_src\pentaho-server71CleanWithDataSource\pentaho-server\tomcat\webapps\pentaho-style has finished in 4,292 ms
01-Mar-2019 14:09:50.248 INFO [localhost-startStop-1] org.apache.catalina.startup.HostConfig.deployDirectory Deploying web application directory C:\Alex\Pentaho_src\pentaho-server71CleanWithDataSource\pentaho-server\tomcat\webapps\ROOT
01-Mar-2019 14:09:53.705 INFO [localhost-startStop-1] org.apache.jasper.servlet.TldScanner.scanJars At least one JAR was scanned for TLDs yet contained no TLDs. Enable debug logging for this logger for a complete list of JARs that were scanned but no TLDs were found in them. Skipping unneeded JARs during scanning can improve startup time and JSP compilation time.
01-Mar-2019 14:09:53.713 INFO [localhost-startStop-1] org.apache.catalina.startup.HostConfig.deployDirectory Deployment of web application directory C:\Alex\Pentaho_src\pentaho-server71CleanWithDataSource\pentaho-server\tomcat\webapps\ROOT has finished in 3,465 ms
01-Mar-2019 14:09:53.719 INFO [localhost-startStop-1] org.apache.catalina.startup.HostConfig.deployDirectory Deploying web application directory C:\Alex\Pentaho_src\pentaho-server71CleanWithDataSource\pentaho-server\tomcat\webapps\sw-style
01-Mar-2019 14:09:56.522 INFO [localhost-startStop-1] org.apache.jasper.servlet.TldScanner.scanJars At least one JAR was scanned for TLDs yet contained no TLDs. Enable debug logging for this logger for a complete list of JARs that were scanned but no TLDs were found in them. Skipping unneeded JARs during scanning can improve startup time and JSP compilation time.
01-Mar-2019 14:09:56.527 INFO [localhost-startStop-1] org.apache.catalina.startup.HostConfig.deployDirectory Deployment of web application directory C:\Alex\Pentaho_src\pentaho-server71CleanWithDataSource\pentaho-server\tomcat\webapps\sw-style has finished in 2,808 ms
01-Mar-2019 14:09:56.537 INFO [main] org.apache.coyote.AbstractProtocol.start Starting ProtocolHandler ["http-apr-8080"]
01-Mar-2019 14:09:56.606 INFO [main] org.apache.coyote.AbstractProtocol.start Starting ProtocolHandler ["ajp-apr-8009"]
01-Mar-2019 14:09:56.713 INFO [main] org.apache.catalina.startup.Catalina.start Server startup in 905955 ms
01-Mar-2019 14:21:22.025 INFO [http-apr-8080-exec-8] com.sun.jersey.spi.spring.container.SpringComponentProviderFactory.registerSpringBeans Registering Spring bean, cda.api, of type pt.webdetails.cda.CdaUtils as a root resource class
01-Mar-2019 14:21:22.088 INFO [http-apr-8080-exec-8] com.sun.jersey.spi.spring.container.SpringComponentProviderFactory.registerSpringBeans Registering Spring bean, CdaCacheMonitor, of type pt.webdetails.cda.cache.endpoints.CacheMonitorEndpoint as a root resource class
01-Mar-2019 14:21:22.103 INFO [http-apr-8080-exec-8] com.sun.jersey.spi.spring.container.SpringComponentProviderFactory.registerSpringBeans Registering Spring bean, CdaCacheScheduler, of type pt.webdetails.cda.cache.endpoints.CacheControllerEndpoint as a root resource class
01-Mar-2019 14:21:22.117 INFO [http-apr-8080-exec-8] com.sun.jersey.server.impl.application.WebApplicationImpl._initiate Initiating Jersey application, version 'Jersey: 1.19.1 03/11/2016 02:42 PM'
01-Mar-2019 14:21:24.169 WARNING [http-apr-8080-exec-8] com.sun.jersey.spi.inject.Errors.processErrorMessages The following warnings have been detected with resource and/or provider classes:
  WARNING: A HTTP GET method, public void pt.webdetails.cda.CdaUtils.unwrapQuery(java.lang.String,java.lang.String,javax.servlet.http.HttpServletResponse,javax.servlet.http.HttpServletRequest) throws javax.ws.rs.WebApplicationException, MUST return a non-void type.
  WARNING: A HTTP GET method, public void pt.webdetails.cda.CdaUtils.getCdaList(java.lang.String,javax.servlet.http.HttpServletResponse,javax.servlet.http.HttpServletRequest) throws java.lang.Exception, MUST return a non-void type.
01-Mar-2019 14:21:24.190 INFO [http-apr-8080-exec-8] com.sun.jersey.spi.spring.container.SpringComponentProviderFactory.registerSpringBeans Registering Spring bean, pt.webdetails.cgg.CggService#0, of type pt.webdetails.cgg.CggService as a root resource class
01-Mar-2019 14:21:24.197 INFO [http-apr-8080-exec-8] com.sun.jersey.server.impl.application.WebApplicationImpl._initiate Initiating Jersey application, version 'Jersey: 1.19.1 03/11/2016 02:42 PM'
01-Mar-2019 14:21:24.548 WARNING [http-apr-8080-exec-8] com.sun.jersey.spi.inject.Errors.processErrorMessages The following warnings have been detected with resource and/or provider classes:
  WARNING: A HTTP GET method, public void pt.webdetails.cgg.CggService.draw(java.lang.String,java.lang.String,java.lang.String,java.lang.String,java.lang.Long,java.lang.Long,javax.servlet.http.HttpServletResponse,javax.servlet.http.HttpServletRequest), MUST return a non-void type.
01-Mar-2019 14:21:24.570 INFO [http-apr-8080-exec-8] com.sun.jersey.spi.spring.container.SpringComponentProviderFactory.registerSpringBeans Registering Spring bean, datasources, of type pt.webdetails.cdf.dd.api.DatasourcesApi as a root resource class
01-Mar-2019 14:21:24.576 INFO [http-apr-8080-exec-8] com.sun.jersey.spi.spring.container.SpringComponentProviderFactory.registerSpringBeans Registering Spring bean, wcdf.editor, of type pt.webdetails.cdf.dd.api.EditorApi as a root resource class
01-Mar-2019 14:21:24.588 INFO [http-apr-8080-exec-8] com.sun.jersey.spi.spring.container.SpringComponentProviderFactory.registerSpringBeans Registering Spring bean, olap, of type pt.webdetails.cpf.olap.OlapApi as a root resource class
01-Mar-2019 14:21:24.597 INFO [http-apr-8080-exec-8] com.sun.jersey.spi.spring.container.SpringComponentProviderFactory.registerSpringBeans Registering Spring bean, plugins, of type pt.webdetails.cdf.dd.api.PluginsApi as a root resource class
01-Mar-2019 14:21:24.613 INFO [http-apr-8080-exec-8] com.sun.jersey.spi.spring.container.SpringComponentProviderFactory.registerSpringBeans Registering Spring bean, renderer, of type pt.webdetails.cdf.dd.api.RenderApi as a root resource class
01-Mar-2019 14:21:24.621 INFO [http-apr-8080-exec-8] com.sun.jersey.spi.spring.container.SpringComponentProviderFactory.registerSpringBeans Registering Spring bean, resourcesapi, of type pt.webdetails.cdf.dd.api.ResourcesApi as a root resource class
01-Mar-2019 14:21:24.629 INFO [http-apr-8080-exec-8] com.sun.jersey.spi.spring.container.SpringComponentProviderFactory.registerSpringBeans Registering Spring bean, syncronizer, of type pt.webdetails.cdf.dd.api.SyncronizerApi as a root resource class
01-Mar-2019 14:21:24.642 INFO [http-apr-8080-exec-8] com.sun.jersey.spi.spring.container.SpringComponentProviderFactory.registerSpringBeans Registering Spring bean, version, of type pt.webdetails.cdf.dd.api.VersionApi as a root resource class
01-Mar-2019 14:21:24.653 INFO [http-apr-8080-exec-8] com.sun.jersey.server.impl.application.WebApplicationImpl._initiate Initiating Jersey application, version 'Jersey: 1.19.1 03/11/2016 02:42 PM'
01-Mar-2019 14:21:24.997 WARNING [http-apr-8080-exec-8] com.sun.jersey.spi.inject.Errors.processErrorMessages The following warnings have been detected with resource and/or provider classes:
  WARNING: A HTTP GET method, public void pt.webdetails.cpf.olap.OlapApi.getCubes(javax.servlet.http.HttpServletResponse) throws java.io.IOException,org.json.JSONException, MUST return a non-void type.
  WARNING: A HTTP GET method, public void pt.webdetails.cpf.olap.OlapApi.getCubeStructure(java.lang.String,java.lang.String,java.lang.String,javax.servlet.http.HttpServletResponse) throws java.io.IOException,org.json.JSONException, MUST return a non-void type.
  WARNING: A HTTP GET method, public void pt.webdetails.cpf.olap.OlapApi.getLevelMembersStructure(java.lang.String,java.lang.String,java.lang.String,java.lang.String,javax.servlet.http.HttpServletResponse) throws java.io.IOException,org.json.JSONException, MUST return a non-void type.
  WARNING: A HTTP GET method, public void pt.webdetails.cpf.olap.OlapApi.getPaginatedLevelMembers(java.lang.String,java.lang.String,java.lang.String,java.lang.String,java.lang.String,java.lang.String,long,long,javax.servlet.http.HttpServletResponse) throws java.io.IOException,org.json.JSONException, MUST return a non-void type.
  WARNING: A HTTP GET method, public void pt.webdetails.cdf.dd.api.ResourcesApi.getResource(java.lang.String,javax.servlet.http.HttpServletResponse) throws java.io.IOException, MUST return a non-void type.
  WARNING: A HTTP GET method, public void pt.webdetails.cdf.dd.api.ResourcesApi.res(java.lang.String,java.lang.String,javax.servlet.http.HttpServletResponse) throws java.lang.Exception, MUST return a non-void type.
  WARNING: A HTTP GET method, public void pt.webdetails.cdf.dd.api.ResourcesApi.resource(java.lang.String,javax.servlet.http.HttpServletResponse) throws java.lang.Exception, MUST return a non-void type.
  WARNING: A HTTP GET method, public void pt.webdetails.cdf.dd.api.ResourcesApi.getCssResource(java.lang.String,java.lang.String,javax.servlet.http.HttpServletResponse) throws java.io.IOException, MUST return a non-void type.
  WARNING: A HTTP GET method, public void pt.webdetails.cdf.dd.api.ResourcesApi.getJsResource(java.lang.String,java.lang.String,javax.servlet.http.HttpServletResponse) throws java.io.IOException, MUST return a non-void type.
  WARNING: A HTTP GET method, public void pt.webdetails.cdf.dd.api.ResourcesApi.getUntypedResource(java.lang.String,java.lang.String,javax.servlet.http.HttpServletResponse) throws java.io.IOException, MUST return a non-void type.
  WARNING: A HTTP GET method, public void pt.webdetails.cdf.dd.api.ResourcesApi.getImage(java.lang.String,java.lang.String,javax.servlet.http.HttpServletResponse) throws java.io.IOException, MUST return a non-void type.
  WARNING: A HTTP GET method, public void pt.webdetails.cdf.dd.api.SyncronizerApi.syncStyles(javax.servlet.http.HttpServletResponse) throws java.io.IOException,pt.webdetails.cdf.dd.DashboardDesignerException,org.json.JSONException, MUST return a non-void type.
  WARNING: A HTTP GET method, public void pt.webdetails.cdf.dd.api.VersionApi.checkVersion(javax.servlet.http.HttpServletResponse) throws java.io.IOException,org.json.JSONException, MUST return a non-void type.
01-Mar-2019 14:21:25.143 INFO [http-apr-8080-exec-8] com.sun.jersey.spi.spring.container.SpringComponentProviderFactory.registerSpringBeans Registering Spring bean, com.pentaho.di.revision.RevisionResource#0, of type com.pentaho.di.revision.RevisionResource as a root resource class
01-Mar-2019 14:21:25.159 INFO [http-apr-8080-exec-8] com.sun.jersey.spi.spring.container.SpringComponentProviderFactory.registerSpringBeans Registering Spring bean, com.pentaho.di.purge.PurgeResource#0, of type com.pentaho.di.purge.PurgeResource as a root resource class
01-Mar-2019 14:21:25.160 INFO [http-apr-8080-exec-8] com.sun.jersey.server.impl.application.WebApplicationImpl._initiate Initiating Jersey application, version 'Jersey: 1.19.1 03/11/2016 02:42 PM'
01-Mar-2019 14:21:26.582 INFO [http-apr-8080-exec-8] com.sun.jersey.spi.spring.container.SpringComponentProviderFactory.registerSpringBeans Registering Spring bean, org.pentaho.platform.dataaccess.datasource.wizard.service.impl.PlatformStagingDatabaseResource#0, of type org.pentaho.platform.dataaccess.datasource.wizard.service.impl.PlatformStagingDatabaseResource as a root resource class
01-Mar-2019 14:21:26.656 INFO [http-apr-8080-exec-8] com.sun.jersey.spi.spring.container.SpringComponentProviderFactory.registerSpringBeans Registering Spring bean, org.pentaho.platform.dataaccess.datasource.wizard.service.impl.DatasourceResource#0, of type org.pentaho.platform.dataaccess.datasource.wizard.service.impl.DatasourceResource as a root resource class
01-Mar-2019 14:21:26.658 INFO [http-apr-8080-exec-8] com.sun.jersey.spi.spring.container.SpringComponentProviderFactory.registerSpringBeans Registering Spring bean, org.pentaho.platform.dataaccess.datasource.wizard.service.impl.AnalysisDatasourceService#0, of type org.pentaho.platform.dataaccess.datasource.wizard.service.impl.AnalysisDatasourceService as a root resource class
01-Mar-2019 14:21:26.670 INFO [http-apr-8080-exec-8] com.sun.jersey.spi.spring.container.SpringComponentProviderFactory.registerSpringBeans Registering Spring bean, org.pentaho.platform.dataaccess.datasource.wizard.service.impl.MetadataDatasourceService#0, of type org.pentaho.platform.dataaccess.datasource.wizard.service.impl.MetadataDatasourceService as a root resource class
01-Mar-2019 14:21:26.679 INFO [http-apr-8080-exec-8] com.sun.jersey.spi.spring.container.SpringComponentProviderFactory.registerSpringBeans Registering Spring bean, org.pentaho.platform.dataaccess.datasource.wizard.service.impl.ConnectionService#0, of type org.pentaho.platform.dataaccess.datasource.wizard.service.impl.ConnectionService as a root resource class
01-Mar-2019 14:21:26.691 INFO [http-apr-8080-exec-8] com.sun.jersey.spi.spring.container.SpringComponentProviderFactory.registerSpringBeans Registering Spring bean, org.pentaho.platform.dataaccess.datasource.api.resources.DataSourceWizardResource#0, of type org.pentaho.platform.dataaccess.datasource.api.resources.DataSourceWizardResource as a root resource class
01-Mar-2019 14:21:26.706 INFO [http-apr-8080-exec-8] com.sun.jersey.spi.spring.container.SpringComponentProviderFactory.registerSpringBeans Registering Spring bean, org.pentaho.platform.dataaccess.datasource.api.resources.AnalysisResource#0, of type org.pentaho.platform.dataaccess.datasource.api.resources.AnalysisResource as a root resource class
01-Mar-2019 14:21:26.751 INFO [http-apr-8080-exec-8] com.sun.jersey.spi.spring.container.SpringComponentProviderFactory.registerSpringBeans Registering Spring bean, org.pentaho.platform.dataaccess.datasource.api.resources.MetadataResource#0, of type org.pentaho.platform.dataaccess.datasource.api.resources.MetadataResource as a root resource class
01-Mar-2019 14:21:26.753 INFO [http-apr-8080-exec-8] com.sun.jersey.spi.spring.container.SpringComponentProviderFactory.registerSpringBeans Registering Spring bean, org.pentaho.platform.dataaccess.datasource.api.resources.JDBCDatasourceResource#0, of type org.pentaho.platform.dataaccess.datasource.api.resources.JDBCDatasourceResource as a root resource class
01-Mar-2019 14:21:26.787 INFO [http-apr-8080-exec-8] com.sun.jersey.spi.spring.container.SpringComponentProviderFactory.registerSpringBeans Registering Spring bean, org.pentaho.platform.dataaccess.datasource.wizard.service.impl.DatabaseDialectService#0, of type org.pentaho.platform.dataaccess.datasource.wizard.service.impl.DatabaseDialectService as a root resource class
01-Mar-2019 14:21:26.805 INFO [http-apr-8080-exec-8] com.sun.jersey.spi.spring.container.SpringComponentProviderFactory.registerSpringBeans Registering Spring bean, org.pentaho.platform.dataaccess.datasource.wizard.service.impl.PentahoJAXBContextResolver#0, of type org.pentaho.platform.dataaccess.datasource.wizard.service.impl.PentahoJAXBContextResolver as a provider class
01-Mar-2019 14:21:26.890 INFO [http-apr-8080-exec-8] com.sun.jersey.spi.spring.container.SpringComponentProviderFactory.registerSpringBeans Registering Spring bean, org.pentaho.platform.dataaccess.datasource.wizard.service.impl.DataAccessPermissionResource#0, of type org.pentaho.platform.dataaccess.datasource.wizard.service.impl.DataAccessPermissionResource as a root resource class
01-Mar-2019 14:21:26.891 INFO [http-apr-8080-exec-8] com.sun.jersey.spi.spring.container.SpringComponentProviderFactory.registerSpringBeans Registering Spring bean, org.pentaho.platform.dataaccess.datasource.wizard.service.impl.DatabaseConnectionReaderWriter#0, of type org.pentaho.platform.dataaccess.datasource.wizard.service.impl.DatabaseConnectionReaderWriter as a provider class
01-Mar-2019 14:21:26.892 INFO [http-apr-8080-exec-8] com.sun.jersey.spi.spring.container.SpringComponentProviderFactory.registerSpringBeans Registering Spring bean, org.pentaho.platform.dataaccess.datasource.wizard.service.impl.DatabaseConnectionListReaderWriter#0, of type org.pentaho.platform.dataaccess.datasource.wizard.service.impl.DatabaseConnectionListReaderWriter as a provider class
01-Mar-2019 14:21:26.894 INFO [http-apr-8080-exec-8] com.sun.jersey.spi.spring.container.SpringComponentProviderFactory.registerSpringBeans Registering Spring bean, org.pentaho.platform.dataaccess.datasource.wizard.service.impl.DatabaseTypeReaderWriter#0, of type org.pentaho.platform.dataaccess.datasource.wizard.service.impl.DatabaseTypeReaderWriter as a provider class
01-Mar-2019 14:21:26.932 INFO [http-apr-8080-exec-8] com.sun.jersey.spi.spring.container.SpringComponentProviderFactory.registerSpringBeans Registering Spring bean, org.pentaho.platform.dataaccess.datasource.wizard.service.impl.DatabaseTypesListReaderWriter#0, of type org.pentaho.platform.dataaccess.datasource.wizard.service.impl.DatabaseTypesListReaderWriter as a provider class
01-Mar-2019 14:21:26.934 INFO [http-apr-8080-exec-8] com.sun.jersey.spi.spring.container.SpringComponentProviderFactory.registerSpringBeans Registering Spring bean, xml-metadataServiceDA/org.pentaho.platform.dataaccess.metadata.service.MetadataService, of type org.pentaho.platform.dataaccess.metadata.service.MetadataService as a root resource class
01-Mar-2019 14:21:26.935 INFO [http-apr-8080-exec-8] com.sun.jersey.spi.spring.container.SpringComponentProviderFactory.registerSpringBeans Registering Spring bean, gwt-metadataServiceDA/org.pentaho.platform.dataaccess.metadata.service.MetadataService, of type org.pentaho.platform.dataaccess.metadata.service.MetadataService as a root resource class
01-Mar-2019 14:21:26.958 INFO [http-apr-8080-exec-8] com.sun.jersey.server.impl.application.WebApplicationImpl._initiate Initiating Jersey application, version 'Jersey: 1.19.1 03/11/2016 02:42 PM'
01-Mar-2019 14:21:28.554 WARNING [http-apr-8080-exec-8] com.sun.jersey.spi.inject.Errors.processErrorMessages The following warnings have been detected with resource and/or provider classes:
  WARNING: A sub-resource method, public org.pentaho.platform.web.http.api.resources.JaxbList org.pentaho.platform.dataaccess.datasource.api.resources.JDBCDatasourceResource.getConnectionIDs(), with URI template, "/", is treated as a resource method
01-Mar-2019 14:21:28.565 INFO [http-apr-8080-exec-8] com.sun.jersey.spi.spring.container.SpringComponentProviderFactory.registerSpringBeans Registering Spring bean, sparkl.api, of type pt.webdetails.cpk.CpkApi as a root resource class
01-Mar-2019 14:21:28.571 INFO [http-apr-8080-exec-8] com.sun.jersey.server.impl.application.WebApplicationImpl._initiate Initiating Jersey application, version 'Jersey: 1.19.1 03/11/2016 02:42 PM'
01-Mar-2019 14:21:28.867 WARNING [http-apr-8080-exec-8] com.sun.jersey.spi.inject.Errors.processErrorMessages The following warnings have been detected with resource and/or provider classes:
  WARNING: A HTTP GET method, public void pt.webdetails.cpk.CpkApi.status(javax.servlet.http.HttpServletRequest,javax.servlet.http.HttpServletResponse,javax.ws.rs.core.HttpHeaders) throws org.dom4j.DocumentException,java.io.IOException, MUST return a non-void type.
  WARNING: A HTTP GET method, public void pt.webdetails.cpk.CpkApi.version(java.lang.String,javax.servlet.http.HttpServletResponse) throws java.io.IOException, MUST return a non-void type.
  WARNING: A HTTP GET method, public void pt.webdetails.cpk.CpkApi.reload(javax.servlet.http.HttpServletRequest,javax.servlet.http.HttpServletResponse,javax.ws.rs.core.HttpHeaders) throws org.dom4j.DocumentException,java.io.IOException, MUST return a non-void type.
  WARNING: A HTTP GET method, public void pt.webdetails.cpk.CpkApi.listDataAccessTypes(javax.servlet.http.HttpServletResponse) throws java.lang.Exception, MUST return a non-void type.
  WARNING: A HTTP GET method, public void pt.webdetails.cpk.CpkApi.genericEndpointGet(java.lang.String,javax.servlet.http.HttpServletRequest,javax.servlet.http.HttpServletResponse,javax.ws.rs.core.HttpHeaders) throws java.lang.Exception, MUST return a non-void type.
  WARNING: A HTTP GET method, public void pt.webdetails.cpk.CpkApi.clearKettleResultsCache(), MUST return a non-void type.
  WARNING: A HTTP GET method, public void pt.webdetails.cpk.CpkApi.refreshGet(javax.servlet.http.HttpServletRequest,javax.servlet.http.HttpServletResponse,javax.ws.rs.core.HttpHeaders) throws org.dom4j.DocumentException,java.io.IOException, MUST return a non-void type.
  WARNING: A HTTP GET method, public void pt.webdetails.cpk.CpkApi.getSitemapJson(javax.servlet.http.HttpServletResponse) throws java.io.IOException, MUST return a non-void type.
  WARNING: A HTTP GET method, public void pt.webdetails.cpk.CpkApi.elementsList(javax.servlet.http.HttpServletRequest,javax.servlet.http.HttpServletResponse,javax.ws.rs.core.HttpHeaders) throws java.io.IOException, MUST return a non-void type.
  WARNING: A HTTP GET method, public void pt.webdetails.cpk.CpkApi.reloadPluginsGet() throws java.lang.Exception, MUST return a non-void type.
  WARNING: A HTTP GET method, public void pt.webdetails.cpk.CpkApi.defaultElement(javax.servlet.http.HttpServletResponse) throws java.io.IOException, MUST return a non-void type.
01-Mar-2019 14:21:28.957 INFO [http-apr-8080-exec-8] com.sun.jersey.spi.spring.container.SpringComponentProviderFactory.registerSpringBeans Registering Spring bean, storage, of type org.pentaho.cdf.storage.StorageApi as a root resource class
01-Mar-2019 14:21:28.958 INFO [http-apr-8080-exec-8] com.sun.jersey.spi.spring.container.SpringComponentProviderFactory.registerSpringBeans Registering Spring bean, context, of type org.pentaho.cdf.context.ContextApi as a root resource class
01-Mar-2019 14:21:28.970 INFO [http-apr-8080-exec-8] com.sun.jersey.spi.spring.container.SpringComponentProviderFactory.registerSpringBeans Registering Spring bean, comments, of type org.pentaho.cdf.comments.CommentsApi as a root resource class
01-Mar-2019 14:21:28.979 INFO [http-apr-8080-exec-8] com.sun.jersey.spi.spring.container.SpringComponentProviderFactory.registerSpringBeans Registering Spring bean, settings, of type org.pentaho.cdf.settings.SettingsApi as a root resource class
01-Mar-2019 14:21:28.991 INFO [http-apr-8080-exec-8] com.sun.jersey.spi.spring.container.SpringComponentProviderFactory.registerSpringBeans Registering Spring bean, cdfResources, of type org.pentaho.cdf.ResourcesApi as a root resource class
01-Mar-2019 14:21:29.002 INFO [http-apr-8080-exec-8] com.sun.jersey.spi.spring.container.SpringComponentProviderFactory.registerSpringBeans Registering Spring bean, cdfApi, of type org.pentaho.cdf.CdfApi as a root resource class
01-Mar-2019 14:21:29.012 INFO [http-apr-8080-exec-8] com.sun.jersey.server.impl.application.WebApplicationImpl._initiate Initiating Jersey application, version 'Jersey: 1.19.1 03/11/2016 02:42 PM'
01-Mar-2019 14:21:29.307 WARNING [http-apr-8080-exec-8] com.sun.jersey.spi.inject.Errors.processErrorMessages The following warnings have been detected with resource and/or provider classes:
  WARNING: A HTTP GET method, public void org.pentaho.cdf.context.ContextApi.getConfig(java.lang.String,java.lang.String,javax.servlet.http.HttpServletRequest,javax.servlet.http.HttpServletResponse) throws java.io.IOException, MUST return a non-void type.
  WARNING: A HTTP GET method, public void org.pentaho.cdf.comments.CommentsApi.add(java.lang.String,java.lang.String,javax.servlet.http.HttpServletResponse,javax.servlet.http.HttpServletRequest), MUST return a non-void type.
  WARNING: A HTTP GET method, public void org.pentaho.cdf.comments.CommentsApi.delete(int,boolean,javax.servlet.http.HttpServletResponse,javax.servlet.http.HttpServletRequest) throws java.lang.Exception, MUST return a non-void type.
  WARNING: A HTTP GET method, public void org.pentaho.cdf.comments.CommentsApi.list(java.lang.String,int,int,boolean,boolean,javax.servlet.http.HttpServletResponse,javax.servlet.http.HttpServletRequest), MUST return a non-void type.
  WARNING: A HTTP GET method, public void org.pentaho.cdf.comments.CommentsApi.archive(int,boolean,javax.servlet.http.HttpServletResponse,javax.servlet.http.HttpServletRequest), MUST return a non-void type.
  WARNING: A HTTP GET method, public void org.pentaho.cdf.settings.SettingsApi.get(java.lang.String,javax.servlet.http.HttpServletRequest,javax.servlet.http.HttpServletResponse), MUST return a non-void type.
  WARNING: A HTTP GET method, public void org.pentaho.cdf.CdfApi.getResource(java.lang.String,java.lang.String,javax.servlet.http.HttpServletResponse) throws java.lang.Exception, MUST return a non-void type.
  WARNING: A HTTP GET method, public void org.pentaho.cdf.CdfApi.clearCache(javax.servlet.http.HttpServletResponse), MUST return a non-void type.
  WARNING: A HTTP GET method, public void org.pentaho.cdf.CdfApi.export(java.lang.String,java.lang.String,java.lang.String,java.lang.String,java.lang.String,javax.servlet.http.HttpServletRequest,javax.servlet.http.HttpServletResponse) throws java.lang.Exception, MUST return a non-void type.
  WARNING: A HTTP GET method, public void org.pentaho.cdf.CdfApi.getCdfEmbeddedContext(javax.servlet.http.HttpServletRequest,javax.servlet.http.HttpServletResponse) throws java.lang.Exception, MUST return a non-void type.
  WARNING: A HTTP GET method, public void org.pentaho.cdf.CdfApi.callAction(java.lang.String,java.lang.String,java.lang.String,java.lang.String,javax.servlet.http.HttpServletRequest,javax.servlet.http.HttpServletResponse) throws java.lang.Exception, MUST return a non-void type.
  WARNING: A HTTP GET method, public void org.pentaho.cdf.CdfApi.getJSONSolution(java.lang.String,java.lang.String,java.lang.String,int,boolean,java.lang.String,javax.servlet.http.HttpServletResponse) throws org.pentaho.cdf.InvalidCdfOperationException, MUST return a non-void type.
  WARNING: A HTTP GET method, public void org.pentaho.cdf.CdfApi.doGetViewAction(java.lang.String,java.lang.String,java.lang.String,java.lang.String,javax.servlet.http.HttpServletRequest,javax.servlet.http.HttpServletResponse) throws java.lang.Exception, MUST return a non-void type.
01-Mar-2019 14:21:29.441 INFO [http-apr-8080-exec-8] com.sun.jersey.spi.spring.container.SpringComponentProviderFactory.registerSpringBeans Registering Spring bean, org.pentaho.reporting.platform.plugin.JobManager#0, of type org.pentaho.reporting.platform.plugin.JobManager as a root resource class
01-Mar-2019 14:21:29.448 INFO [http-apr-8080-exec-8] com.sun.jersey.spi.spring.container.SpringComponentProviderFactory.registerSpringBeans Registering Spring bean, org.pentaho.reporting.platform.plugin.CacheManagerEndpoint#0, of type org.pentaho.reporting.platform.plugin.CacheManagerEndpoint as a root resource class
01-Mar-2019 14:21:29.468 INFO [http-apr-8080-exec-8] com.sun.jersey.server.impl.application.WebApplicationImpl._initiate Initiating Jersey application, version 'Jersey: 1.19.1 03/11/2016 02:42 PM'
01-Mar-2019 14:21:31.888 INFO [http-apr-8080-exec-3] com.sun.xml.ws.server.MonitorBase.createRoot Metro monitoring rootname successfully set to: com.sun.metro:pp=/,type=WSEndpoint,name=/pentaho-unifiedRepository-unifiedRepositoryPort
01-Mar-2019 14:21:32.974 INFO [http-apr-8080-exec-3] com.sun.xml.ws.server.MonitorBase.createRoot Metro monitoring rootname successfully set to: com.sun.metro:pp=/,type=WSEndpoint,name=/pentaho-repositorySync-repositorySyncPort
01-Mar-2019 14:21:33.558 INFO [http-apr-8080-exec-3] com.sun.xml.ws.server.MonitorBase.createRoot Metro monitoring rootname successfully set to: com.sun.metro:pp=/,type=WSEndpoint,name=/pentaho-datasourceMgmtService-datasourceMgmtServicePort
01-Mar-2019 14:21:33.935 INFO [http-apr-8080-exec-3] com.sun.xml.ws.server.MonitorBase.createRoot Metro monitoring rootname successfully set to: com.sun.metro:pp=/,type=WSEndpoint,name=/pentaho-userRoleService-userRoleServicePort
01-Mar-2019 14:21:34.081 INFO [http-apr-8080-exec-3] com.sun.xml.ws.server.MonitorBase.createRoot Metro monitoring rootname successfully set to: com.sun.metro:pp=/,type=WSEndpoint,name=/pentaho-userRoleListService-userRoleListServicePort
01-Mar-2019 14:21:34.161 INFO [http-apr-8080-exec-3] com.sun.xml.ws.server.MonitorBase.createRoot Metro monitoring rootname successfully set to: com.sun.metro:pp=/,type=WSEndpoint,name=/pentaho-authorizationPolicy-authorizationPolicyPort
01-Mar-2019 14:21:34.334 INFO [http-apr-8080-exec-3] com.sun.xml.ws.server.MonitorBase.createRoot Metro monitoring rootname successfully set to: com.sun.metro:pp=/,type=WSEndpoint,name=/pentaho-roleBindingDao-roleBindingDaoPort
01-Mar-2019 14:21:34.693 INFO [http-apr-8080-exec-3] com.sun.xml.ws.server.MonitorBase.createRoot Metro monitoring rootname successfully set to: com.sun.metro:pp=/,type=WSEndpoint,name=/pentaho-Scheduler-SchedulerPort
01-Mar-2019 14:21:34.863 INFO [http-apr-8080-exec-3] com.sun.jersey.spi.spring.container.SpringComponentProviderFactory.registerSpringBeans Registering Spring bean, org.pentaho.platform.web.http.api.resources.JAXBContextResolver#0, of type org.pentaho.platform.web.http.api.resources.JAXBContextResolver as a provider class
01-Mar-2019 14:21:34.863 INFO [http-apr-8080-exec-3] com.sun.jersey.spi.spring.container.SpringComponentProviderFactory.registerSpringBeans Registering Spring bean, org.pentaho.platform.web.http.api.resources.RootResource#0, of type org.pentaho.platform.web.http.api.resources.RootResource as a root resource class
01-Mar-2019 14:21:34.873 INFO [http-apr-8080-exec-3] com.sun.jersey.spi.spring.container.SpringComponentProviderFactory.registerSpringBeans Registering Spring bean, org.pentaho.platform.web.http.api.resources.DirectoryResource#0, of type org.pentaho.platform.web.http.api.resources.DirectoryResource as a root resource class
01-Mar-2019 14:21:34.883 INFO [http-apr-8080-exec-3] com.sun.jersey.spi.spring.container.SpringComponentProviderFactory.registerSpringBeans Registering Spring bean, org.pentaho.platform.web.http.api.resources.UserRoleDaoResource#0, of type org.pentaho.platform.web.http.api.resources.UserRoleDaoResource as a root resource class
01-Mar-2019 14:21:34.893 INFO [http-apr-8080-exec-3] com.sun.jersey.spi.spring.container.SpringComponentProviderFactory.registerSpringBeans Registering Spring bean, org.pentaho.platform.web.http.api.resources.UserRoleListResource#0, of type org.pentaho.platform.web.http.api.resources.UserRoleListResource as a root resource class
01-Mar-2019 14:21:34.903 INFO [http-apr-8080-exec-3] com.sun.jersey.spi.spring.container.SpringComponentProviderFactory.registerSpringBeans Registering Spring bean, org.pentaho.platform.web.http.api.resources.FileResource#0, of type org.pentaho.platform.web.http.api.resources.FileResource as a root resource class
01-Mar-2019 14:21:34.923 INFO [http-apr-8080-exec-3] com.sun.jersey.spi.spring.container.SpringComponentProviderFactory.registerSpringBeans Registering Spring bean, org.pentaho.platform.web.http.api.resources.EmailResource#0, of type org.pentaho.platform.web.http.api.resources.EmailResource as a root resource class
01-Mar-2019 14:21:34.923 INFO [http-apr-8080-exec-3] com.sun.jersey.spi.spring.container.SpringComponentProviderFactory.registerSpringBeans Registering Spring bean, org.pentaho.platform.web.http.api.resources.SessionResource#0, of type org.pentaho.platform.web.http.api.resources.SessionResource as a root resource class
01-Mar-2019 14:21:34.943 INFO [http-apr-8080-exec-3] com.sun.jersey.spi.spring.container.SpringComponentProviderFactory.registerSpringBeans Registering Spring bean, org.pentaho.platform.web.http.api.resources.SchedulerResource#0, of type org.pentaho.platform.web.http.api.resources.SchedulerResource as a root resource class
01-Mar-2019 14:21:34.953 INFO [http-apr-8080-exec-3] com.sun.jersey.spi.spring.container.SpringComponentProviderFactory.registerSpringBeans Registering Spring bean, org.pentaho.platform.web.http.api.resources.RepositoryResource#0, of type org.pentaho.platform.web.http.api.resources.RepositoryResource as a root resource class
01-Mar-2019 14:21:34.963 INFO [http-apr-8080-exec-3] com.sun.jersey.spi.spring.container.SpringComponentProviderFactory.registerSpringBeans Registering Spring bean, org.pentaho.platform.web.http.api.resources.RepositoryImportResource#0, of type org.pentaho.platform.web.http.api.resources.RepositoryImportResource as a root resource class
01-Mar-2019 14:21:35.003 INFO [http-apr-8080-exec-3] com.sun.jersey.spi.spring.container.SpringComponentProviderFactory.registerSpringBeans Registering Spring bean, org.pentaho.platform.web.http.api.resources.PluginResource#0, of type org.pentaho.platform.web.http.api.resources.PluginResource as a root resource class
01-Mar-2019 14:21:35.003 INFO [http-apr-8080-exec-3] com.sun.jersey.spi.spring.container.SpringComponentProviderFactory.registerSpringBeans Registering Spring bean, org.pentaho.platform.web.http.api.resources.PluginManagerResource#0, of type org.pentaho.platform.web.http.api.resources.PluginManagerResource as a root resource class
01-Mar-2019 14:21:35.005 INFO [http-apr-8080-exec-3] com.sun.jersey.spi.spring.container.SpringComponentProviderFactory.registerSpringBeans Registering Spring bean, org.pentaho.platform.web.http.api.resources.SystemPermissionsResource#0, of type org.pentaho.platform.web.http.api.resources.SystemPermissionsResource as a root resource class
01-Mar-2019 14:21:35.014 INFO [http-apr-8080-exec-3] com.sun.jersey.spi.spring.container.SpringComponentProviderFactory.registerSpringBeans Registering Spring bean, org.pentaho.platform.web.http.api.resources.SystemUsersResource#0, of type org.pentaho.platform.web.http.api.resources.SystemUsersResource as a root resource class
01-Mar-2019 14:21:35.024 INFO [http-apr-8080-exec-3] com.sun.jersey.spi.spring.container.SpringComponentProviderFactory.registerSpringBeans Registering Spring bean, org.pentaho.platform.web.http.api.resources.SystemRolesResource#0, of type org.pentaho.platform.web.http.api.resources.SystemRolesResource as a root resource class
01-Mar-2019 14:21:35.045 INFO [http-apr-8080-exec-3] com.sun.jersey.spi.spring.container.SpringComponentProviderFactory.registerSpringBeans Registering Spring bean, org.pentaho.platform.web.http.api.resources.SystemResource#0, of type org.pentaho.platform.web.http.api.resources.SystemResource as a root resource class
01-Mar-2019 14:21:35.055 INFO [http-apr-8080-exec-3] com.sun.jersey.spi.spring.container.SpringComponentProviderFactory.registerSpringBeans Registering Spring bean, org.pentaho.platform.web.http.api.resources.GeneratorStreamingOutputProvider#0, of type org.pentaho.platform.web.http.api.resources.GeneratorStreamingOutputProvider as a provider class
01-Mar-2019 14:21:35.055 INFO [http-apr-8080-exec-3] com.sun.jersey.spi.spring.container.SpringComponentProviderFactory.registerSpringBeans Registering Spring bean, org.pentaho.platform.web.http.api.resources.ThemeResource#0, of type org.pentaho.platform.web.http.api.resources.ThemeResource as a root resource class
01-Mar-2019 14:21:35.065 INFO [http-apr-8080-exec-3] com.sun.jersey.spi.spring.container.SpringComponentProviderFactory.registerSpringBeans Registering Spring bean, org.pentaho.platform.web.http.api.resources.SystemRefreshResource#0, of type org.pentaho.platform.web.http.api.resources.SystemRefreshResource as a root resource class
01-Mar-2019 14:21:35.065 INFO [http-apr-8080-exec-3] com.sun.jersey.spi.spring.container.SpringComponentProviderFactory.registerSpringBeans Registering Spring bean, org.pentaho.platform.web.http.api.resources.VersionResource#0, of type org.pentaho.platform.web.http.api.resources.VersionResource as a root resource class
01-Mar-2019 14:21:35.065 INFO [http-apr-8080-exec-3] com.sun.jersey.spi.spring.container.SpringComponentProviderFactory.registerSpringBeans Registering Spring bean, org.pentaho.platform.web.http.api.resources.UserConsoleResource#0, of type org.pentaho.platform.web.http.api.resources.UserConsoleResource as a root resource class
01-Mar-2019 14:21:35.065 INFO [http-apr-8080-exec-3] com.sun.jersey.spi.spring.container.SpringComponentProviderFactory.registerSpringBeans Registering Spring bean, org.pentaho.platform.web.http.api.resources.UserSettingsResource#0, of type org.pentaho.platform.web.http.api.resources.UserSettingsResource as a root resource class
01-Mar-2019 14:21:35.065 INFO [http-apr-8080-exec-3] com.sun.jersey.spi.spring.container.SpringComponentProviderFactory.registerSpringBeans Registering Spring bean, org.pentaho.platform.web.http.api.resources.RepositoryPublishResource#0, of type org.pentaho.platform.web.http.api.resources.RepositoryPublishResource as a root resource class
01-Mar-2019 14:21:35.065 INFO [http-apr-8080-exec-3] com.sun.jersey.spi.spring.container.SpringComponentProviderFactory.registerSpringBeans Registering Spring bean, org.pentaho.platform.web.http.api.resources.AuthorizationActionResource#0, of type org.pentaho.platform.web.http.api.resources.AuthorizationActionResource as a root resource class
01-Mar-2019 14:21:35.065 INFO [http-apr-8080-exec-3] com.sun.jersey.spi.spring.container.SpringComponentProviderFactory.registerSpringBeans Registering Spring bean, org.pentaho.platform.web.http.api.resources.PasswordResource#0, of type org.pentaho.platform.web.http.api.resources.PasswordResource as a root resource class
01-Mar-2019 14:21:35.065 INFO [http-apr-8080-exec-3] com.sun.jersey.spi.spring.container.SpringComponentProviderFactory.registerSpringBeans Registering Spring bean, org.pentaho.platform.web.http.api.resources.ServiceResource#0, of type org.pentaho.platform.web.http.api.resources.ServiceResource as a root resource class
01-Mar-2019 14:21:35.075 INFO [http-apr-8080-exec-3] com.sun.jersey.server.impl.application.WebApplicationImpl._initiate Initiating Jersey application, version 'Jersey: 1.19.1 03/11/2016 02:42 PM'
01-Mar-2019 14:21:35.375 WARNING [http-apr-8080-exec-3] com.sun.jersey.spi.inject.Errors.processErrorMessages The following warnings have been detected with resource and/or provider classes:
  WARNING: A HTTP GET method, public javax.ws.rs.core.Response org.pentaho.platform.web.http.api.resources.EmailResource.deleteEmailConfig(org.pentaho.platform.plugin.services.email.EmailConfiguration), should not consume any entity.
01-Mar-2019 16:02:26.087 WARNING [main] org.apache.catalina.core.StandardServer.await StandardServer.await: Invalid command '' received
01-Mar-2019 16:28:04.612 WARNING [main] org.apache.catalina.core.StandardServer.await StandardServer.await: Invalid command '' received
01-Mar-2019 16:55:55.926 WARNING [main] org.apache.catalina.core.StandardServer.await StandardServer.await: Invalid command '' received
