10-Nov-2017 19:08:28.134 INFO [localhost-startStop-1] org.apache.catalina.core.ApplicationContext.log No Spring WebApplicationInitializer types detected on classpath
10-Nov-2017 19:08:29.573 INFO [localhost-startStop-1] org.apache.catalina.core.ApplicationContext.log Initializing Spring root WebApplicationContext
10-Nov-2017 19:09:44.932 SEVERE [localhost-startStop-1] org.apache.tomcat.util.descriptor.web.SecurityConstraint.findUncoveredHttpMethods For security constraints with URL pattern [/jsp/*] only the HTTP methods [POST GET] are covered. All other methods are uncovered.
10-Nov-2017 19:11:30.739 INFO [localhost-startStop-2] org.apache.catalina.core.ApplicationContext.log Closing Spring root WebApplicationContext
10-Nov-2017 19:11:30.901 SEVERE [localhost-startStop-2] org.apache.catalina.core.StandardContext.listenerStop Exception sending context destroyed event to listener instance of class org.apache.felix.http.proxy.ProxyListener
 java.lang.IllegalStateException: Invalid BundleContext.
	at org.apache.felix.framework.BundleContextImpl.checkValidity(BundleContextImpl.java:514)
	at org.apache.felix.framework.BundleContextImpl.ungetService(BundleContextImpl.java:473)
	at org.osgi.util.tracker.ServiceTracker.removedService(ServiceTracker.java:456)
	at org.apache.felix.http.proxy.ProxyListener$1.removedService(ProxyListener.java:146)
	at org.osgi.util.tracker.ServiceTracker$Tracked.customizerRemoved(ServiceTracker.java:956)
	at org.osgi.util.tracker.ServiceTracker$Tracked.customizerRemoved(ServiceTracker.java:864)
	at org.osgi.util.tracker.AbstractTracked.untrack(AbstractTracked.java:341)
	at org.osgi.util.tracker.ServiceTracker.close(ServiceTracker.java:375)
	at org.apache.felix.http.proxy.ProxyListener.contextDestroyed(ProxyListener.java:67)
	at org.apache.catalina.core.StandardContext.listenerStop(StandardContext.java:4900)
	at org.apache.catalina.core.StandardContext.stopInternal(StandardContext.java:5537)
	at org.apache.catalina.util.LifecycleBase.stop(LifecycleBase.java:221)
	at org.apache.catalina.core.ContainerBase$StopChild.call(ContainerBase.java:1424)
	at org.apache.catalina.core.ContainerBase$StopChild.call(ContainerBase.java:1413)
	at java.util.concurrent.FutureTask.run(Unknown Source)
	at java.util.concurrent.ThreadPoolExecutor.runWorker(Unknown Source)
	at java.util.concurrent.ThreadPoolExecutor$Worker.run(Unknown Source)
	at java.lang.Thread.run(Unknown Source)

10-Nov-2017 19:13:36.248 INFO [localhost-startStop-1] org.apache.catalina.core.ApplicationContext.log No Spring WebApplicationInitializer types detected on classpath
10-Nov-2017 19:13:37.623 INFO [localhost-startStop-1] org.apache.catalina.core.ApplicationContext.log Initializing Spring root WebApplicationContext
10-Nov-2017 19:14:16.873 SEVERE [localhost-startStop-1] org.apache.tomcat.util.descriptor.web.SecurityConstraint.findUncoveredHttpMethods For security constraints with URL pattern [/jsp/*] only the HTTP methods [POST GET] are covered. All other methods are uncovered.
10-Nov-2017 19:25:14.230 INFO [localhost-startStop-2] org.apache.catalina.core.ApplicationContext.log Closing Spring root WebApplicationContext
10-Nov-2017 19:25:14.413 SEVERE [localhost-startStop-2] org.apache.catalina.core.StandardContext.listenerStop Exception sending context destroyed event to listener instance of class org.apache.felix.http.proxy.ProxyListener
 java.lang.IllegalStateException: Invalid BundleContext.
	at org.apache.felix.framework.BundleContextImpl.checkValidity(BundleContextImpl.java:514)
	at org.apache.felix.framework.BundleContextImpl.ungetService(BundleContextImpl.java:473)
	at org.osgi.util.tracker.ServiceTracker.removedService(ServiceTracker.java:456)
	at org.apache.felix.http.proxy.ProxyListener$1.removedService(ProxyListener.java:146)
	at org.osgi.util.tracker.ServiceTracker$Tracked.customizerRemoved(ServiceTracker.java:956)
	at org.osgi.util.tracker.ServiceTracker$Tracked.customizerRemoved(ServiceTracker.java:864)
	at org.osgi.util.tracker.AbstractTracked.untrack(AbstractTracked.java:341)
	at org.osgi.util.tracker.ServiceTracker.close(ServiceTracker.java:375)
	at org.apache.felix.http.proxy.ProxyListener.contextDestroyed(ProxyListener.java:67)
	at org.apache.catalina.core.StandardContext.listenerStop(StandardContext.java:4900)
	at org.apache.catalina.core.StandardContext.stopInternal(StandardContext.java:5537)
	at org.apache.catalina.util.LifecycleBase.stop(LifecycleBase.java:221)
	at org.apache.catalina.core.ContainerBase$StopChild.call(ContainerBase.java:1424)
	at org.apache.catalina.core.ContainerBase$StopChild.call(ContainerBase.java:1413)
	at java.util.concurrent.FutureTask.run(Unknown Source)
	at java.util.concurrent.ThreadPoolExecutor.runWorker(Unknown Source)
	at java.util.concurrent.ThreadPoolExecutor$Worker.run(Unknown Source)
	at java.lang.Thread.run(Unknown Source)

10-Nov-2017 19:34:40.389 INFO [localhost-startStop-1] org.apache.catalina.core.ApplicationContext.log No Spring WebApplicationInitializer types detected on classpath
10-Nov-2017 19:34:41.541 INFO [localhost-startStop-1] org.apache.catalina.core.ApplicationContext.log Initializing Spring root WebApplicationContext
10-Nov-2017 19:35:17.332 SEVERE [localhost-startStop-1] org.apache.tomcat.util.descriptor.web.SecurityConstraint.findUncoveredHttpMethods For security constraints with URL pattern [/jsp/*] only the HTTP methods [POST GET] are covered. All other methods are uncovered.
10-Nov-2017 19:42:52.695 INFO [localhost-startStop-2] org.apache.catalina.core.ApplicationContext.log Closing Spring root WebApplicationContext
10-Nov-2017 19:42:52.884 SEVERE [localhost-startStop-2] org.apache.catalina.core.StandardContext.listenerStop Exception sending context destroyed event to listener instance of class org.apache.felix.http.proxy.ProxyListener
 java.lang.IllegalStateException: Invalid BundleContext.
	at org.apache.felix.framework.BundleContextImpl.checkValidity(BundleContextImpl.java:514)
	at org.apache.felix.framework.BundleContextImpl.ungetService(BundleContextImpl.java:473)
	at org.osgi.util.tracker.ServiceTracker.removedService(ServiceTracker.java:456)
	at org.apache.felix.http.proxy.ProxyListener$1.removedService(ProxyListener.java:146)
	at org.osgi.util.tracker.ServiceTracker$Tracked.customizerRemoved(ServiceTracker.java:956)
	at org.osgi.util.tracker.ServiceTracker$Tracked.customizerRemoved(ServiceTracker.java:864)
	at org.osgi.util.tracker.AbstractTracked.untrack(AbstractTracked.java:341)
	at org.osgi.util.tracker.ServiceTracker.close(ServiceTracker.java:375)
	at org.apache.felix.http.proxy.ProxyListener.contextDestroyed(ProxyListener.java:67)
	at org.apache.catalina.core.StandardContext.listenerStop(StandardContext.java:4900)
	at org.apache.catalina.core.StandardContext.stopInternal(StandardContext.java:5537)
	at org.apache.catalina.util.LifecycleBase.stop(LifecycleBase.java:221)
	at org.apache.catalina.core.ContainerBase$StopChild.call(ContainerBase.java:1424)
	at org.apache.catalina.core.ContainerBase$StopChild.call(ContainerBase.java:1413)
	at java.util.concurrent.FutureTask.run(Unknown Source)
	at java.util.concurrent.ThreadPoolExecutor.runWorker(Unknown Source)
	at java.util.concurrent.ThreadPoolExecutor$Worker.run(Unknown Source)
	at java.lang.Thread.run(Unknown Source)

